[0.057s] DEBUG:colcon:Command line arguments: ['/usr/bin/colcon', 'build']
[0.057s] DEBUG:colcon:Parsed command line arguments: Namespace(log_base=None, log_level=None, verb_name='build', build_base='build', install_base='install', merge_install=False, symlink_install=False, test_result_base=None, continue_on_error=False, executor='parallel', parallel_workers=20, event_handlers=None, ignore_user_meta=False, metas=['./colcon.meta'], base_paths=['.'], packages_ignore=None, packages_ignore_regex=None, paths=None, packages_up_to=None, packages_up_to_regex=None, packages_above=None, packages_above_and_dependencies=None, packages_above_depth=None, packages_select_by_dep=None, packages_skip_by_dep=None, packages_skip_up_to=None, packages_select_build_failed=False, packages_skip_build_finished=False, packages_select_test_failures=False, packages_skip_test_passed=False, packages_select=None, packages_skip=None, packages_select_regex=None, packages_skip_regex=None, packages_start=None, packages_end=None, allow_overriding=[], cmake_args=None, cmake_target=None, cmake_target_skip_unavailable=False, cmake_clean_cache=False, cmake_clean_first=False, cmake_force_configure=False, ament_cmake_args=None, catkin_cmake_args=None, catkin_skip_building_tests=False, mixin_files=None, mixin=None, verb_parser=<colcon_mixin.mixin.mixin_argument.MixinArgumentDecorator object at 0x7b6d8519da30>, verb_extension=<colcon_core.verb.build.BuildVerb object at 0x7b6d8519d9a0>, main=<bound method BuildVerb.main of <colcon_core.verb.build.BuildVerb object at 0x7b6d8519d9a0>>, mixin_verb=('build',))
[0.079s] Level 1:colcon.colcon_core.package_discovery:discover_packages(colcon_meta) check parameters
[0.079s] Level 1:colcon.colcon_core.package_discovery:discover_packages(recursive) check parameters
[0.079s] Level 1:colcon.colcon_core.package_discovery:discover_packages(ignore) check parameters
[0.079s] Level 1:colcon.colcon_core.package_discovery:discover_packages(path) check parameters
[0.079s] Level 1:colcon.colcon_core.package_discovery:discover_packages(colcon_meta) discover
[0.079s] Level 1:colcon.colcon_core.package_discovery:discover_packages(recursive) discover
[0.079s] INFO:colcon.colcon_core.package_discovery:Crawling recursively for packages in '/home/natalia/Documents/STUDING/robotix/modul6/ex04'
[0.079s] Level 1:colcon.colcon_core.package_identification:_identify(.) by extensions ['ignore', 'ignore_ament_install']
[0.079s] Level 1:colcon.colcon_core.package_identification:_identify(.) by extension 'ignore'
[0.079s] Level 1:colcon.colcon_core.package_identification:_identify(.) by extension 'ignore_ament_install'
[0.079s] Level 1:colcon.colcon_core.package_identification:_identify(.) by extensions ['colcon_pkg']
[0.079s] Level 1:colcon.colcon_core.package_identification:_identify(.) by extension 'colcon_pkg'
[0.079s] Level 1:colcon.colcon_core.package_identification:_identify(.) by extensions ['colcon_meta']
[0.079s] Level 1:colcon.colcon_core.package_identification:_identify(.) by extension 'colcon_meta'
[0.079s] Level 1:colcon.colcon_core.package_identification:_identify(.) by extensions ['ros']
[0.079s] Level 1:colcon.colcon_core.package_identification:_identify(.) by extension 'ros'
[0.094s] Level 1:colcon.colcon_core.package_identification:_identify(.) by extensions ['cmake', 'python']
[0.094s] Level 1:colcon.colcon_core.package_identification:_identify(.) by extension 'cmake'
[0.094s] Level 1:colcon.colcon_core.package_identification:_identify(.) by extension 'python'
[0.094s] Level 1:colcon.colcon_core.package_identification:_identify(.) by extensions ['python_setup_py']
[0.094s] Level 1:colcon.colcon_core.package_identification:_identify(.) by extension 'python_setup_py'
[0.094s] Level 1:colcon.colcon_core.package_identification:_identify(build) by extensions ['ignore', 'ignore_ament_install']
[0.094s] Level 1:colcon.colcon_core.package_identification:_identify(build) by extension 'ignore'
[0.094s] Level 1:colcon.colcon_core.package_identification:_identify(build) ignored
[0.094s] Level 1:colcon.colcon_core.package_identification:_identify(install) by extensions ['ignore', 'ignore_ament_install']
[0.094s] Level 1:colcon.colcon_core.package_identification:_identify(install) by extension 'ignore'
[0.094s] Level 1:colcon.colcon_core.package_identification:_identify(install) ignored
[0.094s] Level 1:colcon.colcon_core.package_identification:_identify(log) by extensions ['ignore', 'ignore_ament_install']
[0.094s] Level 1:colcon.colcon_core.package_identification:_identify(log) by extension 'ignore'
[0.094s] Level 1:colcon.colcon_core.package_identification:_identify(log) ignored
[0.094s] Level 1:colcon.colcon_core.package_identification:_identify(ros_gz_project_template) by extensions ['ignore', 'ignore_ament_install']
[0.094s] Level 1:colcon.colcon_core.package_identification:_identify(ros_gz_project_template) by extension 'ignore'
[0.094s] Level 1:colcon.colcon_core.package_identification:_identify(ros_gz_project_template) by extension 'ignore_ament_install'
[0.094s] Level 1:colcon.colcon_core.package_identification:_identify(ros_gz_project_template) by extensions ['colcon_pkg']
[0.094s] Level 1:colcon.colcon_core.package_identification:_identify(ros_gz_project_template) by extension 'colcon_pkg'
[0.094s] Level 1:colcon.colcon_core.package_identification:_identify(ros_gz_project_template) by extensions ['colcon_meta']
[0.094s] Level 1:colcon.colcon_core.package_identification:_identify(ros_gz_project_template) by extension 'colcon_meta'
[0.094s] Level 1:colcon.colcon_core.package_identification:_identify(ros_gz_project_template) by extensions ['ros']
[0.094s] Level 1:colcon.colcon_core.package_identification:_identify(ros_gz_project_template) by extension 'ros'
[0.094s] Level 1:colcon.colcon_core.package_identification:_identify(ros_gz_project_template) by extensions ['cmake', 'python']
[0.094s] Level 1:colcon.colcon_core.package_identification:_identify(ros_gz_project_template) by extension 'cmake'
[0.094s] Level 1:colcon.colcon_core.package_identification:_identify(ros_gz_project_template) by extension 'python'
[0.094s] Level 1:colcon.colcon_core.package_identification:_identify(ros_gz_project_template) by extensions ['python_setup_py']
[0.094s] Level 1:colcon.colcon_core.package_identification:_identify(ros_gz_project_template) by extension 'python_setup_py'
[0.094s] Level 1:colcon.colcon_core.package_identification:_identify(ros_gz_project_template/ros_gz_example_application) by extensions ['ignore', 'ignore_ament_install']
[0.095s] Level 1:colcon.colcon_core.package_identification:_identify(ros_gz_project_template/ros_gz_example_application) by extension 'ignore'
[0.095s] Level 1:colcon.colcon_core.package_identification:_identify(ros_gz_project_template/ros_gz_example_application) by extension 'ignore_ament_install'
[0.095s] Level 1:colcon.colcon_core.package_identification:_identify(ros_gz_project_template/ros_gz_example_application) by extensions ['colcon_pkg']
[0.095s] Level 1:colcon.colcon_core.package_identification:_identify(ros_gz_project_template/ros_gz_example_application) by extension 'colcon_pkg'
[0.095s] Level 1:colcon.colcon_core.package_identification:_identify(ros_gz_project_template/ros_gz_example_application) by extensions ['colcon_meta']
[0.095s] Level 1:colcon.colcon_core.package_identification:_identify(ros_gz_project_template/ros_gz_example_application) by extension 'colcon_meta'
[0.095s] Level 1:colcon.colcon_core.package_identification:_identify(ros_gz_project_template/ros_gz_example_application) by extensions ['ros']
[0.095s] Level 1:colcon.colcon_core.package_identification:_identify(ros_gz_project_template/ros_gz_example_application) by extension 'ros'
[0.096s] DEBUG:colcon.colcon_core.package_identification:Package 'ros_gz_project_template/ros_gz_example_application' with type 'ros.ament_cmake' and name 'ros_gz_example_application'
[0.096s] Level 1:colcon.colcon_core.package_identification:_identify(ros_gz_project_template/ros_gz_example_bringup) by extensions ['ignore', 'ignore_ament_install']
[0.096s] Level 1:colcon.colcon_core.package_identification:_identify(ros_gz_project_template/ros_gz_example_bringup) by extension 'ignore'
[0.096s] Level 1:colcon.colcon_core.package_identification:_identify(ros_gz_project_template/ros_gz_example_bringup) by extension 'ignore_ament_install'
[0.096s] Level 1:colcon.colcon_core.package_identification:_identify(ros_gz_project_template/ros_gz_example_bringup) by extensions ['colcon_pkg']
[0.096s] Level 1:colcon.colcon_core.package_identification:_identify(ros_gz_project_template/ros_gz_example_bringup) by extension 'colcon_pkg'
[0.096s] Level 1:colcon.colcon_core.package_identification:_identify(ros_gz_project_template/ros_gz_example_bringup) by extensions ['colcon_meta']
[0.096s] Level 1:colcon.colcon_core.package_identification:_identify(ros_gz_project_template/ros_gz_example_bringup) by extension 'colcon_meta'
[0.096s] Level 1:colcon.colcon_core.package_identification:_identify(ros_gz_project_template/ros_gz_example_bringup) by extensions ['ros']
[0.096s] Level 1:colcon.colcon_core.package_identification:_identify(ros_gz_project_template/ros_gz_example_bringup) by extension 'ros'
[0.097s] DEBUG:colcon.colcon_core.package_identification:Package 'ros_gz_project_template/ros_gz_example_bringup' with type 'ros.ament_cmake' and name 'ros_gz_example_bringup'
[0.097s] Level 1:colcon.colcon_core.package_identification:_identify(ros_gz_project_template/ros_gz_example_description) by extensions ['ignore', 'ignore_ament_install']
[0.097s] Level 1:colcon.colcon_core.package_identification:_identify(ros_gz_project_template/ros_gz_example_description) by extension 'ignore'
[0.097s] Level 1:colcon.colcon_core.package_identification:_identify(ros_gz_project_template/ros_gz_example_description) by extension 'ignore_ament_install'
[0.097s] Level 1:colcon.colcon_core.package_identification:_identify(ros_gz_project_template/ros_gz_example_description) by extensions ['colcon_pkg']
[0.097s] Level 1:colcon.colcon_core.package_identification:_identify(ros_gz_project_template/ros_gz_example_description) by extension 'colcon_pkg'
[0.097s] Level 1:colcon.colcon_core.package_identification:_identify(ros_gz_project_template/ros_gz_example_description) by extensions ['colcon_meta']
[0.097s] Level 1:colcon.colcon_core.package_identification:_identify(ros_gz_project_template/ros_gz_example_description) by extension 'colcon_meta'
[0.097s] Level 1:colcon.colcon_core.package_identification:_identify(ros_gz_project_template/ros_gz_example_description) by extensions ['ros']
[0.097s] Level 1:colcon.colcon_core.package_identification:_identify(ros_gz_project_template/ros_gz_example_description) by extension 'ros'
[0.097s] DEBUG:colcon.colcon_core.package_identification:Package 'ros_gz_project_template/ros_gz_example_description' with type 'ros.ament_cmake' and name 'ros_gz_example_description'
[0.097s] Level 1:colcon.colcon_core.package_identification:_identify(ros_gz_project_template/ros_gz_example_gazebo) by extensions ['ignore', 'ignore_ament_install']
[0.097s] Level 1:colcon.colcon_core.package_identification:_identify(ros_gz_project_template/ros_gz_example_gazebo) by extension 'ignore'
[0.097s] Level 1:colcon.colcon_core.package_identification:_identify(ros_gz_project_template/ros_gz_example_gazebo) by extension 'ignore_ament_install'
[0.097s] Level 1:colcon.colcon_core.package_identification:_identify(ros_gz_project_template/ros_gz_example_gazebo) by extensions ['colcon_pkg']
[0.097s] Level 1:colcon.colcon_core.package_identification:_identify(ros_gz_project_template/ros_gz_example_gazebo) by extension 'colcon_pkg'
[0.097s] Level 1:colcon.colcon_core.package_identification:_identify(ros_gz_project_template/ros_gz_example_gazebo) by extensions ['colcon_meta']
[0.097s] Level 1:colcon.colcon_core.package_identification:_identify(ros_gz_project_template/ros_gz_example_gazebo) by extension 'colcon_meta'
[0.097s] Level 1:colcon.colcon_core.package_identification:_identify(ros_gz_project_template/ros_gz_example_gazebo) by extensions ['ros']
[0.097s] Level 1:colcon.colcon_core.package_identification:_identify(ros_gz_project_template/ros_gz_example_gazebo) by extension 'ros'
[0.097s] DEBUG:colcon.colcon_core.package_identification:Package 'ros_gz_project_template/ros_gz_example_gazebo' with type 'ros.ament_cmake' and name 'ros_gz_example_gazebo'
[0.097s] Level 1:colcon.colcon_core.package_discovery:discover_packages(recursive) using defaults
[0.097s] Level 1:colcon.colcon_core.package_discovery:discover_packages(ignore) discover
[0.098s] Level 1:colcon.colcon_core.package_discovery:discover_packages(ignore) using defaults
[0.098s] Level 1:colcon.colcon_core.package_discovery:discover_packages(path) discover
[0.098s] Level 1:colcon.colcon_core.package_discovery:discover_packages(path) using defaults
[0.107s] Level 1:colcon.colcon_core.package_discovery:discover_packages(prefix_path) check parameters
[0.107s] Level 1:colcon.colcon_core.package_discovery:discover_packages(prefix_path) discover
[0.109s] DEBUG:colcon.colcon_installed_package_information.package_discovery:Found 367 installed packages in /opt/ros/jazzy
[0.110s] Level 1:colcon.colcon_core.package_discovery:discover_packages(prefix_path) using defaults
[0.132s] Level 5:colcon.colcon_core.verb:set package 'ros_gz_example_application' build argument 'cmake_args' from command line to 'None'
[0.132s] Level 5:colcon.colcon_core.verb:set package 'ros_gz_example_application' build argument 'cmake_target' from command line to 'None'
[0.132s] Level 5:colcon.colcon_core.verb:set package 'ros_gz_example_application' build argument 'cmake_target_skip_unavailable' from command line to 'False'
[0.132s] Level 5:colcon.colcon_core.verb:set package 'ros_gz_example_application' build argument 'cmake_clean_cache' from command line to 'False'
[0.132s] Level 5:colcon.colcon_core.verb:set package 'ros_gz_example_application' build argument 'cmake_clean_first' from command line to 'False'
[0.132s] Level 5:colcon.colcon_core.verb:set package 'ros_gz_example_application' build argument 'cmake_force_configure' from command line to 'False'
[0.132s] Level 5:colcon.colcon_core.verb:set package 'ros_gz_example_application' build argument 'ament_cmake_args' from command line to 'None'
[0.132s] Level 5:colcon.colcon_core.verb:set package 'ros_gz_example_application' build argument 'catkin_cmake_args' from command line to 'None'
[0.132s] Level 5:colcon.colcon_core.verb:set package 'ros_gz_example_application' build argument 'catkin_skip_building_tests' from command line to 'False'
[0.133s] DEBUG:colcon.colcon_core.verb:Building package 'ros_gz_example_application' with the following arguments: {'ament_cmake_args': None, 'build_base': '/home/natalia/Documents/STUDING/robotix/modul6/ex04/build/ros_gz_example_application', 'catkin_cmake_args': None, 'catkin_skip_building_tests': False, 'cmake_args': None, 'cmake_clean_cache': False, 'cmake_clean_first': False, 'cmake_force_configure': False, 'cmake_target': None, 'cmake_target_skip_unavailable': False, 'install_base': '/home/natalia/Documents/STUDING/robotix/modul6/ex04/install/ros_gz_example_application', 'merge_install': False, 'path': '/home/natalia/Documents/STUDING/robotix/modul6/ex04/ros_gz_project_template/ros_gz_example_application', 'symlink_install': False, 'test_result_base': None}
[0.133s] Level 5:colcon.colcon_core.verb:set package 'ros_gz_example_description' build argument 'cmake_args' from command line to 'None'
[0.133s] Level 5:colcon.colcon_core.verb:set package 'ros_gz_example_description' build argument 'cmake_target' from command line to 'None'
[0.133s] Level 5:colcon.colcon_core.verb:set package 'ros_gz_example_description' build argument 'cmake_target_skip_unavailable' from command line to 'False'
[0.133s] Level 5:colcon.colcon_core.verb:set package 'ros_gz_example_description' build argument 'cmake_clean_cache' from command line to 'False'
[0.133s] Level 5:colcon.colcon_core.verb:set package 'ros_gz_example_description' build argument 'cmake_clean_first' from command line to 'False'
[0.133s] Level 5:colcon.colcon_core.verb:set package 'ros_gz_example_description' build argument 'cmake_force_configure' from command line to 'False'
[0.133s] Level 5:colcon.colcon_core.verb:set package 'ros_gz_example_description' build argument 'ament_cmake_args' from command line to 'None'
[0.133s] Level 5:colcon.colcon_core.verb:set package 'ros_gz_example_description' build argument 'catkin_cmake_args' from command line to 'None'
[0.133s] Level 5:colcon.colcon_core.verb:set package 'ros_gz_example_description' build argument 'catkin_skip_building_tests' from command line to 'False'
[0.133s] DEBUG:colcon.colcon_core.verb:Building package 'ros_gz_example_description' with the following arguments: {'ament_cmake_args': None, 'build_base': '/home/natalia/Documents/STUDING/robotix/modul6/ex04/build/ros_gz_example_description', 'catkin_cmake_args': None, 'catkin_skip_building_tests': False, 'cmake_args': None, 'cmake_clean_cache': False, 'cmake_clean_first': False, 'cmake_force_configure': False, 'cmake_target': None, 'cmake_target_skip_unavailable': False, 'install_base': '/home/natalia/Documents/STUDING/robotix/modul6/ex04/install/ros_gz_example_description', 'merge_install': False, 'path': '/home/natalia/Documents/STUDING/robotix/modul6/ex04/ros_gz_project_template/ros_gz_example_description', 'symlink_install': False, 'test_result_base': None}
[0.133s] Level 5:colcon.colcon_core.verb:set package 'ros_gz_example_gazebo' build argument 'cmake_args' from command line to 'None'
[0.133s] Level 5:colcon.colcon_core.verb:set package 'ros_gz_example_gazebo' build argument 'cmake_target' from command line to 'None'
[0.133s] Level 5:colcon.colcon_core.verb:set package 'ros_gz_example_gazebo' build argument 'cmake_target_skip_unavailable' from command line to 'False'
[0.133s] Level 5:colcon.colcon_core.verb:set package 'ros_gz_example_gazebo' build argument 'cmake_clean_cache' from command line to 'False'
[0.133s] Level 5:colcon.colcon_core.verb:set package 'ros_gz_example_gazebo' build argument 'cmake_clean_first' from command line to 'False'
[0.133s] Level 5:colcon.colcon_core.verb:set package 'ros_gz_example_gazebo' build argument 'cmake_force_configure' from command line to 'False'
[0.133s] Level 5:colcon.colcon_core.verb:set package 'ros_gz_example_gazebo' build argument 'ament_cmake_args' from command line to 'None'
[0.133s] Level 5:colcon.colcon_core.verb:set package 'ros_gz_example_gazebo' build argument 'catkin_cmake_args' from command line to 'None'
[0.133s] Level 5:colcon.colcon_core.verb:set package 'ros_gz_example_gazebo' build argument 'catkin_skip_building_tests' from command line to 'False'
[0.133s] DEBUG:colcon.colcon_core.verb:Building package 'ros_gz_example_gazebo' with the following arguments: {'ament_cmake_args': None, 'build_base': '/home/natalia/Documents/STUDING/robotix/modul6/ex04/build/ros_gz_example_gazebo', 'catkin_cmake_args': None, 'catkin_skip_building_tests': False, 'cmake_args': None, 'cmake_clean_cache': False, 'cmake_clean_first': False, 'cmake_force_configure': False, 'cmake_target': None, 'cmake_target_skip_unavailable': False, 'install_base': '/home/natalia/Documents/STUDING/robotix/modul6/ex04/install/ros_gz_example_gazebo', 'merge_install': False, 'path': '/home/natalia/Documents/STUDING/robotix/modul6/ex04/ros_gz_project_template/ros_gz_example_gazebo', 'symlink_install': False, 'test_result_base': None}
[0.133s] Level 5:colcon.colcon_core.verb:set package 'ros_gz_example_bringup' build argument 'cmake_args' from command line to 'None'
[0.133s] Level 5:colcon.colcon_core.verb:set package 'ros_gz_example_bringup' build argument 'cmake_target' from command line to 'None'
[0.133s] Level 5:colcon.colcon_core.verb:set package 'ros_gz_example_bringup' build argument 'cmake_target_skip_unavailable' from command line to 'False'
[0.133s] Level 5:colcon.colcon_core.verb:set package 'ros_gz_example_bringup' build argument 'cmake_clean_cache' from command line to 'False'
[0.133s] Level 5:colcon.colcon_core.verb:set package 'ros_gz_example_bringup' build argument 'cmake_clean_first' from command line to 'False'
[0.133s] Level 5:colcon.colcon_core.verb:set package 'ros_gz_example_bringup' build argument 'cmake_force_configure' from command line to 'False'
[0.133s] Level 5:colcon.colcon_core.verb:set package 'ros_gz_example_bringup' build argument 'ament_cmake_args' from command line to 'None'
[0.133s] Level 5:colcon.colcon_core.verb:set package 'ros_gz_example_bringup' build argument 'catkin_cmake_args' from command line to 'None'
[0.133s] Level 5:colcon.colcon_core.verb:set package 'ros_gz_example_bringup' build argument 'catkin_skip_building_tests' from command line to 'False'
[0.133s] DEBUG:colcon.colcon_core.verb:Building package 'ros_gz_example_bringup' with the following arguments: {'ament_cmake_args': None, 'build_base': '/home/natalia/Documents/STUDING/robotix/modul6/ex04/build/ros_gz_example_bringup', 'catkin_cmake_args': None, 'catkin_skip_building_tests': False, 'cmake_args': None, 'cmake_clean_cache': False, 'cmake_clean_first': False, 'cmake_force_configure': False, 'cmake_target': None, 'cmake_target_skip_unavailable': False, 'install_base': '/home/natalia/Documents/STUDING/robotix/modul6/ex04/install/ros_gz_example_bringup', 'merge_install': False, 'path': '/home/natalia/Documents/STUDING/robotix/modul6/ex04/ros_gz_project_template/ros_gz_example_bringup', 'symlink_install': False, 'test_result_base': None}
[0.133s] INFO:colcon.colcon_core.executor:Executing jobs using 'parallel' executor
[0.134s] DEBUG:colcon.colcon_parallel_executor.executor.parallel:run_until_complete
[0.134s] INFO:colcon.colcon_ros.task.ament_cmake.build:Building ROS package in '/home/natalia/Documents/STUDING/robotix/modul6/ex04/ros_gz_project_template/ros_gz_example_description' with build type 'ament_cmake'
[0.134s] INFO:colcon.colcon_cmake.task.cmake.build:Building CMake package in '/home/natalia/Documents/STUDING/robotix/modul6/ex04/ros_gz_project_template/ros_gz_example_description'
[0.135s] INFO:colcon.colcon_core.plugin_system:Skipping extension 'colcon_core.shell.bat': Not used on non-Windows systems
[0.136s] INFO:colcon.colcon_core.shell:Skip shell extension 'powershell' for command environment: Not usable outside of PowerShell
[0.136s] DEBUG:colcon.colcon_core.shell:Skip shell extension 'dsv' for command environment
[0.138s] INFO:colcon.colcon_ros.task.ament_cmake.build:Building ROS package in '/home/natalia/Documents/STUDING/robotix/modul6/ex04/ros_gz_project_template/ros_gz_example_application' with build type 'ament_cmake'
[0.138s] INFO:colcon.colcon_cmake.task.cmake.build:Building CMake package in '/home/natalia/Documents/STUDING/robotix/modul6/ex04/ros_gz_project_template/ros_gz_example_application'
[0.138s] INFO:colcon.colcon_core.shell:Skip shell extension 'powershell' for command environment: Not usable outside of PowerShell
[0.138s] DEBUG:colcon.colcon_core.shell:Skip shell extension 'dsv' for command environment
[0.141s] DEBUG:colcon.colcon_core.event_handler.log_command:Invoking command in '/home/natalia/Documents/STUDING/robotix/modul6/ex04/build/ros_gz_example_description': CMAKE_PREFIX_PATH=${CMAKE_PREFIX_PATH}:/opt/ros/jazzy DEBUGINFOD_URLS=https://debuginfod.ubuntu.com /usr/bin/cmake /home/natalia/Documents/STUDING/robotix/modul6/ex04/ros_gz_project_template/ros_gz_example_description -DCMAKE_INSTALL_PREFIX=/home/natalia/Documents/STUDING/robotix/modul6/ex04/install/ros_gz_example_description
[0.143s] DEBUG:colcon.colcon_core.event_handler.log_command:Invoking command in '/home/natalia/Documents/STUDING/robotix/modul6/ex04/build/ros_gz_example_application': CMAKE_PREFIX_PATH=${CMAKE_PREFIX_PATH}:/opt/ros/jazzy DEBUGINFOD_URLS=https://debuginfod.ubuntu.com /usr/bin/cmake /home/natalia/Documents/STUDING/robotix/modul6/ex04/ros_gz_project_template/ros_gz_example_application -DCMAKE_INSTALL_PREFIX=/home/natalia/Documents/STUDING/robotix/modul6/ex04/install/ros_gz_example_application
[2.449s] DEBUG:colcon.colcon_core.event_handler.log_command:Invoked command in '/home/natalia/Documents/STUDING/robotix/modul6/ex04/build/ros_gz_example_application' returned '0': CMAKE_PREFIX_PATH=${CMAKE_PREFIX_PATH}:/opt/ros/jazzy DEBUGINFOD_URLS=https://debuginfod.ubuntu.com /usr/bin/cmake /home/natalia/Documents/STUDING/robotix/modul6/ex04/ros_gz_project_template/ros_gz_example_application -DCMAKE_INSTALL_PREFIX=/home/natalia/Documents/STUDING/robotix/modul6/ex04/install/ros_gz_example_application
[2.450s] DEBUG:colcon.colcon_core.event_handler.log_command:Invoking command in '/home/natalia/Documents/STUDING/robotix/modul6/ex04/build/ros_gz_example_application': CMAKE_PREFIX_PATH=${CMAKE_PREFIX_PATH}:/opt/ros/jazzy DEBUGINFOD_URLS=https://debuginfod.ubuntu.com /usr/bin/cmake --build /home/natalia/Documents/STUDING/robotix/modul6/ex04/build/ros_gz_example_application -- -j20 -l20
[2.450s] DEBUG:colcon.colcon_core.event_handler.log_command:Invoked command in '/home/natalia/Documents/STUDING/robotix/modul6/ex04/build/ros_gz_example_description' returned '0': CMAKE_PREFIX_PATH=${CMAKE_PREFIX_PATH}:/opt/ros/jazzy DEBUGINFOD_URLS=https://debuginfod.ubuntu.com /usr/bin/cmake /home/natalia/Documents/STUDING/robotix/modul6/ex04/ros_gz_project_template/ros_gz_example_description -DCMAKE_INSTALL_PREFIX=/home/natalia/Documents/STUDING/robotix/modul6/ex04/install/ros_gz_example_description
[2.450s] DEBUG:colcon.colcon_core.event_handler.log_command:Invoking command in '/home/natalia/Documents/STUDING/robotix/modul6/ex04/build/ros_gz_example_description': CMAKE_PREFIX_PATH=${CMAKE_PREFIX_PATH}:/opt/ros/jazzy DEBUGINFOD_URLS=https://debuginfod.ubuntu.com /usr/bin/cmake --build /home/natalia/Documents/STUDING/robotix/modul6/ex04/build/ros_gz_example_description -- -j20 -l20
[2.609s] DEBUG:colcon.colcon_core.event_handler.log_command:Invoked command in '/home/natalia/Documents/STUDING/robotix/modul6/ex04/build/ros_gz_example_application' returned '0': CMAKE_PREFIX_PATH=${CMAKE_PREFIX_PATH}:/opt/ros/jazzy DEBUGINFOD_URLS=https://debuginfod.ubuntu.com /usr/bin/cmake --build /home/natalia/Documents/STUDING/robotix/modul6/ex04/build/ros_gz_example_application -- -j20 -l20
[2.657s] DEBUG:colcon.colcon_core.event_handler.log_command:Invoking command in '/home/natalia/Documents/STUDING/robotix/modul6/ex04/build/ros_gz_example_application': CMAKE_PREFIX_PATH=${CMAKE_PREFIX_PATH}:/opt/ros/jazzy DEBUGINFOD_URLS=https://debuginfod.ubuntu.com /usr/bin/cmake --install /home/natalia/Documents/STUDING/robotix/modul6/ex04/build/ros_gz_example_application
[2.664s] DEBUG:colcon.colcon_core.event_handler.log_command:Invoked command in '/home/natalia/Documents/STUDING/robotix/modul6/ex04/build/ros_gz_example_description' returned '0': CMAKE_PREFIX_PATH=${CMAKE_PREFIX_PATH}:/opt/ros/jazzy DEBUGINFOD_URLS=https://debuginfod.ubuntu.com /usr/bin/cmake --build /home/natalia/Documents/STUDING/robotix/modul6/ex04/build/ros_gz_example_description -- -j20 -l20
[2.672s] DEBUG:colcon.colcon_core.event_handler.log_command:Invoking command in '/home/natalia/Documents/STUDING/robotix/modul6/ex04/build/ros_gz_example_description': CMAKE_PREFIX_PATH=${CMAKE_PREFIX_PATH}:/opt/ros/jazzy DEBUGINFOD_URLS=https://debuginfod.ubuntu.com /usr/bin/cmake --install /home/natalia/Documents/STUDING/robotix/modul6/ex04/build/ros_gz_example_description
[2.705s] Level 1:colcon.colcon_core.environment:create_environment_scripts_only(ros_gz_example_application)
[2.708s] DEBUG:colcon.colcon_core.event_handler.log_command:Invoked command in '/home/natalia/Documents/STUDING/robotix/modul6/ex04/build/ros_gz_example_application' returned '0': CMAKE_PREFIX_PATH=${CMAKE_PREFIX_PATH}:/opt/ros/jazzy DEBUGINFOD_URLS=https://debuginfod.ubuntu.com /usr/bin/cmake --install /home/natalia/Documents/STUDING/robotix/modul6/ex04/build/ros_gz_example_application
[2.725s] Level 1:colcon.colcon_core.environment:checking '/home/natalia/Documents/STUDING/robotix/modul6/ex04/install/ros_gz_example_application' for CMake module files
[2.727s] Level 1:colcon.colcon_core.environment:checking '/home/natalia/Documents/STUDING/robotix/modul6/ex04/install/ros_gz_example_application' for CMake config files
[2.728s] Level 1:colcon.colcon_core.shell:create_environment_hook('ros_gz_example_application', 'cmake_prefix_path')
[2.729s] INFO:colcon.colcon_core.shell:Creating environment hook '/home/natalia/Documents/STUDING/robotix/modul6/ex04/install/ros_gz_example_application/share/ros_gz_example_application/hook/cmake_prefix_path.ps1'
[2.731s] INFO:colcon.colcon_core.shell:Creating environment descriptor '/home/natalia/Documents/STUDING/robotix/modul6/ex04/install/ros_gz_example_application/share/ros_gz_example_application/hook/cmake_prefix_path.dsv'
[2.733s] INFO:colcon.colcon_core.shell:Creating environment hook '/home/natalia/Documents/STUDING/robotix/modul6/ex04/install/ros_gz_example_application/share/ros_gz_example_application/hook/cmake_prefix_path.sh'
[2.736s] Level 1:colcon.colcon_core.environment:checking '/home/natalia/Documents/STUDING/robotix/modul6/ex04/install/ros_gz_example_application/bin'
[2.737s] Level 1:colcon.colcon_core.environment:checking '/home/natalia/Documents/STUDING/robotix/modul6/ex04/install/ros_gz_example_application/lib/pkgconfig/ros_gz_example_application.pc'
[2.738s] Level 1:colcon.colcon_core.environment:checking '/home/natalia/Documents/STUDING/robotix/modul6/ex04/install/ros_gz_example_application/lib/python3.12/site-packages'
[2.740s] Level 1:colcon.colcon_core.environment:checking '/home/natalia/Documents/STUDING/robotix/modul6/ex04/install/ros_gz_example_application/bin'
[2.741s] INFO:colcon.colcon_core.shell:Creating package script '/home/natalia/Documents/STUDING/robotix/modul6/ex04/install/ros_gz_example_application/share/ros_gz_example_application/package.ps1'
[2.744s] INFO:colcon.colcon_core.shell:Creating package descriptor '/home/natalia/Documents/STUDING/robotix/modul6/ex04/install/ros_gz_example_application/share/ros_gz_example_application/package.dsv'
[2.746s] INFO:colcon.colcon_core.shell:Creating package script '/home/natalia/Documents/STUDING/robotix/modul6/ex04/install/ros_gz_example_application/share/ros_gz_example_application/package.sh'
[2.749s] INFO:colcon.colcon_core.shell:Creating package script '/home/natalia/Documents/STUDING/robotix/modul6/ex04/install/ros_gz_example_application/share/ros_gz_example_application/package.bash'
[2.752s] INFO:colcon.colcon_core.shell:Creating package script '/home/natalia/Documents/STUDING/robotix/modul6/ex04/install/ros_gz_example_application/share/ros_gz_example_application/package.zsh'
[2.755s] Level 1:colcon.colcon_core.environment:create_file_with_runtime_dependencies(/home/natalia/Documents/STUDING/robotix/modul6/ex04/install/ros_gz_example_application/share/colcon-core/packages/ros_gz_example_application)
[2.757s] Level 1:colcon.colcon_core.environment:create_environment_scripts_only(ros_gz_example_application)
[2.758s] Level 1:colcon.colcon_core.environment:checking '/home/natalia/Documents/STUDING/robotix/modul6/ex04/install/ros_gz_example_application' for CMake module files
[2.761s] Level 1:colcon.colcon_core.environment:checking '/home/natalia/Documents/STUDING/robotix/modul6/ex04/install/ros_gz_example_application' for CMake config files
[2.762s] Level 1:colcon.colcon_core.shell:create_environment_hook('ros_gz_example_application', 'cmake_prefix_path')
[2.763s] INFO:colcon.colcon_core.shell:Creating environment hook '/home/natalia/Documents/STUDING/robotix/modul6/ex04/install/ros_gz_example_application/share/ros_gz_example_application/hook/cmake_prefix_path.ps1'
[2.765s] INFO:colcon.colcon_core.shell:Creating environment descriptor '/home/natalia/Documents/STUDING/robotix/modul6/ex04/install/ros_gz_example_application/share/ros_gz_example_application/hook/cmake_prefix_path.dsv'
[2.766s] INFO:colcon.colcon_core.shell:Creating environment hook '/home/natalia/Documents/STUDING/robotix/modul6/ex04/install/ros_gz_example_application/share/ros_gz_example_application/hook/cmake_prefix_path.sh'
[2.769s] Level 1:colcon.colcon_core.environment:checking '/home/natalia/Documents/STUDING/robotix/modul6/ex04/install/ros_gz_example_application/bin'
[2.770s] Level 1:colcon.colcon_core.environment:checking '/home/natalia/Documents/STUDING/robotix/modul6/ex04/install/ros_gz_example_application/lib/pkgconfig/ros_gz_example_application.pc'
[2.771s] Level 1:colcon.colcon_core.environment:checking '/home/natalia/Documents/STUDING/robotix/modul6/ex04/install/ros_gz_example_application/lib/python3.12/site-packages'
[2.773s] Level 1:colcon.colcon_core.environment:checking '/home/natalia/Documents/STUDING/robotix/modul6/ex04/install/ros_gz_example_application/bin'
[2.773s] INFO:colcon.colcon_core.shell:Creating package script '/home/natalia/Documents/STUDING/robotix/modul6/ex04/install/ros_gz_example_application/share/ros_gz_example_application/package.ps1'
[2.776s] INFO:colcon.colcon_core.shell:Creating package descriptor '/home/natalia/Documents/STUDING/robotix/modul6/ex04/install/ros_gz_example_application/share/ros_gz_example_application/package.dsv'
[2.778s] INFO:colcon.colcon_core.shell:Creating package script '/home/natalia/Documents/STUDING/robotix/modul6/ex04/install/ros_gz_example_application/share/ros_gz_example_application/package.sh'
[2.779s] INFO:colcon.colcon_core.shell:Creating package script '/home/natalia/Documents/STUDING/robotix/modul6/ex04/install/ros_gz_example_application/share/ros_gz_example_application/package.bash'
[2.781s] INFO:colcon.colcon_core.shell:Creating package script '/home/natalia/Documents/STUDING/robotix/modul6/ex04/install/ros_gz_example_application/share/ros_gz_example_application/package.zsh'
[2.782s] Level 1:colcon.colcon_core.environment:create_file_with_runtime_dependencies(/home/natalia/Documents/STUDING/robotix/modul6/ex04/install/ros_gz_example_application/share/colcon-core/packages/ros_gz_example_application)
[2.788s] Level 1:colcon.colcon_core.environment:create_environment_scripts_only(ros_gz_example_description)
[2.789s] DEBUG:colcon.colcon_core.event_handler.log_command:Invoked command in '/home/natalia/Documents/STUDING/robotix/modul6/ex04/build/ros_gz_example_description' returned '0': CMAKE_PREFIX_PATH=${CMAKE_PREFIX_PATH}:/opt/ros/jazzy DEBUGINFOD_URLS=https://debuginfod.ubuntu.com /usr/bin/cmake --install /home/natalia/Documents/STUDING/robotix/modul6/ex04/build/ros_gz_example_description
[2.790s] Level 1:colcon.colcon_core.environment:checking '/home/natalia/Documents/STUDING/robotix/modul6/ex04/install/ros_gz_example_description' for CMake module files
[2.793s] Level 1:colcon.colcon_core.environment:checking '/home/natalia/Documents/STUDING/robotix/modul6/ex04/install/ros_gz_example_description' for CMake config files
[2.794s] Level 1:colcon.colcon_core.shell:create_environment_hook('ros_gz_example_description', 'cmake_prefix_path')
[2.795s] INFO:colcon.colcon_core.shell:Creating environment hook '/home/natalia/Documents/STUDING/robotix/modul6/ex04/install/ros_gz_example_description/share/ros_gz_example_description/hook/cmake_prefix_path.ps1'
[2.797s] INFO:colcon.colcon_core.shell:Creating environment descriptor '/home/natalia/Documents/STUDING/robotix/modul6/ex04/install/ros_gz_example_description/share/ros_gz_example_description/hook/cmake_prefix_path.dsv'
[2.798s] INFO:colcon.colcon_core.shell:Creating environment hook '/home/natalia/Documents/STUDING/robotix/modul6/ex04/install/ros_gz_example_description/share/ros_gz_example_description/hook/cmake_prefix_path.sh'
[2.801s] Level 1:colcon.colcon_core.environment:checking '/home/natalia/Documents/STUDING/robotix/modul6/ex04/install/ros_gz_example_description/bin'
[2.801s] Level 1:colcon.colcon_core.environment:checking '/home/natalia/Documents/STUDING/robotix/modul6/ex04/install/ros_gz_example_description/lib/pkgconfig/ros_gz_example_description.pc'
[2.802s] Level 1:colcon.colcon_core.environment:checking '/home/natalia/Documents/STUDING/robotix/modul6/ex04/install/ros_gz_example_description/lib/python3.12/site-packages'
[2.804s] Level 1:colcon.colcon_core.environment:checking '/home/natalia/Documents/STUDING/robotix/modul6/ex04/install/ros_gz_example_description/bin'
[2.805s] INFO:colcon.colcon_core.shell:Creating package script '/home/natalia/Documents/STUDING/robotix/modul6/ex04/install/ros_gz_example_description/share/ros_gz_example_description/package.ps1'
[2.807s] INFO:colcon.colcon_core.shell:Creating package descriptor '/home/natalia/Documents/STUDING/robotix/modul6/ex04/install/ros_gz_example_description/share/ros_gz_example_description/package.dsv'
[2.808s] INFO:colcon.colcon_core.shell:Creating package script '/home/natalia/Documents/STUDING/robotix/modul6/ex04/install/ros_gz_example_description/share/ros_gz_example_description/package.sh'
[2.810s] INFO:colcon.colcon_core.shell:Creating package script '/home/natalia/Documents/STUDING/robotix/modul6/ex04/install/ros_gz_example_description/share/ros_gz_example_description/package.bash'
[2.811s] INFO:colcon.colcon_core.shell:Creating package script '/home/natalia/Documents/STUDING/robotix/modul6/ex04/install/ros_gz_example_description/share/ros_gz_example_description/package.zsh'
[2.812s] Level 1:colcon.colcon_core.environment:create_file_with_runtime_dependencies(/home/natalia/Documents/STUDING/robotix/modul6/ex04/install/ros_gz_example_description/share/colcon-core/packages/ros_gz_example_description)
[2.815s] Level 1:colcon.colcon_core.environment:create_environment_scripts_only(ros_gz_example_description)
[2.815s] Level 1:colcon.colcon_core.environment:checking '/home/natalia/Documents/STUDING/robotix/modul6/ex04/install/ros_gz_example_description' for CMake module files
[2.817s] Level 1:colcon.colcon_core.environment:checking '/home/natalia/Documents/STUDING/robotix/modul6/ex04/install/ros_gz_example_description' for CMake config files
[2.818s] Level 1:colcon.colcon_core.shell:create_environment_hook('ros_gz_example_description', 'cmake_prefix_path')
[2.819s] INFO:colcon.colcon_core.shell:Creating environment hook '/home/natalia/Documents/STUDING/robotix/modul6/ex04/install/ros_gz_example_description/share/ros_gz_example_description/hook/cmake_prefix_path.ps1'
[2.820s] INFO:colcon.colcon_core.shell:Creating environment descriptor '/home/natalia/Documents/STUDING/robotix/modul6/ex04/install/ros_gz_example_description/share/ros_gz_example_description/hook/cmake_prefix_path.dsv'
[2.822s] INFO:colcon.colcon_core.shell:Creating environment hook '/home/natalia/Documents/STUDING/robotix/modul6/ex04/install/ros_gz_example_description/share/ros_gz_example_description/hook/cmake_prefix_path.sh'
[2.824s] Level 1:colcon.colcon_core.environment:checking '/home/natalia/Documents/STUDING/robotix/modul6/ex04/install/ros_gz_example_description/bin'
[2.824s] Level 1:colcon.colcon_core.environment:checking '/home/natalia/Documents/STUDING/robotix/modul6/ex04/install/ros_gz_example_description/lib/pkgconfig/ros_gz_example_description.pc'
[2.826s] Level 1:colcon.colcon_core.environment:checking '/home/natalia/Documents/STUDING/robotix/modul6/ex04/install/ros_gz_example_description/lib/python3.12/site-packages'
[2.827s] Level 1:colcon.colcon_core.environment:checking '/home/natalia/Documents/STUDING/robotix/modul6/ex04/install/ros_gz_example_description/bin'
[2.828s] INFO:colcon.colcon_core.shell:Creating package script '/home/natalia/Documents/STUDING/robotix/modul6/ex04/install/ros_gz_example_description/share/ros_gz_example_description/package.ps1'
[2.830s] INFO:colcon.colcon_core.shell:Creating package descriptor '/home/natalia/Documents/STUDING/robotix/modul6/ex04/install/ros_gz_example_description/share/ros_gz_example_description/package.dsv'
[2.832s] INFO:colcon.colcon_core.shell:Creating package script '/home/natalia/Documents/STUDING/robotix/modul6/ex04/install/ros_gz_example_description/share/ros_gz_example_description/package.sh'
[2.834s] INFO:colcon.colcon_core.shell:Creating package script '/home/natalia/Documents/STUDING/robotix/modul6/ex04/install/ros_gz_example_description/share/ros_gz_example_description/package.bash'
[2.835s] INFO:colcon.colcon_core.shell:Creating package script '/home/natalia/Documents/STUDING/robotix/modul6/ex04/install/ros_gz_example_description/share/ros_gz_example_description/package.zsh'
[2.837s] Level 1:colcon.colcon_core.environment:create_file_with_runtime_dependencies(/home/natalia/Documents/STUDING/robotix/modul6/ex04/install/ros_gz_example_description/share/colcon-core/packages/ros_gz_example_description)
[2.838s] INFO:colcon.colcon_ros.task.ament_cmake.build:Building ROS package in '/home/natalia/Documents/STUDING/robotix/modul6/ex04/ros_gz_project_template/ros_gz_example_gazebo' with build type 'ament_cmake'
[2.838s] INFO:colcon.colcon_cmake.task.cmake.build:Building CMake package in '/home/natalia/Documents/STUDING/robotix/modul6/ex04/ros_gz_project_template/ros_gz_example_gazebo'
[2.839s] INFO:colcon.colcon_core.shell:Skip shell extension 'powershell' for command environment: Not usable outside of PowerShell
[2.839s] DEBUG:colcon.colcon_core.shell:Skip shell extension 'dsv' for command environment
[2.882s] DEBUG:colcon.colcon_core.event_handler.log_command:Invoking command in '/home/natalia/Documents/STUDING/robotix/modul6/ex04/build/ros_gz_example_gazebo': AMENT_PREFIX_PATH=/home/natalia/Documents/STUDING/robotix/modul6/ex04/install/ros_gz_example_description:${AMENT_PREFIX_PATH} CMAKE_PREFIX_PATH=/home/natalia/Documents/STUDING/robotix/modul6/ex04/install/ros_gz_example_description:/opt/ros/jazzy/opt/gz_sim_vendor:/opt/ros/jazzy/opt/gz_sensors_vendor:/opt/ros/jazzy/opt/gz_physics_vendor:/opt/ros/jazzy/opt/sdformat_vendor:/opt/ros/jazzy/opt/gz_gui_vendor:/opt/ros/jazzy/opt/gz_transport_vendor:/opt/ros/jazzy/opt/gz_rendering_vendor:/opt/ros/jazzy/opt/gz_plugin_vendor:/opt/ros/jazzy/opt/gz_fuel_tools_vendor:/opt/ros/jazzy/opt/gz_msgs_vendor:/opt/ros/jazzy/opt/gz_common_vendor:/opt/ros/jazzy/opt/gz_math_vendor:/opt/ros/jazzy/opt/gz_utils_vendor:/opt/ros/jazzy/opt/gz_tools_vendor:/opt/ros/jazzy/opt/gz_ogre_next_vendor:/opt/ros/jazzy/opt/gz_dartsim_vendor:/opt/ros/jazzy/opt/gz_cmake_vendor:/opt/ros/jazzy DEBUGINFOD_URLS=https://debuginfod.ubuntu.com GZ_SIM_RESOURCE_PATH=/home/natalia/Documents/STUDING/robotix/modul6/ex04/install/ros_gz_example_description/share/ros_gz_example_description/models:${GZ_SIM_RESOURCE_PATH} /usr/bin/cmake /home/natalia/Documents/STUDING/robotix/modul6/ex04/ros_gz_project_template/ros_gz_example_gazebo -DCMAKE_INSTALL_PREFIX=/home/natalia/Documents/STUDING/robotix/modul6/ex04/install/ros_gz_example_gazebo
[11.440s] DEBUG:colcon.colcon_core.event_handler.log_command:Invoked command in '/home/natalia/Documents/STUDING/robotix/modul6/ex04/build/ros_gz_example_gazebo' returned '0': AMENT_PREFIX_PATH=/home/natalia/Documents/STUDING/robotix/modul6/ex04/install/ros_gz_example_description:${AMENT_PREFIX_PATH} CMAKE_PREFIX_PATH=/home/natalia/Documents/STUDING/robotix/modul6/ex04/install/ros_gz_example_description:/opt/ros/jazzy/opt/gz_sim_vendor:/opt/ros/jazzy/opt/gz_sensors_vendor:/opt/ros/jazzy/opt/gz_physics_vendor:/opt/ros/jazzy/opt/sdformat_vendor:/opt/ros/jazzy/opt/gz_gui_vendor:/opt/ros/jazzy/opt/gz_transport_vendor:/opt/ros/jazzy/opt/gz_rendering_vendor:/opt/ros/jazzy/opt/gz_plugin_vendor:/opt/ros/jazzy/opt/gz_fuel_tools_vendor:/opt/ros/jazzy/opt/gz_msgs_vendor:/opt/ros/jazzy/opt/gz_common_vendor:/opt/ros/jazzy/opt/gz_math_vendor:/opt/ros/jazzy/opt/gz_utils_vendor:/opt/ros/jazzy/opt/gz_tools_vendor:/opt/ros/jazzy/opt/gz_ogre_next_vendor:/opt/ros/jazzy/opt/gz_dartsim_vendor:/opt/ros/jazzy/opt/gz_cmake_vendor:/opt/ros/jazzy DEBUGINFOD_URLS=https://debuginfod.ubuntu.com GZ_SIM_RESOURCE_PATH=/home/natalia/Documents/STUDING/robotix/modul6/ex04/install/ros_gz_example_description/share/ros_gz_example_description/models:${GZ_SIM_RESOURCE_PATH} /usr/bin/cmake /home/natalia/Documents/STUDING/robotix/modul6/ex04/ros_gz_project_template/ros_gz_example_gazebo -DCMAKE_INSTALL_PREFIX=/home/natalia/Documents/STUDING/robotix/modul6/ex04/install/ros_gz_example_gazebo
[11.440s] DEBUG:colcon.colcon_core.event_handler.log_command:Invoking command in '/home/natalia/Documents/STUDING/robotix/modul6/ex04/build/ros_gz_example_gazebo': AMENT_PREFIX_PATH=/home/natalia/Documents/STUDING/robotix/modul6/ex04/install/ros_gz_example_description:${AMENT_PREFIX_PATH} CMAKE_PREFIX_PATH=/home/natalia/Documents/STUDING/robotix/modul6/ex04/install/ros_gz_example_description:/opt/ros/jazzy/opt/gz_sim_vendor:/opt/ros/jazzy/opt/gz_sensors_vendor:/opt/ros/jazzy/opt/gz_physics_vendor:/opt/ros/jazzy/opt/sdformat_vendor:/opt/ros/jazzy/opt/gz_gui_vendor:/opt/ros/jazzy/opt/gz_transport_vendor:/opt/ros/jazzy/opt/gz_rendering_vendor:/opt/ros/jazzy/opt/gz_plugin_vendor:/opt/ros/jazzy/opt/gz_fuel_tools_vendor:/opt/ros/jazzy/opt/gz_msgs_vendor:/opt/ros/jazzy/opt/gz_common_vendor:/opt/ros/jazzy/opt/gz_math_vendor:/opt/ros/jazzy/opt/gz_utils_vendor:/opt/ros/jazzy/opt/gz_tools_vendor:/opt/ros/jazzy/opt/gz_ogre_next_vendor:/opt/ros/jazzy/opt/gz_dartsim_vendor:/opt/ros/jazzy/opt/gz_cmake_vendor:/opt/ros/jazzy DEBUGINFOD_URLS=https://debuginfod.ubuntu.com GZ_SIM_RESOURCE_PATH=/home/natalia/Documents/STUDING/robotix/modul6/ex04/install/ros_gz_example_description/share/ros_gz_example_description/models:${GZ_SIM_RESOURCE_PATH} /usr/bin/cmake --build /home/natalia/Documents/STUDING/robotix/modul6/ex04/build/ros_gz_example_gazebo -- -j20 -l20
[13.046s] DEBUG:colcon.colcon_core.event_handler.log_command:Invoked command in '/home/natalia/Documents/STUDING/robotix/modul6/ex04/build/ros_gz_example_gazebo' returned '0': AMENT_PREFIX_PATH=/home/natalia/Documents/STUDING/robotix/modul6/ex04/install/ros_gz_example_description:${AMENT_PREFIX_PATH} CMAKE_PREFIX_PATH=/home/natalia/Documents/STUDING/robotix/modul6/ex04/install/ros_gz_example_description:/opt/ros/jazzy/opt/gz_sim_vendor:/opt/ros/jazzy/opt/gz_sensors_vendor:/opt/ros/jazzy/opt/gz_physics_vendor:/opt/ros/jazzy/opt/sdformat_vendor:/opt/ros/jazzy/opt/gz_gui_vendor:/opt/ros/jazzy/opt/gz_transport_vendor:/opt/ros/jazzy/opt/gz_rendering_vendor:/opt/ros/jazzy/opt/gz_plugin_vendor:/opt/ros/jazzy/opt/gz_fuel_tools_vendor:/opt/ros/jazzy/opt/gz_msgs_vendor:/opt/ros/jazzy/opt/gz_common_vendor:/opt/ros/jazzy/opt/gz_math_vendor:/opt/ros/jazzy/opt/gz_utils_vendor:/opt/ros/jazzy/opt/gz_tools_vendor:/opt/ros/jazzy/opt/gz_ogre_next_vendor:/opt/ros/jazzy/opt/gz_dartsim_vendor:/opt/ros/jazzy/opt/gz_cmake_vendor:/opt/ros/jazzy DEBUGINFOD_URLS=https://debuginfod.ubuntu.com GZ_SIM_RESOURCE_PATH=/home/natalia/Documents/STUDING/robotix/modul6/ex04/install/ros_gz_example_description/share/ros_gz_example_description/models:${GZ_SIM_RESOURCE_PATH} /usr/bin/cmake --build /home/natalia/Documents/STUDING/robotix/modul6/ex04/build/ros_gz_example_gazebo -- -j20 -l20
[13.049s] DEBUG:colcon.colcon_core.event_handler.log_command:Invoking command in '/home/natalia/Documents/STUDING/robotix/modul6/ex04/build/ros_gz_example_gazebo': AMENT_PREFIX_PATH=/home/natalia/Documents/STUDING/robotix/modul6/ex04/install/ros_gz_example_description:${AMENT_PREFIX_PATH} CMAKE_PREFIX_PATH=/home/natalia/Documents/STUDING/robotix/modul6/ex04/install/ros_gz_example_description:/opt/ros/jazzy/opt/gz_sim_vendor:/opt/ros/jazzy/opt/gz_sensors_vendor:/opt/ros/jazzy/opt/gz_physics_vendor:/opt/ros/jazzy/opt/sdformat_vendor:/opt/ros/jazzy/opt/gz_gui_vendor:/opt/ros/jazzy/opt/gz_transport_vendor:/opt/ros/jazzy/opt/gz_rendering_vendor:/opt/ros/jazzy/opt/gz_plugin_vendor:/opt/ros/jazzy/opt/gz_fuel_tools_vendor:/opt/ros/jazzy/opt/gz_msgs_vendor:/opt/ros/jazzy/opt/gz_common_vendor:/opt/ros/jazzy/opt/gz_math_vendor:/opt/ros/jazzy/opt/gz_utils_vendor:/opt/ros/jazzy/opt/gz_tools_vendor:/opt/ros/jazzy/opt/gz_ogre_next_vendor:/opt/ros/jazzy/opt/gz_dartsim_vendor:/opt/ros/jazzy/opt/gz_cmake_vendor:/opt/ros/jazzy DEBUGINFOD_URLS=https://debuginfod.ubuntu.com GZ_SIM_RESOURCE_PATH=/home/natalia/Documents/STUDING/robotix/modul6/ex04/install/ros_gz_example_description/share/ros_gz_example_description/models:${GZ_SIM_RESOURCE_PATH} /usr/bin/cmake --install /home/natalia/Documents/STUDING/robotix/modul6/ex04/build/ros_gz_example_gazebo
[13.101s] Level 1:colcon.colcon_core.environment:create_environment_scripts_only(ros_gz_example_gazebo)
[13.102s] Level 1:colcon.colcon_core.environment:checking '/home/natalia/Documents/STUDING/robotix/modul6/ex04/install/ros_gz_example_gazebo' for CMake module files
[13.104s] DEBUG:colcon.colcon_core.event_handler.log_command:Invoked command in '/home/natalia/Documents/STUDING/robotix/modul6/ex04/build/ros_gz_example_gazebo' returned '0': AMENT_PREFIX_PATH=/home/natalia/Documents/STUDING/robotix/modul6/ex04/install/ros_gz_example_description:${AMENT_PREFIX_PATH} CMAKE_PREFIX_PATH=/home/natalia/Documents/STUDING/robotix/modul6/ex04/install/ros_gz_example_description:/opt/ros/jazzy/opt/gz_sim_vendor:/opt/ros/jazzy/opt/gz_sensors_vendor:/opt/ros/jazzy/opt/gz_physics_vendor:/opt/ros/jazzy/opt/sdformat_vendor:/opt/ros/jazzy/opt/gz_gui_vendor:/opt/ros/jazzy/opt/gz_transport_vendor:/opt/ros/jazzy/opt/gz_rendering_vendor:/opt/ros/jazzy/opt/gz_plugin_vendor:/opt/ros/jazzy/opt/gz_fuel_tools_vendor:/opt/ros/jazzy/opt/gz_msgs_vendor:/opt/ros/jazzy/opt/gz_common_vendor:/opt/ros/jazzy/opt/gz_math_vendor:/opt/ros/jazzy/opt/gz_utils_vendor:/opt/ros/jazzy/opt/gz_tools_vendor:/opt/ros/jazzy/opt/gz_ogre_next_vendor:/opt/ros/jazzy/opt/gz_dartsim_vendor:/opt/ros/jazzy/opt/gz_cmake_vendor:/opt/ros/jazzy DEBUGINFOD_URLS=https://debuginfod.ubuntu.com GZ_SIM_RESOURCE_PATH=/home/natalia/Documents/STUDING/robotix/modul6/ex04/install/ros_gz_example_description/share/ros_gz_example_description/models:${GZ_SIM_RESOURCE_PATH} /usr/bin/cmake --install /home/natalia/Documents/STUDING/robotix/modul6/ex04/build/ros_gz_example_gazebo
[13.107s] Level 1:colcon.colcon_core.environment:checking '/home/natalia/Documents/STUDING/robotix/modul6/ex04/install/ros_gz_example_gazebo' for CMake config files
[13.107s] Level 1:colcon.colcon_core.shell:create_environment_hook('ros_gz_example_gazebo', 'cmake_prefix_path')
[13.108s] INFO:colcon.colcon_core.shell:Creating environment hook '/home/natalia/Documents/STUDING/robotix/modul6/ex04/install/ros_gz_example_gazebo/share/ros_gz_example_gazebo/hook/cmake_prefix_path.ps1'
[13.110s] INFO:colcon.colcon_core.shell:Creating environment descriptor '/home/natalia/Documents/STUDING/robotix/modul6/ex04/install/ros_gz_example_gazebo/share/ros_gz_example_gazebo/hook/cmake_prefix_path.dsv'
[13.112s] INFO:colcon.colcon_core.shell:Creating environment hook '/home/natalia/Documents/STUDING/robotix/modul6/ex04/install/ros_gz_example_gazebo/share/ros_gz_example_gazebo/hook/cmake_prefix_path.sh'
[13.114s] Level 1:colcon.colcon_core.environment:checking '/home/natalia/Documents/STUDING/robotix/modul6/ex04/install/ros_gz_example_gazebo/lib'
[13.115s] Level 1:colcon.colcon_core.environment:checking '/home/natalia/Documents/STUDING/robotix/modul6/ex04/install/ros_gz_example_gazebo/bin'
[13.115s] Level 1:colcon.colcon_core.environment:checking '/home/natalia/Documents/STUDING/robotix/modul6/ex04/install/ros_gz_example_gazebo/lib/pkgconfig/ros_gz_example_gazebo.pc'
[13.116s] Level 1:colcon.colcon_core.environment:checking '/home/natalia/Documents/STUDING/robotix/modul6/ex04/install/ros_gz_example_gazebo/lib/python3.12/site-packages'
[13.118s] Level 1:colcon.colcon_core.environment:checking '/home/natalia/Documents/STUDING/robotix/modul6/ex04/install/ros_gz_example_gazebo/bin'
[13.119s] INFO:colcon.colcon_core.shell:Creating package script '/home/natalia/Documents/STUDING/robotix/modul6/ex04/install/ros_gz_example_gazebo/share/ros_gz_example_gazebo/package.ps1'
[13.121s] INFO:colcon.colcon_core.shell:Creating package descriptor '/home/natalia/Documents/STUDING/robotix/modul6/ex04/install/ros_gz_example_gazebo/share/ros_gz_example_gazebo/package.dsv'
[13.123s] INFO:colcon.colcon_core.shell:Creating package script '/home/natalia/Documents/STUDING/robotix/modul6/ex04/install/ros_gz_example_gazebo/share/ros_gz_example_gazebo/package.sh'
[13.125s] INFO:colcon.colcon_core.shell:Creating package script '/home/natalia/Documents/STUDING/robotix/modul6/ex04/install/ros_gz_example_gazebo/share/ros_gz_example_gazebo/package.bash'
[13.126s] INFO:colcon.colcon_core.shell:Creating package script '/home/natalia/Documents/STUDING/robotix/modul6/ex04/install/ros_gz_example_gazebo/share/ros_gz_example_gazebo/package.zsh'
[13.127s] Level 1:colcon.colcon_core.environment:create_file_with_runtime_dependencies(/home/natalia/Documents/STUDING/robotix/modul6/ex04/install/ros_gz_example_gazebo/share/colcon-core/packages/ros_gz_example_gazebo)
[13.130s] Level 1:colcon.colcon_core.environment:create_environment_scripts_only(ros_gz_example_gazebo)
[13.130s] Level 1:colcon.colcon_core.environment:checking '/home/natalia/Documents/STUDING/robotix/modul6/ex04/install/ros_gz_example_gazebo' for CMake module files
[13.132s] Level 1:colcon.colcon_core.environment:checking '/home/natalia/Documents/STUDING/robotix/modul6/ex04/install/ros_gz_example_gazebo' for CMake config files
[13.133s] Level 1:colcon.colcon_core.shell:create_environment_hook('ros_gz_example_gazebo', 'cmake_prefix_path')
[13.134s] INFO:colcon.colcon_core.shell:Creating environment hook '/home/natalia/Documents/STUDING/robotix/modul6/ex04/install/ros_gz_example_gazebo/share/ros_gz_example_gazebo/hook/cmake_prefix_path.ps1'
[13.135s] INFO:colcon.colcon_core.shell:Creating environment descriptor '/home/natalia/Documents/STUDING/robotix/modul6/ex04/install/ros_gz_example_gazebo/share/ros_gz_example_gazebo/hook/cmake_prefix_path.dsv'
[13.137s] INFO:colcon.colcon_core.shell:Creating environment hook '/home/natalia/Documents/STUDING/robotix/modul6/ex04/install/ros_gz_example_gazebo/share/ros_gz_example_gazebo/hook/cmake_prefix_path.sh'
[13.139s] Level 1:colcon.colcon_core.environment:checking '/home/natalia/Documents/STUDING/robotix/modul6/ex04/install/ros_gz_example_gazebo/lib'
[13.139s] Level 1:colcon.colcon_core.environment:checking '/home/natalia/Documents/STUDING/robotix/modul6/ex04/install/ros_gz_example_gazebo/bin'
[13.140s] Level 1:colcon.colcon_core.environment:checking '/home/natalia/Documents/STUDING/robotix/modul6/ex04/install/ros_gz_example_gazebo/lib/pkgconfig/ros_gz_example_gazebo.pc'
[13.141s] Level 1:colcon.colcon_core.environment:checking '/home/natalia/Documents/STUDING/robotix/modul6/ex04/install/ros_gz_example_gazebo/lib/python3.12/site-packages'
[13.142s] Level 1:colcon.colcon_core.environment:checking '/home/natalia/Documents/STUDING/robotix/modul6/ex04/install/ros_gz_example_gazebo/bin'
[13.143s] INFO:colcon.colcon_core.shell:Creating package script '/home/natalia/Documents/STUDING/robotix/modul6/ex04/install/ros_gz_example_gazebo/share/ros_gz_example_gazebo/package.ps1'
[13.145s] INFO:colcon.colcon_core.shell:Creating package descriptor '/home/natalia/Documents/STUDING/robotix/modul6/ex04/install/ros_gz_example_gazebo/share/ros_gz_example_gazebo/package.dsv'
[13.147s] INFO:colcon.colcon_core.shell:Creating package script '/home/natalia/Documents/STUDING/robotix/modul6/ex04/install/ros_gz_example_gazebo/share/ros_gz_example_gazebo/package.sh'
[13.149s] INFO:colcon.colcon_core.shell:Creating package script '/home/natalia/Documents/STUDING/robotix/modul6/ex04/install/ros_gz_example_gazebo/share/ros_gz_example_gazebo/package.bash'
[13.151s] INFO:colcon.colcon_core.shell:Creating package script '/home/natalia/Documents/STUDING/robotix/modul6/ex04/install/ros_gz_example_gazebo/share/ros_gz_example_gazebo/package.zsh'
[13.152s] Level 1:colcon.colcon_core.environment:create_file_with_runtime_dependencies(/home/natalia/Documents/STUDING/robotix/modul6/ex04/install/ros_gz_example_gazebo/share/colcon-core/packages/ros_gz_example_gazebo)
[13.153s] INFO:colcon.colcon_ros.task.ament_cmake.build:Building ROS package in '/home/natalia/Documents/STUDING/robotix/modul6/ex04/ros_gz_project_template/ros_gz_example_bringup' with build type 'ament_cmake'
[13.154s] INFO:colcon.colcon_cmake.task.cmake.build:Building CMake package in '/home/natalia/Documents/STUDING/robotix/modul6/ex04/ros_gz_project_template/ros_gz_example_bringup'
[13.154s] INFO:colcon.colcon_core.shell:Skip shell extension 'powershell' for command environment: Not usable outside of PowerShell
[13.154s] DEBUG:colcon.colcon_core.shell:Skip shell extension 'dsv' for command environment
[13.199s] DEBUG:colcon.colcon_core.event_handler.log_command:Invoking command in '/home/natalia/Documents/STUDING/robotix/modul6/ex04/build/ros_gz_example_bringup': AMENT_PREFIX_PATH=/home/natalia/Documents/STUDING/robotix/modul6/ex04/install/ros_gz_example_gazebo:/home/natalia/Documents/STUDING/robotix/modul6/ex04/install/ros_gz_example_description:${AMENT_PREFIX_PATH} CMAKE_PREFIX_PATH=/home/natalia/Documents/STUDING/robotix/modul6/ex04/install/ros_gz_example_gazebo:/home/natalia/Documents/STUDING/robotix/modul6/ex04/install/ros_gz_example_description:/opt/ros/jazzy/opt/gz_sim_vendor:/opt/ros/jazzy/opt/gz_sensors_vendor:/opt/ros/jazzy/opt/gz_physics_vendor:/opt/ros/jazzy/opt/sdformat_vendor:/opt/ros/jazzy/opt/gz_gui_vendor:/opt/ros/jazzy/opt/gz_transport_vendor:/opt/ros/jazzy/opt/gz_rendering_vendor:/opt/ros/jazzy/opt/gz_plugin_vendor:/opt/ros/jazzy/opt/gz_fuel_tools_vendor:/opt/ros/jazzy/opt/gz_msgs_vendor:/opt/ros/jazzy/opt/gz_common_vendor:/opt/ros/jazzy/opt/gz_math_vendor:/opt/ros/jazzy/opt/gz_utils_vendor:/opt/ros/jazzy/opt/gz_tools_vendor:/opt/ros/jazzy/opt/gz_ogre_next_vendor:/opt/ros/jazzy/opt/gz_dartsim_vendor:/opt/ros/jazzy/opt/gz_cmake_vendor:/opt/ros/jazzy DEBUGINFOD_URLS=https://debuginfod.ubuntu.com GZ_SIM_PLUGIN_PATH=/home/natalia/Documents/STUDING/robotix/modul6/ex04/install/ros_gz_example_gazebo/lib/ros_gz_example_gazebo GZ_SIM_RESOURCE_PATH=/home/natalia/Documents/STUDING/robotix/modul6/ex04/install/ros_gz_example_gazebo/share/ros_gz_example_gazebo/worlds:/home/natalia/Documents/STUDING/robotix/modul6/ex04/install/ros_gz_example_description/share/ros_gz_example_description/models:${GZ_SIM_RESOURCE_PATH} /usr/bin/cmake /home/natalia/Documents/STUDING/robotix/modul6/ex04/ros_gz_project_template/ros_gz_example_bringup -DCMAKE_INSTALL_PREFIX=/home/natalia/Documents/STUDING/robotix/modul6/ex04/install/ros_gz_example_bringup
[16.264s] DEBUG:colcon.colcon_core.event_handler.log_command:Invoked command in '/home/natalia/Documents/STUDING/robotix/modul6/ex04/build/ros_gz_example_bringup' returned '0': AMENT_PREFIX_PATH=/home/natalia/Documents/STUDING/robotix/modul6/ex04/install/ros_gz_example_gazebo:/home/natalia/Documents/STUDING/robotix/modul6/ex04/install/ros_gz_example_description:${AMENT_PREFIX_PATH} CMAKE_PREFIX_PATH=/home/natalia/Documents/STUDING/robotix/modul6/ex04/install/ros_gz_example_gazebo:/home/natalia/Documents/STUDING/robotix/modul6/ex04/install/ros_gz_example_description:/opt/ros/jazzy/opt/gz_sim_vendor:/opt/ros/jazzy/opt/gz_sensors_vendor:/opt/ros/jazzy/opt/gz_physics_vendor:/opt/ros/jazzy/opt/sdformat_vendor:/opt/ros/jazzy/opt/gz_gui_vendor:/opt/ros/jazzy/opt/gz_transport_vendor:/opt/ros/jazzy/opt/gz_rendering_vendor:/opt/ros/jazzy/opt/gz_plugin_vendor:/opt/ros/jazzy/opt/gz_fuel_tools_vendor:/opt/ros/jazzy/opt/gz_msgs_vendor:/opt/ros/jazzy/opt/gz_common_vendor:/opt/ros/jazzy/opt/gz_math_vendor:/opt/ros/jazzy/opt/gz_utils_vendor:/opt/ros/jazzy/opt/gz_tools_vendor:/opt/ros/jazzy/opt/gz_ogre_next_vendor:/opt/ros/jazzy/opt/gz_dartsim_vendor:/opt/ros/jazzy/opt/gz_cmake_vendor:/opt/ros/jazzy DEBUGINFOD_URLS=https://debuginfod.ubuntu.com GZ_SIM_PLUGIN_PATH=/home/natalia/Documents/STUDING/robotix/modul6/ex04/install/ros_gz_example_gazebo/lib/ros_gz_example_gazebo GZ_SIM_RESOURCE_PATH=/home/natalia/Documents/STUDING/robotix/modul6/ex04/install/ros_gz_example_gazebo/share/ros_gz_example_gazebo/worlds:/home/natalia/Documents/STUDING/robotix/modul6/ex04/install/ros_gz_example_description/share/ros_gz_example_description/models:${GZ_SIM_RESOURCE_PATH} /usr/bin/cmake /home/natalia/Documents/STUDING/robotix/modul6/ex04/ros_gz_project_template/ros_gz_example_bringup -DCMAKE_INSTALL_PREFIX=/home/natalia/Documents/STUDING/robotix/modul6/ex04/install/ros_gz_example_bringup
[16.264s] DEBUG:colcon.colcon_core.event_handler.log_command:Invoking command in '/home/natalia/Documents/STUDING/robotix/modul6/ex04/build/ros_gz_example_bringup': AMENT_PREFIX_PATH=/home/natalia/Documents/STUDING/robotix/modul6/ex04/install/ros_gz_example_gazebo:/home/natalia/Documents/STUDING/robotix/modul6/ex04/install/ros_gz_example_description:${AMENT_PREFIX_PATH} CMAKE_PREFIX_PATH=/home/natalia/Documents/STUDING/robotix/modul6/ex04/install/ros_gz_example_gazebo:/home/natalia/Documents/STUDING/robotix/modul6/ex04/install/ros_gz_example_description:/opt/ros/jazzy/opt/gz_sim_vendor:/opt/ros/jazzy/opt/gz_sensors_vendor:/opt/ros/jazzy/opt/gz_physics_vendor:/opt/ros/jazzy/opt/sdformat_vendor:/opt/ros/jazzy/opt/gz_gui_vendor:/opt/ros/jazzy/opt/gz_transport_vendor:/opt/ros/jazzy/opt/gz_rendering_vendor:/opt/ros/jazzy/opt/gz_plugin_vendor:/opt/ros/jazzy/opt/gz_fuel_tools_vendor:/opt/ros/jazzy/opt/gz_msgs_vendor:/opt/ros/jazzy/opt/gz_common_vendor:/opt/ros/jazzy/opt/gz_math_vendor:/opt/ros/jazzy/opt/gz_utils_vendor:/opt/ros/jazzy/opt/gz_tools_vendor:/opt/ros/jazzy/opt/gz_ogre_next_vendor:/opt/ros/jazzy/opt/gz_dartsim_vendor:/opt/ros/jazzy/opt/gz_cmake_vendor:/opt/ros/jazzy DEBUGINFOD_URLS=https://debuginfod.ubuntu.com GZ_SIM_PLUGIN_PATH=/home/natalia/Documents/STUDING/robotix/modul6/ex04/install/ros_gz_example_gazebo/lib/ros_gz_example_gazebo GZ_SIM_RESOURCE_PATH=/home/natalia/Documents/STUDING/robotix/modul6/ex04/install/ros_gz_example_gazebo/share/ros_gz_example_gazebo/worlds:/home/natalia/Documents/STUDING/robotix/modul6/ex04/install/ros_gz_example_description/share/ros_gz_example_description/models:${GZ_SIM_RESOURCE_PATH} /usr/bin/cmake --build /home/natalia/Documents/STUDING/robotix/modul6/ex04/build/ros_gz_example_bringup -- -j20 -l20
[16.411s] DEBUG:colcon.colcon_core.event_handler.log_command:Invoked command in '/home/natalia/Documents/STUDING/robotix/modul6/ex04/build/ros_gz_example_bringup' returned '0': AMENT_PREFIX_PATH=/home/natalia/Documents/STUDING/robotix/modul6/ex04/install/ros_gz_example_gazebo:/home/natalia/Documents/STUDING/robotix/modul6/ex04/install/ros_gz_example_description:${AMENT_PREFIX_PATH} CMAKE_PREFIX_PATH=/home/natalia/Documents/STUDING/robotix/modul6/ex04/install/ros_gz_example_gazebo:/home/natalia/Documents/STUDING/robotix/modul6/ex04/install/ros_gz_example_description:/opt/ros/jazzy/opt/gz_sim_vendor:/opt/ros/jazzy/opt/gz_sensors_vendor:/opt/ros/jazzy/opt/gz_physics_vendor:/opt/ros/jazzy/opt/sdformat_vendor:/opt/ros/jazzy/opt/gz_gui_vendor:/opt/ros/jazzy/opt/gz_transport_vendor:/opt/ros/jazzy/opt/gz_rendering_vendor:/opt/ros/jazzy/opt/gz_plugin_vendor:/opt/ros/jazzy/opt/gz_fuel_tools_vendor:/opt/ros/jazzy/opt/gz_msgs_vendor:/opt/ros/jazzy/opt/gz_common_vendor:/opt/ros/jazzy/opt/gz_math_vendor:/opt/ros/jazzy/opt/gz_utils_vendor:/opt/ros/jazzy/opt/gz_tools_vendor:/opt/ros/jazzy/opt/gz_ogre_next_vendor:/opt/ros/jazzy/opt/gz_dartsim_vendor:/opt/ros/jazzy/opt/gz_cmake_vendor:/opt/ros/jazzy DEBUGINFOD_URLS=https://debuginfod.ubuntu.com GZ_SIM_PLUGIN_PATH=/home/natalia/Documents/STUDING/robotix/modul6/ex04/install/ros_gz_example_gazebo/lib/ros_gz_example_gazebo GZ_SIM_RESOURCE_PATH=/home/natalia/Documents/STUDING/robotix/modul6/ex04/install/ros_gz_example_gazebo/share/ros_gz_example_gazebo/worlds:/home/natalia/Documents/STUDING/robotix/modul6/ex04/install/ros_gz_example_description/share/ros_gz_example_description/models:${GZ_SIM_RESOURCE_PATH} /usr/bin/cmake --build /home/natalia/Documents/STUDING/robotix/modul6/ex04/build/ros_gz_example_bringup -- -j20 -l20
[16.418s] DEBUG:colcon.colcon_core.event_handler.log_command:Invoking command in '/home/natalia/Documents/STUDING/robotix/modul6/ex04/build/ros_gz_example_bringup': AMENT_PREFIX_PATH=/home/natalia/Documents/STUDING/robotix/modul6/ex04/install/ros_gz_example_gazebo:/home/natalia/Documents/STUDING/robotix/modul6/ex04/install/ros_gz_example_description:${AMENT_PREFIX_PATH} CMAKE_PREFIX_PATH=/home/natalia/Documents/STUDING/robotix/modul6/ex04/install/ros_gz_example_gazebo:/home/natalia/Documents/STUDING/robotix/modul6/ex04/install/ros_gz_example_description:/opt/ros/jazzy/opt/gz_sim_vendor:/opt/ros/jazzy/opt/gz_sensors_vendor:/opt/ros/jazzy/opt/gz_physics_vendor:/opt/ros/jazzy/opt/sdformat_vendor:/opt/ros/jazzy/opt/gz_gui_vendor:/opt/ros/jazzy/opt/gz_transport_vendor:/opt/ros/jazzy/opt/gz_rendering_vendor:/opt/ros/jazzy/opt/gz_plugin_vendor:/opt/ros/jazzy/opt/gz_fuel_tools_vendor:/opt/ros/jazzy/opt/gz_msgs_vendor:/opt/ros/jazzy/opt/gz_common_vendor:/opt/ros/jazzy/opt/gz_math_vendor:/opt/ros/jazzy/opt/gz_utils_vendor:/opt/ros/jazzy/opt/gz_tools_vendor:/opt/ros/jazzy/opt/gz_ogre_next_vendor:/opt/ros/jazzy/opt/gz_dartsim_vendor:/opt/ros/jazzy/opt/gz_cmake_vendor:/opt/ros/jazzy DEBUGINFOD_URLS=https://debuginfod.ubuntu.com GZ_SIM_PLUGIN_PATH=/home/natalia/Documents/STUDING/robotix/modul6/ex04/install/ros_gz_example_gazebo/lib/ros_gz_example_gazebo GZ_SIM_RESOURCE_PATH=/home/natalia/Documents/STUDING/robotix/modul6/ex04/install/ros_gz_example_gazebo/share/ros_gz_example_gazebo/worlds:/home/natalia/Documents/STUDING/robotix/modul6/ex04/install/ros_gz_example_description/share/ros_gz_example_description/models:${GZ_SIM_RESOURCE_PATH} /usr/bin/cmake --install /home/natalia/Documents/STUDING/robotix/modul6/ex04/build/ros_gz_example_bringup
[16.468s] Level 1:colcon.colcon_core.environment:create_environment_scripts_only(ros_gz_example_bringup)
[16.469s] Level 1:colcon.colcon_core.environment:checking '/home/natalia/Documents/STUDING/robotix/modul6/ex04/install/ros_gz_example_bringup' for CMake module files
[16.472s] DEBUG:colcon.colcon_core.event_handler.log_command:Invoked command in '/home/natalia/Documents/STUDING/robotix/modul6/ex04/build/ros_gz_example_bringup' returned '0': AMENT_PREFIX_PATH=/home/natalia/Documents/STUDING/robotix/modul6/ex04/install/ros_gz_example_gazebo:/home/natalia/Documents/STUDING/robotix/modul6/ex04/install/ros_gz_example_description:${AMENT_PREFIX_PATH} CMAKE_PREFIX_PATH=/home/natalia/Documents/STUDING/robotix/modul6/ex04/install/ros_gz_example_gazebo:/home/natalia/Documents/STUDING/robotix/modul6/ex04/install/ros_gz_example_description:/opt/ros/jazzy/opt/gz_sim_vendor:/opt/ros/jazzy/opt/gz_sensors_vendor:/opt/ros/jazzy/opt/gz_physics_vendor:/opt/ros/jazzy/opt/sdformat_vendor:/opt/ros/jazzy/opt/gz_gui_vendor:/opt/ros/jazzy/opt/gz_transport_vendor:/opt/ros/jazzy/opt/gz_rendering_vendor:/opt/ros/jazzy/opt/gz_plugin_vendor:/opt/ros/jazzy/opt/gz_fuel_tools_vendor:/opt/ros/jazzy/opt/gz_msgs_vendor:/opt/ros/jazzy/opt/gz_common_vendor:/opt/ros/jazzy/opt/gz_math_vendor:/opt/ros/jazzy/opt/gz_utils_vendor:/opt/ros/jazzy/opt/gz_tools_vendor:/opt/ros/jazzy/opt/gz_ogre_next_vendor:/opt/ros/jazzy/opt/gz_dartsim_vendor:/opt/ros/jazzy/opt/gz_cmake_vendor:/opt/ros/jazzy DEBUGINFOD_URLS=https://debuginfod.ubuntu.com GZ_SIM_PLUGIN_PATH=/home/natalia/Documents/STUDING/robotix/modul6/ex04/install/ros_gz_example_gazebo/lib/ros_gz_example_gazebo GZ_SIM_RESOURCE_PATH=/home/natalia/Documents/STUDING/robotix/modul6/ex04/install/ros_gz_example_gazebo/share/ros_gz_example_gazebo/worlds:/home/natalia/Documents/STUDING/robotix/modul6/ex04/install/ros_gz_example_description/share/ros_gz_example_description/models:${GZ_SIM_RESOURCE_PATH} /usr/bin/cmake --install /home/natalia/Documents/STUDING/robotix/modul6/ex04/build/ros_gz_example_bringup
[16.474s] Level 1:colcon.colcon_core.environment:checking '/home/natalia/Documents/STUDING/robotix/modul6/ex04/install/ros_gz_example_bringup' for CMake config files
[16.474s] Level 1:colcon.colcon_core.shell:create_environment_hook('ros_gz_example_bringup', 'cmake_prefix_path')
[16.475s] INFO:colcon.colcon_core.shell:Creating environment hook '/home/natalia/Documents/STUDING/robotix/modul6/ex04/install/ros_gz_example_bringup/share/ros_gz_example_bringup/hook/cmake_prefix_path.ps1'
[16.477s] INFO:colcon.colcon_core.shell:Creating environment descriptor '/home/natalia/Documents/STUDING/robotix/modul6/ex04/install/ros_gz_example_bringup/share/ros_gz_example_bringup/hook/cmake_prefix_path.dsv'
[16.478s] INFO:colcon.colcon_core.shell:Creating environment hook '/home/natalia/Documents/STUDING/robotix/modul6/ex04/install/ros_gz_example_bringup/share/ros_gz_example_bringup/hook/cmake_prefix_path.sh'
[16.481s] Level 1:colcon.colcon_core.environment:checking '/home/natalia/Documents/STUDING/robotix/modul6/ex04/install/ros_gz_example_bringup/bin'
[16.481s] Level 1:colcon.colcon_core.environment:checking '/home/natalia/Documents/STUDING/robotix/modul6/ex04/install/ros_gz_example_bringup/lib/pkgconfig/ros_gz_example_bringup.pc'
[16.482s] Level 1:colcon.colcon_core.environment:checking '/home/natalia/Documents/STUDING/robotix/modul6/ex04/install/ros_gz_example_bringup/lib/python3.12/site-packages'
[16.484s] Level 1:colcon.colcon_core.environment:checking '/home/natalia/Documents/STUDING/robotix/modul6/ex04/install/ros_gz_example_bringup/bin'
[16.485s] INFO:colcon.colcon_core.shell:Creating package script '/home/natalia/Documents/STUDING/robotix/modul6/ex04/install/ros_gz_example_bringup/share/ros_gz_example_bringup/package.ps1'
[16.487s] INFO:colcon.colcon_core.shell:Creating package descriptor '/home/natalia/Documents/STUDING/robotix/modul6/ex04/install/ros_gz_example_bringup/share/ros_gz_example_bringup/package.dsv'
[16.489s] INFO:colcon.colcon_core.shell:Creating package script '/home/natalia/Documents/STUDING/robotix/modul6/ex04/install/ros_gz_example_bringup/share/ros_gz_example_bringup/package.sh'
[16.490s] INFO:colcon.colcon_core.shell:Creating package script '/home/natalia/Documents/STUDING/robotix/modul6/ex04/install/ros_gz_example_bringup/share/ros_gz_example_bringup/package.bash'
[16.491s] INFO:colcon.colcon_core.shell:Creating package script '/home/natalia/Documents/STUDING/robotix/modul6/ex04/install/ros_gz_example_bringup/share/ros_gz_example_bringup/package.zsh'
[16.492s] Level 1:colcon.colcon_core.environment:create_file_with_runtime_dependencies(/home/natalia/Documents/STUDING/robotix/modul6/ex04/install/ros_gz_example_bringup/share/colcon-core/packages/ros_gz_example_bringup)
[16.494s] Level 1:colcon.colcon_core.environment:create_environment_scripts_only(ros_gz_example_bringup)
[16.495s] Level 1:colcon.colcon_core.environment:checking '/home/natalia/Documents/STUDING/robotix/modul6/ex04/install/ros_gz_example_bringup' for CMake module files
[16.497s] Level 1:colcon.colcon_core.environment:checking '/home/natalia/Documents/STUDING/robotix/modul6/ex04/install/ros_gz_example_bringup' for CMake config files
[16.498s] Level 1:colcon.colcon_core.shell:create_environment_hook('ros_gz_example_bringup', 'cmake_prefix_path')
[16.499s] INFO:colcon.colcon_core.shell:Creating environment hook '/home/natalia/Documents/STUDING/robotix/modul6/ex04/install/ros_gz_example_bringup/share/ros_gz_example_bringup/hook/cmake_prefix_path.ps1'
[16.500s] INFO:colcon.colcon_core.shell:Creating environment descriptor '/home/natalia/Documents/STUDING/robotix/modul6/ex04/install/ros_gz_example_bringup/share/ros_gz_example_bringup/hook/cmake_prefix_path.dsv'
[16.502s] INFO:colcon.colcon_core.shell:Creating environment hook '/home/natalia/Documents/STUDING/robotix/modul6/ex04/install/ros_gz_example_bringup/share/ros_gz_example_bringup/hook/cmake_prefix_path.sh'
[16.504s] Level 1:colcon.colcon_core.environment:checking '/home/natalia/Documents/STUDING/robotix/modul6/ex04/install/ros_gz_example_bringup/bin'
[16.504s] Level 1:colcon.colcon_core.environment:checking '/home/natalia/Documents/STUDING/robotix/modul6/ex04/install/ros_gz_example_bringup/lib/pkgconfig/ros_gz_example_bringup.pc'
[16.506s] Level 1:colcon.colcon_core.environment:checking '/home/natalia/Documents/STUDING/robotix/modul6/ex04/install/ros_gz_example_bringup/lib/python3.12/site-packages'
[16.507s] Level 1:colcon.colcon_core.environment:checking '/home/natalia/Documents/STUDING/robotix/modul6/ex04/install/ros_gz_example_bringup/bin'
[16.508s] INFO:colcon.colcon_core.shell:Creating package script '/home/natalia/Documents/STUDING/robotix/modul6/ex04/install/ros_gz_example_bringup/share/ros_gz_example_bringup/package.ps1'
[16.510s] INFO:colcon.colcon_core.shell:Creating package descriptor '/home/natalia/Documents/STUDING/robotix/modul6/ex04/install/ros_gz_example_bringup/share/ros_gz_example_bringup/package.dsv'
[16.512s] INFO:colcon.colcon_core.shell:Creating package script '/home/natalia/Documents/STUDING/robotix/modul6/ex04/install/ros_gz_example_bringup/share/ros_gz_example_bringup/package.sh'
[16.514s] INFO:colcon.colcon_core.shell:Creating package script '/home/natalia/Documents/STUDING/robotix/modul6/ex04/install/ros_gz_example_bringup/share/ros_gz_example_bringup/package.bash'
[16.515s] INFO:colcon.colcon_core.shell:Creating package script '/home/natalia/Documents/STUDING/robotix/modul6/ex04/install/ros_gz_example_bringup/share/ros_gz_example_bringup/package.zsh'
[16.517s] Level 1:colcon.colcon_core.environment:create_file_with_runtime_dependencies(/home/natalia/Documents/STUDING/robotix/modul6/ex04/install/ros_gz_example_bringup/share/colcon-core/packages/ros_gz_example_bringup)
[16.518s] DEBUG:colcon.colcon_parallel_executor.executor.parallel:closing loop
[16.518s] DEBUG:colcon.colcon_parallel_executor.executor.parallel:loop closed
[16.519s] DEBUG:colcon.colcon_parallel_executor.executor.parallel:run_until_complete finished with '0'
[16.520s] DEBUG:colcon.colcon_core.event_reactor:joining thread
[16.545s] INFO:colcon.colcon_core.plugin_system:Skipping extension 'colcon_notification.desktop_notification.terminal_notifier': Not used on non-Darwin systems
[16.545s] INFO:colcon.colcon_core.plugin_system:Skipping extension 'colcon_notification.desktop_notification.win32': Not used on non-Windows systems
[16.546s] INFO:colcon.colcon_notification.desktop_notification:Sending desktop notification using 'notify2'
[16.610s] DEBUG:colcon.colcon_core.event_reactor:joined thread
[16.612s] INFO:colcon.colcon_core.shell:Creating prefix script '/home/natalia/Documents/STUDING/robotix/modul6/ex04/install/local_setup.ps1'
[16.615s] INFO:colcon.colcon_core.shell:Creating prefix util module '/home/natalia/Documents/STUDING/robotix/modul6/ex04/install/_local_setup_util_ps1.py'
[16.619s] INFO:colcon.colcon_core.shell:Creating prefix chain script '/home/natalia/Documents/STUDING/robotix/modul6/ex04/install/setup.ps1'
[16.623s] INFO:colcon.colcon_core.shell:Creating prefix script '/home/natalia/Documents/STUDING/robotix/modul6/ex04/install/local_setup.sh'
[16.625s] INFO:colcon.colcon_core.shell:Creating prefix util module '/home/natalia/Documents/STUDING/robotix/modul6/ex04/install/_local_setup_util_sh.py'
[16.627s] INFO:colcon.colcon_core.shell:Creating prefix chain script '/home/natalia/Documents/STUDING/robotix/modul6/ex04/install/setup.sh'
[16.630s] INFO:colcon.colcon_core.shell:Creating prefix script '/home/natalia/Documents/STUDING/robotix/modul6/ex04/install/local_setup.bash'
[16.632s] INFO:colcon.colcon_core.shell:Creating prefix chain script '/home/natalia/Documents/STUDING/robotix/modul6/ex04/install/setup.bash'
[16.635s] INFO:colcon.colcon_core.shell:Creating prefix script '/home/natalia/Documents/STUDING/robotix/modul6/ex04/install/local_setup.zsh'
[16.637s] INFO:colcon.colcon_core.shell:Creating prefix chain script '/home/natalia/Documents/STUDING/robotix/modul6/ex04/install/setup.zsh'
