[0.022s] Invoking command in '/home/natalia/Documents/STUDING/robotix/modul6/ex01/build/ros_gz_example_application': CMAKE_PREFIX_PATH=${CMAKE_PREFIX_PATH}:/opt/ros/jazzy DEBUGINFOD_URLS=https://debuginfod.ubuntu.com /usr/bin/cmake --build /home/natalia/Documents/STUDING/robotix/modul6/ex01/build/ros_gz_example_application -- -j20 -l20
[0.235s] Invoked command in '/home/natalia/Documents/STUDING/robotix/modul6/ex01/build/ros_gz_example_application' returned '0': CMAKE_PREFIX_PATH=${CMAKE_PREFIX_PATH}:/opt/ros/jazzy DEBUGINFOD_URLS=https://debuginfod.ubuntu.com /usr/bin/cmake --build /home/natalia/Documents/STUDING/robotix/modul6/ex01/build/ros_gz_example_application -- -j20 -l20
[0.240s] Invoking command in '/home/natalia/Documents/STUDING/robotix/modul6/ex01/build/ros_gz_example_application': CMAKE_PREFIX_PATH=${CMAKE_PREFIX_PATH}:/opt/ros/jazzy DEBUGINFOD_URLS=https://debuginfod.ubuntu.com /usr/bin/cmake --install /home/natalia/Documents/STUDING/robotix/modul6/ex01/build/ros_gz_example_application
[0.281s] -- Install configuration: ""
[0.282s] -- Up-to-date: /home/natalia/Documents/STUDING/robotix/modul6/ex01/install/ros_gz_example_application/share/ament_index/resource_index/package_run_dependencies/ros_gz_example_application
[0.283s] -- Up-to-date: /home/natalia/Documents/STUDING/robotix/modul6/ex01/install/ros_gz_example_application/share/ament_index/resource_index/parent_prefix_path/ros_gz_example_application
[0.285s] -- Up-to-date: /home/natalia/Documents/STUDING/robotix/modul6/ex01/install/ros_gz_example_application/share/ros_gz_example_application/environment/ament_prefix_path.sh
[0.285s] -- Up-to-date: /home/natalia/Documents/STUDING/robotix/modul6/ex01/install/ros_gz_example_application/share/ros_gz_example_application/environment/ament_prefix_path.dsv
[0.286s] -- Up-to-date: /home/natalia/Documents/STUDING/robotix/modul6/ex01/install/ros_gz_example_application/share/ros_gz_example_application/environment/path.sh
[0.286s] -- Up-to-date: /home/natalia/Documents/STUDING/robotix/modul6/ex01/install/ros_gz_example_application/share/ros_gz_example_application/environment/path.dsv
[0.286s] -- Up-to-date: /home/natalia/Documents/STUDING/robotix/modul6/ex01/install/ros_gz_example_application/share/ros_gz_example_application/local_setup.bash
[0.287s] -- Up-to-date: /home/natalia/Documents/STUDING/robotix/modul6/ex01/install/ros_gz_example_application/share/ros_gz_example_application/local_setup.sh
[0.287s] -- Up-to-date: /home/natalia/Documents/STUDING/robotix/modul6/ex01/install/ros_gz_example_application/share/ros_gz_example_application/local_setup.zsh
[0.287s] -- Up-to-date: /home/natalia/Documents/STUDING/robotix/modul6/ex01/install/ros_gz_example_application/share/ros_gz_example_application/local_setup.dsv
[0.287s] -- Installing: /home/natalia/Documents/STUDING/robotix/modul6/ex01/install/ros_gz_example_application/share/ros_gz_example_application/package.dsv
[0.288s] -- Up-to-date: /home/natalia/Documents/STUDING/robotix/modul6/ex01/install/ros_gz_example_application/share/ament_index/resource_index/packages/ros_gz_example_application
[0.288s] -- Up-to-date: /home/natalia/Documents/STUDING/robotix/modul6/ex01/install/ros_gz_example_application/share/ros_gz_example_application/cmake/ros_gz_example_applicationConfig.cmake
[0.288s] -- Up-to-date: /home/natalia/Documents/STUDING/robotix/modul6/ex01/install/ros_gz_example_application/share/ros_gz_example_application/cmake/ros_gz_example_applicationConfig-version.cmake
[0.290s] -- Up-to-date: /home/natalia/Documents/STUDING/robotix/modul6/ex01/install/ros_gz_example_application/share/ros_gz_example_application/package.xml
[0.388s] Invoked command in '/home/natalia/Documents/STUDING/robotix/modul6/ex01/build/ros_gz_example_application' returned '0': CMAKE_PREFIX_PATH=${CMAKE_PREFIX_PATH}:/opt/ros/jazzy DEBUGINFOD_URLS=https://debuginfod.ubuntu.com /usr/bin/cmake --install /home/natalia/Documents/STUDING/robotix/modul6/ex01/build/ros_gz_example_application
