[1.989s] Invoking command in '/home/natalia/Documents/STUDING/robotix/modul4/ex02b/mycarrot': DEBUGINFOD_URLS=https://debuginfod.ubuntu.com PYTHONPATH=/home/natalia/Documents/STUDING/robotix/modul4/ex02b/mycarrot/build/mycarrot/prefix_override:/usr/lib/python3/dist-packages/colcon_core/task/python/colcon_distutils_commands:/home/natalia/Documents/STUDING/robotix/modul4/ex02b/mycarrot/install/mycarrot/lib/python3.12/site-packages:${PYTHONPATH} /usr/bin/python3 -W ignore:setup.py install is deprecated -W ignore:easy_install command is deprecated setup.py egg_info --egg-base build/mycarrot build --build-base /home/natalia/Documents/STUDING/robotix/modul4/ex02b/mycarrot/build/mycarrot/build install --record /home/natalia/Documents/STUDING/robotix/modul4/ex02b/mycarrot/build/mycarrot/install.log --single-version-externally-managed install_data
[2.294s] running egg_info
[2.303s] writing build/mycarrot/mycarrot.egg-info/PKG-INFO
[2.303s] writing dependency_links to build/mycarrot/mycarrot.egg-info/dependency_links.txt
[2.304s] writing entry points to build/mycarrot/mycarrot.egg-info/entry_points.txt
[2.304s] writing requirements to build/mycarrot/mycarrot.egg-info/requires.txt
[2.304s] writing top-level names to build/mycarrot/mycarrot.egg-info/top_level.txt
[2.325s] reading manifest file 'build/mycarrot/mycarrot.egg-info/SOURCES.txt'
[2.326s] adding license file 'LICENSE'
[2.326s] writing manifest file 'build/mycarrot/mycarrot.egg-info/SOURCES.txt'
[2.326s] running build
[2.326s] running build_py
[2.327s] copying mycarrot/carrot_tf2_broadcaster.py -> /home/natalia/Documents/STUDING/robotix/modul4/ex02b/mycarrot/build/mycarrot/build/lib/mycarrot
[2.327s] copying mycarrot/turtle3_tf2_listener.py -> /home/natalia/Documents/STUDING/robotix/modul4/ex02b/mycarrot/build/mycarrot/build/lib/mycarrot
[2.327s] copying mycarrot/turtle_tf2_broadcaster.py -> /home/natalia/Documents/STUDING/robotix/modul4/ex02b/mycarrot/build/mycarrot/build/lib/mycarrot
[2.327s] running install
[2.332s] running install_lib
[2.343s] copying /home/natalia/Documents/STUDING/robotix/modul4/ex02b/mycarrot/build/mycarrot/build/lib/mycarrot/carrot_tf2_broadcaster.py -> /home/natalia/Documents/STUDING/robotix/modul4/ex02b/mycarrot/install/mycarrot/lib/python3.12/site-packages/mycarrot
[2.343s] copying /home/natalia/Documents/STUDING/robotix/modul4/ex02b/mycarrot/build/mycarrot/build/lib/mycarrot/turtle3_tf2_listener.py -> /home/natalia/Documents/STUDING/robotix/modul4/ex02b/mycarrot/install/mycarrot/lib/python3.12/site-packages/mycarrot
[2.343s] copying /home/natalia/Documents/STUDING/robotix/modul4/ex02b/mycarrot/build/mycarrot/build/lib/mycarrot/turtle_tf2_broadcaster.py -> /home/natalia/Documents/STUDING/robotix/modul4/ex02b/mycarrot/install/mycarrot/lib/python3.12/site-packages/mycarrot
[2.343s] byte-compiling /home/natalia/Documents/STUDING/robotix/modul4/ex02b/mycarrot/install/mycarrot/lib/python3.12/site-packages/mycarrot/carrot_tf2_broadcaster.py to carrot_tf2_broadcaster.cpython-312.pyc
[2.344s] byte-compiling /home/natalia/Documents/STUDING/robotix/modul4/ex02b/mycarrot/install/mycarrot/lib/python3.12/site-packages/mycarrot/turtle3_tf2_listener.py to turtle3_tf2_listener.cpython-312.pyc
[2.345s] byte-compiling /home/natalia/Documents/STUDING/robotix/modul4/ex02b/mycarrot/install/mycarrot/lib/python3.12/site-packages/mycarrot/turtle_tf2_broadcaster.py to turtle_tf2_broadcaster.cpython-312.pyc
[2.345s] running install_data
[2.345s] copying launch/turtle_tf2_launch.py -> /home/natalia/Documents/STUDING/robotix/modul4/ex02b/mycarrot/install/mycarrot/share/mycarrot/launch
[2.346s] running install_egg_info
[2.357s] removing '/home/natalia/Documents/STUDING/robotix/modul4/ex02b/mycarrot/install/mycarrot/lib/python3.12/site-packages/mycarrot-0.0.0-py3.12.egg-info' (and everything under it)
[2.357s] Copying build/mycarrot/mycarrot.egg-info to /home/natalia/Documents/STUDING/robotix/modul4/ex02b/mycarrot/install/mycarrot/lib/python3.12/site-packages/mycarrot-0.0.0-py3.12.egg-info
[2.358s] running install_scripts
[2.428s] Installing carrot_tf2_broadcaster script to /home/natalia/Documents/STUDING/robotix/modul4/ex02b/mycarrot/install/mycarrot/lib/mycarrot
[2.428s] Installing turtle3_tf2_listener script to /home/natalia/Documents/STUDING/robotix/modul4/ex02b/mycarrot/install/mycarrot/lib/mycarrot
[2.428s] Installing turtle_tf2_broadcaster script to /home/natalia/Documents/STUDING/robotix/modul4/ex02b/mycarrot/install/mycarrot/lib/mycarrot
[2.429s] Installing turtle_tf2_listener script to /home/natalia/Documents/STUDING/robotix/modul4/ex02b/mycarrot/install/mycarrot/lib/mycarrot
[2.429s] writing list of installed files to '/home/natalia/Documents/STUDING/robotix/modul4/ex02b/mycarrot/build/mycarrot/install.log'
[2.446s] Invoked command in '/home/natalia/Documents/STUDING/robotix/modul4/ex02b/mycarrot' returned '0': DEBUGINFOD_URLS=https://debuginfod.ubuntu.com PYTHONPATH=/home/natalia/Documents/STUDING/robotix/modul4/ex02b/mycarrot/build/mycarrot/prefix_override:/usr/lib/python3/dist-packages/colcon_core/task/python/colcon_distutils_commands:/home/natalia/Documents/STUDING/robotix/modul4/ex02b/mycarrot/install/mycarrot/lib/python3.12/site-packages:${PYTHONPATH} /usr/bin/python3 -W ignore:setup.py install is deprecated -W ignore:easy_install command is deprecated setup.py egg_info --egg-base build/mycarrot build --build-base /home/natalia/Documents/STUDING/robotix/modul4/ex02b/mycarrot/build/mycarrot/build install --record /home/natalia/Documents/STUDING/robotix/modul4/ex02b/mycarrot/build/mycarrot/install.log --single-version-externally-managed install_data
