running egg_info
creating build/service_full_name/service_full_name.egg-info
writing build/service_full_name/service_full_name.egg-info/PKG-INFO
writing dependency_links to build/service_full_name/service_full_name.egg-info/dependency_links.txt
writing entry points to build/service_full_name/service_full_name.egg-info/entry_points.txt
writing requirements to build/service_full_name/service_full_name.egg-info/requires.txt
writing top-level names to build/service_full_name/service_full_name.egg-info/top_level.txt
writing manifest file 'build/service_full_name/service_full_name.egg-info/SOURCES.txt'
reading manifest file 'build/service_full_name/service_full_name.egg-info/SOURCES.txt'
writing manifest file 'build/service_full_name/service_full_name.egg-info/SOURCES.txt'
running build
running build_py
creating /home/natalia/Documents/STUDING/robotix/modul3/ex01/build/service_full_name/build
creating /home/natalia/Documents/STUDING/robotix/modul3/ex01/build/service_full_name/build/lib
creating /home/natalia/Documents/STUDING/robotix/modul3/ex01/build/service_full_name/build/lib/service_full_name
copying service_full_name/service_node.py -> /home/natalia/Documents/STUDING/robotix/modul3/ex01/build/service_full_name/build/lib/service_full_name
copying service_full_name/__init__.py -> /home/natalia/Documents/STUDING/robotix/modul3/ex01/build/service_full_name/build/lib/service_full_name
copying service_full_name/client_node.py -> /home/natalia/Documents/STUDING/robotix/modul3/ex01/build/service_full_name/build/lib/service_full_name
running install
running install_lib
creating /home/natalia/Documents/STUDING/robotix/modul3/ex01/install/service_full_name/lib/python3.12/site-packages/service_full_name
copying /home/natalia/Documents/STUDING/robotix/modul3/ex01/build/service_full_name/build/lib/service_full_name/service_node.py -> /home/natalia/Documents/STUDING/robotix/modul3/ex01/install/service_full_name/lib/python3.12/site-packages/service_full_name
copying /home/natalia/Documents/STUDING/robotix/modul3/ex01/build/service_full_name/build/lib/service_full_name/__init__.py -> /home/natalia/Documents/STUDING/robotix/modul3/ex01/install/service_full_name/lib/python3.12/site-packages/service_full_name
copying /home/natalia/Documents/STUDING/robotix/modul3/ex01/build/service_full_name/build/lib/service_full_name/client_node.py -> /home/natalia/Documents/STUDING/robotix/modul3/ex01/install/service_full_name/lib/python3.12/site-packages/service_full_name
byte-compiling /home/natalia/Documents/STUDING/robotix/modul3/ex01/install/service_full_name/lib/python3.12/site-packages/service_full_name/service_node.py to service_node.cpython-312.pyc
byte-compiling /home/natalia/Documents/STUDING/robotix/modul3/ex01/install/service_full_name/lib/python3.12/site-packages/service_full_name/__init__.py to __init__.cpython-312.pyc
byte-compiling /home/natalia/Documents/STUDING/robotix/modul3/ex01/install/service_full_name/lib/python3.12/site-packages/service_full_name/client_node.py to client_node.cpython-312.pyc
running install_data
creating /home/natalia/Documents/STUDING/robotix/modul3/ex01/install/service_full_name/share/ament_index
creating /home/natalia/Documents/STUDING/robotix/modul3/ex01/install/service_full_name/share/ament_index/resource_index
creating /home/natalia/Documents/STUDING/robotix/modul3/ex01/install/service_full_name/share/ament_index/resource_index/packages
copying resource/service_full_name -> /home/natalia/Documents/STUDING/robotix/modul3/ex01/install/service_full_name/share/ament_index/resource_index/packages
copying package.xml -> /home/natalia/Documents/STUDING/robotix/modul3/ex01/install/service_full_name/share/service_full_name
running install_egg_info
Copying build/service_full_name/service_full_name.egg-info to /home/natalia/Documents/STUDING/robotix/modul3/ex01/install/service_full_name/lib/python3.12/site-packages/service_full_name-0.0.0-py3.12.egg-info
running install_scripts
Installing client_name script to /home/natalia/Documents/STUDING/robotix/modul3/ex01/install/service_full_name/lib/service_full_name
Installing service_name script to /home/natalia/Documents/STUDING/robotix/modul3/ex01/install/service_full_name/lib/service_full_name
writing list of installed files to '/home/natalia/Documents/STUDING/robotix/modul3/ex01/build/service_full_name/install.log'
