[0.007s] Invoking command in '/home/natalia/Documents/STUDING/robotix/modul6/ex04/build/ros_gz_example_description': CMAKE_PREFIX_PATH=${CMAKE_PREFIX_PATH}:/opt/ros/jazzy DEBUGINFOD_URLS=https://debuginfod.ubuntu.com /usr/bin/cmake /home/natalia/Documents/STUDING/robotix/modul6/ex04/ros_gz_project_template/ros_gz_example_description -DCMAKE_INSTALL_PREFIX=/home/natalia/Documents/STUDING/robotix/modul6/ex04/install/ros_gz_example_description
[0.156s] -- The C compiler identification is GNU 13.3.0
[0.418s] -- The CXX compiler identification is GNU 13.3.0
[0.507s] -- Detecting C compiler ABI info
[0.932s] -- Detecting C compiler ABI info - done
[0.976s] -- Check for working C compiler: /usr/bin/cc - skipped
[0.977s] -- Detecting C compile features
[0.978s] -- Detecting C compile features - done
[1.011s] -- Detecting CXX compiler ABI info
[1.498s] -- Detecting CXX compiler ABI info - done
[1.548s] -- Check for working CXX compiler: /usr/bin/c++ - skipped
[1.550s] -- Detecting CXX compile features
[1.551s] -- Detecting CXX compile features - done
[1.563s] -- Found ament_cmake: 2.5.4 (/opt/ros/jazzy/share/ament_cmake/cmake)
[1.985s] -- Found Python3: /usr/bin/python3 (found version "3.12.3") found components: Interpreter 
[2.123s] -- Found ament_lint_auto: 0.17.3 (/opt/ros/jazzy/share/ament_lint_auto/cmake)
[2.308s] -- Configuring done (2.3s)
[2.309s] -- Generating done (0.0s)
[2.310s] -- Build files have been written to: /home/natalia/Documents/STUDING/robotix/modul6/ex04/build/ros_gz_example_description
[2.315s] Invoked command in '/home/natalia/Documents/STUDING/robotix/modul6/ex04/build/ros_gz_example_description' returned '0': CMAKE_PREFIX_PATH=${CMAKE_PREFIX_PATH}:/opt/ros/jazzy DEBUGINFOD_URLS=https://debuginfod.ubuntu.com /usr/bin/cmake /home/natalia/Documents/STUDING/robotix/modul6/ex04/ros_gz_project_template/ros_gz_example_description -DCMAKE_INSTALL_PREFIX=/home/natalia/Documents/STUDING/robotix/modul6/ex04/install/ros_gz_example_description
[2.316s] Invoking command in '/home/natalia/Documents/STUDING/robotix/modul6/ex04/build/ros_gz_example_description': CMAKE_PREFIX_PATH=${CMAKE_PREFIX_PATH}:/opt/ros/jazzy DEBUGINFOD_URLS=https://debuginfod.ubuntu.com /usr/bin/cmake --build /home/natalia/Documents/STUDING/robotix/modul6/ex04/build/ros_gz_example_description -- -j20 -l20
[2.529s] Invoked command in '/home/natalia/Documents/STUDING/robotix/modul6/ex04/build/ros_gz_example_description' returned '0': CMAKE_PREFIX_PATH=${CMAKE_PREFIX_PATH}:/opt/ros/jazzy DEBUGINFOD_URLS=https://debuginfod.ubuntu.com /usr/bin/cmake --build /home/natalia/Documents/STUDING/robotix/modul6/ex04/build/ros_gz_example_description -- -j20 -l20
[2.536s] Invoking command in '/home/natalia/Documents/STUDING/robotix/modul6/ex04/build/ros_gz_example_description': CMAKE_PREFIX_PATH=${CMAKE_PREFIX_PATH}:/opt/ros/jazzy DEBUGINFOD_URLS=https://debuginfod.ubuntu.com /usr/bin/cmake --install /home/natalia/Documents/STUDING/robotix/modul6/ex04/build/ros_gz_example_description
[2.573s] -- Install configuration: ""
[2.574s] -- Installing: /home/natalia/Documents/STUDING/robotix/modul6/ex04/install/ros_gz_example_description/share/ros_gz_example_description/models
[2.575s] -- Installing: /home/natalia/Documents/STUDING/robotix/modul6/ex04/install/ros_gz_example_description/share/ros_gz_example_description/models/diff_drive
[2.575s] -- Installing: /home/natalia/Documents/STUDING/robotix/modul6/ex04/install/ros_gz_example_description/share/ros_gz_example_description/models/diff_drive/model.config
[2.575s] -- Installing: /home/natalia/Documents/STUDING/robotix/modul6/ex04/install/ros_gz_example_description/share/ros_gz_example_description/models/diff_drive/model.sdf
[2.576s] -- Installing: /home/natalia/Documents/STUDING/robotix/modul6/ex04/install/ros_gz_example_description/share/ros_gz_example_description/models/rrbot
[2.576s] -- Installing: /home/natalia/Documents/STUDING/robotix/modul6/ex04/install/ros_gz_example_description/share/ros_gz_example_description/models/rrbot/model.sdf
[2.577s] -- Installing: /home/natalia/Documents/STUDING/robotix/modul6/ex04/install/ros_gz_example_description/share/ros_gz_example_description/environment/ros_gz_example_description.dsv
[2.578s] -- Installing: /home/natalia/Documents/STUDING/robotix/modul6/ex04/install/ros_gz_example_description/share/ros_gz_example_description/environment/ros_gz_example_description.sh
[2.578s] -- Installing: /home/natalia/Documents/STUDING/robotix/modul6/ex04/install/ros_gz_example_description/share/ament_index/resource_index/package_run_dependencies/ros_gz_example_description
[2.578s] -- Installing: /home/natalia/Documents/STUDING/robotix/modul6/ex04/install/ros_gz_example_description/share/ament_index/resource_index/parent_prefix_path/ros_gz_example_description
[2.578s] -- Installing: /home/natalia/Documents/STUDING/robotix/modul6/ex04/install/ros_gz_example_description/share/ros_gz_example_description/environment/ament_prefix_path.sh
[2.579s] -- Installing: /home/natalia/Documents/STUDING/robotix/modul6/ex04/install/ros_gz_example_description/share/ros_gz_example_description/environment/ament_prefix_path.dsv
[2.579s] -- Installing: /home/natalia/Documents/STUDING/robotix/modul6/ex04/install/ros_gz_example_description/share/ros_gz_example_description/environment/path.sh
[2.579s] -- Installing: /home/natalia/Documents/STUDING/robotix/modul6/ex04/install/ros_gz_example_description/share/ros_gz_example_description/environment/path.dsv
[2.580s] -- Installing: /home/natalia/Documents/STUDING/robotix/modul6/ex04/install/ros_gz_example_description/share/ros_gz_example_description/local_setup.bash
[2.580s] -- Installing: /home/natalia/Documents/STUDING/robotix/modul6/ex04/install/ros_gz_example_description/share/ros_gz_example_description/local_setup.sh
[2.581s] -- Installing: /home/natalia/Documents/STUDING/robotix/modul6/ex04/install/ros_gz_example_description/share/ros_gz_example_description/local_setup.zsh
[2.582s] -- Installing: /home/natalia/Documents/STUDING/robotix/modul6/ex04/install/ros_gz_example_description/share/ros_gz_example_description/local_setup.dsv
[2.582s] -- Installing: /home/natalia/Documents/STUDING/robotix/modul6/ex04/install/ros_gz_example_description/share/ros_gz_example_description/package.dsv
[2.582s] -- Installing: /home/natalia/Documents/STUDING/robotix/modul6/ex04/install/ros_gz_example_description/share/ament_index/resource_index/packages/ros_gz_example_description
[2.583s] -- Installing: /home/natalia/Documents/STUDING/robotix/modul6/ex04/install/ros_gz_example_description/share/ros_gz_example_description/cmake/ros_gz_example_descriptionConfig.cmake
[2.583s] -- Installing: /home/natalia/Documents/STUDING/robotix/modul6/ex04/install/ros_gz_example_description/share/ros_gz_example_description/cmake/ros_gz_example_descriptionConfig-version.cmake
[2.583s] -- Installing: /home/natalia/Documents/STUDING/robotix/modul6/ex04/install/ros_gz_example_description/share/ros_gz_example_description/package.xml
[2.655s] Invoked command in '/home/natalia/Documents/STUDING/robotix/modul6/ex04/build/ros_gz_example_description' returned '0': CMAKE_PREFIX_PATH=${CMAKE_PREFIX_PATH}:/opt/ros/jazzy DEBUGINFOD_URLS=https://debuginfod.ubuntu.com /usr/bin/cmake --install /home/natalia/Documents/STUDING/robotix/modul6/ex04/build/ros_gz_example_description
