[0.755s] Invoking command in '/home/natalia/Documents/STUDING/robotix/modul4/ex02b/mycarrot': DEBUGINFOD_URLS=https://debuginfod.ubuntu.com PYTHONPATH=/home/natalia/Documents/STUDING/robotix/modul4/ex02b/mycarrot/build/mycarrot/prefix_override:/usr/lib/python3/dist-packages/colcon_core/task/python/colcon_distutils_commands:/home/natalia/Documents/STUDING/robotix/modul4/ex02b/mycarrot/install/mycarrot/lib/python3.12/site-packages:${PYTHONPATH} /usr/bin/python3 -W ignore:setup.py install is deprecated -W ignore:easy_install command is deprecated setup.py egg_info --egg-base build/mycarrot build --build-base /home/natalia/Documents/STUDING/robotix/modul4/ex02b/mycarrot/build/mycarrot/build install --record /home/natalia/Documents/STUDING/robotix/modul4/ex02b/mycarrot/build/mycarrot/install.log --single-version-externally-managed install_data
[0.975s] running egg_info
[0.989s] writing build/mycarrot/mycarrot.egg-info/PKG-INFO
[0.989s] writing dependency_links to build/mycarrot/mycarrot.egg-info/dependency_links.txt
[0.990s] writing entry points to build/mycarrot/mycarrot.egg-info/entry_points.txt
[0.990s] writing requirements to build/mycarrot/mycarrot.egg-info/requires.txt
[0.990s] writing top-level names to build/mycarrot/mycarrot.egg-info/top_level.txt
[1.019s] reading manifest file 'build/mycarrot/mycarrot.egg-info/SOURCES.txt'
[1.020s] adding license file 'LICENSE'
[1.020s] writing manifest file 'build/mycarrot/mycarrot.egg-info/SOURCES.txt'
[1.021s] running build
[1.021s] running build_py
[1.021s] copying mycarrot/turtle_controller.py -> /home/natalia/Documents/STUDING/robotix/modul4/ex02b/mycarrot/build/mycarrot/build/lib/mycarrot
[1.021s] running install
[1.026s] running install_lib
[1.039s] copying /home/natalia/Documents/STUDING/robotix/modul4/ex02b/mycarrot/build/mycarrot/build/lib/mycarrot/turtle_controller.py -> /home/natalia/Documents/STUDING/robotix/modul4/ex02b/mycarrot/install/mycarrot/lib/python3.12/site-packages/mycarrot
[1.040s] byte-compiling /home/natalia/Documents/STUDING/robotix/modul4/ex02b/mycarrot/install/mycarrot/lib/python3.12/site-packages/mycarrot/turtle_controller.py to turtle_controller.cpython-312.pyc
[1.042s] running install_data
[1.042s] running install_egg_info
[1.058s] removing '/home/natalia/Documents/STUDING/robotix/modul4/ex02b/mycarrot/install/mycarrot/lib/python3.12/site-packages/mycarrot-0.0.0-py3.12.egg-info' (and everything under it)
[1.058s] Copying build/mycarrot/mycarrot.egg-info to /home/natalia/Documents/STUDING/robotix/modul4/ex02b/mycarrot/install/mycarrot/lib/python3.12/site-packages/mycarrot-0.0.0-py3.12.egg-info
[1.059s] running install_scripts
[1.148s] Installing carrot_tf2_broadcaster script to /home/natalia/Documents/STUDING/robotix/modul4/ex02b/mycarrot/install/mycarrot/lib/mycarrot
[1.148s] Installing keyboard_input script to /home/natalia/Documents/STUDING/robotix/modul4/ex02b/mycarrot/install/mycarrot/lib/mycarrot
[1.149s] Installing static_target_broadcaster script to /home/natalia/Documents/STUDING/robotix/modul4/ex02b/mycarrot/install/mycarrot/lib/mycarrot
[1.149s] Installing target_switcher script to /home/natalia/Documents/STUDING/robotix/modul4/ex02b/mycarrot/install/mycarrot/lib/mycarrot
[1.149s] Installing turtle_controller script to /home/natalia/Documents/STUDING/robotix/modul4/ex02b/mycarrot/install/mycarrot/lib/mycarrot
[1.149s] Installing turtle_spawner script to /home/natalia/Documents/STUDING/robotix/modul4/ex02b/mycarrot/install/mycarrot/lib/mycarrot
[1.149s] Installing turtle_tf2_broadcaster script to /home/natalia/Documents/STUDING/robotix/modul4/ex02b/mycarrot/install/mycarrot/lib/mycarrot
[1.149s] writing list of installed files to '/home/natalia/Documents/STUDING/robotix/modul4/ex02b/mycarrot/build/mycarrot/install.log'
[1.169s] Invoked command in '/home/natalia/Documents/STUDING/robotix/modul4/ex02b/mycarrot' returned '0': DEBUGINFOD_URLS=https://debuginfod.ubuntu.com PYTHONPATH=/home/natalia/Documents/STUDING/robotix/modul4/ex02b/mycarrot/build/mycarrot/prefix_override:/usr/lib/python3/dist-packages/colcon_core/task/python/colcon_distutils_commands:/home/natalia/Documents/STUDING/robotix/modul4/ex02b/mycarrot/install/mycarrot/lib/python3.12/site-packages:${PYTHONPATH} /usr/bin/python3 -W ignore:setup.py install is deprecated -W ignore:easy_install command is deprecated setup.py egg_info --egg-base build/mycarrot build --build-base /home/natalia/Documents/STUDING/robotix/modul4/ex02b/mycarrot/build/mycarrot/build install --record /home/natalia/Documents/STUDING/robotix/modul4/ex02b/mycarrot/build/mycarrot/install.log --single-version-externally-managed install_data
