[0.014s] Invoking command in '/home/natalia/Documents/STUDING/robotix/modul6/ex05/build/robot_description': CMAKE_PREFIX_PATH=${CMAKE_PREFIX_PATH}:/opt/ros/jazzy DEBUGINFOD_URLS=https://debuginfod.ubuntu.com /usr/bin/cmake /home/natalia/Documents/STUDING/robotix/modul6/ex05/robot_description -DCMAKE_INSTALL_PREFIX=/home/natalia/Documents/STUDING/robotix/modul6/ex05/install/robot_description
[0.430s] -- The C compiler identification is GNU 13.3.0
[0.783s] -- The CXX compiler identification is GNU 13.3.0
[0.889s] -- Detecting C compiler ABI info
[1.355s] -- Detecting C compiler ABI info - done
[1.406s] -- Check for working C compiler: /usr/bin/cc - skipped
[1.413s] -- Detecting C compile features
[1.416s] -- Detecting C compile features - done
[1.472s] -- Detecting CXX compiler ABI info
[1.950s] -- Detecting CXX compiler ABI info - done
[1.996s] -- Check for working CXX compiler: /usr/bin/c++ - skipped
[1.997s] -- Detecting CXX compile features
[2.000s] -- Detecting CXX compile features - done
[2.055s] -- Found ament_cmake: 2.5.4 (/opt/ros/jazzy/share/ament_cmake/cmake)
[2.646s] -- Found Python3: /usr/bin/python3 (found version "3.12.3") found components: Interpreter 
[3.077s] -- Found ament_lint_auto: 0.17.3 (/opt/ros/jazzy/share/ament_lint_auto/cmake)
[3.236s] -- Configuring done (3.2s)
[3.241s] -- Generating done (0.0s)
[3.244s] -- Build files have been written to: /home/natalia/Documents/STUDING/robotix/modul6/ex05/build/robot_description
[3.253s] Invoked command in '/home/natalia/Documents/STUDING/robotix/modul6/ex05/build/robot_description' returned '0': CMAKE_PREFIX_PATH=${CMAKE_PREFIX_PATH}:/opt/ros/jazzy DEBUGINFOD_URLS=https://debuginfod.ubuntu.com /usr/bin/cmake /home/natalia/Documents/STUDING/robotix/modul6/ex05/robot_description -DCMAKE_INSTALL_PREFIX=/home/natalia/Documents/STUDING/robotix/modul6/ex05/install/robot_description
[3.256s] Invoking command in '/home/natalia/Documents/STUDING/robotix/modul6/ex05/build/robot_description': CMAKE_PREFIX_PATH=${CMAKE_PREFIX_PATH}:/opt/ros/jazzy DEBUGINFOD_URLS=https://debuginfod.ubuntu.com /usr/bin/cmake --build /home/natalia/Documents/STUDING/robotix/modul6/ex05/build/robot_description -- -j20 -l20
[3.450s] Invoked command in '/home/natalia/Documents/STUDING/robotix/modul6/ex05/build/robot_description' returned '0': CMAKE_PREFIX_PATH=${CMAKE_PREFIX_PATH}:/opt/ros/jazzy DEBUGINFOD_URLS=https://debuginfod.ubuntu.com /usr/bin/cmake --build /home/natalia/Documents/STUDING/robotix/modul6/ex05/build/robot_description -- -j20 -l20
[3.455s] Invoking command in '/home/natalia/Documents/STUDING/robotix/modul6/ex05/build/robot_description': CMAKE_PREFIX_PATH=${CMAKE_PREFIX_PATH}:/opt/ros/jazzy DEBUGINFOD_URLS=https://debuginfod.ubuntu.com /usr/bin/cmake --install /home/natalia/Documents/STUDING/robotix/modul6/ex05/build/robot_description
[3.500s] -- Install configuration: ""
[3.501s] -- Installing: /home/natalia/Documents/STUDING/robotix/modul6/ex05/install/robot_description/share/robot_description//urdf
[3.502s] -- Installing: /home/natalia/Documents/STUDING/robotix/modul6/ex05/install/robot_description/share/robot_description//urdf/lidar.urdf.xacro
[3.508s] -- Installing: /home/natalia/Documents/STUDING/robotix/modul6/ex05/install/robot_description/share/robot_description//urdf/robot.urdf.xacro
[3.508s] -- Installing: /home/natalia/Documents/STUDING/robotix/modul6/ex05/install/robot_description/share/robot_description//urdf/depth.urdf.xacro
[3.508s] -- Installing: /home/natalia/Documents/STUDING/robotix/modul6/ex05/install/robot_description/share/robot_description//urdf/gazebo.urdf.xacro
[3.509s] -- Installing: /home/natalia/Documents/STUDING/robotix/modul6/ex05/install/robot_description/share/robot_description//urdf/d455.stl
[3.511s] -- Installing: /home/natalia/Documents/STUDING/robotix/modul6/ex05/install/robot_description/share/ament_index/resource_index/package_run_dependencies/robot_description
[3.512s] -- Installing: /home/natalia/Documents/STUDING/robotix/modul6/ex05/install/robot_description/share/ament_index/resource_index/parent_prefix_path/robot_description
[3.512s] -- Installing: /home/natalia/Documents/STUDING/robotix/modul6/ex05/install/robot_description/share/robot_description/environment/ament_prefix_path.sh
[3.513s] -- Installing: /home/natalia/Documents/STUDING/robotix/modul6/ex05/install/robot_description/share/robot_description/environment/ament_prefix_path.dsv
[3.513s] -- Installing: /home/natalia/Documents/STUDING/robotix/modul6/ex05/install/robot_description/share/robot_description/environment/path.sh
[3.513s] -- Installing: /home/natalia/Documents/STUDING/robotix/modul6/ex05/install/robot_description/share/robot_description/environment/path.dsv
[3.514s] -- Installing: /home/natalia/Documents/STUDING/robotix/modul6/ex05/install/robot_description/share/robot_description/local_setup.bash
[3.514s] -- Installing: /home/natalia/Documents/STUDING/robotix/modul6/ex05/install/robot_description/share/robot_description/local_setup.sh
[3.514s] -- Installing: /home/natalia/Documents/STUDING/robotix/modul6/ex05/install/robot_description/share/robot_description/local_setup.zsh
[3.516s] -- Installing: /home/natalia/Documents/STUDING/robotix/modul6/ex05/install/robot_description/share/robot_description/local_setup.dsv
[3.516s] -- Installing: /home/natalia/Documents/STUDING/robotix/modul6/ex05/install/robot_description/share/robot_description/package.dsv
[3.517s] -- Installing: /home/natalia/Documents/STUDING/robotix/modul6/ex05/install/robot_description/share/ament_index/resource_index/packages/robot_description
[3.517s] -- Installing: /home/natalia/Documents/STUDING/robotix/modul6/ex05/install/robot_description/share/robot_description/cmake/robot_descriptionConfig.cmake
[3.517s] -- Installing: /home/natalia/Documents/STUDING/robotix/modul6/ex05/install/robot_description/share/robot_description/cmake/robot_descriptionConfig-version.cmake
[3.517s] -- Installing: /home/natalia/Documents/STUDING/robotix/modul6/ex05/install/robot_description/share/robot_description/package.xml
[3.609s] Invoked command in '/home/natalia/Documents/STUDING/robotix/modul6/ex05/build/robot_description' returned '0': CMAKE_PREFIX_PATH=${CMAKE_PREFIX_PATH}:/opt/ros/jazzy DEBUGINFOD_URLS=https://debuginfod.ubuntu.com /usr/bin/cmake --install /home/natalia/Documents/STUDING/robotix/modul6/ex05/build/robot_description
