[0.042s] Invoking command in '/home/natalia/Documents/STUDING/robotix/modul5/ex0302/build/ros_gz_example_gazebo': CMAKE_PREFIX_PATH=/home/natalia/Documents/STUDING/robotix/modul5/ex0302/install/ros_gz_example_description:/home/natalia/Documents/STUDING/robotix/modul5/ex0302/install/ros_gz_example_bringup:/home/natalia/Documents/STUDING/robotix/modul5/ex0302/install/ros_gz_example_gazebo:/home/natalia/Documents/STUDING/robotix/modul5/ex0302/install/ros_gz_example_application:/opt/ros/jazzy/opt/gz_sim_vendor:/opt/ros/jazzy/opt/gz_sensors_vendor:/opt/ros/jazzy/opt/gz_physics_vendor:/opt/ros/jazzy/opt/sdformat_vendor:/opt/ros/jazzy/opt/gz_gui_vendor:/opt/ros/jazzy/opt/gz_transport_vendor:/opt/ros/jazzy/opt/gz_rendering_vendor:/opt/ros/jazzy/opt/gz_plugin_vendor:/opt/ros/jazzy/opt/gz_fuel_tools_vendor:/opt/ros/jazzy/opt/gz_msgs_vendor:/opt/ros/jazzy/opt/gz_common_vendor:/opt/ros/jazzy/opt/gz_math_vendor:/opt/ros/jazzy/opt/gz_utils_vendor:/opt/ros/jazzy/opt/gz_tools_vendor:/opt/ros/jazzy/opt/gz_ogre_next_vendor:/opt/ros/jazzy/opt/gz_dartsim_vendor:/opt/ros/jazzy/opt/gz_cmake_vendor:/opt/ros/jazzy DEBUGINFOD_URLS=https://debuginfod.ubuntu.com GZ_SIM_RESOURCE_PATH=/home/natalia/Documents/STUDING/robotix/modul5/ex0302/install/ros_gz_example_description/share/ros_gz_example_description/models:${GZ_SIM_RESOURCE_PATH} /usr/bin/cmake /home/natalia/Documents/STUDING/robotix/modul5/ex0302/ros_gz_project_template/ros_gz_example_gazebo -DBUILD_TESTING=ON -DCMAKE_INSTALL_PREFIX=/home/natalia/Documents/STUDING/robotix/modul5/ex0302/install/ros_gz_example_gazebo
[0.325s] -- The C compiler identification is GNU 13.3.0
[0.622s] -- The CXX compiler identification is GNU 13.3.0
[0.710s] -- Detecting C compiler ABI info
[1.146s] -- Detecting C compiler ABI info - done
[1.200s] -- Check for working C compiler: /usr/bin/cc - skipped
[1.201s] -- Detecting C compile features
[1.203s] -- Detecting C compile features - done
[1.254s] -- Detecting CXX compiler ABI info
[1.759s] -- Detecting CXX compiler ABI info - done
[1.810s] -- Check for working CXX compiler: /usr/bin/c++ - skipped
[1.811s] -- Detecting CXX compile features
[1.814s] -- Detecting CXX compile features - done
[1.831s] -- Found ament_cmake: 2.5.4 (/opt/ros/jazzy/share/ament_cmake/cmake)
[2.563s] -- Found Python3: /usr/bin/python3 (found version "3.12.3") found components: Interpreter 
[2.972s] -- Found ros_gz_example_description: 0.0.0 (/home/natalia/Documents/STUDING/robotix/modul5/ex0302/install/ros_gz_example_description/share/ros_gz_example_description/cmake)
[3.005s] -- Looking for gz-plugin2 -- found version 2.0.4
[3.008s] -- Searching for dependencies of gz-plugin2
[3.017s] -- Looking for gz-utils2 -- found version 2.2.1
[3.017s] -- Searching for dependencies of gz-utils2
[3.021s] -- Searching for <gz-utils2> component [cli]
[3.030s] -- Looking for gz-utils2-cli -- found version 2.2.1
[3.031s] -- Searching for dependencies of gz-utils2-cli
[3.035s] -- Searching for <gz-plugin2> component [register]
[3.043s] -- Looking for gz-plugin2-register -- found version 2.0.4
[3.043s] -- Searching for dependencies of gz-plugin2-register
[3.055s] -- Looking for gz-common5 -- found version 5.7.1
[3.055s] -- Searching for dependencies of gz-common5
[3.057s] -- Looking for gz-utils2 -- found version 2.2.1
[3.060s] -- Looking for dlfcn.h - found
[3.092s] -- Looking for libdl - found
[3.096s] -- Found DL: TRUE  
[3.117s] -- Checking for module 'uuid'
[3.190s] --   Found uuid, version 2.39.3
[3.370s] -- Found UUID: TRUE  
[3.382s] -- Searching for <gz-common5> component [profiler]
[3.390s] -- Looking for gz-common5-profiler -- found version 5.7.1
[3.391s] -- Searching for dependencies of gz-common5-profiler
[3.400s] -- Looking for gz-sim8 -- found version 8.10.0
[3.401s] -- Searching for dependencies of gz-sim8
[3.407s] -- Looking for sdformat14 -- found version 14.8.0
[3.407s] -- Searching for dependencies of sdformat14
[3.435s] -- Checking for module 'tinyxml2'
[3.507s] --   Found tinyxml2, version 10.0.0
[3.683s] -- Looking for gz-math7 -- found version 7.5.2
[3.685s] -- Searching for dependencies of gz-math7
[3.687s] -- Looking for gz-utils2 -- found version 2.2.1
[3.701s] -- Looking for gz-utils2 -- found version 2.2.1
[3.707s] -- Looking for gz-plugin2 -- found version 2.0.4
[3.708s] -- Searching for dependencies of gz-plugin2
[3.711s] -- Looking for gz-utils2 -- found version 2.2.1
[3.712s] -- Searching for <gz-plugin2> component [loader]
[3.720s] -- Looking for gz-plugin2-loader -- found version 2.0.4
[3.721s] -- Searching for dependencies of gz-plugin2-loader
[3.724s] -- Searching for <gz-plugin2> component [register]
[3.732s] -- Looking for gz-transport13 -- found version 13.5.0
[3.733s] -- Searching for dependencies of gz-transport13
[4.324s] -- Found Protobuf: /usr/lib/x86_64-linux-gnu/libprotobuf.so (found version "3.21.12") 
[4.384s] -- Config-file not installed for ZeroMQ -- checking for pkg-config
[4.407s] -- Checking for module 'libzmq >= 4'
[4.490s] --   Found libzmq, version 4.3.5
[4.707s] -- Found ZeroMQ: TRUE (Required is at least version "4") 
[4.750s] -- Looking for gz-utils2 -- found version 2.2.1
[4.758s] -- Looking for gz-msgs10 -- found version 10.3.2
[4.759s] -- Searching for dependencies of gz-msgs10
[4.865s] -- Looking for gz-utils2 -- found version 2.2.1
[4.867s] -- Looking for gz-math7 -- found version 7.5.2
[4.913s] -- Searching for <gz-transport13> component [log]
[4.920s] -- Looking for gz-transport13-log -- found version 13.5.0
[4.921s] -- Searching for dependencies of gz-transport13-log
[4.924s] -- Searching for <gz-transport13> component [parameters]
[4.930s] -- Looking for gz-transport13-parameters -- found version 13.5.0
[4.932s] -- Searching for dependencies of gz-transport13-parameters
[4.936s] -- Looking for gz-msgs10 -- found version 10.3.2
[4.939s] -- Looking for gz-common5 -- found version 5.7.1
[4.940s] -- Searching for dependencies of gz-common5
[4.941s] -- Looking for gz-utils2 -- found version 2.2.1
[4.942s] -- Looking for dlfcn.h - found
[4.943s] -- Looking for libdl - found
[4.986s] -- Searching for <gz-common5> component [av]
[4.995s] -- Looking for gz-common5-av -- found version 5.7.1
[4.995s] -- Searching for dependencies of gz-common5-av
[5.027s] -- Checking for module 'libswscale'
[5.112s] --   Found libswscale, version 7.5.100
[5.300s] -- Found SWSCALE: TRUE  
[5.327s] -- Checking for module 'libavdevice >= 56.4.100'
[5.406s] --   Found libavdevice, version 60.3.100
[5.654s] -- Found AVDEVICE: TRUE (Required is at least version "56.4.100") 
[5.678s] -- Checking for module 'libavformat'
[5.763s] --   Found libavformat, version 60.16.100
[5.959s] -- Found AVFORMAT: TRUE  
[5.984s] -- Checking for module 'libavcodec'
[6.065s] --   Found libavcodec, version 60.31.102
[6.255s] -- Found AVCODEC: TRUE  
[6.279s] -- Checking for module 'libavutil'
[6.358s] --   Found libavutil, version 58.29.100
[6.534s] -- Found AVUTIL: TRUE  
[6.546s] -- Searching for <gz-common5> component [events]
[6.554s] -- Looking for gz-common5-events -- found version 5.7.1
[6.556s] -- Searching for dependencies of gz-common5-events
[6.556s] -- Looking for gz-math7 -- found version 7.5.2
[6.559s] -- Searching for <gz-common5> component [graphics]
[6.568s] -- Looking for gz-common5-graphics -- found version 5.7.1
[6.569s] -- Searching for dependencies of gz-common5-graphics
[6.571s] -- Looking for gz-math7 -- found version 7.5.2
[6.599s] -- Found GzAssimp: TRUE (found version "5.3.0") 
[6.604s] -- Searching for <gz-common5> component [io]
[6.613s] -- Looking for gz-common5-io -- found version 5.7.1
[6.614s] -- Searching for dependencies of gz-common5-io
[6.618s] -- Searching for <gz-common5> component [profiler]
[6.626s] -- Looking for gz-fuel_tools9 -- found version 9.1.1
[6.627s] -- Searching for dependencies of gz-fuel_tools9
[7.065s] -- Found CURL: /usr/lib/x86_64-linux-gnu/libcurl.so (found version "8.5.0")  
[7.117s] -- Checking for module 'jsoncpp'
[7.198s] --   Found jsoncpp, version 1.9.5
[7.380s] -- Found JSONCPP: TRUE  
[7.467s] -- Checking for module 'yaml-0.1'
[7.541s] --   Found yaml-0.1, version 0.2.5
[7.713s] -- Found YAML: TRUE  
[7.739s] -- Checking for module 'libzip'
[7.817s] --   Found libzip, version 1.7.3
[8.011s] -- Found ZIP: TRUE  
[8.013s] -- Looking for gz-utils2 -- found version 2.2.1
[8.015s] -- Looking for gz-common5 -- found version 5.7.1
[8.017s] -- Searching for dependencies of gz-common5
[8.018s] -- Looking for gz-utils2 -- found version 2.2.1
[8.019s] -- Looking for dlfcn.h - found
[8.019s] -- Looking for libdl - found
[8.057s] -- Searching for <gz-common5> component [testing]
[8.066s] -- Looking for gz-common5-testing -- found version 5.7.1
[8.067s] -- Searching for dependencies of gz-common5-testing
[8.081s] -- Looking for gz-math7 -- found version 7.5.2
[8.083s] -- Looking for gz-msgs10 -- found version 10.3.2
[8.092s] -- Looking for gz-gui8 -- found version 8.4.0
[8.094s] -- Searching for dependencies of gz-gui8
[8.214s] -- Looking for gz-utils2 -- found version 2.2.1
[8.216s] -- Looking for gz-math7 -- found version 7.5.2
[8.218s] -- Looking for gz-common5 -- found version 5.7.1
[8.221s] -- Looking for gz-plugin2 -- found version 2.0.4
[8.224s] -- Looking for gz-transport13 -- found version 13.5.0
[8.231s] -- Looking for gz-rendering8 -- found version 8.2.2
[8.231s] -- Searching for dependencies of gz-rendering8
[8.234s] -- Looking for gz-math7 -- found version 7.5.2
[8.234s] -- Searching for dependencies of gz-math7
[8.237s] -- Looking for gz-utils2 -- found version 2.2.1
[8.238s] -- Searching for <gz-math7> component [eigen3]
[8.246s] -- Looking for gz-math7-eigen3 -- found version 7.5.2
[8.247s] -- Searching for dependencies of gz-math7-eigen3
[8.304s] -- Looking for gz-common5 -- found version 5.7.1
[8.304s] -- Searching for dependencies of gz-common5
[8.306s] -- Looking for gz-utils2 -- found version 2.2.1
[8.307s] -- Looking for dlfcn.h - found
[8.307s] -- Looking for libdl - found
[8.348s] -- Searching for <gz-common5> component [graphics]
[8.348s] -- Searching for <gz-common5> component [events]
[8.349s] -- Searching for <gz-common5> component [geospatial]
[8.357s] -- Looking for gz-common5-geospatial -- found version 5.7.1
[8.358s] -- Searching for dependencies of gz-common5-geospatial
[8.360s] -- Looking for gz-math7 -- found version 7.5.2
[8.362s] -- Looking for gz-common5 -- found version 5.7.1
[8.368s] -- Looking for gz-plugin2 -- found version 2.0.4
[8.369s] -- Searching for dependencies of gz-plugin2
[8.370s] -- Looking for gz-utils2 -- found version 2.2.1
[8.371s] -- Searching for <gz-plugin2> component [all]
[8.378s] -- Looking for all libraries of gz-plugin2 -- found version 2.0.4
[8.381s] -- Looking for gz-plugin2 -- found version 2.0.4
[8.387s] -- Looking for gz-utils2 -- found version 2.2.1
[8.416s] -- Found OpenGL: /usr/lib/x86_64-linux-gnu/libOpenGL.so  found components: OpenGL 
[8.419s] -- Looking for gz-msgs10 -- found version 10.3.2
[8.457s] -- Looking for gz-physics7 -- found version 7.6.0
[8.458s] -- Searching for dependencies of gz-physics7
[8.458s] -- Looking for gz-common5 -- found version 5.7.1
[8.459s] -- Looking for gz-math7 -- found version 7.5.2
[8.460s] -- Looking for gz-plugin2 -- found version 2.0.4
[8.460s] -- Looking for gz-utils2 -- found version 2.2.1
[8.462s] -- Searching for <gz-physics7> component [heightmap]
[8.463s] -- Looking for gz-physics7-heightmap -- found version 7.6.0
[8.464s] -- Searching for dependencies of gz-physics7-heightmap
[8.464s] -- Looking for gz-common5 -- found version 5.7.1
[8.465s] -- Searching for <gz-physics7> component [mesh]
[8.466s] -- Looking for gz-physics7-mesh -- found version 7.6.0
[8.466s] -- Searching for dependencies of gz-physics7-mesh
[8.467s] -- Looking for gz-common5 -- found version 5.7.1
[8.468s] -- Searching for <gz-physics7> component [sdf]
[8.469s] -- Looking for gz-physics7-sdf -- found version 7.6.0
[8.469s] -- Searching for dependencies of gz-physics7-sdf
[8.469s] -- Looking for sdformat14 -- found version 14.8.0
[8.471s] -- Looking for gz-sensors8 -- found version 8.2.2
[8.472s] -- Searching for dependencies of gz-sensors8
[8.489s] -- Looking for gz-math7 -- found version 7.5.2
[8.489s] -- Looking for gz-common5 -- found version 5.7.1
[8.489s] -- Looking for gz-transport13 -- found version 13.5.0
[8.490s] -- Looking for gz-rendering8 -- found version 8.2.2
[8.490s] -- Looking for gz-msgs10 -- found version 10.3.2
[8.490s] -- Looking for sdformat14 -- found version 14.8.0
[8.491s] -- Searching for <gz-sensors8> component [air_pressure]
[8.493s] -- Looking for gz-sensors8-air_pressure -- found version 8.2.2
[8.493s] -- Searching for dependencies of gz-sensors8-air_pressure
[8.494s] -- Searching for <gz-sensors8> component [air_speed]
[8.496s] -- Looking for gz-sensors8-air_speed -- found version 8.2.2
[8.496s] -- Searching for dependencies of gz-sensors8-air_speed
[8.497s] -- Searching for <gz-sensors8> component [altimeter]
[8.500s] -- Looking for gz-sensors8-altimeter -- found version 8.2.2
[8.500s] -- Searching for dependencies of gz-sensors8-altimeter
[8.501s] -- Searching for <gz-sensors8> component [imu]
[8.503s] -- Looking for gz-sensors8-imu -- found version 8.2.2
[8.504s] -- Searching for dependencies of gz-sensors8-imu
[8.505s] -- Searching for <gz-sensors8> component [force_torque]
[8.507s] -- Looking for gz-sensors8-force_torque -- found version 8.2.2
[8.507s] -- Searching for dependencies of gz-sensors8-force_torque
[8.509s] -- Searching for <gz-sensors8> component [logical_camera]
[8.511s] -- Looking for gz-sensors8-logical_camera -- found version 8.2.2
[8.512s] -- Searching for dependencies of gz-sensors8-logical_camera
[8.513s] -- Searching for <gz-sensors8> component [magnetometer]
[8.517s] -- Looking for gz-sensors8-magnetometer -- found version 8.2.2
[8.518s] -- Searching for dependencies of gz-sensors8-magnetometer
[8.521s] -- Searching for <gz-sensors8> component [navsat]
[8.530s] -- Looking for gz-sensors8-navsat -- found version 8.2.2
[8.531s] -- Searching for dependencies of gz-sensors8-navsat
[8.534s] -- Searching for <gz-sensors8> component [dvl]
[8.539s] -- Looking for gz-sensors8-dvl -- found version 8.2.2
[8.540s] -- Searching for dependencies of gz-sensors8-dvl
[8.542s] -- Looking for gz-sensors8 -- found version 8.2.2
[8.543s] -- Searching for dependencies of gz-sensors8
[8.620s] -- Looking for gz-math7 -- found version 7.5.2
[8.622s] -- Looking for gz-common5 -- found version 5.7.1
[8.624s] -- Looking for gz-transport13 -- found version 13.5.0
[8.627s] -- Looking for gz-rendering8 -- found version 8.2.2
[8.629s] -- Looking for gz-msgs10 -- found version 10.3.2
[8.631s] -- Looking for sdformat14 -- found version 14.8.0
[8.632s] -- Searching for <gz-sensors8> component [rendering]
[8.637s] -- Looking for gz-sensors8-rendering -- found version 8.2.2
[8.638s] -- Searching for dependencies of gz-sensors8-rendering
[8.646s] -- Searching for <gz-sensors8> component [rendering]
[8.647s] -- Searching for <gz-sensors8> component [lidar]
[8.653s] -- Looking for gz-sensors8-lidar -- found version 8.2.2
[8.654s] -- Searching for dependencies of gz-sensors8-lidar
[8.656s] -- Looking for gz-sensors8 -- found version 8.2.2
[8.659s] -- Searching for <gz-sensors8> component [gpu_lidar]
[8.665s] -- Looking for gz-sensors8-gpu_lidar -- found version 8.2.2
[8.666s] -- Searching for dependencies of gz-sensors8-gpu_lidar
[8.668s] -- Looking for gz-sensors8 -- found version 8.2.2
[8.671s] -- Searching for <gz-sensors8> component [camera]
[8.676s] -- Looking for gz-sensors8-camera -- found version 8.2.2
[8.677s] -- Searching for dependencies of gz-sensors8-camera
[8.679s] -- Looking for gz-sensors8 -- found version 8.2.2
[8.683s] -- Searching for <gz-sensors8> component [boundingbox_camera]
[8.688s] -- Looking for gz-sensors8-boundingbox_camera -- found version 8.2.2
[8.689s] -- Searching for dependencies of gz-sensors8-boundingbox_camera
[8.692s] -- Searching for <gz-sensors8> component [segmentation_camera]
[8.697s] -- Looking for gz-sensors8-segmentation_camera -- found version 8.2.2
[8.698s] -- Searching for dependencies of gz-sensors8-segmentation_camera
[8.701s] -- Searching for <gz-sensors8> component [depth_camera]
[8.706s] -- Looking for gz-sensors8-depth_camera -- found version 8.2.2
[8.707s] -- Searching for dependencies of gz-sensors8-depth_camera
[8.709s] -- Looking for gz-sensors8 -- found version 8.2.2
[8.713s] -- Searching for <gz-sensors8> component [rgbd_camera]
[8.720s] -- Looking for gz-sensors8-rgbd_camera -- found version 8.2.2
[8.721s] -- Searching for dependencies of gz-sensors8-rgbd_camera
[8.724s] -- Looking for gz-sensors8 -- found version 8.2.2
[8.728s] -- Searching for <gz-sensors8> component [thermal_camera]
[8.734s] -- Looking for gz-sensors8-thermal_camera -- found version 8.2.2
[8.735s] -- Searching for dependencies of gz-sensors8-thermal_camera
[8.738s] -- Looking for gz-sensors8 -- found version 8.2.2
[8.742s] -- Searching for <gz-sensors8> component [wide_angle_camera]
[8.747s] -- Looking for gz-sensors8-wide_angle_camera -- found version 8.2.2
[8.748s] -- Searching for dependencies of gz-sensors8-wide_angle_camera
[8.754s] -- Looking for gz-rendering8 -- found version 8.2.2
[8.756s] -- Looking for gz-math7 -- found version 7.5.2
[8.757s] -- Looking for gz-utils2 -- found version 2.2.1
[8.855s] -- Compiling against Gazebo Garden
[8.870s] -- Found ament_lint_auto: 0.17.3 (/opt/ros/jazzy/share/ament_lint_auto/cmake)
[9.158s] -- Configuring done (9.1s)
[9.179s] -- Generating done (0.0s)
[9.184s] -- Build files have been written to: /home/natalia/Documents/STUDING/robotix/modul5/ex0302/build/ros_gz_example_gazebo
[9.195s] Invoked command in '/home/natalia/Documents/STUDING/robotix/modul5/ex0302/build/ros_gz_example_gazebo' returned '0': CMAKE_PREFIX_PATH=/home/natalia/Documents/STUDING/robotix/modul5/ex0302/install/ros_gz_example_description:/home/natalia/Documents/STUDING/robotix/modul5/ex0302/install/ros_gz_example_bringup:/home/natalia/Documents/STUDING/robotix/modul5/ex0302/install/ros_gz_example_gazebo:/home/natalia/Documents/STUDING/robotix/modul5/ex0302/install/ros_gz_example_application:/opt/ros/jazzy/opt/gz_sim_vendor:/opt/ros/jazzy/opt/gz_sensors_vendor:/opt/ros/jazzy/opt/gz_physics_vendor:/opt/ros/jazzy/opt/sdformat_vendor:/opt/ros/jazzy/opt/gz_gui_vendor:/opt/ros/jazzy/opt/gz_transport_vendor:/opt/ros/jazzy/opt/gz_rendering_vendor:/opt/ros/jazzy/opt/gz_plugin_vendor:/opt/ros/jazzy/opt/gz_fuel_tools_vendor:/opt/ros/jazzy/opt/gz_msgs_vendor:/opt/ros/jazzy/opt/gz_common_vendor:/opt/ros/jazzy/opt/gz_math_vendor:/opt/ros/jazzy/opt/gz_utils_vendor:/opt/ros/jazzy/opt/gz_tools_vendor:/opt/ros/jazzy/opt/gz_ogre_next_vendor:/opt/ros/jazzy/opt/gz_dartsim_vendor:/opt/ros/jazzy/opt/gz_cmake_vendor:/opt/ros/jazzy DEBUGINFOD_URLS=https://debuginfod.ubuntu.com GZ_SIM_RESOURCE_PATH=/home/natalia/Documents/STUDING/robotix/modul5/ex0302/install/ros_gz_example_description/share/ros_gz_example_description/models:${GZ_SIM_RESOURCE_PATH} /usr/bin/cmake /home/natalia/Documents/STUDING/robotix/modul5/ex0302/ros_gz_project_template/ros_gz_example_gazebo -DBUILD_TESTING=ON -DCMAKE_INSTALL_PREFIX=/home/natalia/Documents/STUDING/robotix/modul5/ex0302/install/ros_gz_example_gazebo
[9.196s] Invoking command in '/home/natalia/Documents/STUDING/robotix/modul5/ex0302/build/ros_gz_example_gazebo': CMAKE_PREFIX_PATH=/home/natalia/Documents/STUDING/robotix/modul5/ex0302/install/ros_gz_example_description:/home/natalia/Documents/STUDING/robotix/modul5/ex0302/install/ros_gz_example_bringup:/home/natalia/Documents/STUDING/robotix/modul5/ex0302/install/ros_gz_example_gazebo:/home/natalia/Documents/STUDING/robotix/modul5/ex0302/install/ros_gz_example_application:/opt/ros/jazzy/opt/gz_sim_vendor:/opt/ros/jazzy/opt/gz_sensors_vendor:/opt/ros/jazzy/opt/gz_physics_vendor:/opt/ros/jazzy/opt/sdformat_vendor:/opt/ros/jazzy/opt/gz_gui_vendor:/opt/ros/jazzy/opt/gz_transport_vendor:/opt/ros/jazzy/opt/gz_rendering_vendor:/opt/ros/jazzy/opt/gz_plugin_vendor:/opt/ros/jazzy/opt/gz_fuel_tools_vendor:/opt/ros/jazzy/opt/gz_msgs_vendor:/opt/ros/jazzy/opt/gz_common_vendor:/opt/ros/jazzy/opt/gz_math_vendor:/opt/ros/jazzy/opt/gz_utils_vendor:/opt/ros/jazzy/opt/gz_tools_vendor:/opt/ros/jazzy/opt/gz_ogre_next_vendor:/opt/ros/jazzy/opt/gz_dartsim_vendor:/opt/ros/jazzy/opt/gz_cmake_vendor:/opt/ros/jazzy DEBUGINFOD_URLS=https://debuginfod.ubuntu.com GZ_SIM_RESOURCE_PATH=/home/natalia/Documents/STUDING/robotix/modul5/ex0302/install/ros_gz_example_description/share/ros_gz_example_description/models:${GZ_SIM_RESOURCE_PATH} /usr/bin/cmake --build /home/natalia/Documents/STUDING/robotix/modul5/ex0302/build/ros_gz_example_gazebo -- -j20 -l20
[9.426s] [ 25%] [32mBuilding CXX object CMakeFiles/FullSystem.dir/src/FullSystem.cc.o[0m
[9.429s] [ 50%] [32mBuilding CXX object CMakeFiles/BasicSystem.dir/src/BasicSystem.cc.o[0m
[10.665s] [ 75%] [32m[1mLinking CXX shared library libBasicSystem.so[0m
[10.808s] [100%] [32m[1mLinking CXX shared library libFullSystem.so[0m
[10.979s] [100%] Built target BasicSystem
[11.083s] [100%] Built target FullSystem
[11.120s] Invoked command in '/home/natalia/Documents/STUDING/robotix/modul5/ex0302/build/ros_gz_example_gazebo' returned '0': CMAKE_PREFIX_PATH=/home/natalia/Documents/STUDING/robotix/modul5/ex0302/install/ros_gz_example_description:/home/natalia/Documents/STUDING/robotix/modul5/ex0302/install/ros_gz_example_bringup:/home/natalia/Documents/STUDING/robotix/modul5/ex0302/install/ros_gz_example_gazebo:/home/natalia/Documents/STUDING/robotix/modul5/ex0302/install/ros_gz_example_application:/opt/ros/jazzy/opt/gz_sim_vendor:/opt/ros/jazzy/opt/gz_sensors_vendor:/opt/ros/jazzy/opt/gz_physics_vendor:/opt/ros/jazzy/opt/sdformat_vendor:/opt/ros/jazzy/opt/gz_gui_vendor:/opt/ros/jazzy/opt/gz_transport_vendor:/opt/ros/jazzy/opt/gz_rendering_vendor:/opt/ros/jazzy/opt/gz_plugin_vendor:/opt/ros/jazzy/opt/gz_fuel_tools_vendor:/opt/ros/jazzy/opt/gz_msgs_vendor:/opt/ros/jazzy/opt/gz_common_vendor:/opt/ros/jazzy/opt/gz_math_vendor:/opt/ros/jazzy/opt/gz_utils_vendor:/opt/ros/jazzy/opt/gz_tools_vendor:/opt/ros/jazzy/opt/gz_ogre_next_vendor:/opt/ros/jazzy/opt/gz_dartsim_vendor:/opt/ros/jazzy/opt/gz_cmake_vendor:/opt/ros/jazzy DEBUGINFOD_URLS=https://debuginfod.ubuntu.com GZ_SIM_RESOURCE_PATH=/home/natalia/Documents/STUDING/robotix/modul5/ex0302/install/ros_gz_example_description/share/ros_gz_example_description/models:${GZ_SIM_RESOURCE_PATH} /usr/bin/cmake --build /home/natalia/Documents/STUDING/robotix/modul5/ex0302/build/ros_gz_example_gazebo -- -j20 -l20
[11.128s] Invoking command in '/home/natalia/Documents/STUDING/robotix/modul5/ex0302/build/ros_gz_example_gazebo': CMAKE_PREFIX_PATH=/home/natalia/Documents/STUDING/robotix/modul5/ex0302/install/ros_gz_example_description:/home/natalia/Documents/STUDING/robotix/modul5/ex0302/install/ros_gz_example_bringup:/home/natalia/Documents/STUDING/robotix/modul5/ex0302/install/ros_gz_example_gazebo:/home/natalia/Documents/STUDING/robotix/modul5/ex0302/install/ros_gz_example_application:/opt/ros/jazzy/opt/gz_sim_vendor:/opt/ros/jazzy/opt/gz_sensors_vendor:/opt/ros/jazzy/opt/gz_physics_vendor:/opt/ros/jazzy/opt/sdformat_vendor:/opt/ros/jazzy/opt/gz_gui_vendor:/opt/ros/jazzy/opt/gz_transport_vendor:/opt/ros/jazzy/opt/gz_rendering_vendor:/opt/ros/jazzy/opt/gz_plugin_vendor:/opt/ros/jazzy/opt/gz_fuel_tools_vendor:/opt/ros/jazzy/opt/gz_msgs_vendor:/opt/ros/jazzy/opt/gz_common_vendor:/opt/ros/jazzy/opt/gz_math_vendor:/opt/ros/jazzy/opt/gz_utils_vendor:/opt/ros/jazzy/opt/gz_tools_vendor:/opt/ros/jazzy/opt/gz_ogre_next_vendor:/opt/ros/jazzy/opt/gz_dartsim_vendor:/opt/ros/jazzy/opt/gz_cmake_vendor:/opt/ros/jazzy DEBUGINFOD_URLS=https://debuginfod.ubuntu.com GZ_SIM_RESOURCE_PATH=/home/natalia/Documents/STUDING/robotix/modul5/ex0302/install/ros_gz_example_description/share/ros_gz_example_description/models:${GZ_SIM_RESOURCE_PATH} /usr/bin/cmake --install /home/natalia/Documents/STUDING/robotix/modul5/ex0302/build/ros_gz_example_gazebo
[11.163s] -- Install configuration: ""
[11.164s] -- Installing: /home/natalia/Documents/STUDING/robotix/modul5/ex0302/install/ros_gz_example_gazebo/lib/ros_gz_example_gazebo/libBasicSystem.so
[11.167s] -- Set non-toolchain portion of runtime path of "/home/natalia/Documents/STUDING/robotix/modul5/ex0302/install/ros_gz_example_gazebo/lib/ros_gz_example_gazebo/libBasicSystem.so" to ""
[11.168s] -- Installing: /home/natalia/Documents/STUDING/robotix/modul5/ex0302/install/ros_gz_example_gazebo/lib/ros_gz_example_gazebo/libFullSystem.so
[11.170s] -- Set non-toolchain portion of runtime path of "/home/natalia/Documents/STUDING/robotix/modul5/ex0302/install/ros_gz_example_gazebo/lib/ros_gz_example_gazebo/libFullSystem.so" to ""
[11.171s] -- Installing: /home/natalia/Documents/STUDING/robotix/modul5/ex0302/install/ros_gz_example_gazebo/share/ros_gz_example_gazebo/worlds
[11.172s] -- Installing: /home/natalia/Documents/STUDING/robotix/modul5/ex0302/install/ros_gz_example_gazebo/share/ros_gz_example_gazebo/worlds/diff_drive.sdf
[11.172s] -- Installing: /home/natalia/Documents/STUDING/robotix/modul5/ex0302/install/ros_gz_example_gazebo/share/ros_gz_example_gazebo/environment/ros_gz_example_gazebo.dsv
[11.173s] -- Installing: /home/natalia/Documents/STUDING/robotix/modul5/ex0302/install/ros_gz_example_gazebo/share/ros_gz_example_gazebo/environment/ros_gz_example_gazebo.sh
[11.174s] -- Installing: /home/natalia/Documents/STUDING/robotix/modul5/ex0302/install/ros_gz_example_gazebo/share/ament_index/resource_index/package_run_dependencies/ros_gz_example_gazebo
[11.175s] -- Installing: /home/natalia/Documents/STUDING/robotix/modul5/ex0302/install/ros_gz_example_gazebo/share/ament_index/resource_index/parent_prefix_path/ros_gz_example_gazebo
[11.175s] -- Installing: /home/natalia/Documents/STUDING/robotix/modul5/ex0302/install/ros_gz_example_gazebo/share/ros_gz_example_gazebo/environment/ament_prefix_path.sh
[11.175s] -- Installing: /home/natalia/Documents/STUDING/robotix/modul5/ex0302/install/ros_gz_example_gazebo/share/ros_gz_example_gazebo/environment/ament_prefix_path.dsv
[11.176s] -- Installing: /home/natalia/Documents/STUDING/robotix/modul5/ex0302/install/ros_gz_example_gazebo/share/ros_gz_example_gazebo/environment/path.sh
[11.176s] -- Installing: /home/natalia/Documents/STUDING/robotix/modul5/ex0302/install/ros_gz_example_gazebo/share/ros_gz_example_gazebo/environment/path.dsv
[11.177s] -- Installing: /home/natalia/Documents/STUDING/robotix/modul5/ex0302/install/ros_gz_example_gazebo/share/ros_gz_example_gazebo/local_setup.bash
[11.177s] -- Installing: /home/natalia/Documents/STUDING/robotix/modul5/ex0302/install/ros_gz_example_gazebo/share/ros_gz_example_gazebo/local_setup.sh
[11.177s] -- Installing: /home/natalia/Documents/STUDING/robotix/modul5/ex0302/install/ros_gz_example_gazebo/share/ros_gz_example_gazebo/local_setup.zsh
[11.178s] -- Installing: /home/natalia/Documents/STUDING/robotix/modul5/ex0302/install/ros_gz_example_gazebo/share/ros_gz_example_gazebo/local_setup.dsv
[11.178s] -- Installing: /home/natalia/Documents/STUDING/robotix/modul5/ex0302/install/ros_gz_example_gazebo/share/ros_gz_example_gazebo/package.dsv
[11.178s] -- Installing: /home/natalia/Documents/STUDING/robotix/modul5/ex0302/install/ros_gz_example_gazebo/share/ament_index/resource_index/packages/ros_gz_example_gazebo
[11.178s] -- Installing: /home/natalia/Documents/STUDING/robotix/modul5/ex0302/install/ros_gz_example_gazebo/share/ros_gz_example_gazebo/cmake/ros_gz_example_gazeboConfig.cmake
[11.178s] -- Installing: /home/natalia/Documents/STUDING/robotix/modul5/ex0302/install/ros_gz_example_gazebo/share/ros_gz_example_gazebo/cmake/ros_gz_example_gazeboConfig-version.cmake
[11.179s] -- Installing: /home/natalia/Documents/STUDING/robotix/modul5/ex0302/install/ros_gz_example_gazebo/share/ros_gz_example_gazebo/package.xml
[11.183s] Invoked command in '/home/natalia/Documents/STUDING/robotix/modul5/ex0302/build/ros_gz_example_gazebo' returned '0': CMAKE_PREFIX_PATH=/home/natalia/Documents/STUDING/robotix/modul5/ex0302/install/ros_gz_example_description:/home/natalia/Documents/STUDING/robotix/modul5/ex0302/install/ros_gz_example_bringup:/home/natalia/Documents/STUDING/robotix/modul5/ex0302/install/ros_gz_example_gazebo:/home/natalia/Documents/STUDING/robotix/modul5/ex0302/install/ros_gz_example_application:/opt/ros/jazzy/opt/gz_sim_vendor:/opt/ros/jazzy/opt/gz_sensors_vendor:/opt/ros/jazzy/opt/gz_physics_vendor:/opt/ros/jazzy/opt/sdformat_vendor:/opt/ros/jazzy/opt/gz_gui_vendor:/opt/ros/jazzy/opt/gz_transport_vendor:/opt/ros/jazzy/opt/gz_rendering_vendor:/opt/ros/jazzy/opt/gz_plugin_vendor:/opt/ros/jazzy/opt/gz_fuel_tools_vendor:/opt/ros/jazzy/opt/gz_msgs_vendor:/opt/ros/jazzy/opt/gz_common_vendor:/opt/ros/jazzy/opt/gz_math_vendor:/opt/ros/jazzy/opt/gz_utils_vendor:/opt/ros/jazzy/opt/gz_tools_vendor:/opt/ros/jazzy/opt/gz_ogre_next_vendor:/opt/ros/jazzy/opt/gz_dartsim_vendor:/opt/ros/jazzy/opt/gz_cmake_vendor:/opt/ros/jazzy DEBUGINFOD_URLS=https://debuginfod.ubuntu.com GZ_SIM_RESOURCE_PATH=/home/natalia/Documents/STUDING/robotix/modul5/ex0302/install/ros_gz_example_description/share/ros_gz_example_description/models:${GZ_SIM_RESOURCE_PATH} /usr/bin/cmake --install /home/natalia/Documents/STUDING/robotix/modul5/ex0302/build/ros_gz_example_gazebo
