[0.010s] Invoking command in '/home/natalia/Documents/STUDING/robotix/modul6/ex02/build/ros_gz_example_description': CMAKE_PREFIX_PATH=${CMAKE_PREFIX_PATH}:/opt/ros/jazzy DEBUGINFOD_URLS=https://debuginfod.ubuntu.com /usr/bin/cmake /home/natalia/Documents/STUDING/robotix/modul6/ex02/ros_gz_project_template/ros_gz_example_description -DCMAKE_INSTALL_PREFIX=/home/natalia/Documents/STUDING/robotix/modul6/ex02/install/ros_gz_example_description
[0.166s] -- The C compiler identification is GNU 13.3.0
[0.405s] -- The CXX compiler identification is GNU 13.3.0
[0.468s] -- Detecting C compiler ABI info
[0.901s] -- Detecting C compiler ABI info - done
[0.950s] -- Check for working C compiler: /usr/bin/cc - skipped
[0.952s] -- Detecting C compile features
[0.954s] -- Detecting C compile features - done
[0.998s] -- Detecting CXX compiler ABI info
[1.465s] -- Detecting CXX compiler ABI info - done
[1.491s] -- Check for working CXX compiler: /usr/bin/c++ - skipped
[1.492s] -- Detecting CXX compile features
[1.493s] -- Detecting CXX compile features - done
[1.509s] -- Found ament_cmake: 2.5.4 (/opt/ros/jazzy/share/ament_cmake/cmake)
[2.252s] -- Found Python3: /usr/bin/python3 (found version "3.12.3") found components: Interpreter 
[2.637s] -- Found ament_lint_auto: 0.17.3 (/opt/ros/jazzy/share/ament_lint_auto/cmake)
[2.829s] -- Configuring done (2.8s)
[2.832s] -- Generating done (0.0s)
[2.835s] -- Build files have been written to: /home/natalia/Documents/STUDING/robotix/modul6/ex02/build/ros_gz_example_description
[2.846s] Invoked command in '/home/natalia/Documents/STUDING/robotix/modul6/ex02/build/ros_gz_example_description' returned '0': CMAKE_PREFIX_PATH=${CMAKE_PREFIX_PATH}:/opt/ros/jazzy DEBUGINFOD_URLS=https://debuginfod.ubuntu.com /usr/bin/cmake /home/natalia/Documents/STUDING/robotix/modul6/ex02/ros_gz_project_template/ros_gz_example_description -DCMAKE_INSTALL_PREFIX=/home/natalia/Documents/STUDING/robotix/modul6/ex02/install/ros_gz_example_description
[2.847s] Invoking command in '/home/natalia/Documents/STUDING/robotix/modul6/ex02/build/ros_gz_example_description': CMAKE_PREFIX_PATH=${CMAKE_PREFIX_PATH}:/opt/ros/jazzy DEBUGINFOD_URLS=https://debuginfod.ubuntu.com /usr/bin/cmake --build /home/natalia/Documents/STUDING/robotix/modul6/ex02/build/ros_gz_example_description -- -j20 -l20
[3.045s] Invoked command in '/home/natalia/Documents/STUDING/robotix/modul6/ex02/build/ros_gz_example_description' returned '0': CMAKE_PREFIX_PATH=${CMAKE_PREFIX_PATH}:/opt/ros/jazzy DEBUGINFOD_URLS=https://debuginfod.ubuntu.com /usr/bin/cmake --build /home/natalia/Documents/STUDING/robotix/modul6/ex02/build/ros_gz_example_description -- -j20 -l20
[3.050s] Invoking command in '/home/natalia/Documents/STUDING/robotix/modul6/ex02/build/ros_gz_example_description': CMAKE_PREFIX_PATH=${CMAKE_PREFIX_PATH}:/opt/ros/jazzy DEBUGINFOD_URLS=https://debuginfod.ubuntu.com /usr/bin/cmake --install /home/natalia/Documents/STUDING/robotix/modul6/ex02/build/ros_gz_example_description
[3.085s] -- Install configuration: ""
[3.085s] -- Installing: /home/natalia/Documents/STUDING/robotix/modul6/ex02/install/ros_gz_example_description/share/ros_gz_example_description/models
[3.086s] -- Installing: /home/natalia/Documents/STUDING/robotix/modul6/ex02/install/ros_gz_example_description/share/ros_gz_example_description/models/diff_drive
[3.087s] -- Installing: /home/natalia/Documents/STUDING/robotix/modul6/ex02/install/ros_gz_example_description/share/ros_gz_example_description/models/diff_drive/model.config
[3.088s] -- Installing: /home/natalia/Documents/STUDING/robotix/modul6/ex02/install/ros_gz_example_description/share/ros_gz_example_description/models/diff_drive/model.sdf
[3.088s] -- Installing: /home/natalia/Documents/STUDING/robotix/modul6/ex02/install/ros_gz_example_description/share/ros_gz_example_description/models/rrbot
[3.088s] -- Installing: /home/natalia/Documents/STUDING/robotix/modul6/ex02/install/ros_gz_example_description/share/ros_gz_example_description/models/rrbot/model.sdf
[3.089s] -- Installing: /home/natalia/Documents/STUDING/robotix/modul6/ex02/install/ros_gz_example_description/share/ros_gz_example_description/environment/ros_gz_example_description.dsv
[3.089s] -- Installing: /home/natalia/Documents/STUDING/robotix/modul6/ex02/install/ros_gz_example_description/share/ros_gz_example_description/environment/ros_gz_example_description.sh
[3.090s] -- Installing: /home/natalia/Documents/STUDING/robotix/modul6/ex02/install/ros_gz_example_description/share/ament_index/resource_index/package_run_dependencies/ros_gz_example_description
[3.090s] -- Installing: /home/natalia/Documents/STUDING/robotix/modul6/ex02/install/ros_gz_example_description/share/ament_index/resource_index/parent_prefix_path/ros_gz_example_description
[3.091s] -- Installing: /home/natalia/Documents/STUDING/robotix/modul6/ex02/install/ros_gz_example_description/share/ros_gz_example_description/environment/ament_prefix_path.sh
[3.091s] -- Installing: /home/natalia/Documents/STUDING/robotix/modul6/ex02/install/ros_gz_example_description/share/ros_gz_example_description/environment/ament_prefix_path.dsv
[3.091s] -- Installing: /home/natalia/Documents/STUDING/robotix/modul6/ex02/install/ros_gz_example_description/share/ros_gz_example_description/environment/path.sh
[3.092s] -- Installing: /home/natalia/Documents/STUDING/robotix/modul6/ex02/install/ros_gz_example_description/share/ros_gz_example_description/environment/path.dsv
[3.092s] -- Installing: /home/natalia/Documents/STUDING/robotix/modul6/ex02/install/ros_gz_example_description/share/ros_gz_example_description/local_setup.bash
[3.093s] -- Installing: /home/natalia/Documents/STUDING/robotix/modul6/ex02/install/ros_gz_example_description/share/ros_gz_example_description/local_setup.sh
[3.093s] -- Installing: /home/natalia/Documents/STUDING/robotix/modul6/ex02/install/ros_gz_example_description/share/ros_gz_example_description/local_setup.zsh
[3.094s] -- Installing: /home/natalia/Documents/STUDING/robotix/modul6/ex02/install/ros_gz_example_description/share/ros_gz_example_description/local_setup.dsv
[3.094s] -- Installing: /home/natalia/Documents/STUDING/robotix/modul6/ex02/install/ros_gz_example_description/share/ros_gz_example_description/package.dsv
[3.095s] -- Installing: /home/natalia/Documents/STUDING/robotix/modul6/ex02/install/ros_gz_example_description/share/ament_index/resource_index/packages/ros_gz_example_description
[3.095s] -- Installing: /home/natalia/Documents/STUDING/robotix/modul6/ex02/install/ros_gz_example_description/share/ros_gz_example_description/cmake/ros_gz_example_descriptionConfig.cmake
[3.095s] -- Installing: /home/natalia/Documents/STUDING/robotix/modul6/ex02/install/ros_gz_example_description/share/ros_gz_example_description/cmake/ros_gz_example_descriptionConfig-version.cmake
[3.096s] -- Installing: /home/natalia/Documents/STUDING/robotix/modul6/ex02/install/ros_gz_example_description/share/ros_gz_example_description/package.xml
[3.176s] Invoked command in '/home/natalia/Documents/STUDING/robotix/modul6/ex02/build/ros_gz_example_description' returned '0': CMAKE_PREFIX_PATH=${CMAKE_PREFIX_PATH}:/opt/ros/jazzy DEBUGINFOD_URLS=https://debuginfod.ubuntu.com /usr/bin/cmake --install /home/natalia/Documents/STUDING/robotix/modul6/ex02/build/ros_gz_example_description
