[0.010s] Invoking command in '/home/natalia/Documents/STUDING/robotix/modul6/ex05/build/robot_bringup': CMAKE_PREFIX_PATH=${CMAKE_PREFIX_PATH}:/opt/ros/jazzy DEBUGINFOD_URLS=https://debuginfod.ubuntu.com /usr/bin/cmake --build /home/natalia/Documents/STUDING/robotix/modul6/ex05/build/robot_bringup -- -j20 -l20
[0.160s] Invoked command in '/home/natalia/Documents/STUDING/robotix/modul6/ex05/build/robot_bringup' returned '0': CMAKE_PREFIX_PATH=${CMAKE_PREFIX_PATH}:/opt/ros/jazzy DEBUGINFOD_URLS=https://debuginfod.ubuntu.com /usr/bin/cmake --build /home/natalia/Documents/STUDING/robotix/modul6/ex05/build/robot_bringup -- -j20 -l20
[0.166s] Invoking command in '/home/natalia/Documents/STUDING/robotix/modul6/ex05/build/robot_bringup': CMAKE_PREFIX_PATH=${CMAKE_PREFIX_PATH}:/opt/ros/jazzy DEBUGINFOD_URLS=https://debuginfod.ubuntu.com /usr/bin/cmake --install /home/natalia/Documents/STUDING/robotix/modul6/ex05/build/robot_bringup
[0.210s] -- Install configuration: ""
[0.212s] -- Up-to-date: /home/natalia/Documents/STUDING/robotix/modul6/ex05/install/robot_bringup/lib/robot_bringup/obstacle_avoidance_node.py
[0.213s] -- Up-to-date: /home/natalia/Documents/STUDING/robotix/modul6/ex05/install/robot_bringup/share/robot_bringup/launch
[0.215s] -- Installing: /home/natalia/Documents/STUDING/robotix/modul6/ex05/install/robot_bringup/share/robot_bringup/launch/diff_drive.launch.py
[0.217s] -- Up-to-date: /home/natalia/Documents/STUDING/robotix/modul6/ex05/install/robot_bringup/share/robot_bringup/config
[0.217s] -- Up-to-date: /home/natalia/Documents/STUDING/robotix/modul6/ex05/install/robot_bringup/share/robot_bringup/config/diff_drive.rviz
[0.218s] -- Up-to-date: /home/natalia/Documents/STUDING/robotix/modul6/ex05/install/robot_bringup/share/robot_bringup/config/robot_bridge.yaml
[0.218s] -- Up-to-date: /home/natalia/Documents/STUDING/robotix/modul6/ex05/install/robot_bringup/share/ament_index/resource_index/package_run_dependencies/robot_bringup
[0.218s] -- Up-to-date: /home/natalia/Documents/STUDING/robotix/modul6/ex05/install/robot_bringup/share/ament_index/resource_index/parent_prefix_path/robot_bringup
[0.218s] -- Up-to-date: /home/natalia/Documents/STUDING/robotix/modul6/ex05/install/robot_bringup/share/robot_bringup/environment/ament_prefix_path.sh
[0.219s] -- Up-to-date: /home/natalia/Documents/STUDING/robotix/modul6/ex05/install/robot_bringup/share/robot_bringup/environment/ament_prefix_path.dsv
[0.219s] -- Up-to-date: /home/natalia/Documents/STUDING/robotix/modul6/ex05/install/robot_bringup/share/robot_bringup/environment/path.sh
[0.219s] -- Up-to-date: /home/natalia/Documents/STUDING/robotix/modul6/ex05/install/robot_bringup/share/robot_bringup/environment/path.dsv
[0.220s] -- Up-to-date: /home/natalia/Documents/STUDING/robotix/modul6/ex05/install/robot_bringup/share/robot_bringup/local_setup.bash
[0.220s] -- Up-to-date: /home/natalia/Documents/STUDING/robotix/modul6/ex05/install/robot_bringup/share/robot_bringup/local_setup.sh
[0.220s] -- Up-to-date: /home/natalia/Documents/STUDING/robotix/modul6/ex05/install/robot_bringup/share/robot_bringup/local_setup.zsh
[0.221s] -- Up-to-date: /home/natalia/Documents/STUDING/robotix/modul6/ex05/install/robot_bringup/share/robot_bringup/local_setup.dsv
[0.221s] -- Installing: /home/natalia/Documents/STUDING/robotix/modul6/ex05/install/robot_bringup/share/robot_bringup/package.dsv
[0.223s] -- Up-to-date: /home/natalia/Documents/STUDING/robotix/modul6/ex05/install/robot_bringup/share/ament_index/resource_index/packages/robot_bringup
[0.223s] -- Up-to-date: /home/natalia/Documents/STUDING/robotix/modul6/ex05/install/robot_bringup/share/robot_bringup/cmake/robot_bringupConfig.cmake
[0.223s] -- Up-to-date: /home/natalia/Documents/STUDING/robotix/modul6/ex05/install/robot_bringup/share/robot_bringup/cmake/robot_bringupConfig-version.cmake
[0.223s] -- Up-to-date: /home/natalia/Documents/STUDING/robotix/modul6/ex05/install/robot_bringup/share/robot_bringup/package.xml
[0.343s] Invoked command in '/home/natalia/Documents/STUDING/robotix/modul6/ex05/build/robot_bringup' returned '0': CMAKE_PREFIX_PATH=${CMAKE_PREFIX_PATH}:/opt/ros/jazzy DEBUGINFOD_URLS=https://debuginfod.ubuntu.com /usr/bin/cmake --install /home/natalia/Documents/STUDING/robotix/modul6/ex05/build/robot_bringup
