[0.006s] Invoking command in '/home/natalia/Documents/STUDING/robotix/modul5/ex02/build/sam_bot_description': CMAKE_PREFIX_PATH=${CMAKE_PREFIX_PATH}:/opt/ros/jazzy DEBUGINFOD_URLS=https://debuginfod.ubuntu.com /usr/bin/cmake /home/natalia/Documents/STUDING/robotix/modul5/ex02/sam_bot_description -DCMAKE_INSTALL_PREFIX=/home/natalia/Documents/STUDING/robotix/modul5/ex02/install/sam_bot_description
[0.201s] -- The C compiler identification is GNU 13.3.0
[0.449s] -- The CXX compiler identification is GNU 13.3.0
[0.537s] -- Detecting C compiler ABI info
[0.940s] -- Detecting C compiler ABI info - done
[0.989s] -- Check for working C compiler: /usr/bin/cc - skipped
[0.991s] -- Detecting C compile features
[0.993s] -- Detecting C compile features - done
[1.042s] -- Detecting CXX compiler ABI info
[1.494s] -- Detecting CXX compiler ABI info - done
[1.544s] -- Check for working CXX compiler: /usr/bin/c++ - skipped
[1.545s] -- Detecting CXX compile features
[1.548s] -- Detecting CXX compile features - done
[1.558s] -- Found ament_cmake: 2.5.4 (/opt/ros/jazzy/share/ament_cmake/cmake)
[2.287s] -- Found Python3: /usr/bin/python3 (found version "3.12.3") found components: Interpreter 
[2.574s] -- Found ament_lint_auto: 0.17.3 (/opt/ros/jazzy/share/ament_lint_auto/cmake)
[2.932s] -- Added test 'flake8' to check Python code syntax and style conventions
[2.933s] -- Configured 'flake8' exclude dirs and/or files: 
[2.938s] -- Added test 'lint_cmake' to check CMake code style
[2.943s] -- Added test 'pep257' to check Python code against some of the docstring style conventions in PEP 257
[2.952s] -- Added test 'xmllint' to check XML markup files
[2.958s] -- Configuring done (2.9s)
[2.970s] -- Generating done (0.0s)
[2.978s] -- Build files have been written to: /home/natalia/Documents/STUDING/robotix/modul5/ex02/build/sam_bot_description
[3.000s] Invoked command in '/home/natalia/Documents/STUDING/robotix/modul5/ex02/build/sam_bot_description' returned '0': CMAKE_PREFIX_PATH=${CMAKE_PREFIX_PATH}:/opt/ros/jazzy DEBUGINFOD_URLS=https://debuginfod.ubuntu.com /usr/bin/cmake /home/natalia/Documents/STUDING/robotix/modul5/ex02/sam_bot_description -DCMAKE_INSTALL_PREFIX=/home/natalia/Documents/STUDING/robotix/modul5/ex02/install/sam_bot_description
[3.007s] Invoking command in '/home/natalia/Documents/STUDING/robotix/modul5/ex02/build/sam_bot_description': CMAKE_PREFIX_PATH=${CMAKE_PREFIX_PATH}:/opt/ros/jazzy DEBUGINFOD_URLS=https://debuginfod.ubuntu.com /usr/bin/cmake --build /home/natalia/Documents/STUDING/robotix/modul5/ex02/build/sam_bot_description -- -j20 -l20
[3.183s] Invoked command in '/home/natalia/Documents/STUDING/robotix/modul5/ex02/build/sam_bot_description' returned '0': CMAKE_PREFIX_PATH=${CMAKE_PREFIX_PATH}:/opt/ros/jazzy DEBUGINFOD_URLS=https://debuginfod.ubuntu.com /usr/bin/cmake --build /home/natalia/Documents/STUDING/robotix/modul5/ex02/build/sam_bot_description -- -j20 -l20
[3.226s] Invoking command in '/home/natalia/Documents/STUDING/robotix/modul5/ex02/build/sam_bot_description': CMAKE_PREFIX_PATH=${CMAKE_PREFIX_PATH}:/opt/ros/jazzy DEBUGINFOD_URLS=https://debuginfod.ubuntu.com /usr/bin/cmake --install /home/natalia/Documents/STUDING/robotix/modul5/ex02/build/sam_bot_description
[3.263s] -- Install configuration: ""
[3.264s] -- Installing: /home/natalia/Documents/STUDING/robotix/modul5/ex02/install/sam_bot_description/share/sam_bot_description/src
[3.265s] -- Installing: /home/natalia/Documents/STUDING/robotix/modul5/ex02/install/sam_bot_description/share/sam_bot_description/src/description
[3.265s] -- Installing: /home/natalia/Documents/STUDING/robotix/modul5/ex02/install/sam_bot_description/share/sam_bot_description/src/description/sam_bot_description.urdf
[3.266s] -- Installing: /home/natalia/Documents/STUDING/robotix/modul5/ex02/install/sam_bot_description/share/sam_bot_description/src/sam_bot_description
[3.266s] -- Installing: /home/natalia/Documents/STUDING/robotix/modul5/ex02/install/sam_bot_description/share/sam_bot_description/launch
[3.266s] -- Installing: /home/natalia/Documents/STUDING/robotix/modul5/ex02/install/sam_bot_description/share/sam_bot_description/launch/display.launch.py
[3.267s] -- Installing: /home/natalia/Documents/STUDING/robotix/modul5/ex02/install/sam_bot_description/share/sam_bot_description/rviz
[3.267s] -- Installing: /home/natalia/Documents/STUDING/robotix/modul5/ex02/install/sam_bot_description/share/sam_bot_description/rviz/config.rviz
[3.268s] -- Installing: /home/natalia/Documents/STUDING/robotix/modul5/ex02/install/sam_bot_description/share/ament_index/resource_index/package_run_dependencies/sam_bot_description
[3.268s] -- Installing: /home/natalia/Documents/STUDING/robotix/modul5/ex02/install/sam_bot_description/share/ament_index/resource_index/parent_prefix_path/sam_bot_description
[3.268s] -- Installing: /home/natalia/Documents/STUDING/robotix/modul5/ex02/install/sam_bot_description/share/sam_bot_description/environment/ament_prefix_path.sh
[3.269s] -- Installing: /home/natalia/Documents/STUDING/robotix/modul5/ex02/install/sam_bot_description/share/sam_bot_description/environment/ament_prefix_path.dsv
[3.269s] -- Installing: /home/natalia/Documents/STUDING/robotix/modul5/ex02/install/sam_bot_description/share/sam_bot_description/environment/path.sh
[3.269s] -- Installing: /home/natalia/Documents/STUDING/robotix/modul5/ex02/install/sam_bot_description/share/sam_bot_description/environment/path.dsv
[3.270s] -- Installing: /home/natalia/Documents/STUDING/robotix/modul5/ex02/install/sam_bot_description/share/sam_bot_description/local_setup.bash
[3.270s] -- Installing: /home/natalia/Documents/STUDING/robotix/modul5/ex02/install/sam_bot_description/share/sam_bot_description/local_setup.sh
[3.270s] -- Installing: /home/natalia/Documents/STUDING/robotix/modul5/ex02/install/sam_bot_description/share/sam_bot_description/local_setup.zsh
[3.271s] -- Installing: /home/natalia/Documents/STUDING/robotix/modul5/ex02/install/sam_bot_description/share/sam_bot_description/local_setup.dsv
[3.271s] -- Installing: /home/natalia/Documents/STUDING/robotix/modul5/ex02/install/sam_bot_description/share/sam_bot_description/package.dsv
[3.271s] -- Installing: /home/natalia/Documents/STUDING/robotix/modul5/ex02/install/sam_bot_description/share/ament_index/resource_index/packages/sam_bot_description
[3.272s] -- Installing: /home/natalia/Documents/STUDING/robotix/modul5/ex02/install/sam_bot_description/share/sam_bot_description/cmake/sam_bot_descriptionConfig.cmake
[3.272s] -- Installing: /home/natalia/Documents/STUDING/robotix/modul5/ex02/install/sam_bot_description/share/sam_bot_description/cmake/sam_bot_descriptionConfig-version.cmake
[3.272s] -- Installing: /home/natalia/Documents/STUDING/robotix/modul5/ex02/install/sam_bot_description/share/sam_bot_description/package.xml
[3.279s] Invoked command in '/home/natalia/Documents/STUDING/robotix/modul5/ex02/build/sam_bot_description' returned '0': CMAKE_PREFIX_PATH=${CMAKE_PREFIX_PATH}:/opt/ros/jazzy DEBUGINFOD_URLS=https://debuginfod.ubuntu.com /usr/bin/cmake --install /home/natalia/Documents/STUDING/robotix/modul5/ex02/build/sam_bot_description
