[0.435s] Invoking command in '/home/natalia/Documents/STUDING/robotix/modul4/ex02/turtle_tf2_py': DEBUGINFOD_URLS=https://debuginfod.ubuntu.com PYTHONPATH=/home/natalia/Documents/STUDING/robotix/modul4/ex02/build/turtle_tf2_py/prefix_override:/usr/lib/python3/dist-packages/colcon_core/task/python/colcon_distutils_commands:/home/natalia/Documents/STUDING/robotix/modul4/ex02/install/turtle_tf2_py/lib/python3.12/site-packages:${PYTHONPATH} /usr/bin/python3 -W ignore:setup.py install is deprecated -W ignore:easy_install command is deprecated setup.py egg_info --egg-base ../build/turtle_tf2_py build --build-base /home/natalia/Documents/STUDING/robotix/modul4/ex02/build/turtle_tf2_py/build install --record /home/natalia/Documents/STUDING/robotix/modul4/ex02/build/turtle_tf2_py/install.log --single-version-externally-managed install_data
[0.577s] running egg_info
[0.577s] creating ../build/turtle_tf2_py/turtle_tf2_py.egg-info
[0.586s] writing ../build/turtle_tf2_py/turtle_tf2_py.egg-info/PKG-INFO
[0.586s] writing dependency_links to ../build/turtle_tf2_py/turtle_tf2_py.egg-info/dependency_links.txt
[0.586s] writing entry points to ../build/turtle_tf2_py/turtle_tf2_py.egg-info/entry_points.txt
[0.586s] writing requirements to ../build/turtle_tf2_py/turtle_tf2_py.egg-info/requires.txt
[0.586s] writing top-level names to ../build/turtle_tf2_py/turtle_tf2_py.egg-info/top_level.txt
[0.586s] writing manifest file '../build/turtle_tf2_py/turtle_tf2_py.egg-info/SOURCES.txt'
[0.605s] reading manifest file '../build/turtle_tf2_py/turtle_tf2_py.egg-info/SOURCES.txt'
[0.605s] writing manifest file '../build/turtle_tf2_py/turtle_tf2_py.egg-info/SOURCES.txt'
[0.605s] running build
[0.605s] running build_py
[0.605s] creating /home/natalia/Documents/STUDING/robotix/modul4/ex02/build/turtle_tf2_py/build
[0.605s] creating /home/natalia/Documents/STUDING/robotix/modul4/ex02/build/turtle_tf2_py/build/lib
[0.605s] creating /home/natalia/Documents/STUDING/robotix/modul4/ex02/build/turtle_tf2_py/build/lib/turtle_tf2_py
[0.605s] copying turtle_tf2_py/static_turtle_tf2_broadcaster.py -> /home/natalia/Documents/STUDING/robotix/modul4/ex02/build/turtle_tf2_py/build/lib/turtle_tf2_py
[0.605s] copying turtle_tf2_py/turtle_tf2_listener.py -> /home/natalia/Documents/STUDING/robotix/modul4/ex02/build/turtle_tf2_py/build/lib/turtle_tf2_py
[0.605s] copying turtle_tf2_py/dynamic_frame_tf2_broadcaster.py -> /home/natalia/Documents/STUDING/robotix/modul4/ex02/build/turtle_tf2_py/build/lib/turtle_tf2_py
[0.606s] copying turtle_tf2_py/__init__.py -> /home/natalia/Documents/STUDING/robotix/modul4/ex02/build/turtle_tf2_py/build/lib/turtle_tf2_py
[0.606s] copying turtle_tf2_py/turtle_tf2_message_broadcaster.py -> /home/natalia/Documents/STUDING/robotix/modul4/ex02/build/turtle_tf2_py/build/lib/turtle_tf2_py
[0.606s] copying turtle_tf2_py/turtle_tf2_broadcaster.py -> /home/natalia/Documents/STUDING/robotix/modul4/ex02/build/turtle_tf2_py/build/lib/turtle_tf2_py
[0.606s] copying turtle_tf2_py/fixed_frame_tf2_broadcaster.py -> /home/natalia/Documents/STUDING/robotix/modul4/ex02/build/turtle_tf2_py/build/lib/turtle_tf2_py
[0.606s] running install
[0.610s] running install_lib
[0.620s] creating /home/natalia/Documents/STUDING/robotix/modul4/ex02/install/turtle_tf2_py/lib/python3.12/site-packages/turtle_tf2_py
[0.620s] copying /home/natalia/Documents/STUDING/robotix/modul4/ex02/build/turtle_tf2_py/build/lib/turtle_tf2_py/static_turtle_tf2_broadcaster.py -> /home/natalia/Documents/STUDING/robotix/modul4/ex02/install/turtle_tf2_py/lib/python3.12/site-packages/turtle_tf2_py
[0.621s] copying /home/natalia/Documents/STUDING/robotix/modul4/ex02/build/turtle_tf2_py/build/lib/turtle_tf2_py/turtle_tf2_listener.py -> /home/natalia/Documents/STUDING/robotix/modul4/ex02/install/turtle_tf2_py/lib/python3.12/site-packages/turtle_tf2_py
[0.621s] copying /home/natalia/Documents/STUDING/robotix/modul4/ex02/build/turtle_tf2_py/build/lib/turtle_tf2_py/dynamic_frame_tf2_broadcaster.py -> /home/natalia/Documents/STUDING/robotix/modul4/ex02/install/turtle_tf2_py/lib/python3.12/site-packages/turtle_tf2_py
[0.621s] copying /home/natalia/Documents/STUDING/robotix/modul4/ex02/build/turtle_tf2_py/build/lib/turtle_tf2_py/__init__.py -> /home/natalia/Documents/STUDING/robotix/modul4/ex02/install/turtle_tf2_py/lib/python3.12/site-packages/turtle_tf2_py
[0.621s] copying /home/natalia/Documents/STUDING/robotix/modul4/ex02/build/turtle_tf2_py/build/lib/turtle_tf2_py/turtle_tf2_message_broadcaster.py -> /home/natalia/Documents/STUDING/robotix/modul4/ex02/install/turtle_tf2_py/lib/python3.12/site-packages/turtle_tf2_py
[0.621s] copying /home/natalia/Documents/STUDING/robotix/modul4/ex02/build/turtle_tf2_py/build/lib/turtle_tf2_py/turtle_tf2_broadcaster.py -> /home/natalia/Documents/STUDING/robotix/modul4/ex02/install/turtle_tf2_py/lib/python3.12/site-packages/turtle_tf2_py
[0.621s] copying /home/natalia/Documents/STUDING/robotix/modul4/ex02/build/turtle_tf2_py/build/lib/turtle_tf2_py/fixed_frame_tf2_broadcaster.py -> /home/natalia/Documents/STUDING/robotix/modul4/ex02/install/turtle_tf2_py/lib/python3.12/site-packages/turtle_tf2_py
[0.621s] byte-compiling /home/natalia/Documents/STUDING/robotix/modul4/ex02/install/turtle_tf2_py/lib/python3.12/site-packages/turtle_tf2_py/static_turtle_tf2_broadcaster.py to static_turtle_tf2_broadcaster.cpython-312.pyc
[0.622s] byte-compiling /home/natalia/Documents/STUDING/robotix/modul4/ex02/install/turtle_tf2_py/lib/python3.12/site-packages/turtle_tf2_py/turtle_tf2_listener.py to turtle_tf2_listener.cpython-312.pyc
[0.623s] byte-compiling /home/natalia/Documents/STUDING/robotix/modul4/ex02/install/turtle_tf2_py/lib/python3.12/site-packages/turtle_tf2_py/dynamic_frame_tf2_broadcaster.py to dynamic_frame_tf2_broadcaster.cpython-312.pyc
[0.623s] byte-compiling /home/natalia/Documents/STUDING/robotix/modul4/ex02/install/turtle_tf2_py/lib/python3.12/site-packages/turtle_tf2_py/__init__.py to __init__.cpython-312.pyc
[0.623s] byte-compiling /home/natalia/Documents/STUDING/robotix/modul4/ex02/install/turtle_tf2_py/lib/python3.12/site-packages/turtle_tf2_py/turtle_tf2_message_broadcaster.py to turtle_tf2_message_broadcaster.cpython-312.pyc
[0.624s] byte-compiling /home/natalia/Documents/STUDING/robotix/modul4/ex02/install/turtle_tf2_py/lib/python3.12/site-packages/turtle_tf2_py/turtle_tf2_broadcaster.py to turtle_tf2_broadcaster.cpython-312.pyc
[0.624s] byte-compiling /home/natalia/Documents/STUDING/robotix/modul4/ex02/install/turtle_tf2_py/lib/python3.12/site-packages/turtle_tf2_py/fixed_frame_tf2_broadcaster.py to fixed_frame_tf2_broadcaster.cpython-312.pyc
[0.625s] running install_data
[0.625s] creating /home/natalia/Documents/STUDING/robotix/modul4/ex02/install/turtle_tf2_py/share/ament_index
[0.625s] creating /home/natalia/Documents/STUDING/robotix/modul4/ex02/install/turtle_tf2_py/share/ament_index/resource_index
[0.625s] creating /home/natalia/Documents/STUDING/robotix/modul4/ex02/install/turtle_tf2_py/share/ament_index/resource_index/packages
[0.625s] copying resource/turtle_tf2_py -> /home/natalia/Documents/STUDING/robotix/modul4/ex02/install/turtle_tf2_py/share/ament_index/resource_index/packages
[0.625s] copying package.xml -> /home/natalia/Documents/STUDING/robotix/modul4/ex02/install/turtle_tf2_py/share/turtle_tf2_py
[0.625s] creating /home/natalia/Documents/STUDING/robotix/modul4/ex02/install/turtle_tf2_py/share/turtle_tf2_py/launch
[0.625s] copying launch/turtle_tf2_sensor_message.launch.py -> /home/natalia/Documents/STUDING/robotix/modul4/ex02/install/turtle_tf2_py/share/turtle_tf2_py/launch
[0.625s] copying launch/turtle_tf2_demo.launch.py -> /home/natalia/Documents/STUDING/robotix/modul4/ex02/install/turtle_tf2_py/share/turtle_tf2_py/launch
[0.625s] copying launch/turtle_tf2_fixed_frame_demo.launch.py -> /home/natalia/Documents/STUDING/robotix/modul4/ex02/install/turtle_tf2_py/share/turtle_tf2_py/launch
[0.625s] copying launch/turtle_tf2_dynamic_frame_demo.launch.py -> /home/natalia/Documents/STUDING/robotix/modul4/ex02/install/turtle_tf2_py/share/turtle_tf2_py/launch
[0.625s] creating /home/natalia/Documents/STUDING/robotix/modul4/ex02/install/turtle_tf2_py/share/turtle_tf2_py/rviz
[0.626s] copying rviz/turtle_rviz.rviz -> /home/natalia/Documents/STUDING/robotix/modul4/ex02/install/turtle_tf2_py/share/turtle_tf2_py/rviz
[0.626s] running install_egg_info
[0.637s] Copying ../build/turtle_tf2_py/turtle_tf2_py.egg-info to /home/natalia/Documents/STUDING/robotix/modul4/ex02/install/turtle_tf2_py/lib/python3.12/site-packages/turtle_tf2_py-0.7.0-py3.12.egg-info
[0.637s] running install_scripts
[0.702s] Installing dynamic_frame_tf2_broadcaster script to /home/natalia/Documents/STUDING/robotix/modul4/ex02/install/turtle_tf2_py/lib/turtle_tf2_py
[0.702s] Installing fixed_frame_tf2_broadcaster script to /home/natalia/Documents/STUDING/robotix/modul4/ex02/install/turtle_tf2_py/lib/turtle_tf2_py
[0.702s] Installing static_turtle_tf2_broadcaster script to /home/natalia/Documents/STUDING/robotix/modul4/ex02/install/turtle_tf2_py/lib/turtle_tf2_py
[0.702s] Installing turtle_tf2_broadcaster script to /home/natalia/Documents/STUDING/robotix/modul4/ex02/install/turtle_tf2_py/lib/turtle_tf2_py
[0.702s] Installing turtle_tf2_listener script to /home/natalia/Documents/STUDING/robotix/modul4/ex02/install/turtle_tf2_py/lib/turtle_tf2_py
[0.702s] Installing turtle_tf2_message_broadcaster script to /home/natalia/Documents/STUDING/robotix/modul4/ex02/install/turtle_tf2_py/lib/turtle_tf2_py
[0.702s] writing list of installed files to '/home/natalia/Documents/STUDING/robotix/modul4/ex02/build/turtle_tf2_py/install.log'
[0.719s] Invoked command in '/home/natalia/Documents/STUDING/robotix/modul4/ex02/turtle_tf2_py' returned '0': DEBUGINFOD_URLS=https://debuginfod.ubuntu.com PYTHONPATH=/home/natalia/Documents/STUDING/robotix/modul4/ex02/build/turtle_tf2_py/prefix_override:/usr/lib/python3/dist-packages/colcon_core/task/python/colcon_distutils_commands:/home/natalia/Documents/STUDING/robotix/modul4/ex02/install/turtle_tf2_py/lib/python3.12/site-packages:${PYTHONPATH} /usr/bin/python3 -W ignore:setup.py install is deprecated -W ignore:easy_install command is deprecated setup.py egg_info --egg-base ../build/turtle_tf2_py build --build-base /home/natalia/Documents/STUDING/robotix/modul4/ex02/build/turtle_tf2_py/build install --record /home/natalia/Documents/STUDING/robotix/modul4/ex02/build/turtle_tf2_py/install.log --single-version-externally-managed install_data
