[31mCMake Error at CMakeLists.txt:35:
  Parse error.  Function missing ending ")".  Instead found unterminated
  string with text "action/CleaningTask.action

  )





  # find dependencies

  find_package(ament_cmake REQUIRED)

  # uncomment the following section in order to fill in

  # further dependencies manually.

  # find_package(<dependency> REQUIRED)



  if(BUILD_TESTING)

    find_package(ament_lint_auto REQUIRED)
    # the following line skips the linter which checks for copyrights
    # comment the line when a copyright and license is added to all source files
    set(ament_cmake_copyright_FOUND TRUE)
    # the following line skips cpplint (only works in a git repo)
    # comment the line when this package is in a git repo and when
    # a copyright and license is added to all source files
    set(ament_cmake_cpplint_FOUND TRUE)
    ament_lint_auto_find_test_dependencies()

  endif()



  ament_package()

  ".

[0m
-- Configuring incomplete, errors occurred!
