[0.008s] Invoking command in '/home/natalia/Documents/STUDING/robotix/modul3/ex05/build/action_cleaning_robot': CMAKE_PREFIX_PATH=${CMAKE_PREFIX_PATH}:/opt/ros/jazzy DEBUGINFOD_URLS=https://debuginfod.ubuntu.com /usr/bin/cmake /home/natalia/Documents/STUDING/robotix/modul3/ex05/action_cleaning_robot -DCMAKE_INSTALL_PREFIX=/home/natalia/Documents/STUDING/robotix/modul3/ex05/install/action_cleaning_robot
[0.017s] [31mCMake Error at CMakeLists.txt:35:
[0.017s]   Parse error.  Function missing ending ")".  Instead found unterminated
[0.017s]   string with text "action/CleaningTask.action
[0.017s] 
[0.017s]   )
[0.017s] 
[0.018s] 
[0.018s] 
[0.018s] 
[0.018s] 
[0.018s]   # find dependencies
[0.018s] 
[0.018s]   find_package(ament_cmake REQUIRED)
[0.018s] 
[0.018s]   # uncomment the following section in order to fill in
[0.018s] 
[0.018s]   # further dependencies manually.
[0.018s] 
[0.018s]   # find_package(<dependency> REQUIRED)
[0.018s] 
[0.018s] 
[0.018s] 
[0.018s]   if(BUILD_TESTING)
[0.019s] 
[0.019s]     find_package(ament_lint_auto REQUIRED)
[0.019s]     # the following line skips the linter which checks for copyrights
[0.019s]     # comment the line when a copyright and license is added to all source files
[0.019s]     set(ament_cmake_copyright_FOUND TRUE)
[0.019s]     # the following line skips cpplint (only works in a git repo)
[0.020s]     # comment the line when this package is in a git repo and when
[0.020s]     # a copyright and license is added to all source files
[0.020s]     set(ament_cmake_cpplint_FOUND TRUE)
[0.020s]     ament_lint_auto_find_test_dependencies()
[0.020s] 
[0.020s]   endif()
[0.020s] 
[0.020s] 
[0.020s] 
[0.020s]   ament_package()
[0.020s] 
[0.020s]   ".
[0.021s] 
[0.021s] [0m
[0.021s] -- Configuring incomplete, errors occurred!
[0.021s] Invoked command in '/home/natalia/Documents/STUDING/robotix/modul3/ex05/build/action_cleaning_robot' returned '1': CMAKE_PREFIX_PATH=${CMAKE_PREFIX_PATH}:/opt/ros/jazzy DEBUGINFOD_URLS=https://debuginfod.ubuntu.com /usr/bin/cmake /home/natalia/Documents/STUDING/robotix/modul3/ex05/action_cleaning_robot -DCMAKE_INSTALL_PREFIX=/home/natalia/Documents/STUDING/robotix/modul3/ex05/install/action_cleaning_robot
