[0.446s] Invoking command in '/home/natalia/Documents/STUDING/robotix/modul4/ex02/learning_tf2_py': DEBUGINFOD_URLS=https://debuginfod.ubuntu.com PYTHONPATH=/home/natalia/Documents/STUDING/robotix/modul4/ex02/build/learning_tf2_py/prefix_override:/usr/lib/python3/dist-packages/colcon_core/task/python/colcon_distutils_commands:/home/natalia/Documents/STUDING/robotix/modul4/ex02/install/learning_tf2_py/lib/python3.12/site-packages:${PYTHONPATH} /usr/bin/python3 -W ignore:setup.py install is deprecated -W ignore:easy_install command is deprecated setup.py egg_info --egg-base ../build/learning_tf2_py build --build-base /home/natalia/Documents/STUDING/robotix/modul4/ex02/build/learning_tf2_py/build install --record /home/natalia/Documents/STUDING/robotix/modul4/ex02/build/learning_tf2_py/install.log --single-version-externally-managed install_data
[0.587s] running egg_info
[0.596s] writing ../build/learning_tf2_py/learning_tf2_py.egg-info/PKG-INFO
[0.596s] writing dependency_links to ../build/learning_tf2_py/learning_tf2_py.egg-info/dependency_links.txt
[0.596s] writing entry points to ../build/learning_tf2_py/learning_tf2_py.egg-info/entry_points.txt
[0.596s] writing requirements to ../build/learning_tf2_py/learning_tf2_py.egg-info/requires.txt
[0.596s] writing top-level names to ../build/learning_tf2_py/learning_tf2_py.egg-info/top_level.txt
[0.618s] reading manifest file '../build/learning_tf2_py/learning_tf2_py.egg-info/SOURCES.txt'
[0.618s] adding license file 'LICENSE'
[0.619s] writing manifest file '../build/learning_tf2_py/learning_tf2_py.egg-info/SOURCES.txt'
[0.619s] running build
[0.619s] running build_py
[0.619s] copying learning_tf2_py/turtle_tf2_broadcaster.py -> /home/natalia/Documents/STUDING/robotix/modul4/ex02/build/learning_tf2_py/build/lib/learning_tf2_py
[0.619s] running install
[0.623s] running install_lib
[0.633s] copying /home/natalia/Documents/STUDING/robotix/modul4/ex02/build/learning_tf2_py/build/lib/learning_tf2_py/turtle_tf2_broadcaster.py -> /home/natalia/Documents/STUDING/robotix/modul4/ex02/install/learning_tf2_py/lib/python3.12/site-packages/learning_tf2_py
[0.633s] byte-compiling /home/natalia/Documents/STUDING/robotix/modul4/ex02/install/learning_tf2_py/lib/python3.12/site-packages/learning_tf2_py/turtle_tf2_broadcaster.py to turtle_tf2_broadcaster.cpython-312.pyc
[0.633s] running install_data
[0.633s] copying package.xml -> /home/natalia/Documents/STUDING/robotix/modul4/ex02/install/learning_tf2_py/share/learning_tf2_py
[0.634s] running install_egg_info
[0.644s] removing '/home/natalia/Documents/STUDING/robotix/modul4/ex02/install/learning_tf2_py/lib/python3.12/site-packages/learning_tf2_py-0.0.0-py3.12.egg-info' (and everything under it)
[0.644s] Copying ../build/learning_tf2_py/learning_tf2_py.egg-info to /home/natalia/Documents/STUDING/robotix/modul4/ex02/install/learning_tf2_py/lib/python3.12/site-packages/learning_tf2_py-0.0.0-py3.12.egg-info
[0.644s] running install_scripts
[0.709s] Installing static_turtle_tf2_broadcaster script to /home/natalia/Documents/STUDING/robotix/modul4/ex02/install/learning_tf2_py/lib/learning_tf2_py
[0.709s] Installing turtle_tf2_broadcaster script to /home/natalia/Documents/STUDING/robotix/modul4/ex02/install/learning_tf2_py/lib/learning_tf2_py
[0.709s] writing list of installed files to '/home/natalia/Documents/STUDING/robotix/modul4/ex02/build/learning_tf2_py/install.log'
[0.727s] Invoked command in '/home/natalia/Documents/STUDING/robotix/modul4/ex02/learning_tf2_py' returned '0': DEBUGINFOD_URLS=https://debuginfod.ubuntu.com PYTHONPATH=/home/natalia/Documents/STUDING/robotix/modul4/ex02/build/learning_tf2_py/prefix_override:/usr/lib/python3/dist-packages/colcon_core/task/python/colcon_distutils_commands:/home/natalia/Documents/STUDING/robotix/modul4/ex02/install/learning_tf2_py/lib/python3.12/site-packages:${PYTHONPATH} /usr/bin/python3 -W ignore:setup.py install is deprecated -W ignore:easy_install command is deprecated setup.py egg_info --egg-base ../build/learning_tf2_py build --build-base /home/natalia/Documents/STUDING/robotix/modul4/ex02/build/learning_tf2_py/build install --record /home/natalia/Documents/STUDING/robotix/modul4/ex02/build/learning_tf2_py/install.log --single-version-externally-managed install_data
