[0.514s] Invoking command in '/home/natalia/Documents/STUDING/robotix/modul4/ex02b/mycarrot': DEBUGINFOD_URLS=https://debuginfod.ubuntu.com PYTHONPATH=/home/natalia/Documents/STUDING/robotix/modul4/ex02b/mycarrot/build/mycarrot/prefix_override:/usr/lib/python3/dist-packages/colcon_core/task/python/colcon_distutils_commands:/home/natalia/Documents/STUDING/robotix/modul4/ex02b/mycarrot/install/mycarrot/lib/python3.12/site-packages:${PYTHONPATH} /usr/bin/python3 -W ignore:setup.py install is deprecated -W ignore:easy_install command is deprecated setup.py egg_info --egg-base build/mycarrot build --build-base /home/natalia/Documents/STUDING/robotix/modul4/ex02b/mycarrot/build/mycarrot/build install --record /home/natalia/Documents/STUDING/robotix/modul4/ex02b/mycarrot/build/mycarrot/install.log --single-version-externally-managed install_data
[0.806s] running egg_info
[0.823s] writing build/mycarrot/mycarrot.egg-info/PKG-INFO
[0.823s] writing dependency_links to build/mycarrot/mycarrot.egg-info/dependency_links.txt
[0.824s] writing entry points to build/mycarrot/mycarrot.egg-info/entry_points.txt
[0.824s] writing requirements to build/mycarrot/mycarrot.egg-info/requires.txt
[0.824s] writing top-level names to build/mycarrot/mycarrot.egg-info/top_level.txt
[0.847s] reading manifest file 'build/mycarrot/mycarrot.egg-info/SOURCES.txt'
[0.847s] adding license file 'LICENSE'
[0.848s] writing manifest file 'build/mycarrot/mycarrot.egg-info/SOURCES.txt'
[0.848s] running build
[0.848s] running build_py
[0.848s] copying mycarrot/turtle_spawner.py -> /home/natalia/Documents/STUDING/robotix/modul4/ex02b/mycarrot/build/mycarrot/build/lib/mycarrot
[0.848s] running install
[0.852s] running install_lib
[0.864s] copying /home/natalia/Documents/STUDING/robotix/modul4/ex02b/mycarrot/build/mycarrot/build/lib/mycarrot/turtle_spawner.py -> /home/natalia/Documents/STUDING/robotix/modul4/ex02b/mycarrot/install/mycarrot/lib/python3.12/site-packages/mycarrot
[0.864s] byte-compiling /home/natalia/Documents/STUDING/robotix/modul4/ex02b/mycarrot/install/mycarrot/lib/python3.12/site-packages/mycarrot/turtle_spawner.py to turtle_spawner.cpython-312.pyc
[0.865s] running install_data
[0.865s] copying launch/turtle_tf2_launch.py -> /home/natalia/Documents/STUDING/robotix/modul4/ex02b/mycarrot/install/mycarrot/share/mycarrot/launch
[0.865s] running install_egg_info
[0.876s] removing '/home/natalia/Documents/STUDING/robotix/modul4/ex02b/mycarrot/install/mycarrot/lib/python3.12/site-packages/mycarrot-0.0.0-py3.12.egg-info' (and everything under it)
[0.877s] Copying build/mycarrot/mycarrot.egg-info to /home/natalia/Documents/STUDING/robotix/modul4/ex02b/mycarrot/install/mycarrot/lib/python3.12/site-packages/mycarrot-0.0.0-py3.12.egg-info
[0.877s] running install_scripts
[0.958s] Installing carrot_tf2_broadcaster script to /home/natalia/Documents/STUDING/robotix/modul4/ex02b/mycarrot/install/mycarrot/lib/mycarrot
[0.958s] Installing keyboard_input script to /home/natalia/Documents/STUDING/robotix/modul4/ex02b/mycarrot/install/mycarrot/lib/mycarrot
[0.958s] Installing static_target_broadcaster script to /home/natalia/Documents/STUDING/robotix/modul4/ex02b/mycarrot/install/mycarrot/lib/mycarrot
[0.959s] Installing target_switcher script to /home/natalia/Documents/STUDING/robotix/modul4/ex02b/mycarrot/install/mycarrot/lib/mycarrot
[0.959s] Installing turtle_controller script to /home/natalia/Documents/STUDING/robotix/modul4/ex02b/mycarrot/install/mycarrot/lib/mycarrot
[0.959s] Installing turtle_spawner script to /home/natalia/Documents/STUDING/robotix/modul4/ex02b/mycarrot/install/mycarrot/lib/mycarrot
[0.959s] Installing turtle_tf2_broadcaster script to /home/natalia/Documents/STUDING/robotix/modul4/ex02b/mycarrot/install/mycarrot/lib/mycarrot
[0.959s] writing list of installed files to '/home/natalia/Documents/STUDING/robotix/modul4/ex02b/mycarrot/build/mycarrot/install.log'
[0.975s] Invoked command in '/home/natalia/Documents/STUDING/robotix/modul4/ex02b/mycarrot' returned '0': DEBUGINFOD_URLS=https://debuginfod.ubuntu.com PYTHONPATH=/home/natalia/Documents/STUDING/robotix/modul4/ex02b/mycarrot/build/mycarrot/prefix_override:/usr/lib/python3/dist-packages/colcon_core/task/python/colcon_distutils_commands:/home/natalia/Documents/STUDING/robotix/modul4/ex02b/mycarrot/install/mycarrot/lib/python3.12/site-packages:${PYTHONPATH} /usr/bin/python3 -W ignore:setup.py install is deprecated -W ignore:easy_install command is deprecated setup.py egg_info --egg-base build/mycarrot build --build-base /home/natalia/Documents/STUDING/robotix/modul4/ex02b/mycarrot/build/mycarrot/build install --record /home/natalia/Documents/STUDING/robotix/modul4/ex02b/mycarrot/build/mycarrot/install.log --single-version-externally-managed install_data
