[0.007s] Invoking command in '/home/natalia/Documents/STUDING/robotix/modul3/ex05/build/action_cleaning_robot': CMAKE_PREFIX_PATH=${CMAKE_PREFIX_PATH}:/opt/ros/jazzy DEBUGINFOD_URLS=https://debuginfod.ubuntu.com /usr/bin/cmake --build /home/natalia/Documents/STUDING/robotix/modul3/ex05/build/action_cleaning_robot -- -j20 -l20
[0.179s] [  2%] Built target action_cleaning_robot__rosidl_generator_type_description
[0.218s] [  2%] Built target ament_cmake_python_copy_action_cleaning_robot
[0.293s] [  5%] Built target action_cleaning_robot__cpp
[0.303s] [ 20%] Built target action_cleaning_robot__rosidl_generator_c
[0.414s] [ 29%] Built target action_cleaning_robot__rosidl_typesupport_introspection_c
[0.421s] [ 38%] Built target action_cleaning_robot__rosidl_typesupport_c
[0.429s] [ 47%] Built target action_cleaning_robot__rosidl_typesupport_cpp
[0.431s] [ 55%] Built target action_cleaning_robot__rosidl_typesupport_fastrtps_c
[0.440s] [ 64%] Built target action_cleaning_robot__rosidl_typesupport_fastrtps_cpp
[0.443s] [ 73%] Built target action_cleaning_robot__rosidl_typesupport_introspection_cpp
[0.472s] [ 73%] Built target action_cleaning_robot
[0.491s] [ 76%] Built target action_cleaning_robot__py
[0.509s] [ 82%] Built target action_cleaning_robot__rosidl_generator_py
[0.528s] [ 88%] Built target action_cleaning_robot_s__rosidl_typesupport_fastrtps_c
[0.528s] [ 94%] Built target action_cleaning_robot_s__rosidl_typesupport_introspection_c
[0.528s] [100%] Built target action_cleaning_robot_s__rosidl_typesupport_c
[0.559s] running egg_info
[0.568s] writing action_cleaning_robot.egg-info/PKG-INFO
[0.568s] writing dependency_links to action_cleaning_robot.egg-info/dependency_links.txt
[0.568s] writing top-level names to action_cleaning_robot.egg-info/top_level.txt
[0.597s] reading manifest file 'action_cleaning_robot.egg-info/SOURCES.txt'
[0.598s] writing manifest file 'action_cleaning_robot.egg-info/SOURCES.txt'
[0.615s] [100%] Built target ament_cmake_python_build_action_cleaning_robot_egg
[0.623s] Invoked command in '/home/natalia/Documents/STUDING/robotix/modul3/ex05/build/action_cleaning_robot' returned '0': CMAKE_PREFIX_PATH=${CMAKE_PREFIX_PATH}:/opt/ros/jazzy DEBUGINFOD_URLS=https://debuginfod.ubuntu.com /usr/bin/cmake --build /home/natalia/Documents/STUDING/robotix/modul3/ex05/build/action_cleaning_robot -- -j20 -l20
[0.637s] Invoking command in '/home/natalia/Documents/STUDING/robotix/modul3/ex05/build/action_cleaning_robot': CMAKE_PREFIX_PATH=${CMAKE_PREFIX_PATH}:/opt/ros/jazzy DEBUGINFOD_URLS=https://debuginfod.ubuntu.com /usr/bin/cmake --install /home/natalia/Documents/STUDING/robotix/modul3/ex05/build/action_cleaning_robot
[0.653s] -- Install configuration: ""
[0.654s] -- Up-to-date: /home/natalia/Documents/STUDING/robotix/modul3/ex05/install/action_cleaning_robot/share/ament_index/resource_index/rosidl_interfaces/action_cleaning_robot
[0.654s] -- Up-to-date: /home/natalia/Documents/STUDING/robotix/modul3/ex05/install/action_cleaning_robot/share/action_cleaning_robot/action/CleaningTask.json
[0.654s] -- Up-to-date: /home/natalia/Documents/STUDING/robotix/modul3/ex05/install/action_cleaning_robot/include/action_cleaning_robot/action_cleaning_robot
[0.655s] -- Up-to-date: /home/natalia/Documents/STUDING/robotix/modul3/ex05/install/action_cleaning_robot/include/action_cleaning_robot/action_cleaning_robot/action
[0.655s] -- Up-to-date: /home/natalia/Documents/STUDING/robotix/modul3/ex05/install/action_cleaning_robot/include/action_cleaning_robot/action_cleaning_robot/action/cleaning_task.h
[0.655s] -- Up-to-date: /home/natalia/Documents/STUDING/robotix/modul3/ex05/install/action_cleaning_robot/include/action_cleaning_robot/action_cleaning_robot/action/detail
[0.655s] -- Up-to-date: /home/natalia/Documents/STUDING/robotix/modul3/ex05/install/action_cleaning_robot/include/action_cleaning_robot/action_cleaning_robot/action/detail/cleaning_task__functions.h
[0.655s] -- Up-to-date: /home/natalia/Documents/STUDING/robotix/modul3/ex05/install/action_cleaning_robot/include/action_cleaning_robot/action_cleaning_robot/action/detail/cleaning_task__struct.h
[0.656s] -- Up-to-date: /home/natalia/Documents/STUDING/robotix/modul3/ex05/install/action_cleaning_robot/include/action_cleaning_robot/action_cleaning_robot/action/detail/cleaning_task__functions.c
[0.656s] -- Up-to-date: /home/natalia/Documents/STUDING/robotix/modul3/ex05/install/action_cleaning_robot/include/action_cleaning_robot/action_cleaning_robot/action/detail/cleaning_task__type_support.h
[0.656s] -- Up-to-date: /home/natalia/Documents/STUDING/robotix/modul3/ex05/install/action_cleaning_robot/include/action_cleaning_robot/action_cleaning_robot/action/detail/cleaning_task__type_support.c
[0.656s] -- Up-to-date: /home/natalia/Documents/STUDING/robotix/modul3/ex05/install/action_cleaning_robot/include/action_cleaning_robot/action_cleaning_robot/action/detail/cleaning_task__description.c
[0.657s] -- Up-to-date: /home/natalia/Documents/STUDING/robotix/modul3/ex05/install/action_cleaning_robot/include/action_cleaning_robot/action_cleaning_robot/msg
[0.657s] -- Up-to-date: /home/natalia/Documents/STUDING/robotix/modul3/ex05/install/action_cleaning_robot/include/action_cleaning_robot/action_cleaning_robot/msg/rosidl_generator_c__visibility_control.h
[0.657s] -- Up-to-date: /home/natalia/Documents/STUDING/robotix/modul3/ex05/install/action_cleaning_robot/share/action_cleaning_robot/environment/library_path.sh
[0.657s] -- Up-to-date: /home/natalia/Documents/STUDING/robotix/modul3/ex05/install/action_cleaning_robot/share/action_cleaning_robot/environment/library_path.dsv
[0.657s] -- Up-to-date: /home/natalia/Documents/STUDING/robotix/modul3/ex05/install/action_cleaning_robot/lib/libaction_cleaning_robot__rosidl_generator_c.so
[0.658s] -- Up-to-date: /home/natalia/Documents/STUDING/robotix/modul3/ex05/install/action_cleaning_robot/include/action_cleaning_robot/action_cleaning_robot
[0.658s] -- Up-to-date: /home/natalia/Documents/STUDING/robotix/modul3/ex05/install/action_cleaning_robot/include/action_cleaning_robot/action_cleaning_robot/action
[0.658s] -- Up-to-date: /home/natalia/Documents/STUDING/robotix/modul3/ex05/install/action_cleaning_robot/include/action_cleaning_robot/action_cleaning_robot/action/detail
[0.658s] -- Up-to-date: /home/natalia/Documents/STUDING/robotix/modul3/ex05/install/action_cleaning_robot/include/action_cleaning_robot/action_cleaning_robot/action/detail/cleaning_task__rosidl_typesupport_fastrtps_c.h
[0.659s] -- Up-to-date: /home/natalia/Documents/STUDING/robotix/modul3/ex05/install/action_cleaning_robot/include/action_cleaning_robot/action_cleaning_robot/msg
[0.659s] -- Up-to-date: /home/natalia/Documents/STUDING/robotix/modul3/ex05/install/action_cleaning_robot/include/action_cleaning_robot/action_cleaning_robot/msg/rosidl_typesupport_fastrtps_c__visibility_control.h
[0.659s] -- Up-to-date: /home/natalia/Documents/STUDING/robotix/modul3/ex05/install/action_cleaning_robot/lib/libaction_cleaning_robot__rosidl_typesupport_fastrtps_c.so
[0.659s] -- Up-to-date: /home/natalia/Documents/STUDING/robotix/modul3/ex05/install/action_cleaning_robot/include/action_cleaning_robot/action_cleaning_robot
[0.659s] -- Up-to-date: /home/natalia/Documents/STUDING/robotix/modul3/ex05/install/action_cleaning_robot/include/action_cleaning_robot/action_cleaning_robot/action
[0.660s] -- Up-to-date: /home/natalia/Documents/STUDING/robotix/modul3/ex05/install/action_cleaning_robot/include/action_cleaning_robot/action_cleaning_robot/action/detail
[0.661s] -- Up-to-date: /home/natalia/Documents/STUDING/robotix/modul3/ex05/install/action_cleaning_robot/include/action_cleaning_robot/action_cleaning_robot/action/detail/cleaning_task__rosidl_typesupport_introspection_c.h
[0.661s] -- Up-to-date: /home/natalia/Documents/STUDING/robotix/modul3/ex05/install/action_cleaning_robot/include/action_cleaning_robot/action_cleaning_robot/action/detail/cleaning_task__type_support.c
[0.661s] -- Up-to-date: /home/natalia/Documents/STUDING/robotix/modul3/ex05/install/action_cleaning_robot/include/action_cleaning_robot/action_cleaning_robot/msg
[0.661s] -- Up-to-date: /home/natalia/Documents/STUDING/robotix/modul3/ex05/install/action_cleaning_robot/include/action_cleaning_robot/action_cleaning_robot/msg/rosidl_typesupport_introspection_c__visibility_control.h
[0.661s] -- Up-to-date: /home/natalia/Documents/STUDING/robotix/modul3/ex05/install/action_cleaning_robot/lib/libaction_cleaning_robot__rosidl_typesupport_introspection_c.so
[0.662s] -- Up-to-date: /home/natalia/Documents/STUDING/robotix/modul3/ex05/install/action_cleaning_robot/lib/libaction_cleaning_robot__rosidl_typesupport_c.so
[0.662s] -- Up-to-date: /home/natalia/Documents/STUDING/robotix/modul3/ex05/install/action_cleaning_robot/include/action_cleaning_robot/action_cleaning_robot
[0.662s] -- Up-to-date: /home/natalia/Documents/STUDING/robotix/modul3/ex05/install/action_cleaning_robot/include/action_cleaning_robot/action_cleaning_robot/action
[0.662s] -- Up-to-date: /home/natalia/Documents/STUDING/robotix/modul3/ex05/install/action_cleaning_robot/include/action_cleaning_robot/action_cleaning_robot/action/detail
[0.662s] -- Up-to-date: /home/natalia/Documents/STUDING/robotix/modul3/ex05/install/action_cleaning_robot/include/action_cleaning_robot/action_cleaning_robot/action/detail/cleaning_task__traits.hpp
[0.663s] -- Up-to-date: /home/natalia/Documents/STUDING/robotix/modul3/ex05/install/action_cleaning_robot/include/action_cleaning_robot/action_cleaning_robot/action/detail/cleaning_task__struct.hpp
[0.663s] -- Up-to-date: /home/natalia/Documents/STUDING/robotix/modul3/ex05/install/action_cleaning_robot/include/action_cleaning_robot/action_cleaning_robot/action/detail/cleaning_task__builder.hpp
[0.663s] -- Up-to-date: /home/natalia/Documents/STUDING/robotix/modul3/ex05/install/action_cleaning_robot/include/action_cleaning_robot/action_cleaning_robot/action/detail/cleaning_task__type_support.hpp
[0.663s] -- Up-to-date: /home/natalia/Documents/STUDING/robotix/modul3/ex05/install/action_cleaning_robot/include/action_cleaning_robot/action_cleaning_robot/action/cleaning_task.hpp
[0.664s] -- Up-to-date: /home/natalia/Documents/STUDING/robotix/modul3/ex05/install/action_cleaning_robot/include/action_cleaning_robot/action_cleaning_robot/msg
[0.664s] -- Up-to-date: /home/natalia/Documents/STUDING/robotix/modul3/ex05/install/action_cleaning_robot/include/action_cleaning_robot/action_cleaning_robot/msg/rosidl_generator_cpp__visibility_control.hpp
[0.664s] -- Up-to-date: /home/natalia/Documents/STUDING/robotix/modul3/ex05/install/action_cleaning_robot/include/action_cleaning_robot/action_cleaning_robot
[0.664s] -- Up-to-date: /home/natalia/Documents/STUDING/robotix/modul3/ex05/install/action_cleaning_robot/include/action_cleaning_robot/action_cleaning_robot/action
[0.664s] -- Up-to-date: /home/natalia/Documents/STUDING/robotix/modul3/ex05/install/action_cleaning_robot/include/action_cleaning_robot/action_cleaning_robot/action/detail
[0.665s] -- Up-to-date: /home/natalia/Documents/STUDING/robotix/modul3/ex05/install/action_cleaning_robot/include/action_cleaning_robot/action_cleaning_robot/action/detail/cleaning_task__rosidl_typesupport_fastrtps_cpp.hpp
[0.665s] -- Up-to-date: /home/natalia/Documents/STUDING/robotix/modul3/ex05/install/action_cleaning_robot/include/action_cleaning_robot/action_cleaning_robot/action/detail/dds_fastrtps
[0.665s] -- Up-to-date: /home/natalia/Documents/STUDING/robotix/modul3/ex05/install/action_cleaning_robot/include/action_cleaning_robot/action_cleaning_robot/msg
[0.665s] -- Up-to-date: /home/natalia/Documents/STUDING/robotix/modul3/ex05/install/action_cleaning_robot/include/action_cleaning_robot/action_cleaning_robot/msg/rosidl_typesupport_fastrtps_cpp__visibility_control.h
[0.665s] -- Up-to-date: /home/natalia/Documents/STUDING/robotix/modul3/ex05/install/action_cleaning_robot/lib/libaction_cleaning_robot__rosidl_typesupport_fastrtps_cpp.so
[0.665s] -- Up-to-date: /home/natalia/Documents/STUDING/robotix/modul3/ex05/install/action_cleaning_robot/include/action_cleaning_robot/action_cleaning_robot
[0.666s] -- Up-to-date: /home/natalia/Documents/STUDING/robotix/modul3/ex05/install/action_cleaning_robot/include/action_cleaning_robot/action_cleaning_robot/action
[0.666s] -- Up-to-date: /home/natalia/Documents/STUDING/robotix/modul3/ex05/install/action_cleaning_robot/include/action_cleaning_robot/action_cleaning_robot/action/detail
[0.666s] -- Up-to-date: /home/natalia/Documents/STUDING/robotix/modul3/ex05/install/action_cleaning_robot/include/action_cleaning_robot/action_cleaning_robot/action/detail/cleaning_task__rosidl_typesupport_introspection_cpp.hpp
[0.666s] -- Up-to-date: /home/natalia/Documents/STUDING/robotix/modul3/ex05/install/action_cleaning_robot/include/action_cleaning_robot/action_cleaning_robot/action/detail/cleaning_task__type_support.cpp
[0.666s] -- Up-to-date: /home/natalia/Documents/STUDING/robotix/modul3/ex05/install/action_cleaning_robot/lib/libaction_cleaning_robot__rosidl_typesupport_introspection_cpp.so
[0.667s] -- Up-to-date: /home/natalia/Documents/STUDING/robotix/modul3/ex05/install/action_cleaning_robot/lib/libaction_cleaning_robot__rosidl_typesupport_cpp.so
[0.667s] -- Up-to-date: /home/natalia/Documents/STUDING/robotix/modul3/ex05/install/action_cleaning_robot/share/action_cleaning_robot/environment/pythonpath.sh
[0.667s] -- Up-to-date: /home/natalia/Documents/STUDING/robotix/modul3/ex05/install/action_cleaning_robot/share/action_cleaning_robot/environment/pythonpath.dsv
[0.667s] -- Up-to-date: /home/natalia/Documents/STUDING/robotix/modul3/ex05/install/action_cleaning_robot/lib/python3.12/site-packages/action_cleaning_robot-0.0.0-py3.12.egg-info
[0.667s] -- Installing: /home/natalia/Documents/STUDING/robotix/modul3/ex05/install/action_cleaning_robot/lib/python3.12/site-packages/action_cleaning_robot-0.0.0-py3.12.egg-info/top_level.txt
[0.668s] -- Installing: /home/natalia/Documents/STUDING/robotix/modul3/ex05/install/action_cleaning_robot/lib/python3.12/site-packages/action_cleaning_robot-0.0.0-py3.12.egg-info/PKG-INFO
[0.668s] -- Installing: /home/natalia/Documents/STUDING/robotix/modul3/ex05/install/action_cleaning_robot/lib/python3.12/site-packages/action_cleaning_robot-0.0.0-py3.12.egg-info/SOURCES.txt
[0.668s] -- Installing: /home/natalia/Documents/STUDING/robotix/modul3/ex05/install/action_cleaning_robot/lib/python3.12/site-packages/action_cleaning_robot-0.0.0-py3.12.egg-info/dependency_links.txt
[0.668s] -- Up-to-date: /home/natalia/Documents/STUDING/robotix/modul3/ex05/install/action_cleaning_robot/lib/python3.12/site-packages/action_cleaning_robot
[0.668s] -- Up-to-date: /home/natalia/Documents/STUDING/robotix/modul3/ex05/install/action_cleaning_robot/lib/python3.12/site-packages/action_cleaning_robot/_action_cleaning_robot_s.ep.rosidl_typesupport_introspection_c.c
[0.668s] -- Up-to-date: /home/natalia/Documents/STUDING/robotix/modul3/ex05/install/action_cleaning_robot/lib/python3.12/site-packages/action_cleaning_robot/_action_cleaning_robot_s.ep.rosidl_typesupport_c.c
[0.669s] -- Up-to-date: /home/natalia/Documents/STUDING/robotix/modul3/ex05/install/action_cleaning_robot/lib/python3.12/site-packages/action_cleaning_robot/_action_cleaning_robot_s.ep.rosidl_typesupport_fastrtps_c.c
[0.669s] -- Up-to-date: /home/natalia/Documents/STUDING/robotix/modul3/ex05/install/action_cleaning_robot/lib/python3.12/site-packages/action_cleaning_robot/action
[0.669s] -- Up-to-date: /home/natalia/Documents/STUDING/robotix/modul3/ex05/install/action_cleaning_robot/lib/python3.12/site-packages/action_cleaning_robot/action/_cleaning_task.py
[0.669s] -- Up-to-date: /home/natalia/Documents/STUDING/robotix/modul3/ex05/install/action_cleaning_robot/lib/python3.12/site-packages/action_cleaning_robot/action/_cleaning_task_s.c
[0.669s] -- Up-to-date: /home/natalia/Documents/STUDING/robotix/modul3/ex05/install/action_cleaning_robot/lib/python3.12/site-packages/action_cleaning_robot/action/__init__.py
[0.670s] -- Up-to-date: /home/natalia/Documents/STUDING/robotix/modul3/ex05/install/action_cleaning_robot/lib/python3.12/site-packages/action_cleaning_robot/action_cleaning_robot_s__rosidl_typesupport_introspection_c.so
[0.670s] -- Up-to-date: /home/natalia/Documents/STUDING/robotix/modul3/ex05/install/action_cleaning_robot/lib/python3.12/site-packages/action_cleaning_robot/__init__.py
[0.670s] -- Up-to-date: /home/natalia/Documents/STUDING/robotix/modul3/ex05/install/action_cleaning_robot/lib/python3.12/site-packages/action_cleaning_robot/action_cleaning_robot_s__rosidl_typesupport_c.so
[0.670s] -- Up-to-date: /home/natalia/Documents/STUDING/robotix/modul3/ex05/install/action_cleaning_robot/lib/python3.12/site-packages/action_cleaning_robot/action_cleaning_robot_s__rosidl_typesupport_fastrtps_c.so
[0.742s] Listing '/home/natalia/Documents/STUDING/robotix/modul3/ex05/install/action_cleaning_robot/lib/python3.12/site-packages/action_cleaning_robot'...
[0.742s] Listing '/home/natalia/Documents/STUDING/robotix/modul3/ex05/install/action_cleaning_robot/lib/python3.12/site-packages/action_cleaning_robot/action'...
[0.749s] -- Up-to-date: /home/natalia/Documents/STUDING/robotix/modul3/ex05/install/action_cleaning_robot/lib/python3.12/site-packages/action_cleaning_robot/action_cleaning_robot_s__rosidl_typesupport_fastrtps_c.so
[0.749s] -- Up-to-date: /home/natalia/Documents/STUDING/robotix/modul3/ex05/install/action_cleaning_robot/lib/python3.12/site-packages/action_cleaning_robot/action_cleaning_robot_s__rosidl_typesupport_introspection_c.so
[0.749s] -- Up-to-date: /home/natalia/Documents/STUDING/robotix/modul3/ex05/install/action_cleaning_robot/lib/python3.12/site-packages/action_cleaning_robot/action_cleaning_robot_s__rosidl_typesupport_c.so
[0.750s] -- Up-to-date: /home/natalia/Documents/STUDING/robotix/modul3/ex05/install/action_cleaning_robot/lib/libaction_cleaning_robot__rosidl_generator_py.so
[0.750s] -- Up-to-date: /home/natalia/Documents/STUDING/robotix/modul3/ex05/install/action_cleaning_robot/share/action_cleaning_robot/action/CleaningTask.idl
[0.750s] -- Up-to-date: /home/natalia/Documents/STUDING/robotix/modul3/ex05/install/action_cleaning_robot/share/action_cleaning_robot/action/CleaningTask.action
[0.750s] -- Up-to-date: /home/natalia/Documents/STUDING/robotix/modul3/ex05/install/action_cleaning_robot/share/ament_index/resource_index/package_run_dependencies/action_cleaning_robot
[0.750s] -- Up-to-date: /home/natalia/Documents/STUDING/robotix/modul3/ex05/install/action_cleaning_robot/share/ament_index/resource_index/parent_prefix_path/action_cleaning_robot
[0.750s] -- Up-to-date: /home/natalia/Documents/STUDING/robotix/modul3/ex05/install/action_cleaning_robot/share/action_cleaning_robot/environment/ament_prefix_path.sh
[0.751s] -- Up-to-date: /home/natalia/Documents/STUDING/robotix/modul3/ex05/install/action_cleaning_robot/share/action_cleaning_robot/environment/ament_prefix_path.dsv
[0.751s] -- Up-to-date: /home/natalia/Documents/STUDING/robotix/modul3/ex05/install/action_cleaning_robot/share/action_cleaning_robot/environment/path.sh
[0.751s] -- Up-to-date: /home/natalia/Documents/STUDING/robotix/modul3/ex05/install/action_cleaning_robot/share/action_cleaning_robot/environment/path.dsv
[0.751s] -- Up-to-date: /home/natalia/Documents/STUDING/robotix/modul3/ex05/install/action_cleaning_robot/share/action_cleaning_robot/local_setup.bash
[0.751s] -- Up-to-date: /home/natalia/Documents/STUDING/robotix/modul3/ex05/install/action_cleaning_robot/share/action_cleaning_robot/local_setup.sh
[0.752s] -- Up-to-date: /home/natalia/Documents/STUDING/robotix/modul3/ex05/install/action_cleaning_robot/share/action_cleaning_robot/local_setup.zsh
[0.752s] -- Up-to-date: /home/natalia/Documents/STUDING/robotix/modul3/ex05/install/action_cleaning_robot/share/action_cleaning_robot/local_setup.dsv
[0.752s] -- Installing: /home/natalia/Documents/STUDING/robotix/modul3/ex05/install/action_cleaning_robot/share/action_cleaning_robot/package.dsv
[0.752s] -- Up-to-date: /home/natalia/Documents/STUDING/robotix/modul3/ex05/install/action_cleaning_robot/share/ament_index/resource_index/packages/action_cleaning_robot
[0.752s] -- Up-to-date: /home/natalia/Documents/STUDING/robotix/modul3/ex05/install/action_cleaning_robot/share/action_cleaning_robot/cmake/export_action_cleaning_robot__rosidl_generator_cExport.cmake
[0.752s] -- Up-to-date: /home/natalia/Documents/STUDING/robotix/modul3/ex05/install/action_cleaning_robot/share/action_cleaning_robot/cmake/export_action_cleaning_robot__rosidl_generator_cExport-noconfig.cmake
[0.752s] -- Up-to-date: /home/natalia/Documents/STUDING/robotix/modul3/ex05/install/action_cleaning_robot/share/action_cleaning_robot/cmake/export_action_cleaning_robot__rosidl_typesupport_fastrtps_cExport.cmake
[0.752s] -- Up-to-date: /home/natalia/Documents/STUDING/robotix/modul3/ex05/install/action_cleaning_robot/share/action_cleaning_robot/cmake/export_action_cleaning_robot__rosidl_typesupport_fastrtps_cExport-noconfig.cmake
[0.753s] -- Up-to-date: /home/natalia/Documents/STUDING/robotix/modul3/ex05/install/action_cleaning_robot/share/action_cleaning_robot/cmake/action_cleaning_robot__rosidl_typesupport_introspection_cExport.cmake
[0.753s] -- Up-to-date: /home/natalia/Documents/STUDING/robotix/modul3/ex05/install/action_cleaning_robot/share/action_cleaning_robot/cmake/action_cleaning_robot__rosidl_typesupport_introspection_cExport-noconfig.cmake
[0.753s] -- Up-to-date: /home/natalia/Documents/STUDING/robotix/modul3/ex05/install/action_cleaning_robot/share/action_cleaning_robot/cmake/action_cleaning_robot__rosidl_typesupport_cExport.cmake
[0.753s] -- Up-to-date: /home/natalia/Documents/STUDING/robotix/modul3/ex05/install/action_cleaning_robot/share/action_cleaning_robot/cmake/action_cleaning_robot__rosidl_typesupport_cExport-noconfig.cmake
[0.753s] -- Up-to-date: /home/natalia/Documents/STUDING/robotix/modul3/ex05/install/action_cleaning_robot/share/action_cleaning_robot/cmake/export_action_cleaning_robot__rosidl_generator_cppExport.cmake
[0.753s] -- Up-to-date: /home/natalia/Documents/STUDING/robotix/modul3/ex05/install/action_cleaning_robot/share/action_cleaning_robot/cmake/export_action_cleaning_robot__rosidl_typesupport_fastrtps_cppExport.cmake
[0.753s] -- Up-to-date: /home/natalia/Documents/STUDING/robotix/modul3/ex05/install/action_cleaning_robot/share/action_cleaning_robot/cmake/export_action_cleaning_robot__rosidl_typesupport_fastrtps_cppExport-noconfig.cmake
[0.753s] -- Up-to-date: /home/natalia/Documents/STUDING/robotix/modul3/ex05/install/action_cleaning_robot/share/action_cleaning_robot/cmake/action_cleaning_robot__rosidl_typesupport_introspection_cppExport.cmake
[0.754s] -- Up-to-date: /home/natalia/Documents/STUDING/robotix/modul3/ex05/install/action_cleaning_robot/share/action_cleaning_robot/cmake/action_cleaning_robot__rosidl_typesupport_introspection_cppExport-noconfig.cmake
[0.754s] -- Up-to-date: /home/natalia/Documents/STUDING/robotix/modul3/ex05/install/action_cleaning_robot/share/action_cleaning_robot/cmake/action_cleaning_robot__rosidl_typesupport_cppExport.cmake
[0.755s] -- Up-to-date: /home/natalia/Documents/STUDING/robotix/modul3/ex05/install/action_cleaning_robot/share/action_cleaning_robot/cmake/action_cleaning_robot__rosidl_typesupport_cppExport-noconfig.cmake
[0.755s] -- Up-to-date: /home/natalia/Documents/STUDING/robotix/modul3/ex05/install/action_cleaning_robot/share/action_cleaning_robot/cmake/export_action_cleaning_robot__rosidl_generator_pyExport.cmake
[0.755s] -- Up-to-date: /home/natalia/Documents/STUDING/robotix/modul3/ex05/install/action_cleaning_robot/share/action_cleaning_robot/cmake/export_action_cleaning_robot__rosidl_generator_pyExport-noconfig.cmake
[0.756s] -- Up-to-date: /home/natalia/Documents/STUDING/robotix/modul3/ex05/install/action_cleaning_robot/share/action_cleaning_robot/cmake/rosidl_cmake-extras.cmake
[0.756s] -- Up-to-date: /home/natalia/Documents/STUDING/robotix/modul3/ex05/install/action_cleaning_robot/share/action_cleaning_robot/cmake/ament_cmake_export_dependencies-extras.cmake
[0.756s] -- Up-to-date: /home/natalia/Documents/STUDING/robotix/modul3/ex05/install/action_cleaning_robot/share/action_cleaning_robot/cmake/ament_cmake_export_include_directories-extras.cmake
[0.756s] -- Up-to-date: /home/natalia/Documents/STUDING/robotix/modul3/ex05/install/action_cleaning_robot/share/action_cleaning_robot/cmake/ament_cmake_export_libraries-extras.cmake
[0.756s] -- Up-to-date: /home/natalia/Documents/STUDING/robotix/modul3/ex05/install/action_cleaning_robot/share/action_cleaning_robot/cmake/ament_cmake_export_targets-extras.cmake
[0.756s] -- Up-to-date: /home/natalia/Documents/STUDING/robotix/modul3/ex05/install/action_cleaning_robot/share/action_cleaning_robot/cmake/rosidl_cmake_export_typesupport_targets-extras.cmake
[0.757s] -- Up-to-date: /home/natalia/Documents/STUDING/robotix/modul3/ex05/install/action_cleaning_robot/share/action_cleaning_robot/cmake/rosidl_cmake_export_typesupport_libraries-extras.cmake
[0.757s] -- Up-to-date: /home/natalia/Documents/STUDING/robotix/modul3/ex05/install/action_cleaning_robot/share/action_cleaning_robot/cmake/action_cleaning_robotConfig.cmake
[0.757s] -- Up-to-date: /home/natalia/Documents/STUDING/robotix/modul3/ex05/install/action_cleaning_robot/share/action_cleaning_robot/cmake/action_cleaning_robotConfig-version.cmake
[0.757s] -- Up-to-date: /home/natalia/Documents/STUDING/robotix/modul3/ex05/install/action_cleaning_robot/share/action_cleaning_robot/package.xml
[0.757s] Invoked command in '/home/natalia/Documents/STUDING/robotix/modul3/ex05/build/action_cleaning_robot' returned '0': CMAKE_PREFIX_PATH=${CMAKE_PREFIX_PATH}:/opt/ros/jazzy DEBUGINFOD_URLS=https://debuginfod.ubuntu.com /usr/bin/cmake --install /home/natalia/Documents/STUDING/robotix/modul3/ex05/build/action_cleaning_robot
