[0.012s] Invoking command in '/home/natalia/Documents/STUDING/robotix/modul6/ex05/build/robot_app': CMAKE_PREFIX_PATH=${CMAKE_PREFIX_PATH}:/opt/ros/jazzy DEBUGINFOD_URLS=https://debuginfod.ubuntu.com PS1=(.venv) \[\e]0;\u@\h: \w\a\]${debian_chroot:+($debian_chroot)}\[\033[01;32m\]\u@\h\[\033[00m\]:\[\033[01;34m\]\w\[\033[00m\]\$ VIRTUAL_ENV_PROMPT=(.venv) /usr/bin/cmake --build /home/natalia/Documents/STUDING/robotix/modul6/ex05/build/robot_app -- -j20 -l20
[0.145s] Invoked command in '/home/natalia/Documents/STUDING/robotix/modul6/ex05/build/robot_app' returned '0': CMAKE_PREFIX_PATH=${CMAKE_PREFIX_PATH}:/opt/ros/jazzy DEBUGINFOD_URLS=https://debuginfod.ubuntu.com PS1=(.venv) \[\e]0;\u@\h: \w\a\]${debian_chroot:+($debian_chroot)}\[\033[01;32m\]\u@\h\[\033[00m\]:\[\033[01;34m\]\w\[\033[00m\]\$ VIRTUAL_ENV_PROMPT=(.venv) /usr/bin/cmake --build /home/natalia/Documents/STUDING/robotix/modul6/ex05/build/robot_app -- -j20 -l20
[0.151s] Invoking command in '/home/natalia/Documents/STUDING/robotix/modul6/ex05/build/robot_app': CMAKE_PREFIX_PATH=${CMAKE_PREFIX_PATH}:/opt/ros/jazzy DEBUGINFOD_URLS=https://debuginfod.ubuntu.com PS1=(.venv) \[\e]0;\u@\h: \w\a\]${debian_chroot:+($debian_chroot)}\[\033[01;32m\]\u@\h\[\033[00m\]:\[\033[01;34m\]\w\[\033[00m\]\$ VIRTUAL_ENV_PROMPT=(.venv) /usr/bin/cmake --install /home/natalia/Documents/STUDING/robotix/modul6/ex05/build/robot_app
[0.197s] -- Install configuration: ""
[0.198s] -- Up-to-date: /home/natalia/Documents/STUDING/robotix/modul6/ex05/install/robot_app/share/ament_index/resource_index/package_run_dependencies/robot_app
[0.198s] -- Up-to-date: /home/natalia/Documents/STUDING/robotix/modul6/ex05/install/robot_app/share/ament_index/resource_index/parent_prefix_path/robot_app
[0.199s] -- Up-to-date: /home/natalia/Documents/STUDING/robotix/modul6/ex05/install/robot_app/share/robot_app/environment/ament_prefix_path.sh
[0.199s] -- Up-to-date: /home/natalia/Documents/STUDING/robotix/modul6/ex05/install/robot_app/share/robot_app/environment/ament_prefix_path.dsv
[0.199s] -- Up-to-date: /home/natalia/Documents/STUDING/robotix/modul6/ex05/install/robot_app/share/robot_app/environment/path.sh
[0.200s] -- Up-to-date: /home/natalia/Documents/STUDING/robotix/modul6/ex05/install/robot_app/share/robot_app/environment/path.dsv
[0.200s] -- Up-to-date: /home/natalia/Documents/STUDING/robotix/modul6/ex05/install/robot_app/share/robot_app/local_setup.bash
[0.201s] -- Up-to-date: /home/natalia/Documents/STUDING/robotix/modul6/ex05/install/robot_app/share/robot_app/local_setup.sh
[0.201s] -- Up-to-date: /home/natalia/Documents/STUDING/robotix/modul6/ex05/install/robot_app/share/robot_app/local_setup.zsh
[0.201s] -- Up-to-date: /home/natalia/Documents/STUDING/robotix/modul6/ex05/install/robot_app/share/robot_app/local_setup.dsv
[0.202s] -- Installing: /home/natalia/Documents/STUDING/robotix/modul6/ex05/install/robot_app/share/robot_app/package.dsv
[0.203s] -- Up-to-date: /home/natalia/Documents/STUDING/robotix/modul6/ex05/install/robot_app/share/ament_index/resource_index/packages/robot_app
[0.206s] -- Up-to-date: /home/natalia/Documents/STUDING/robotix/modul6/ex05/install/robot_app/share/robot_app/cmake/robot_appConfig.cmake
[0.208s] -- Up-to-date: /home/natalia/Documents/STUDING/robotix/modul6/ex05/install/robot_app/share/robot_app/cmake/robot_appConfig-version.cmake
[0.210s] -- Up-to-date: /home/natalia/Documents/STUDING/robotix/modul6/ex05/install/robot_app/share/robot_app/package.xml
[0.297s] Invoked command in '/home/natalia/Documents/STUDING/robotix/modul6/ex05/build/robot_app' returned '0': CMAKE_PREFIX_PATH=${CMAKE_PREFIX_PATH}:/opt/ros/jazzy DEBUGINFOD_URLS=https://debuginfod.ubuntu.com PS1=(.venv) \[\e]0;\u@\h: \w\a\]${debian_chroot:+($debian_chroot)}\[\033[01;32m\]\u@\h\[\033[00m\]:\[\033[01;34m\]\w\[\033[00m\]\$ VIRTUAL_ENV_PROMPT=(.venv) /usr/bin/cmake --install /home/natalia/Documents/STUDING/robotix/modul6/ex05/build/robot_app
