[0.013s] Invoking command in '/home/natalia/Documents/STUDING/robotix/modul6/ex01/build/ros_gz_example_description': CMAKE_PREFIX_PATH=${CMAKE_PREFIX_PATH}:/opt/ros/jazzy DEBUGINFOD_URLS=https://debuginfod.ubuntu.com /usr/bin/cmake --build /home/natalia/Documents/STUDING/robotix/modul6/ex01/build/ros_gz_example_description -- -j20 -l20
[0.174s] Invoked command in '/home/natalia/Documents/STUDING/robotix/modul6/ex01/build/ros_gz_example_description' returned '0': CMAKE_PREFIX_PATH=${CMAKE_PREFIX_PATH}:/opt/ros/jazzy DEBUGINFOD_URLS=https://debuginfod.ubuntu.com /usr/bin/cmake --build /home/natalia/Documents/STUDING/robotix/modul6/ex01/build/ros_gz_example_description -- -j20 -l20
[0.223s] Invoking command in '/home/natalia/Documents/STUDING/robotix/modul6/ex01/build/ros_gz_example_description': CMAKE_PREFIX_PATH=${CMAKE_PREFIX_PATH}:/opt/ros/jazzy DEBUGINFOD_URLS=https://debuginfod.ubuntu.com /usr/bin/cmake --install /home/natalia/Documents/STUDING/robotix/modul6/ex01/build/ros_gz_example_description
[0.264s] -- Install configuration: ""
[0.265s] -- Up-to-date: /home/natalia/Documents/STUDING/robotix/modul6/ex01/install/ros_gz_example_description/share/ros_gz_example_description/models
[0.266s] -- Up-to-date: /home/natalia/Documents/STUDING/robotix/modul6/ex01/install/ros_gz_example_description/share/ros_gz_example_description/models/diff_drive
[0.267s] -- Up-to-date: /home/natalia/Documents/STUDING/robotix/modul6/ex01/install/ros_gz_example_description/share/ros_gz_example_description/models/diff_drive/model.config
[0.268s] -- Up-to-date: /home/natalia/Documents/STUDING/robotix/modul6/ex01/install/ros_gz_example_description/share/ros_gz_example_description/models/diff_drive/model.sdf
[0.268s] -- Up-to-date: /home/natalia/Documents/STUDING/robotix/modul6/ex01/install/ros_gz_example_description/share/ros_gz_example_description/models/rrbot
[0.269s] -- Up-to-date: /home/natalia/Documents/STUDING/robotix/modul6/ex01/install/ros_gz_example_description/share/ros_gz_example_description/models/rrbot/model.sdf
[0.270s] -- Up-to-date: /home/natalia/Documents/STUDING/robotix/modul6/ex01/install/ros_gz_example_description/share/ros_gz_example_description/environment/ros_gz_example_description.dsv
[0.270s] -- Up-to-date: /home/natalia/Documents/STUDING/robotix/modul6/ex01/install/ros_gz_example_description/share/ros_gz_example_description/environment/ros_gz_example_description.sh
[0.271s] -- Up-to-date: /home/natalia/Documents/STUDING/robotix/modul6/ex01/install/ros_gz_example_description/share/ament_index/resource_index/package_run_dependencies/ros_gz_example_description
[0.272s] -- Up-to-date: /home/natalia/Documents/STUDING/robotix/modul6/ex01/install/ros_gz_example_description/share/ament_index/resource_index/parent_prefix_path/ros_gz_example_description
[0.274s] -- Up-to-date: /home/natalia/Documents/STUDING/robotix/modul6/ex01/install/ros_gz_example_description/share/ros_gz_example_description/environment/ament_prefix_path.sh
[0.277s] -- Up-to-date: /home/natalia/Documents/STUDING/robotix/modul6/ex01/install/ros_gz_example_description/share/ros_gz_example_description/environment/ament_prefix_path.dsv
[0.282s] -- Up-to-date: /home/natalia/Documents/STUDING/robotix/modul6/ex01/install/ros_gz_example_description/share/ros_gz_example_description/environment/path.sh
[0.283s] -- Up-to-date: /home/natalia/Documents/STUDING/robotix/modul6/ex01/install/ros_gz_example_description/share/ros_gz_example_description/environment/path.dsv
[0.286s] -- Up-to-date: /home/natalia/Documents/STUDING/robotix/modul6/ex01/install/ros_gz_example_description/share/ros_gz_example_description/local_setup.bash
[0.287s] -- Up-to-date: /home/natalia/Documents/STUDING/robotix/modul6/ex01/install/ros_gz_example_description/share/ros_gz_example_description/local_setup.sh
[0.288s] -- Up-to-date: /home/natalia/Documents/STUDING/robotix/modul6/ex01/install/ros_gz_example_description/share/ros_gz_example_description/local_setup.zsh
[0.289s] -- Up-to-date: /home/natalia/Documents/STUDING/robotix/modul6/ex01/install/ros_gz_example_description/share/ros_gz_example_description/local_setup.dsv
[0.291s] -- Installing: /home/natalia/Documents/STUDING/robotix/modul6/ex01/install/ros_gz_example_description/share/ros_gz_example_description/package.dsv
[0.293s] -- Up-to-date: /home/natalia/Documents/STUDING/robotix/modul6/ex01/install/ros_gz_example_description/share/ament_index/resource_index/packages/ros_gz_example_description
[0.294s] -- Up-to-date: /home/natalia/Documents/STUDING/robotix/modul6/ex01/install/ros_gz_example_description/share/ros_gz_example_description/cmake/ros_gz_example_descriptionConfig.cmake
[0.296s] -- Up-to-date: /home/natalia/Documents/STUDING/robotix/modul6/ex01/install/ros_gz_example_description/share/ros_gz_example_description/cmake/ros_gz_example_descriptionConfig-version.cmake
[0.297s] -- Up-to-date: /home/natalia/Documents/STUDING/robotix/modul6/ex01/install/ros_gz_example_description/share/ros_gz_example_description/package.xml
[0.305s] Invoked command in '/home/natalia/Documents/STUDING/robotix/modul6/ex01/build/ros_gz_example_description' returned '0': CMAKE_PREFIX_PATH=${CMAKE_PREFIX_PATH}:/opt/ros/jazzy DEBUGINFOD_URLS=https://debuginfod.ubuntu.com /usr/bin/cmake --install /home/natalia/Documents/STUDING/robotix/modul6/ex01/build/ros_gz_example_description
