[0.012s] Invoking command in '/home/natalia/Documents/STUDING/robotix/modul6/ex05/build/robot_bringup': CMAKE_PREFIX_PATH=${CMAKE_PREFIX_PATH}:/opt/ros/jazzy DEBUGINFOD_URLS=https://debuginfod.ubuntu.com /usr/bin/cmake --build /home/natalia/Documents/STUDING/robotix/modul6/ex05/build/robot_bringup -- -j20 -l20
[0.130s] -- Found ament_cmake: 2.5.4 (/opt/ros/jazzy/share/ament_cmake/cmake)
[1.312s] -- Found ament_lint_auto: 0.17.3 (/opt/ros/jazzy/share/ament_lint_auto/cmake)
[1.807s] -- Configuring done (1.7s)
[1.818s] -- Generating done (0.0s)
[1.825s] -- Build files have been written to: /home/natalia/Documents/STUDING/robotix/modul6/ex05/build/robot_bringup
[1.897s] Invoked command in '/home/natalia/Documents/STUDING/robotix/modul6/ex05/build/robot_bringup' returned '0': CMAKE_PREFIX_PATH=${CMAKE_PREFIX_PATH}:/opt/ros/jazzy DEBUGINFOD_URLS=https://debuginfod.ubuntu.com /usr/bin/cmake --build /home/natalia/Documents/STUDING/robotix/modul6/ex05/build/robot_bringup -- -j20 -l20
[1.901s] Invoking command in '/home/natalia/Documents/STUDING/robotix/modul6/ex05/build/robot_bringup': CMAKE_PREFIX_PATH=${CMAKE_PREFIX_PATH}:/opt/ros/jazzy DEBUGINFOD_URLS=https://debuginfod.ubuntu.com /usr/bin/cmake --install /home/natalia/Documents/STUDING/robotix/modul6/ex05/build/robot_bringup
[1.959s] -- Install configuration: ""
[1.960s] -- Up-to-date: /home/natalia/Documents/STUDING/robotix/modul6/ex05/install/robot_bringup/lib/robot_bringup/obstacle_avoidance_node.py
[1.961s] -- Up-to-date: /home/natalia/Documents/STUDING/robotix/modul6/ex05/install/robot_bringup/share/robot_bringup/launch
[1.961s] -- Installing: /home/natalia/Documents/STUDING/robotix/modul6/ex05/install/robot_bringup/share/robot_bringup/launch/diff_drive.launch.py
[1.962s] -- Up-to-date: /home/natalia/Documents/STUDING/robotix/modul6/ex05/install/robot_bringup/share/robot_bringup/config
[1.963s] -- Up-to-date: /home/natalia/Documents/STUDING/robotix/modul6/ex05/install/robot_bringup/share/robot_bringup/config/diff_drive.rviz
[1.964s] -- Up-to-date: /home/natalia/Documents/STUDING/robotix/modul6/ex05/install/robot_bringup/share/robot_bringup/config/robot_bridge.yaml
[1.964s] -- Up-to-date: /home/natalia/Documents/STUDING/robotix/modul6/ex05/install/robot_bringup/share/ament_index/resource_index/package_run_dependencies/robot_bringup
[1.965s] -- Up-to-date: /home/natalia/Documents/STUDING/robotix/modul6/ex05/install/robot_bringup/share/ament_index/resource_index/parent_prefix_path/robot_bringup
[1.965s] -- Up-to-date: /home/natalia/Documents/STUDING/robotix/modul6/ex05/install/robot_bringup/share/robot_bringup/environment/ament_prefix_path.sh
[1.966s] -- Up-to-date: /home/natalia/Documents/STUDING/robotix/modul6/ex05/install/robot_bringup/share/robot_bringup/environment/ament_prefix_path.dsv
[1.966s] -- Up-to-date: /home/natalia/Documents/STUDING/robotix/modul6/ex05/install/robot_bringup/share/robot_bringup/environment/path.sh
[1.967s] -- Up-to-date: /home/natalia/Documents/STUDING/robotix/modul6/ex05/install/robot_bringup/share/robot_bringup/environment/path.dsv
[1.967s] -- Up-to-date: /home/natalia/Documents/STUDING/robotix/modul6/ex05/install/robot_bringup/share/robot_bringup/local_setup.bash
[1.968s] -- Up-to-date: /home/natalia/Documents/STUDING/robotix/modul6/ex05/install/robot_bringup/share/robot_bringup/local_setup.sh
[1.968s] -- Up-to-date: /home/natalia/Documents/STUDING/robotix/modul6/ex05/install/robot_bringup/share/robot_bringup/local_setup.zsh
[1.969s] -- Up-to-date: /home/natalia/Documents/STUDING/robotix/modul6/ex05/install/robot_bringup/share/robot_bringup/local_setup.dsv
[1.969s] -- Installing: /home/natalia/Documents/STUDING/robotix/modul6/ex05/install/robot_bringup/share/robot_bringup/package.dsv
[1.970s] -- Up-to-date: /home/natalia/Documents/STUDING/robotix/modul6/ex05/install/robot_bringup/share/ament_index/resource_index/packages/robot_bringup
[1.970s] -- Up-to-date: /home/natalia/Documents/STUDING/robotix/modul6/ex05/install/robot_bringup/share/robot_bringup/cmake/robot_bringupConfig.cmake
[1.971s] -- Up-to-date: /home/natalia/Documents/STUDING/robotix/modul6/ex05/install/robot_bringup/share/robot_bringup/cmake/robot_bringupConfig-version.cmake
[1.971s] -- Up-to-date: /home/natalia/Documents/STUDING/robotix/modul6/ex05/install/robot_bringup/share/robot_bringup/package.xml
[1.980s] Invoked command in '/home/natalia/Documents/STUDING/robotix/modul6/ex05/build/robot_bringup' returned '0': CMAKE_PREFIX_PATH=${CMAKE_PREFIX_PATH}:/opt/ros/jazzy DEBUGINFOD_URLS=https://debuginfod.ubuntu.com /usr/bin/cmake --install /home/natalia/Documents/STUDING/robotix/modul6/ex05/build/robot_bringup
