[0.056s] DEBUG:colcon:Command line arguments: ['/usr/bin/colcon', 'build', '--packages-select', 'text_to_cmd_vel']
[0.056s] DEBUG:colcon:Parsed command line arguments: Namespace(log_base=None, log_level=None, verb_name='build', build_base='build', install_base='install', merge_install=False, symlink_install=False, test_result_base=None, continue_on_error=False, executor='parallel', parallel_workers=20, event_handlers=None, ignore_user_meta=False, metas=['./colcon.meta'], base_paths=['.'], packages_ignore=None, packages_ignore_regex=None, paths=None, packages_up_to=None, packages_up_to_regex=None, packages_above=None, packages_above_and_dependencies=None, packages_above_depth=None, packages_select_by_dep=None, packages_skip_by_dep=None, packages_skip_up_to=None, packages_select_build_failed=False, packages_skip_build_finished=False, packages_select_test_failures=False, packages_skip_test_passed=False, packages_select=['text_to_cmd_vel'], packages_skip=None, packages_select_regex=None, packages_skip_regex=None, packages_start=None, packages_end=None, allow_overriding=[], cmake_args=None, cmake_target=None, cmake_target_skip_unavailable=False, cmake_clean_cache=False, cmake_clean_first=False, cmake_force_configure=False, ament_cmake_args=None, catkin_cmake_args=None, catkin_skip_building_tests=False, mixin_files=None, mixin=None, verb_parser=<colcon_mixin.mixin.mixin_argument.MixinArgumentDecorator object at 0x775233a9d3a0>, verb_extension=<colcon_core.verb.build.BuildVerb object at 0x775233a9d010>, main=<bound method BuildVerb.main of <colcon_core.verb.build.BuildVerb object at 0x775233a9d010>>, mixin_verb=('build',))
[0.077s] Level 1:colcon.colcon_core.package_discovery:discover_packages(colcon_meta) check parameters
[0.077s] Level 1:colcon.colcon_core.package_discovery:discover_packages(recursive) check parameters
[0.077s] Level 1:colcon.colcon_core.package_discovery:discover_packages(ignore) check parameters
[0.077s] Level 1:colcon.colcon_core.package_discovery:discover_packages(path) check parameters
[0.077s] Level 1:colcon.colcon_core.package_discovery:discover_packages(colcon_meta) discover
[0.077s] Level 1:colcon.colcon_core.package_discovery:discover_packages(recursive) discover
[0.077s] INFO:colcon.colcon_core.package_discovery:Crawling recursively for packages in '/home/natalia/Documents/STUDING/robotix/modul2/ex10'
[0.077s] Level 1:colcon.colcon_core.package_identification:_identify(.) by extensions ['ignore', 'ignore_ament_install']
[0.077s] Level 1:colcon.colcon_core.package_identification:_identify(.) by extension 'ignore'
[0.077s] Level 1:colcon.colcon_core.package_identification:_identify(.) by extension 'ignore_ament_install'
[0.077s] Level 1:colcon.colcon_core.package_identification:_identify(.) by extensions ['colcon_pkg']
[0.077s] Level 1:colcon.colcon_core.package_identification:_identify(.) by extension 'colcon_pkg'
[0.077s] Level 1:colcon.colcon_core.package_identification:_identify(.) by extensions ['colcon_meta']
[0.077s] Level 1:colcon.colcon_core.package_identification:_identify(.) by extension 'colcon_meta'
[0.077s] Level 1:colcon.colcon_core.package_identification:_identify(.) by extensions ['ros']
[0.077s] Level 1:colcon.colcon_core.package_identification:_identify(.) by extension 'ros'
[0.093s] DEBUG:colcon.colcon_core.package_identification:Package '.' with type 'ros.ament_python' and name 'text_to_cmd_vel'
[0.093s] Level 1:colcon.colcon_core.package_discovery:discover_packages(recursive) using defaults
[0.093s] Level 1:colcon.colcon_core.package_discovery:discover_packages(ignore) discover
[0.093s] Level 1:colcon.colcon_core.package_discovery:discover_packages(ignore) using defaults
[0.093s] Level 1:colcon.colcon_core.package_discovery:discover_packages(path) discover
[0.093s] Level 1:colcon.colcon_core.package_discovery:discover_packages(path) using defaults
[0.103s] Level 1:colcon.colcon_core.package_discovery:discover_packages(prefix_path) check parameters
[0.103s] Level 1:colcon.colcon_core.package_discovery:discover_packages(prefix_path) discover
[0.103s] WARNING:colcon.colcon_ros.prefix_path.ament:The path '/home/natalia/Documents/STUDING/robotix/modul2/ex10/install/text_to_cmd_vel' in the environment variable AMENT_PREFIX_PATH doesn't exist
[0.103s] DEBUG:colcon.colcon_installed_package_information.package_discovery:Found 0 installed packages in /home/natalia/Documents/STUDING/robotix/modul2/ex10/install
[0.104s] DEBUG:colcon.colcon_installed_package_information.package_discovery:Found 289 installed packages in /opt/ros/rolling
[0.105s] Level 1:colcon.colcon_core.package_discovery:discover_packages(prefix_path) using defaults
[0.125s] Level 5:colcon.colcon_core.verb:set package 'text_to_cmd_vel' build argument 'cmake_args' from command line to 'None'
[0.125s] Level 5:colcon.colcon_core.verb:set package 'text_to_cmd_vel' build argument 'cmake_target' from command line to 'None'
[0.125s] Level 5:colcon.colcon_core.verb:set package 'text_to_cmd_vel' build argument 'cmake_target_skip_unavailable' from command line to 'False'
[0.125s] Level 5:colcon.colcon_core.verb:set package 'text_to_cmd_vel' build argument 'cmake_clean_cache' from command line to 'False'
[0.125s] Level 5:colcon.colcon_core.verb:set package 'text_to_cmd_vel' build argument 'cmake_clean_first' from command line to 'False'
[0.125s] Level 5:colcon.colcon_core.verb:set package 'text_to_cmd_vel' build argument 'cmake_force_configure' from command line to 'False'
[0.125s] Level 5:colcon.colcon_core.verb:set package 'text_to_cmd_vel' build argument 'ament_cmake_args' from command line to 'None'
[0.125s] Level 5:colcon.colcon_core.verb:set package 'text_to_cmd_vel' build argument 'catkin_cmake_args' from command line to 'None'
[0.125s] Level 5:colcon.colcon_core.verb:set package 'text_to_cmd_vel' build argument 'catkin_skip_building_tests' from command line to 'False'
[0.125s] DEBUG:colcon.colcon_core.verb:Building package 'text_to_cmd_vel' with the following arguments: {'ament_cmake_args': None, 'build_base': '/home/natalia/Documents/STUDING/robotix/modul2/ex10/build/text_to_cmd_vel', 'catkin_cmake_args': None, 'catkin_skip_building_tests': False, 'cmake_args': None, 'cmake_clean_cache': False, 'cmake_clean_first': False, 'cmake_force_configure': False, 'cmake_target': None, 'cmake_target_skip_unavailable': False, 'install_base': '/home/natalia/Documents/STUDING/robotix/modul2/ex10/install/text_to_cmd_vel', 'merge_install': False, 'path': '/home/natalia/Documents/STUDING/robotix/modul2/ex10', 'symlink_install': False, 'test_result_base': None}
[0.125s] INFO:colcon.colcon_core.executor:Executing jobs using 'parallel' executor
[0.125s] DEBUG:colcon.colcon_parallel_executor.executor.parallel:run_until_complete
[0.126s] INFO:colcon.colcon_ros.task.ament_python.build:Building ROS package in '/home/natalia/Documents/STUDING/robotix/modul2/ex10' with build type 'ament_python'
[0.126s] Level 1:colcon.colcon_core.shell:create_environment_hook('text_to_cmd_vel', 'ament_prefix_path')
[0.127s] INFO:colcon.colcon_core.plugin_system:Skipping extension 'colcon_core.shell.bat': Not used on non-Windows systems
[0.127s] INFO:colcon.colcon_core.shell:Creating environment hook '/home/natalia/Documents/STUDING/robotix/modul2/ex10/install/text_to_cmd_vel/share/text_to_cmd_vel/hook/ament_prefix_path.ps1'
[0.127s] INFO:colcon.colcon_core.shell:Creating environment descriptor '/home/natalia/Documents/STUDING/robotix/modul2/ex10/install/text_to_cmd_vel/share/text_to_cmd_vel/hook/ament_prefix_path.dsv'
[0.128s] INFO:colcon.colcon_core.shell:Creating environment hook '/home/natalia/Documents/STUDING/robotix/modul2/ex10/install/text_to_cmd_vel/share/text_to_cmd_vel/hook/ament_prefix_path.sh'
[0.128s] INFO:colcon.colcon_core.shell:Skip shell extension 'powershell' for command environment: Not usable outside of PowerShell
[0.128s] DEBUG:colcon.colcon_core.shell:Skip shell extension 'dsv' for command environment
[0.281s] INFO:colcon.colcon_core.task.python.build:Building Python package in '/home/natalia/Documents/STUDING/robotix/modul2/ex10'
[0.281s] INFO:colcon.colcon_core.shell:Skip shell extension 'powershell' for command environment: Not usable outside of PowerShell
[0.281s] DEBUG:colcon.colcon_core.shell:Skip shell extension 'dsv' for command environment
[0.610s] DEBUG:colcon.colcon_core.event_handler.log_command:Invoking command in '/home/natalia/Documents/STUDING/robotix/modul2/ex10': DEBUGINFOD_URLS=https://debuginfod.ubuntu.com PYTHONPATH=/home/natalia/Documents/STUDING/robotix/modul2/ex10/build/text_to_cmd_vel/prefix_override:/usr/lib/python3/dist-packages/colcon_core/task/python/colcon_distutils_commands:/home/natalia/Documents/STUDING/robotix/modul2/ex10/install/text_to_cmd_vel/lib/python3.12/site-packages:${PYTHONPATH} /usr/bin/python3 -W ignore:setup.py install is deprecated -W ignore:easy_install command is deprecated setup.py egg_info --egg-base build/text_to_cmd_vel build --build-base /home/natalia/Documents/STUDING/robotix/modul2/ex10/build/text_to_cmd_vel/build install --record /home/natalia/Documents/STUDING/robotix/modul2/ex10/build/text_to_cmd_vel/install.log --single-version-externally-managed install_data
[1.005s] DEBUG:colcon.colcon_core.event_handler.log_command:Invoked command in '/home/natalia/Documents/STUDING/robotix/modul2/ex10' returned '0': DEBUGINFOD_URLS=https://debuginfod.ubuntu.com PYTHONPATH=/home/natalia/Documents/STUDING/robotix/modul2/ex10/build/text_to_cmd_vel/prefix_override:/usr/lib/python3/dist-packages/colcon_core/task/python/colcon_distutils_commands:/home/natalia/Documents/STUDING/robotix/modul2/ex10/install/text_to_cmd_vel/lib/python3.12/site-packages:${PYTHONPATH} /usr/bin/python3 -W ignore:setup.py install is deprecated -W ignore:easy_install command is deprecated setup.py egg_info --egg-base build/text_to_cmd_vel build --build-base /home/natalia/Documents/STUDING/robotix/modul2/ex10/build/text_to_cmd_vel/build install --record /home/natalia/Documents/STUDING/robotix/modul2/ex10/build/text_to_cmd_vel/install.log --single-version-externally-managed install_data
[1.007s] Level 1:colcon.colcon_core.environment:checking '/home/natalia/Documents/STUDING/robotix/modul2/ex10/install/text_to_cmd_vel' for CMake module files
[1.008s] Level 1:colcon.colcon_core.environment:checking '/home/natalia/Documents/STUDING/robotix/modul2/ex10/install/text_to_cmd_vel' for CMake config files
[1.008s] Level 1:colcon.colcon_core.environment:checking '/home/natalia/Documents/STUDING/robotix/modul2/ex10/install/text_to_cmd_vel/lib'
[1.008s] Level 1:colcon.colcon_core.environment:checking '/home/natalia/Documents/STUDING/robotix/modul2/ex10/install/text_to_cmd_vel/bin'
[1.008s] Level 1:colcon.colcon_core.environment:checking '/home/natalia/Documents/STUDING/robotix/modul2/ex10/install/text_to_cmd_vel/lib/pkgconfig/text_to_cmd_vel.pc'
[1.009s] Level 1:colcon.colcon_core.environment:checking '/home/natalia/Documents/STUDING/robotix/modul2/ex10/install/text_to_cmd_vel/lib/python3.12/site-packages'
[1.009s] Level 1:colcon.colcon_core.shell:create_environment_hook('text_to_cmd_vel', 'pythonpath')
[1.009s] INFO:colcon.colcon_core.shell:Creating environment hook '/home/natalia/Documents/STUDING/robotix/modul2/ex10/install/text_to_cmd_vel/share/text_to_cmd_vel/hook/pythonpath.ps1'
[1.009s] INFO:colcon.colcon_core.shell:Creating environment descriptor '/home/natalia/Documents/STUDING/robotix/modul2/ex10/install/text_to_cmd_vel/share/text_to_cmd_vel/hook/pythonpath.dsv'
[1.009s] INFO:colcon.colcon_core.shell:Creating environment hook '/home/natalia/Documents/STUDING/robotix/modul2/ex10/install/text_to_cmd_vel/share/text_to_cmd_vel/hook/pythonpath.sh'
[1.010s] Level 1:colcon.colcon_core.environment:checking '/home/natalia/Documents/STUDING/robotix/modul2/ex10/install/text_to_cmd_vel/bin'
[1.010s] Level 1:colcon.colcon_core.environment:create_environment_scripts_only(text_to_cmd_vel)
[1.010s] INFO:colcon.colcon_core.shell:Creating package script '/home/natalia/Documents/STUDING/robotix/modul2/ex10/install/text_to_cmd_vel/share/text_to_cmd_vel/package.ps1'
[1.011s] INFO:colcon.colcon_core.shell:Creating package descriptor '/home/natalia/Documents/STUDING/robotix/modul2/ex10/install/text_to_cmd_vel/share/text_to_cmd_vel/package.dsv'
[1.011s] INFO:colcon.colcon_core.shell:Creating package script '/home/natalia/Documents/STUDING/robotix/modul2/ex10/install/text_to_cmd_vel/share/text_to_cmd_vel/package.sh'
[1.011s] INFO:colcon.colcon_core.shell:Creating package script '/home/natalia/Documents/STUDING/robotix/modul2/ex10/install/text_to_cmd_vel/share/text_to_cmd_vel/package.bash'
[1.012s] INFO:colcon.colcon_core.shell:Creating package script '/home/natalia/Documents/STUDING/robotix/modul2/ex10/install/text_to_cmd_vel/share/text_to_cmd_vel/package.zsh'
[1.012s] Level 1:colcon.colcon_core.environment:create_file_with_runtime_dependencies(/home/natalia/Documents/STUDING/robotix/modul2/ex10/install/text_to_cmd_vel/share/colcon-core/packages/text_to_cmd_vel)
[1.012s] DEBUG:colcon.colcon_parallel_executor.executor.parallel:closing loop
[1.012s] DEBUG:colcon.colcon_parallel_executor.executor.parallel:loop closed
[1.012s] DEBUG:colcon.colcon_parallel_executor.executor.parallel:run_until_complete finished with '0'
[1.012s] DEBUG:colcon.colcon_core.event_reactor:joining thread
[1.016s] INFO:colcon.colcon_core.plugin_system:Skipping extension 'colcon_notification.desktop_notification.terminal_notifier': Not used on non-Darwin systems
[1.016s] INFO:colcon.colcon_core.plugin_system:Skipping extension 'colcon_notification.desktop_notification.win32': Not used on non-Windows systems
[1.016s] INFO:colcon.colcon_notification.desktop_notification:Sending desktop notification using 'notify2'
[1.031s] DEBUG:colcon.colcon_core.event_reactor:joined thread
[1.031s] INFO:colcon.colcon_core.shell:Creating prefix script '/home/natalia/Documents/STUDING/robotix/modul2/ex10/install/local_setup.ps1'
[1.033s] INFO:colcon.colcon_core.shell:Creating prefix util module '/home/natalia/Documents/STUDING/robotix/modul2/ex10/install/_local_setup_util_ps1.py'
[1.035s] INFO:colcon.colcon_core.shell:Creating prefix chain script '/home/natalia/Documents/STUDING/robotix/modul2/ex10/install/setup.ps1'
[1.036s] INFO:colcon.colcon_core.shell:Creating prefix script '/home/natalia/Documents/STUDING/robotix/modul2/ex10/install/local_setup.sh'
[1.037s] INFO:colcon.colcon_core.shell:Creating prefix util module '/home/natalia/Documents/STUDING/robotix/modul2/ex10/install/_local_setup_util_sh.py'
[1.038s] INFO:colcon.colcon_core.shell:Creating prefix chain script '/home/natalia/Documents/STUDING/robotix/modul2/ex10/install/setup.sh'
[1.040s] INFO:colcon.colcon_core.shell:Creating prefix script '/home/natalia/Documents/STUDING/robotix/modul2/ex10/install/local_setup.bash'
[1.041s] INFO:colcon.colcon_core.shell:Creating prefix chain script '/home/natalia/Documents/STUDING/robotix/modul2/ex10/install/setup.bash'
[1.043s] INFO:colcon.colcon_core.shell:Creating prefix script '/home/natalia/Documents/STUDING/robotix/modul2/ex10/install/local_setup.zsh'
[1.044s] INFO:colcon.colcon_core.shell:Creating prefix chain script '/home/natalia/Documents/STUDING/robotix/modul2/ex10/install/setup.zsh'
