[0.544s] Invoking command in '/home/natalia/Documents/STUDING/robotix/modul4/ex02b/mycarrot': DEBUGINFOD_URLS=https://debuginfod.ubuntu.com PYTHONPATH=/home/natalia/Documents/STUDING/robotix/modul4/ex02b/mycarrot/build/mycarrot/prefix_override:/usr/lib/python3/dist-packages/colcon_core/task/python/colcon_distutils_commands:/home/natalia/Documents/STUDING/robotix/modul4/ex02b/mycarrot/install/mycarrot/lib/python3.12/site-packages:${PYTHONPATH} /usr/bin/python3 -W ignore:setup.py install is deprecated -W ignore:easy_install command is deprecated setup.py egg_info --egg-base build/mycarrot build --build-base /home/natalia/Documents/STUDING/robotix/modul4/ex02b/mycarrot/build/mycarrot/build install --record /home/natalia/Documents/STUDING/robotix/modul4/ex02b/mycarrot/build/mycarrot/install.log --single-version-externally-managed install_data
[0.767s] running egg_info
[0.777s] writing build/mycarrot/mycarrot.egg-info/PKG-INFO
[0.777s] writing dependency_links to build/mycarrot/mycarrot.egg-info/dependency_links.txt
[0.777s] writing entry points to build/mycarrot/mycarrot.egg-info/entry_points.txt
[0.777s] writing requirements to build/mycarrot/mycarrot.egg-info/requires.txt
[0.777s] writing top-level names to build/mycarrot/mycarrot.egg-info/top_level.txt
[0.797s] reading manifest file 'build/mycarrot/mycarrot.egg-info/SOURCES.txt'
[0.797s] adding license file 'LICENSE'
[0.798s] writing manifest file 'build/mycarrot/mycarrot.egg-info/SOURCES.txt'
[0.798s] running build
[0.798s] running build_py
[0.798s] running install
[0.803s] running install_lib
[0.815s] running install_data
[0.815s] running install_egg_info
[0.827s] removing '/home/natalia/Documents/STUDING/robotix/modul4/ex02b/mycarrot/install/mycarrot/lib/python3.12/site-packages/mycarrot-0.0.0-py3.12.egg-info' (and everything under it)
[0.827s] Copying build/mycarrot/mycarrot.egg-info to /home/natalia/Documents/STUDING/robotix/modul4/ex02b/mycarrot/install/mycarrot/lib/python3.12/site-packages/mycarrot-0.0.0-py3.12.egg-info
[0.828s] running install_scripts
[0.898s] Installing carrot_tf2_broadcaster script to /home/natalia/Documents/STUDING/robotix/modul4/ex02b/mycarrot/install/mycarrot/lib/mycarrot
[0.899s] Installing keyboard_input script to /home/natalia/Documents/STUDING/robotix/modul4/ex02b/mycarrot/install/mycarrot/lib/mycarrot
[0.899s] Installing static_target_broadcaster script to /home/natalia/Documents/STUDING/robotix/modul4/ex02b/mycarrot/install/mycarrot/lib/mycarrot
[0.899s] Installing target_switcher script to /home/natalia/Documents/STUDING/robotix/modul4/ex02b/mycarrot/install/mycarrot/lib/mycarrot
[0.899s] Installing turtle_controller script to /home/natalia/Documents/STUDING/robotix/modul4/ex02b/mycarrot/install/mycarrot/lib/mycarrot
[0.899s] Installing turtle_tf2_broadcaster script to /home/natalia/Documents/STUDING/robotix/modul4/ex02b/mycarrot/install/mycarrot/lib/mycarrot
[0.899s] writing list of installed files to '/home/natalia/Documents/STUDING/robotix/modul4/ex02b/mycarrot/build/mycarrot/install.log'
[0.918s] Invoked command in '/home/natalia/Documents/STUDING/robotix/modul4/ex02b/mycarrot' returned '0': DEBUGINFOD_URLS=https://debuginfod.ubuntu.com PYTHONPATH=/home/natalia/Documents/STUDING/robotix/modul4/ex02b/mycarrot/build/mycarrot/prefix_override:/usr/lib/python3/dist-packages/colcon_core/task/python/colcon_distutils_commands:/home/natalia/Documents/STUDING/robotix/modul4/ex02b/mycarrot/install/mycarrot/lib/python3.12/site-packages:${PYTHONPATH} /usr/bin/python3 -W ignore:setup.py install is deprecated -W ignore:easy_install command is deprecated setup.py egg_info --egg-base build/mycarrot build --build-base /home/natalia/Documents/STUDING/robotix/modul4/ex02b/mycarrot/build/mycarrot/build install --record /home/natalia/Documents/STUDING/robotix/modul4/ex02b/mycarrot/build/mycarrot/install.log --single-version-externally-managed install_data
