[0.007s] Invoking command in '/home/natalia/Documents/STUDING/robotix/modul3/ex05/build/action_cleaning_robot': CMAKE_PREFIX_PATH=${CMAKE_PREFIX_PATH}:/opt/ros/jazzy DEBUGINFOD_URLS=https://debuginfod.ubuntu.com /usr/bin/cmake --build /home/natalia/Documents/STUDING/robotix/modul3/ex05/build/action_cleaning_robot -- -j20 -l20
[0.096s] [  2%] Built target action_cleaning_robot__rosidl_generator_type_description
[0.143s] [  2%] Built target ament_cmake_python_copy_action_cleaning_robot
[0.212s] [ 17%] Built target action_cleaning_robot__rosidl_generator_c
[0.214s] [ 20%] Built target action_cleaning_robot__cpp
[0.307s] [ 29%] Built target action_cleaning_robot__rosidl_typesupport_introspection_c
[0.316s] [ 38%] Built target action_cleaning_robot__rosidl_typesupport_fastrtps_c
[0.318s] [ 47%] Built target action_cleaning_robot__rosidl_typesupport_fastrtps_cpp
[0.319s] [ 55%] Built target action_cleaning_robot__rosidl_typesupport_introspection_cpp
[0.322s] [ 64%] Built target action_cleaning_robot__rosidl_typesupport_c
[0.408s] [ 73%] Built target action_cleaning_robot__rosidl_typesupport_cpp
[0.489s] [ 73%] Built target action_cleaning_robot
[0.576s] [ 76%] Built target action_cleaning_robot__py
[0.689s] [ 82%] Built target action_cleaning_robot__rosidl_generator_py
[0.739s] [ 88%] Built target action_cleaning_robot_s__rosidl_typesupport_introspection_c
[0.743s] [ 94%] Built target action_cleaning_robot_s__rosidl_typesupport_fastrtps_c
[0.743s] [100%] Built target action_cleaning_robot_s__rosidl_typesupport_c
[0.817s] running egg_info
[0.948s] writing action_cleaning_robot.egg-info/PKG-INFO
[0.949s] writing dependency_links to action_cleaning_robot.egg-info/dependency_links.txt
[0.951s] writing top-level names to action_cleaning_robot.egg-info/top_level.txt
[1.137s] reading manifest file 'action_cleaning_robot.egg-info/SOURCES.txt'
[1.138s] writing manifest file 'action_cleaning_robot.egg-info/SOURCES.txt'
[1.161s] [100%] Built target ament_cmake_python_build_action_cleaning_robot_egg
[1.198s] Invoked command in '/home/natalia/Documents/STUDING/robotix/modul3/ex05/build/action_cleaning_robot' returned '0': CMAKE_PREFIX_PATH=${CMAKE_PREFIX_PATH}:/opt/ros/jazzy DEBUGINFOD_URLS=https://debuginfod.ubuntu.com /usr/bin/cmake --build /home/natalia/Documents/STUDING/robotix/modul3/ex05/build/action_cleaning_robot -- -j20 -l20
[1.247s] Invoking command in '/home/natalia/Documents/STUDING/robotix/modul3/ex05/build/action_cleaning_robot': CMAKE_PREFIX_PATH=${CMAKE_PREFIX_PATH}:/opt/ros/jazzy DEBUGINFOD_URLS=https://debuginfod.ubuntu.com /usr/bin/cmake --install /home/natalia/Documents/STUDING/robotix/modul3/ex05/build/action_cleaning_robot
[1.296s] -- Install configuration: ""
[1.297s] -- Up-to-date: /home/natalia/Documents/STUDING/robotix/modul3/ex05/install/action_cleaning_robot/share/ament_index/resource_index/rosidl_interfaces/action_cleaning_robot
[1.299s] -- Up-to-date: /home/natalia/Documents/STUDING/robotix/modul3/ex05/install/action_cleaning_robot/share/action_cleaning_robot/action/CleaningTask.json
[1.300s] -- Up-to-date: /home/natalia/Documents/STUDING/robotix/modul3/ex05/install/action_cleaning_robot/include/action_cleaning_robot/action_cleaning_robot
[1.301s] -- Up-to-date: /home/natalia/Documents/STUDING/robotix/modul3/ex05/install/action_cleaning_robot/include/action_cleaning_robot/action_cleaning_robot/action
[1.301s] -- Up-to-date: /home/natalia/Documents/STUDING/robotix/modul3/ex05/install/action_cleaning_robot/include/action_cleaning_robot/action_cleaning_robot/action/cleaning_task.h
[1.302s] -- Up-to-date: /home/natalia/Documents/STUDING/robotix/modul3/ex05/install/action_cleaning_robot/include/action_cleaning_robot/action_cleaning_robot/action/detail
[1.302s] -- Up-to-date: /home/natalia/Documents/STUDING/robotix/modul3/ex05/install/action_cleaning_robot/include/action_cleaning_robot/action_cleaning_robot/action/detail/cleaning_task__functions.h
[1.302s] -- Up-to-date: /home/natalia/Documents/STUDING/robotix/modul3/ex05/install/action_cleaning_robot/include/action_cleaning_robot/action_cleaning_robot/action/detail/cleaning_task__struct.h
[1.303s] -- Up-to-date: /home/natalia/Documents/STUDING/robotix/modul3/ex05/install/action_cleaning_robot/include/action_cleaning_robot/action_cleaning_robot/action/detail/cleaning_task__functions.c
[1.303s] -- Up-to-date: /home/natalia/Documents/STUDING/robotix/modul3/ex05/install/action_cleaning_robot/include/action_cleaning_robot/action_cleaning_robot/action/detail/cleaning_task__type_support.h
[1.303s] -- Up-to-date: /home/natalia/Documents/STUDING/robotix/modul3/ex05/install/action_cleaning_robot/include/action_cleaning_robot/action_cleaning_robot/action/detail/cleaning_task__type_support.c
[1.303s] -- Up-to-date: /home/natalia/Documents/STUDING/robotix/modul3/ex05/install/action_cleaning_robot/include/action_cleaning_robot/action_cleaning_robot/action/detail/cleaning_task__description.c
[1.304s] -- Up-to-date: /home/natalia/Documents/STUDING/robotix/modul3/ex05/install/action_cleaning_robot/include/action_cleaning_robot/action_cleaning_robot/msg
[1.304s] -- Up-to-date: /home/natalia/Documents/STUDING/robotix/modul3/ex05/install/action_cleaning_robot/include/action_cleaning_robot/action_cleaning_robot/msg/rosidl_generator_c__visibility_control.h
[1.307s] -- Up-to-date: /home/natalia/Documents/STUDING/robotix/modul3/ex05/install/action_cleaning_robot/share/action_cleaning_robot/environment/library_path.sh
[1.307s] -- Up-to-date: /home/natalia/Documents/STUDING/robotix/modul3/ex05/install/action_cleaning_robot/share/action_cleaning_robot/environment/library_path.dsv
[1.308s] -- Up-to-date: /home/natalia/Documents/STUDING/robotix/modul3/ex05/install/action_cleaning_robot/lib/libaction_cleaning_robot__rosidl_generator_c.so
[1.308s] -- Up-to-date: /home/natalia/Documents/STUDING/robotix/modul3/ex05/install/action_cleaning_robot/include/action_cleaning_robot/action_cleaning_robot
[1.309s] -- Up-to-date: /home/natalia/Documents/STUDING/robotix/modul3/ex05/install/action_cleaning_robot/include/action_cleaning_robot/action_cleaning_robot/action
[1.309s] -- Up-to-date: /home/natalia/Documents/STUDING/robotix/modul3/ex05/install/action_cleaning_robot/include/action_cleaning_robot/action_cleaning_robot/action/detail
[1.309s] -- Up-to-date: /home/natalia/Documents/STUDING/robotix/modul3/ex05/install/action_cleaning_robot/include/action_cleaning_robot/action_cleaning_robot/action/detail/cleaning_task__rosidl_typesupport_fastrtps_c.h
[1.310s] -- Up-to-date: /home/natalia/Documents/STUDING/robotix/modul3/ex05/install/action_cleaning_robot/include/action_cleaning_robot/action_cleaning_robot/msg
[1.310s] -- Up-to-date: /home/natalia/Documents/STUDING/robotix/modul3/ex05/install/action_cleaning_robot/include/action_cleaning_robot/action_cleaning_robot/msg/rosidl_typesupport_fastrtps_c__visibility_control.h
[1.310s] -- Up-to-date: /home/natalia/Documents/STUDING/robotix/modul3/ex05/install/action_cleaning_robot/lib/libaction_cleaning_robot__rosidl_typesupport_fastrtps_c.so
[1.310s] -- Up-to-date: /home/natalia/Documents/STUDING/robotix/modul3/ex05/install/action_cleaning_robot/include/action_cleaning_robot/action_cleaning_robot
[1.311s] -- Up-to-date: /home/natalia/Documents/STUDING/robotix/modul3/ex05/install/action_cleaning_robot/include/action_cleaning_robot/action_cleaning_robot/action
[1.311s] -- Up-to-date: /home/natalia/Documents/STUDING/robotix/modul3/ex05/install/action_cleaning_robot/include/action_cleaning_robot/action_cleaning_robot/action/detail
[1.311s] -- Up-to-date: /home/natalia/Documents/STUDING/robotix/modul3/ex05/install/action_cleaning_robot/include/action_cleaning_robot/action_cleaning_robot/action/detail/cleaning_task__rosidl_typesupport_introspection_c.h
[1.312s] -- Up-to-date: /home/natalia/Documents/STUDING/robotix/modul3/ex05/install/action_cleaning_robot/include/action_cleaning_robot/action_cleaning_robot/action/detail/cleaning_task__type_support.c
[1.312s] -- Up-to-date: /home/natalia/Documents/STUDING/robotix/modul3/ex05/install/action_cleaning_robot/include/action_cleaning_robot/action_cleaning_robot/msg
[1.312s] -- Up-to-date: /home/natalia/Documents/STUDING/robotix/modul3/ex05/install/action_cleaning_robot/include/action_cleaning_robot/action_cleaning_robot/msg/rosidl_typesupport_introspection_c__visibility_control.h
[1.312s] -- Up-to-date: /home/natalia/Documents/STUDING/robotix/modul3/ex05/install/action_cleaning_robot/lib/libaction_cleaning_robot__rosidl_typesupport_introspection_c.so
[1.313s] -- Up-to-date: /home/natalia/Documents/STUDING/robotix/modul3/ex05/install/action_cleaning_robot/lib/libaction_cleaning_robot__rosidl_typesupport_c.so
[1.313s] -- Up-to-date: /home/natalia/Documents/STUDING/robotix/modul3/ex05/install/action_cleaning_robot/include/action_cleaning_robot/action_cleaning_robot
[1.313s] -- Up-to-date: /home/natalia/Documents/STUDING/robotix/modul3/ex05/install/action_cleaning_robot/include/action_cleaning_robot/action_cleaning_robot/action
[1.314s] -- Up-to-date: /home/natalia/Documents/STUDING/robotix/modul3/ex05/install/action_cleaning_robot/include/action_cleaning_robot/action_cleaning_robot/action/detail
[1.314s] -- Up-to-date: /home/natalia/Documents/STUDING/robotix/modul3/ex05/install/action_cleaning_robot/include/action_cleaning_robot/action_cleaning_robot/action/detail/cleaning_task__traits.hpp
[1.314s] -- Up-to-date: /home/natalia/Documents/STUDING/robotix/modul3/ex05/install/action_cleaning_robot/include/action_cleaning_robot/action_cleaning_robot/action/detail/cleaning_task__struct.hpp
[1.315s] -- Up-to-date: /home/natalia/Documents/STUDING/robotix/modul3/ex05/install/action_cleaning_robot/include/action_cleaning_robot/action_cleaning_robot/action/detail/cleaning_task__builder.hpp
[1.315s] -- Up-to-date: /home/natalia/Documents/STUDING/robotix/modul3/ex05/install/action_cleaning_robot/include/action_cleaning_robot/action_cleaning_robot/action/detail/cleaning_task__type_support.hpp
[1.316s] -- Up-to-date: /home/natalia/Documents/STUDING/robotix/modul3/ex05/install/action_cleaning_robot/include/action_cleaning_robot/action_cleaning_robot/action/cleaning_task.hpp
[1.316s] -- Up-to-date: /home/natalia/Documents/STUDING/robotix/modul3/ex05/install/action_cleaning_robot/include/action_cleaning_robot/action_cleaning_robot/msg
[1.316s] -- Up-to-date: /home/natalia/Documents/STUDING/robotix/modul3/ex05/install/action_cleaning_robot/include/action_cleaning_robot/action_cleaning_robot/msg/rosidl_generator_cpp__visibility_control.hpp
[1.317s] -- Up-to-date: /home/natalia/Documents/STUDING/robotix/modul3/ex05/install/action_cleaning_robot/include/action_cleaning_robot/action_cleaning_robot
[1.317s] -- Up-to-date: /home/natalia/Documents/STUDING/robotix/modul3/ex05/install/action_cleaning_robot/include/action_cleaning_robot/action_cleaning_robot/action
[1.317s] -- Up-to-date: /home/natalia/Documents/STUDING/robotix/modul3/ex05/install/action_cleaning_robot/include/action_cleaning_robot/action_cleaning_robot/action/detail
[1.317s] -- Up-to-date: /home/natalia/Documents/STUDING/robotix/modul3/ex05/install/action_cleaning_robot/include/action_cleaning_robot/action_cleaning_robot/action/detail/cleaning_task__rosidl_typesupport_fastrtps_cpp.hpp
[1.318s] -- Up-to-date: /home/natalia/Documents/STUDING/robotix/modul3/ex05/install/action_cleaning_robot/include/action_cleaning_robot/action_cleaning_robot/action/detail/dds_fastrtps
[1.318s] -- Up-to-date: /home/natalia/Documents/STUDING/robotix/modul3/ex05/install/action_cleaning_robot/include/action_cleaning_robot/action_cleaning_robot/msg
[1.318s] -- Up-to-date: /home/natalia/Documents/STUDING/robotix/modul3/ex05/install/action_cleaning_robot/include/action_cleaning_robot/action_cleaning_robot/msg/rosidl_typesupport_fastrtps_cpp__visibility_control.h
[1.318s] -- Up-to-date: /home/natalia/Documents/STUDING/robotix/modul3/ex05/install/action_cleaning_robot/lib/libaction_cleaning_robot__rosidl_typesupport_fastrtps_cpp.so
[1.319s] -- Up-to-date: /home/natalia/Documents/STUDING/robotix/modul3/ex05/install/action_cleaning_robot/include/action_cleaning_robot/action_cleaning_robot
[1.319s] -- Up-to-date: /home/natalia/Documents/STUDING/robotix/modul3/ex05/install/action_cleaning_robot/include/action_cleaning_robot/action_cleaning_robot/action
[1.320s] -- Up-to-date: /home/natalia/Documents/STUDING/robotix/modul3/ex05/install/action_cleaning_robot/include/action_cleaning_robot/action_cleaning_robot/action/detail
[1.320s] -- Up-to-date: /home/natalia/Documents/STUDING/robotix/modul3/ex05/install/action_cleaning_robot/include/action_cleaning_robot/action_cleaning_robot/action/detail/cleaning_task__rosidl_typesupport_introspection_cpp.hpp
[1.320s] -- Up-to-date: /home/natalia/Documents/STUDING/robotix/modul3/ex05/install/action_cleaning_robot/include/action_cleaning_robot/action_cleaning_robot/action/detail/cleaning_task__type_support.cpp
[1.321s] -- Up-to-date: /home/natalia/Documents/STUDING/robotix/modul3/ex05/install/action_cleaning_robot/lib/libaction_cleaning_robot__rosidl_typesupport_introspection_cpp.so
[1.321s] -- Up-to-date: /home/natalia/Documents/STUDING/robotix/modul3/ex05/install/action_cleaning_robot/lib/libaction_cleaning_robot__rosidl_typesupport_cpp.so
[1.321s] -- Up-to-date: /home/natalia/Documents/STUDING/robotix/modul3/ex05/install/action_cleaning_robot/share/action_cleaning_robot/environment/pythonpath.sh
[1.321s] -- Up-to-date: /home/natalia/Documents/STUDING/robotix/modul3/ex05/install/action_cleaning_robot/share/action_cleaning_robot/environment/pythonpath.dsv
[1.322s] -- Up-to-date: /home/natalia/Documents/STUDING/robotix/modul3/ex05/install/action_cleaning_robot/lib/python3.12/site-packages/action_cleaning_robot-0.0.0-py3.12.egg-info
[1.322s] -- Installing: /home/natalia/Documents/STUDING/robotix/modul3/ex05/install/action_cleaning_robot/lib/python3.12/site-packages/action_cleaning_robot-0.0.0-py3.12.egg-info/top_level.txt
[1.322s] -- Installing: /home/natalia/Documents/STUDING/robotix/modul3/ex05/install/action_cleaning_robot/lib/python3.12/site-packages/action_cleaning_robot-0.0.0-py3.12.egg-info/PKG-INFO
[1.322s] -- Installing: /home/natalia/Documents/STUDING/robotix/modul3/ex05/install/action_cleaning_robot/lib/python3.12/site-packages/action_cleaning_robot-0.0.0-py3.12.egg-info/SOURCES.txt
[1.323s] -- Installing: /home/natalia/Documents/STUDING/robotix/modul3/ex05/install/action_cleaning_robot/lib/python3.12/site-packages/action_cleaning_robot-0.0.0-py3.12.egg-info/dependency_links.txt
[1.323s] -- Up-to-date: /home/natalia/Documents/STUDING/robotix/modul3/ex05/install/action_cleaning_robot/lib/python3.12/site-packages/action_cleaning_robot
[1.323s] -- Up-to-date: /home/natalia/Documents/STUDING/robotix/modul3/ex05/install/action_cleaning_robot/lib/python3.12/site-packages/action_cleaning_robot/_action_cleaning_robot_s.ep.rosidl_typesupport_introspection_c.c
[1.323s] -- Up-to-date: /home/natalia/Documents/STUDING/robotix/modul3/ex05/install/action_cleaning_robot/lib/python3.12/site-packages/action_cleaning_robot/_action_cleaning_robot_s.ep.rosidl_typesupport_c.c
[1.324s] -- Up-to-date: /home/natalia/Documents/STUDING/robotix/modul3/ex05/install/action_cleaning_robot/lib/python3.12/site-packages/action_cleaning_robot/_action_cleaning_robot_s.ep.rosidl_typesupport_fastrtps_c.c
[1.324s] -- Up-to-date: /home/natalia/Documents/STUDING/robotix/modul3/ex05/install/action_cleaning_robot/lib/python3.12/site-packages/action_cleaning_robot/action
[1.324s] -- Up-to-date: /home/natalia/Documents/STUDING/robotix/modul3/ex05/install/action_cleaning_robot/lib/python3.12/site-packages/action_cleaning_robot/action/_cleaning_task.py
[1.325s] -- Up-to-date: /home/natalia/Documents/STUDING/robotix/modul3/ex05/install/action_cleaning_robot/lib/python3.12/site-packages/action_cleaning_robot/action/_cleaning_task_s.c
[1.325s] -- Up-to-date: /home/natalia/Documents/STUDING/robotix/modul3/ex05/install/action_cleaning_robot/lib/python3.12/site-packages/action_cleaning_robot/action/__init__.py
[1.325s] -- Up-to-date: /home/natalia/Documents/STUDING/robotix/modul3/ex05/install/action_cleaning_robot/lib/python3.12/site-packages/action_cleaning_robot/action_cleaning_robot_s__rosidl_typesupport_introspection_c.so
[1.325s] -- Up-to-date: /home/natalia/Documents/STUDING/robotix/modul3/ex05/install/action_cleaning_robot/lib/python3.12/site-packages/action_cleaning_robot/__init__.py
[1.326s] -- Up-to-date: /home/natalia/Documents/STUDING/robotix/modul3/ex05/install/action_cleaning_robot/lib/python3.12/site-packages/action_cleaning_robot/action_cleaning_robot_s__rosidl_typesupport_c.so
[1.326s] -- Up-to-date: /home/natalia/Documents/STUDING/robotix/modul3/ex05/install/action_cleaning_robot/lib/python3.12/site-packages/action_cleaning_robot/action_cleaning_robot_s__rosidl_typesupport_fastrtps_c.so
[1.523s] Listing '/home/natalia/Documents/STUDING/robotix/modul3/ex05/install/action_cleaning_robot/lib/python3.12/site-packages/action_cleaning_robot'...
[1.523s] Listing '/home/natalia/Documents/STUDING/robotix/modul3/ex05/install/action_cleaning_robot/lib/python3.12/site-packages/action_cleaning_robot/action'...
[1.546s] -- Up-to-date: /home/natalia/Documents/STUDING/robotix/modul3/ex05/install/action_cleaning_robot/lib/python3.12/site-packages/action_cleaning_robot/action_cleaning_robot_s__rosidl_typesupport_fastrtps_c.so
[1.547s] -- Up-to-date: /home/natalia/Documents/STUDING/robotix/modul3/ex05/install/action_cleaning_robot/lib/python3.12/site-packages/action_cleaning_robot/action_cleaning_robot_s__rosidl_typesupport_introspection_c.so
[1.548s] -- Up-to-date: /home/natalia/Documents/STUDING/robotix/modul3/ex05/install/action_cleaning_robot/lib/python3.12/site-packages/action_cleaning_robot/action_cleaning_robot_s__rosidl_typesupport_c.so
[1.549s] -- Up-to-date: /home/natalia/Documents/STUDING/robotix/modul3/ex05/install/action_cleaning_robot/lib/libaction_cleaning_robot__rosidl_generator_py.so
[1.550s] -- Up-to-date: /home/natalia/Documents/STUDING/robotix/modul3/ex05/install/action_cleaning_robot/share/action_cleaning_robot/action/CleaningTask.idl
[1.550s] -- Up-to-date: /home/natalia/Documents/STUDING/robotix/modul3/ex05/install/action_cleaning_robot/share/action_cleaning_robot/action/CleaningTask.action
[1.550s] -- Up-to-date: /home/natalia/Documents/STUDING/robotix/modul3/ex05/install/action_cleaning_robot/share/ament_index/resource_index/package_run_dependencies/action_cleaning_robot
[1.550s] -- Up-to-date: /home/natalia/Documents/STUDING/robotix/modul3/ex05/install/action_cleaning_robot/share/ament_index/resource_index/parent_prefix_path/action_cleaning_robot
[1.551s] -- Up-to-date: /home/natalia/Documents/STUDING/robotix/modul3/ex05/install/action_cleaning_robot/share/action_cleaning_robot/environment/ament_prefix_path.sh
[1.551s] -- Up-to-date: /home/natalia/Documents/STUDING/robotix/modul3/ex05/install/action_cleaning_robot/share/action_cleaning_robot/environment/ament_prefix_path.dsv
[1.551s] -- Up-to-date: /home/natalia/Documents/STUDING/robotix/modul3/ex05/install/action_cleaning_robot/share/action_cleaning_robot/environment/path.sh
[1.551s] -- Up-to-date: /home/natalia/Documents/STUDING/robotix/modul3/ex05/install/action_cleaning_robot/share/action_cleaning_robot/environment/path.dsv
[1.551s] -- Up-to-date: /home/natalia/Documents/STUDING/robotix/modul3/ex05/install/action_cleaning_robot/share/action_cleaning_robot/local_setup.bash
[1.551s] -- Up-to-date: /home/natalia/Documents/STUDING/robotix/modul3/ex05/install/action_cleaning_robot/share/action_cleaning_robot/local_setup.sh
[1.551s] -- Up-to-date: /home/natalia/Documents/STUDING/robotix/modul3/ex05/install/action_cleaning_robot/share/action_cleaning_robot/local_setup.zsh
[1.552s] -- Up-to-date: /home/natalia/Documents/STUDING/robotix/modul3/ex05/install/action_cleaning_robot/share/action_cleaning_robot/local_setup.dsv
[1.552s] -- Installing: /home/natalia/Documents/STUDING/robotix/modul3/ex05/install/action_cleaning_robot/share/action_cleaning_robot/package.dsv
[1.552s] -- Up-to-date: /home/natalia/Documents/STUDING/robotix/modul3/ex05/install/action_cleaning_robot/share/ament_index/resource_index/packages/action_cleaning_robot
[1.553s] -- Up-to-date: /home/natalia/Documents/STUDING/robotix/modul3/ex05/install/action_cleaning_robot/share/action_cleaning_robot/cmake/export_action_cleaning_robot__rosidl_generator_cExport.cmake
[1.553s] -- Up-to-date: /home/natalia/Documents/STUDING/robotix/modul3/ex05/install/action_cleaning_robot/share/action_cleaning_robot/cmake/export_action_cleaning_robot__rosidl_generator_cExport-noconfig.cmake
[1.554s] -- Up-to-date: /home/natalia/Documents/STUDING/robotix/modul3/ex05/install/action_cleaning_robot/share/action_cleaning_robot/cmake/export_action_cleaning_robot__rosidl_typesupport_fastrtps_cExport.cmake
[1.554s] -- Up-to-date: /home/natalia/Documents/STUDING/robotix/modul3/ex05/install/action_cleaning_robot/share/action_cleaning_robot/cmake/export_action_cleaning_robot__rosidl_typesupport_fastrtps_cExport-noconfig.cmake
[1.554s] -- Up-to-date: /home/natalia/Documents/STUDING/robotix/modul3/ex05/install/action_cleaning_robot/share/action_cleaning_robot/cmake/action_cleaning_robot__rosidl_typesupport_introspection_cExport.cmake
[1.555s] -- Up-to-date: /home/natalia/Documents/STUDING/robotix/modul3/ex05/install/action_cleaning_robot/share/action_cleaning_robot/cmake/action_cleaning_robot__rosidl_typesupport_introspection_cExport-noconfig.cmake
[1.556s] -- Up-to-date: /home/natalia/Documents/STUDING/robotix/modul3/ex05/install/action_cleaning_robot/share/action_cleaning_robot/cmake/action_cleaning_robot__rosidl_typesupport_cExport.cmake
[1.556s] -- Up-to-date: /home/natalia/Documents/STUDING/robotix/modul3/ex05/install/action_cleaning_robot/share/action_cleaning_robot/cmake/action_cleaning_robot__rosidl_typesupport_cExport-noconfig.cmake
[1.557s] -- Up-to-date: /home/natalia/Documents/STUDING/robotix/modul3/ex05/install/action_cleaning_robot/share/action_cleaning_robot/cmake/export_action_cleaning_robot__rosidl_generator_cppExport.cmake
[1.558s] -- Up-to-date: /home/natalia/Documents/STUDING/robotix/modul3/ex05/install/action_cleaning_robot/share/action_cleaning_robot/cmake/export_action_cleaning_robot__rosidl_typesupport_fastrtps_cppExport.cmake
[1.559s] -- Up-to-date: /home/natalia/Documents/STUDING/robotix/modul3/ex05/install/action_cleaning_robot/share/action_cleaning_robot/cmake/export_action_cleaning_robot__rosidl_typesupport_fastrtps_cppExport-noconfig.cmake
[1.559s] -- Up-to-date: /home/natalia/Documents/STUDING/robotix/modul3/ex05/install/action_cleaning_robot/share/action_cleaning_robot/cmake/action_cleaning_robot__rosidl_typesupport_introspection_cppExport.cmake
[1.560s] -- Up-to-date: /home/natalia/Documents/STUDING/robotix/modul3/ex05/install/action_cleaning_robot/share/action_cleaning_robot/cmake/action_cleaning_robot__rosidl_typesupport_introspection_cppExport-noconfig.cmake
[1.561s] -- Up-to-date: /home/natalia/Documents/STUDING/robotix/modul3/ex05/install/action_cleaning_robot/share/action_cleaning_robot/cmake/action_cleaning_robot__rosidl_typesupport_cppExport.cmake
[1.561s] -- Up-to-date: /home/natalia/Documents/STUDING/robotix/modul3/ex05/install/action_cleaning_robot/share/action_cleaning_robot/cmake/action_cleaning_robot__rosidl_typesupport_cppExport-noconfig.cmake
[1.562s] -- Up-to-date: /home/natalia/Documents/STUDING/robotix/modul3/ex05/install/action_cleaning_robot/share/action_cleaning_robot/cmake/export_action_cleaning_robot__rosidl_generator_pyExport.cmake
[1.563s] -- Up-to-date: /home/natalia/Documents/STUDING/robotix/modul3/ex05/install/action_cleaning_robot/share/action_cleaning_robot/cmake/export_action_cleaning_robot__rosidl_generator_pyExport-noconfig.cmake
[1.564s] -- Up-to-date: /home/natalia/Documents/STUDING/robotix/modul3/ex05/install/action_cleaning_robot/share/action_cleaning_robot/cmake/rosidl_cmake-extras.cmake
[1.565s] -- Up-to-date: /home/natalia/Documents/STUDING/robotix/modul3/ex05/install/action_cleaning_robot/share/action_cleaning_robot/cmake/ament_cmake_export_dependencies-extras.cmake
[1.565s] -- Up-to-date: /home/natalia/Documents/STUDING/robotix/modul3/ex05/install/action_cleaning_robot/share/action_cleaning_robot/cmake/ament_cmake_export_include_directories-extras.cmake
[1.565s] -- Up-to-date: /home/natalia/Documents/STUDING/robotix/modul3/ex05/install/action_cleaning_robot/share/action_cleaning_robot/cmake/ament_cmake_export_libraries-extras.cmake
[1.566s] -- Up-to-date: /home/natalia/Documents/STUDING/robotix/modul3/ex05/install/action_cleaning_robot/share/action_cleaning_robot/cmake/ament_cmake_export_targets-extras.cmake
[1.566s] -- Up-to-date: /home/natalia/Documents/STUDING/robotix/modul3/ex05/install/action_cleaning_robot/share/action_cleaning_robot/cmake/rosidl_cmake_export_typesupport_targets-extras.cmake
[1.567s] -- Up-to-date: /home/natalia/Documents/STUDING/robotix/modul3/ex05/install/action_cleaning_robot/share/action_cleaning_robot/cmake/rosidl_cmake_export_typesupport_libraries-extras.cmake
[1.567s] -- Up-to-date: /home/natalia/Documents/STUDING/robotix/modul3/ex05/install/action_cleaning_robot/share/action_cleaning_robot/cmake/action_cleaning_robotConfig.cmake
[1.567s] -- Up-to-date: /home/natalia/Documents/STUDING/robotix/modul3/ex05/install/action_cleaning_robot/share/action_cleaning_robot/cmake/action_cleaning_robotConfig-version.cmake
[1.568s] -- Up-to-date: /home/natalia/Documents/STUDING/robotix/modul3/ex05/install/action_cleaning_robot/share/action_cleaning_robot/package.xml
[1.578s] Invoked command in '/home/natalia/Documents/STUDING/robotix/modul3/ex05/build/action_cleaning_robot' returned '0': CMAKE_PREFIX_PATH=${CMAKE_PREFIX_PATH}:/opt/ros/jazzy DEBUGINFOD_URLS=https://debuginfod.ubuntu.com /usr/bin/cmake --install /home/natalia/Documents/STUDING/robotix/modul3/ex05/build/action_cleaning_robot
