[0.011s] Invoking command in '/home/natalia/Documents/STUDING/robotix/modul6/ex05/build/robot_app': CMAKE_PREFIX_PATH=${CMAKE_PREFIX_PATH}:/opt/ros/jazzy DEBUGINFOD_URLS=https://debuginfod.ubuntu.com /usr/bin/cmake --build /home/natalia/Documents/STUDING/robotix/modul6/ex05/build/robot_app -- -j20 -l20
[0.043s] Invoked command in '/home/natalia/Documents/STUDING/robotix/modul6/ex05/build/robot_app' returned '0': CMAKE_PREFIX_PATH=${CMAKE_PREFIX_PATH}:/opt/ros/jazzy DEBUGINFOD_URLS=https://debuginfod.ubuntu.com /usr/bin/cmake --build /home/natalia/Documents/STUDING/robotix/modul6/ex05/build/robot_app -- -j20 -l20
[0.056s] Invoking command in '/home/natalia/Documents/STUDING/robotix/modul6/ex05/build/robot_app': CMAKE_PREFIX_PATH=${CMAKE_PREFIX_PATH}:/opt/ros/jazzy DEBUGINFOD_URLS=https://debuginfod.ubuntu.com /usr/bin/cmake --install /home/natalia/Documents/STUDING/robotix/modul6/ex05/build/robot_app
[0.069s] -- Install configuration: ""
[0.069s] -- Up-to-date: /home/natalia/Documents/STUDING/robotix/modul6/ex05/install/robot_app/share/ament_index/resource_index/package_run_dependencies/robot_app
[0.070s] -- Up-to-date: /home/natalia/Documents/STUDING/robotix/modul6/ex05/install/robot_app/share/ament_index/resource_index/parent_prefix_path/robot_app
[0.070s] -- Up-to-date: /home/natalia/Documents/STUDING/robotix/modul6/ex05/install/robot_app/share/robot_app/environment/ament_prefix_path.sh
[0.070s] -- Up-to-date: /home/natalia/Documents/STUDING/robotix/modul6/ex05/install/robot_app/share/robot_app/environment/ament_prefix_path.dsv
[0.070s] -- Up-to-date: /home/natalia/Documents/STUDING/robotix/modul6/ex05/install/robot_app/share/robot_app/environment/path.sh
[0.071s] -- Up-to-date: /home/natalia/Documents/STUDING/robotix/modul6/ex05/install/robot_app/share/robot_app/environment/path.dsv
[0.071s] -- Up-to-date: /home/natalia/Documents/STUDING/robotix/modul6/ex05/install/robot_app/share/robot_app/local_setup.bash
[0.071s] -- Up-to-date: /home/natalia/Documents/STUDING/robotix/modul6/ex05/install/robot_app/share/robot_app/local_setup.sh
[0.071s] -- Up-to-date: /home/natalia/Documents/STUDING/robotix/modul6/ex05/install/robot_app/share/robot_app/local_setup.zsh
[0.072s] -- Up-to-date: /home/natalia/Documents/STUDING/robotix/modul6/ex05/install/robot_app/share/robot_app/local_setup.dsv
[0.072s] -- Installing: /home/natalia/Documents/STUDING/robotix/modul6/ex05/install/robot_app/share/robot_app/package.dsv
[0.074s] -- Up-to-date: /home/natalia/Documents/STUDING/robotix/modul6/ex05/install/robot_app/share/ament_index/resource_index/packages/robot_app
[0.074s] -- Up-to-date: /home/natalia/Documents/STUDING/robotix/modul6/ex05/install/robot_app/share/robot_app/cmake/robot_appConfig.cmake
[0.074s] -- Up-to-date: /home/natalia/Documents/STUDING/robotix/modul6/ex05/install/robot_app/share/robot_app/cmake/robot_appConfig-version.cmake
[0.074s] -- Up-to-date: /home/natalia/Documents/STUDING/robotix/modul6/ex05/install/robot_app/share/robot_app/package.xml
[0.074s] Invoked command in '/home/natalia/Documents/STUDING/robotix/modul6/ex05/build/robot_app' returned '0': CMAKE_PREFIX_PATH=${CMAKE_PREFIX_PATH}:/opt/ros/jazzy DEBUGINFOD_URLS=https://debuginfod.ubuntu.com /usr/bin/cmake --install /home/natalia/Documents/STUDING/robotix/modul6/ex05/build/robot_app
