[0.687s] Invoking command in '/home/natalia/Documents/STUDING/robotix/modul3/ex04/move_to_goal': DEBUGINFOD_URLS=https://debuginfod.ubuntu.com PYTHONPATH=/home/natalia/Documents/STUDING/robotix/modul3/ex04/build/move_to_goal/prefix_override:/usr/lib/python3/dist-packages/colcon_core/task/python/colcon_distutils_commands:/home/natalia/Documents/STUDING/robotix/modul3/ex04/install/move_to_goal/lib/python3.12/site-packages:${PYTHONPATH} /usr/bin/python3 -W ignore:setup.py install is deprecated -W ignore:easy_install command is deprecated setup.py egg_info --egg-base ../build/move_to_goal build --build-base /home/natalia/Documents/STUDING/robotix/modul3/ex04/build/move_to_goal/build install --record /home/natalia/Documents/STUDING/robotix/modul3/ex04/build/move_to_goal/install.log --single-version-externally-managed install_data
[0.987s] running egg_info
[0.987s] creating ../build/move_to_goal/move_to_goal.egg-info
[0.996s] writing ../build/move_to_goal/move_to_goal.egg-info/PKG-INFO
[0.996s] writing dependency_links to ../build/move_to_goal/move_to_goal.egg-info/dependency_links.txt
[0.996s] writing entry points to ../build/move_to_goal/move_to_goal.egg-info/entry_points.txt
[0.996s] writing requirements to ../build/move_to_goal/move_to_goal.egg-info/requires.txt
[0.996s] writing top-level names to ../build/move_to_goal/move_to_goal.egg-info/top_level.txt
[0.997s] writing manifest file '../build/move_to_goal/move_to_goal.egg-info/SOURCES.txt'
[1.015s] reading manifest file '../build/move_to_goal/move_to_goal.egg-info/SOURCES.txt'
[1.015s] writing manifest file '../build/move_to_goal/move_to_goal.egg-info/SOURCES.txt'
[1.015s] running build
[1.016s] running build_py
[1.016s] creating /home/natalia/Documents/STUDING/robotix/modul3/ex04/build/move_to_goal/build
[1.016s] creating /home/natalia/Documents/STUDING/robotix/modul3/ex04/build/move_to_goal/build/lib
[1.016s] creating /home/natalia/Documents/STUDING/robotix/modul3/ex04/build/move_to_goal/build/lib/move_to_goal
[1.016s] copying move_to_goal/move_to_goal_node.py -> /home/natalia/Documents/STUDING/robotix/modul3/ex04/build/move_to_goal/build/lib/move_to_goal
[1.016s] running install
[1.019s] running install_lib
[1.029s] creating /home/natalia/Documents/STUDING/robotix/modul3/ex04/install/move_to_goal/lib/python3.12/site-packages/move_to_goal
[1.029s] copying /home/natalia/Documents/STUDING/robotix/modul3/ex04/build/move_to_goal/build/lib/move_to_goal/move_to_goal_node.py -> /home/natalia/Documents/STUDING/robotix/modul3/ex04/install/move_to_goal/lib/python3.12/site-packages/move_to_goal
[1.029s] byte-compiling /home/natalia/Documents/STUDING/robotix/modul3/ex04/install/move_to_goal/lib/python3.12/site-packages/move_to_goal/move_to_goal_node.py to move_to_goal_node.cpython-312.pyc
[1.030s] running install_data
[1.030s] creating /home/natalia/Documents/STUDING/robotix/modul3/ex04/install/move_to_goal/share/ament_index
[1.030s] creating /home/natalia/Documents/STUDING/robotix/modul3/ex04/install/move_to_goal/share/ament_index/resource_index
[1.030s] creating /home/natalia/Documents/STUDING/robotix/modul3/ex04/install/move_to_goal/share/ament_index/resource_index/packages
[1.030s] copying resource/move_to_goal -> /home/natalia/Documents/STUDING/robotix/modul3/ex04/install/move_to_goal/share/ament_index/resource_index/packages
[1.030s] copying package.xml -> /home/natalia/Documents/STUDING/robotix/modul3/ex04/install/move_to_goal/share/move_to_goal
[1.030s] running install_egg_info
[1.040s] Copying ../build/move_to_goal/move_to_goal.egg-info to /home/natalia/Documents/STUDING/robotix/modul3/ex04/install/move_to_goal/lib/python3.12/site-packages/move_to_goal-0.0.0-py3.12.egg-info
[1.041s] running install_scripts
[1.107s] Installing move_to_goal script to /home/natalia/Documents/STUDING/robotix/modul3/ex04/install/move_to_goal/lib/move_to_goal
[1.107s] writing list of installed files to '/home/natalia/Documents/STUDING/robotix/modul3/ex04/build/move_to_goal/install.log'
[1.124s] Invoked command in '/home/natalia/Documents/STUDING/robotix/modul3/ex04/move_to_goal' returned '0': DEBUGINFOD_URLS=https://debuginfod.ubuntu.com PYTHONPATH=/home/natalia/Documents/STUDING/robotix/modul3/ex04/build/move_to_goal/prefix_override:/usr/lib/python3/dist-packages/colcon_core/task/python/colcon_distutils_commands:/home/natalia/Documents/STUDING/robotix/modul3/ex04/install/move_to_goal/lib/python3.12/site-packages:${PYTHONPATH} /usr/bin/python3 -W ignore:setup.py install is deprecated -W ignore:easy_install command is deprecated setup.py egg_info --egg-base ../build/move_to_goal build --build-base /home/natalia/Documents/STUDING/robotix/modul3/ex04/build/move_to_goal/build install --record /home/natalia/Documents/STUDING/robotix/modul3/ex04/build/move_to_goal/install.log --single-version-externally-managed install_data
