[0.006s] Invoking command in '/home/natalia/Documents/STUDING/robotix/modul5/ex0302/build/ros_gz_example_application': CMAKE_PREFIX_PATH=${CMAKE_PREFIX_PATH}:/opt/ros/jazzy DEBUGINFOD_URLS=https://debuginfod.ubuntu.com /usr/bin/cmake /home/natalia/Documents/STUDING/robotix/modul5/ex0302/ros_gz_project_template/ros_gz_example_application -DBUILD_TESTING=ON -DCMAKE_INSTALL_PREFIX=/home/natalia/Documents/STUDING/robotix/modul5/ex0302/install/ros_gz_example_application
[0.061s] -- The C compiler identification is GNU 13.3.0
[0.106s] -- The CXX compiler identification is GNU 13.3.0
[0.120s] -- Detecting C compiler ABI info
[0.188s] -- Detecting C compiler ABI info - done
[0.196s] -- Check for working C compiler: /usr/bin/cc - skipped
[0.196s] -- Detecting C compile features
[0.197s] -- Detecting C compile features - done
[0.204s] -- Detecting CXX compiler ABI info
[0.440s] -- Detecting CXX compiler ABI info - done
[0.448s] -- Check for working CXX compiler: /usr/bin/c++ - skipped
[0.448s] -- Detecting CXX compile features
[0.448s] -- Detecting CXX compile features - done
[0.483s] -- Found ament_cmake: 2.5.4 (/opt/ros/jazzy/share/ament_cmake/cmake)
[1.165s] -- Found Python3: /usr/bin/python3 (found version "3.12.3") found components: Interpreter 
[1.492s] -- Configuring done (1.5s)
[1.493s] -- Generating done (0.0s)
[1.494s] -- Build files have been written to: /home/natalia/Documents/STUDING/robotix/modul5/ex0302/build/ros_gz_example_application
[1.500s] Invoked command in '/home/natalia/Documents/STUDING/robotix/modul5/ex0302/build/ros_gz_example_application' returned '0': CMAKE_PREFIX_PATH=${CMAKE_PREFIX_PATH}:/opt/ros/jazzy DEBUGINFOD_URLS=https://debuginfod.ubuntu.com /usr/bin/cmake /home/natalia/Documents/STUDING/robotix/modul5/ex0302/ros_gz_project_template/ros_gz_example_application -DBUILD_TESTING=ON -DCMAKE_INSTALL_PREFIX=/home/natalia/Documents/STUDING/robotix/modul5/ex0302/install/ros_gz_example_application
[1.504s] Invoking command in '/home/natalia/Documents/STUDING/robotix/modul5/ex0302/build/ros_gz_example_application': CMAKE_PREFIX_PATH=${CMAKE_PREFIX_PATH}:/opt/ros/jazzy DEBUGINFOD_URLS=https://debuginfod.ubuntu.com /usr/bin/cmake --build /home/natalia/Documents/STUDING/robotix/modul5/ex0302/build/ros_gz_example_application -- -j20 -l20
[1.658s] Invoked command in '/home/natalia/Documents/STUDING/robotix/modul5/ex0302/build/ros_gz_example_application' returned '0': CMAKE_PREFIX_PATH=${CMAKE_PREFIX_PATH}:/opt/ros/jazzy DEBUGINFOD_URLS=https://debuginfod.ubuntu.com /usr/bin/cmake --build /home/natalia/Documents/STUDING/robotix/modul5/ex0302/build/ros_gz_example_application -- -j20 -l20
[1.707s] Invoking command in '/home/natalia/Documents/STUDING/robotix/modul5/ex0302/build/ros_gz_example_application': CMAKE_PREFIX_PATH=${CMAKE_PREFIX_PATH}:/opt/ros/jazzy DEBUGINFOD_URLS=https://debuginfod.ubuntu.com /usr/bin/cmake --install /home/natalia/Documents/STUDING/robotix/modul5/ex0302/build/ros_gz_example_application
[1.741s] -- Install configuration: ""
[1.741s] -- Installing: /home/natalia/Documents/STUDING/robotix/modul5/ex0302/install/ros_gz_example_application/share/ament_index/resource_index/package_run_dependencies/ros_gz_example_application
[1.742s] -- Installing: /home/natalia/Documents/STUDING/robotix/modul5/ex0302/install/ros_gz_example_application/share/ament_index/resource_index/parent_prefix_path/ros_gz_example_application
[1.743s] -- Installing: /home/natalia/Documents/STUDING/robotix/modul5/ex0302/install/ros_gz_example_application/share/ros_gz_example_application/environment/ament_prefix_path.sh
[1.744s] -- Installing: /home/natalia/Documents/STUDING/robotix/modul5/ex0302/install/ros_gz_example_application/share/ros_gz_example_application/environment/ament_prefix_path.dsv
[1.744s] -- Installing: /home/natalia/Documents/STUDING/robotix/modul5/ex0302/install/ros_gz_example_application/share/ros_gz_example_application/environment/path.sh
[1.745s] -- Installing: /home/natalia/Documents/STUDING/robotix/modul5/ex0302/install/ros_gz_example_application/share/ros_gz_example_application/environment/path.dsv
[1.745s] -- Installing: /home/natalia/Documents/STUDING/robotix/modul5/ex0302/install/ros_gz_example_application/share/ros_gz_example_application/local_setup.bash
[1.746s] -- Installing: /home/natalia/Documents/STUDING/robotix/modul5/ex0302/install/ros_gz_example_application/share/ros_gz_example_application/local_setup.sh
[1.746s] -- Installing: /home/natalia/Documents/STUDING/robotix/modul5/ex0302/install/ros_gz_example_application/share/ros_gz_example_application/local_setup.zsh
[1.747s] -- Installing: /home/natalia/Documents/STUDING/robotix/modul5/ex0302/install/ros_gz_example_application/share/ros_gz_example_application/local_setup.dsv
[1.747s] -- Installing: /home/natalia/Documents/STUDING/robotix/modul5/ex0302/install/ros_gz_example_application/share/ros_gz_example_application/package.dsv
[1.748s] -- Installing: /home/natalia/Documents/STUDING/robotix/modul5/ex0302/install/ros_gz_example_application/share/ament_index/resource_index/packages/ros_gz_example_application
[1.748s] -- Installing: /home/natalia/Documents/STUDING/robotix/modul5/ex0302/install/ros_gz_example_application/share/ros_gz_example_application/cmake/ros_gz_example_applicationConfig.cmake
[1.748s] -- Installing: /home/natalia/Documents/STUDING/robotix/modul5/ex0302/install/ros_gz_example_application/share/ros_gz_example_application/cmake/ros_gz_example_applicationConfig-version.cmake
[1.749s] -- Installing: /home/natalia/Documents/STUDING/robotix/modul5/ex0302/install/ros_gz_example_application/share/ros_gz_example_application/package.xml
[1.757s] Invoked command in '/home/natalia/Documents/STUDING/robotix/modul5/ex0302/build/ros_gz_example_application' returned '0': CMAKE_PREFIX_PATH=${CMAKE_PREFIX_PATH}:/opt/ros/jazzy DEBUGINFOD_URLS=https://debuginfod.ubuntu.com /usr/bin/cmake --install /home/natalia/Documents/STUDING/robotix/modul5/ex0302/build/ros_gz_example_application
