[0.605s] DEBUG:colcon:Command line arguments: ['/usr/bin/colcon', 'build']
[0.605s] DEBUG:colcon:Parsed command line arguments: Namespace(log_base=None, log_level=None, verb_name='build', build_base='build', install_base='install', merge_install=False, symlink_install=False, test_result_base=None, continue_on_error=False, executor='parallel', parallel_workers=20, event_handlers=None, ignore_user_meta=False, metas=['./colcon.meta'], base_paths=['.'], packages_ignore=None, packages_ignore_regex=None, paths=None, packages_up_to=None, packages_up_to_regex=None, packages_above=None, packages_above_and_dependencies=None, packages_above_depth=None, packages_select_by_dep=None, packages_skip_by_dep=None, packages_skip_up_to=None, packages_select_build_failed=False, packages_skip_build_finished=False, packages_select_test_failures=False, packages_skip_test_passed=False, packages_select=None, packages_skip=None, packages_select_regex=None, packages_skip_regex=None, packages_start=None, packages_end=None, allow_overriding=[], cmake_args=None, cmake_target=None, cmake_target_skip_unavailable=False, cmake_clean_cache=False, cmake_clean_first=False, cmake_force_configure=False, ament_cmake_args=None, catkin_cmake_args=None, catkin_skip_building_tests=False, mixin_files=None, mixin=None, verb_parser=<colcon_mixin.mixin.mixin_argument.MixinArgumentDecorator object at 0x79c61c19d340>, verb_extension=<colcon_core.verb.build.BuildVerb object at 0x79c61c19cfe0>, main=<bound method BuildVerb.main of <colcon_core.verb.build.BuildVerb object at 0x79c61c19cfe0>>, mixin_verb=('build',))
[0.803s] Level 1:colcon.colcon_core.package_discovery:discover_packages(colcon_meta) check parameters
[0.803s] Level 1:colcon.colcon_core.package_discovery:discover_packages(recursive) check parameters
[0.803s] Level 1:colcon.colcon_core.package_discovery:discover_packages(ignore) check parameters
[0.804s] Level 1:colcon.colcon_core.package_discovery:discover_packages(path) check parameters
[0.804s] Level 1:colcon.colcon_core.package_discovery:discover_packages(colcon_meta) discover
[0.805s] Level 1:colcon.colcon_core.package_discovery:discover_packages(recursive) discover
[0.805s] INFO:colcon.colcon_core.package_discovery:Crawling recursively for packages in '/home/natalia/Documents/STUDING/robotix/modul3/ex05'
[0.805s] Level 1:colcon.colcon_core.package_identification:_identify(.) by extensions ['ignore', 'ignore_ament_install']
[0.805s] Level 1:colcon.colcon_core.package_identification:_identify(.) by extension 'ignore'
[0.806s] Level 1:colcon.colcon_core.package_identification:_identify(.) by extension 'ignore_ament_install'
[0.806s] Level 1:colcon.colcon_core.package_identification:_identify(.) by extensions ['colcon_pkg']
[0.806s] Level 1:colcon.colcon_core.package_identification:_identify(.) by extension 'colcon_pkg'
[0.806s] Level 1:colcon.colcon_core.package_identification:_identify(.) by extensions ['colcon_meta']
[0.806s] Level 1:colcon.colcon_core.package_identification:_identify(.) by extension 'colcon_meta'
[0.806s] Level 1:colcon.colcon_core.package_identification:_identify(.) by extensions ['ros']
[0.806s] Level 1:colcon.colcon_core.package_identification:_identify(.) by extension 'ros'
[0.852s] Level 1:colcon.colcon_core.package_identification:_identify(.) by extensions ['cmake', 'python']
[0.852s] Level 1:colcon.colcon_core.package_identification:_identify(.) by extension 'cmake'
[0.852s] Level 1:colcon.colcon_core.package_identification:_identify(.) by extension 'python'
[0.852s] Level 1:colcon.colcon_core.package_identification:_identify(.) by extensions ['python_setup_py']
[0.852s] Level 1:colcon.colcon_core.package_identification:_identify(.) by extension 'python_setup_py'
[0.852s] Level 1:colcon.colcon_core.package_identification:_identify(action_cleaning_robot) by extensions ['ignore', 'ignore_ament_install']
[0.852s] Level 1:colcon.colcon_core.package_identification:_identify(action_cleaning_robot) by extension 'ignore'
[0.852s] Level 1:colcon.colcon_core.package_identification:_identify(action_cleaning_robot) by extension 'ignore_ament_install'
[0.852s] Level 1:colcon.colcon_core.package_identification:_identify(action_cleaning_robot) by extensions ['colcon_pkg']
[0.852s] Level 1:colcon.colcon_core.package_identification:_identify(action_cleaning_robot) by extension 'colcon_pkg'
[0.852s] Level 1:colcon.colcon_core.package_identification:_identify(action_cleaning_robot) by extensions ['colcon_meta']
[0.852s] Level 1:colcon.colcon_core.package_identification:_identify(action_cleaning_robot) by extension 'colcon_meta'
[0.852s] Level 1:colcon.colcon_core.package_identification:_identify(action_cleaning_robot) by extensions ['ros']
[0.852s] Level 1:colcon.colcon_core.package_identification:_identify(action_cleaning_robot) by extension 'ros'
[0.856s] DEBUG:colcon.colcon_core.package_identification:Package 'action_cleaning_robot' with type 'ros.ament_cmake' and name 'action_cleaning_robot'
[0.856s] Level 1:colcon.colcon_core.package_identification:_identify(build) by extensions ['ignore', 'ignore_ament_install']
[0.856s] Level 1:colcon.colcon_core.package_identification:_identify(build) by extension 'ignore'
[0.856s] Level 1:colcon.colcon_core.package_identification:_identify(build) ignored
[0.856s] Level 1:colcon.colcon_core.package_identification:_identify(install) by extensions ['ignore', 'ignore_ament_install']
[0.856s] Level 1:colcon.colcon_core.package_identification:_identify(install) by extension 'ignore'
[0.856s] Level 1:colcon.colcon_core.package_identification:_identify(install) ignored
[0.856s] Level 1:colcon.colcon_core.package_identification:_identify(log) by extensions ['ignore', 'ignore_ament_install']
[0.857s] Level 1:colcon.colcon_core.package_identification:_identify(log) by extension 'ignore'
[0.857s] Level 1:colcon.colcon_core.package_identification:_identify(log) ignored
[0.857s] Level 1:colcon.colcon_core.package_discovery:discover_packages(recursive) using defaults
[0.857s] Level 1:colcon.colcon_core.package_discovery:discover_packages(ignore) discover
[0.857s] Level 1:colcon.colcon_core.package_discovery:discover_packages(ignore) using defaults
[0.857s] Level 1:colcon.colcon_core.package_discovery:discover_packages(path) discover
[0.857s] Level 1:colcon.colcon_core.package_discovery:discover_packages(path) using defaults
[0.890s] Level 1:colcon.colcon_core.package_discovery:discover_packages(prefix_path) check parameters
[0.890s] Level 1:colcon.colcon_core.package_discovery:discover_packages(prefix_path) discover
[0.897s] DEBUG:colcon.colcon_installed_package_information.package_discovery:Found 286 installed packages in /opt/ros/jazzy
[0.899s] Level 1:colcon.colcon_core.package_discovery:discover_packages(prefix_path) using defaults
[0.943s] Level 5:colcon.colcon_core.verb:set package 'action_cleaning_robot' build argument 'cmake_args' from command line to 'None'
[0.943s] Level 5:colcon.colcon_core.verb:set package 'action_cleaning_robot' build argument 'cmake_target' from command line to 'None'
[0.943s] Level 5:colcon.colcon_core.verb:set package 'action_cleaning_robot' build argument 'cmake_target_skip_unavailable' from command line to 'False'
[0.943s] Level 5:colcon.colcon_core.verb:set package 'action_cleaning_robot' build argument 'cmake_clean_cache' from command line to 'False'
[0.943s] Level 5:colcon.colcon_core.verb:set package 'action_cleaning_robot' build argument 'cmake_clean_first' from command line to 'False'
[0.943s] Level 5:colcon.colcon_core.verb:set package 'action_cleaning_robot' build argument 'cmake_force_configure' from command line to 'False'
[0.943s] Level 5:colcon.colcon_core.verb:set package 'action_cleaning_robot' build argument 'ament_cmake_args' from command line to 'None'
[0.943s] Level 5:colcon.colcon_core.verb:set package 'action_cleaning_robot' build argument 'catkin_cmake_args' from command line to 'None'
[0.943s] Level 5:colcon.colcon_core.verb:set package 'action_cleaning_robot' build argument 'catkin_skip_building_tests' from command line to 'False'
[0.943s] DEBUG:colcon.colcon_core.verb:Building package 'action_cleaning_robot' with the following arguments: {'ament_cmake_args': None, 'build_base': '/home/natalia/Documents/STUDING/robotix/modul3/ex05/build/action_cleaning_robot', 'catkin_cmake_args': None, 'catkin_skip_building_tests': False, 'cmake_args': None, 'cmake_clean_cache': False, 'cmake_clean_first': False, 'cmake_force_configure': False, 'cmake_target': None, 'cmake_target_skip_unavailable': False, 'install_base': '/home/natalia/Documents/STUDING/robotix/modul3/ex05/install/action_cleaning_robot', 'merge_install': False, 'path': '/home/natalia/Documents/STUDING/robotix/modul3/ex05/action_cleaning_robot', 'symlink_install': False, 'test_result_base': None}
[0.943s] INFO:colcon.colcon_core.executor:Executing jobs using 'parallel' executor
[0.944s] DEBUG:colcon.colcon_parallel_executor.executor.parallel:run_until_complete
[0.944s] INFO:colcon.colcon_ros.task.ament_cmake.build:Building ROS package in '/home/natalia/Documents/STUDING/robotix/modul3/ex05/action_cleaning_robot' with build type 'ament_cmake'
[0.944s] INFO:colcon.colcon_cmake.task.cmake.build:Building CMake package in '/home/natalia/Documents/STUDING/robotix/modul3/ex05/action_cleaning_robot'
[0.949s] INFO:colcon.colcon_core.plugin_system:Skipping extension 'colcon_core.shell.bat': Not used on non-Windows systems
[0.949s] INFO:colcon.colcon_core.shell:Skip shell extension 'powershell' for command environment: Not usable outside of PowerShell
[0.950s] DEBUG:colcon.colcon_core.shell:Skip shell extension 'dsv' for command environment
[0.974s] DEBUG:colcon.colcon_core.event_handler.log_command:Invoking command in '/home/natalia/Documents/STUDING/robotix/modul3/ex05/build/action_cleaning_robot': CMAKE_PREFIX_PATH=${CMAKE_PREFIX_PATH}:/opt/ros/jazzy DEBUGINFOD_URLS=https://debuginfod.ubuntu.com /usr/bin/cmake --build /home/natalia/Documents/STUDING/robotix/modul3/ex05/build/action_cleaning_robot -- -j20 -l20
[13.558s] DEBUG:colcon.colcon_core.event_handler.log_command:Invoked command in '/home/natalia/Documents/STUDING/robotix/modul3/ex05/build/action_cleaning_robot' returned '0': CMAKE_PREFIX_PATH=${CMAKE_PREFIX_PATH}:/opt/ros/jazzy DEBUGINFOD_URLS=https://debuginfod.ubuntu.com /usr/bin/cmake --build /home/natalia/Documents/STUDING/robotix/modul3/ex05/build/action_cleaning_robot -- -j20 -l20
[13.565s] DEBUG:colcon.colcon_core.event_handler.log_command:Invoking command in '/home/natalia/Documents/STUDING/robotix/modul3/ex05/build/action_cleaning_robot': CMAKE_PREFIX_PATH=${CMAKE_PREFIX_PATH}:/opt/ros/jazzy DEBUGINFOD_URLS=https://debuginfod.ubuntu.com /usr/bin/cmake --install /home/natalia/Documents/STUDING/robotix/modul3/ex05/build/action_cleaning_robot
[13.681s] Level 1:colcon.colcon_core.environment:create_environment_scripts_only(action_cleaning_robot)
[13.682s] DEBUG:colcon.colcon_core.event_handler.log_command:Invoked command in '/home/natalia/Documents/STUDING/robotix/modul3/ex05/build/action_cleaning_robot' returned '0': CMAKE_PREFIX_PATH=${CMAKE_PREFIX_PATH}:/opt/ros/jazzy DEBUGINFOD_URLS=https://debuginfod.ubuntu.com /usr/bin/cmake --install /home/natalia/Documents/STUDING/robotix/modul3/ex05/build/action_cleaning_robot
[13.707s] Level 1:colcon.colcon_core.environment:checking '/home/natalia/Documents/STUDING/robotix/modul3/ex05/install/action_cleaning_robot' for CMake module files
[13.710s] Level 1:colcon.colcon_core.environment:checking '/home/natalia/Documents/STUDING/robotix/modul3/ex05/install/action_cleaning_robot' for CMake config files
[13.711s] Level 1:colcon.colcon_core.shell:create_environment_hook('action_cleaning_robot', 'cmake_prefix_path')
[13.712s] INFO:colcon.colcon_core.shell:Creating environment hook '/home/natalia/Documents/STUDING/robotix/modul3/ex05/install/action_cleaning_robot/share/action_cleaning_robot/hook/cmake_prefix_path.ps1'
[13.716s] INFO:colcon.colcon_core.shell:Creating environment descriptor '/home/natalia/Documents/STUDING/robotix/modul3/ex05/install/action_cleaning_robot/share/action_cleaning_robot/hook/cmake_prefix_path.dsv'
[13.721s] INFO:colcon.colcon_core.shell:Creating environment hook '/home/natalia/Documents/STUDING/robotix/modul3/ex05/install/action_cleaning_robot/share/action_cleaning_robot/hook/cmake_prefix_path.sh'
[13.726s] Level 1:colcon.colcon_core.environment:checking '/home/natalia/Documents/STUDING/robotix/modul3/ex05/install/action_cleaning_robot/lib'
[13.726s] Level 1:colcon.colcon_core.shell:create_environment_hook('action_cleaning_robot', 'ld_library_path_lib')
[13.727s] INFO:colcon.colcon_core.shell:Creating environment hook '/home/natalia/Documents/STUDING/robotix/modul3/ex05/install/action_cleaning_robot/share/action_cleaning_robot/hook/ld_library_path_lib.ps1'
[13.729s] INFO:colcon.colcon_core.shell:Creating environment descriptor '/home/natalia/Documents/STUDING/robotix/modul3/ex05/install/action_cleaning_robot/share/action_cleaning_robot/hook/ld_library_path_lib.dsv'
[13.731s] INFO:colcon.colcon_core.shell:Creating environment hook '/home/natalia/Documents/STUDING/robotix/modul3/ex05/install/action_cleaning_robot/share/action_cleaning_robot/hook/ld_library_path_lib.sh'
[13.733s] Level 1:colcon.colcon_core.environment:checking '/home/natalia/Documents/STUDING/robotix/modul3/ex05/install/action_cleaning_robot/bin'
[13.734s] Level 1:colcon.colcon_core.environment:checking '/home/natalia/Documents/STUDING/robotix/modul3/ex05/install/action_cleaning_robot/lib/pkgconfig/action_cleaning_robot.pc'
[13.735s] Level 1:colcon.colcon_core.environment:checking '/home/natalia/Documents/STUDING/robotix/modul3/ex05/install/action_cleaning_robot/lib/python3.12/site-packages'
[13.736s] Level 1:colcon.colcon_core.shell:create_environment_hook('action_cleaning_robot', 'pythonpath')
[13.736s] INFO:colcon.colcon_core.shell:Creating environment hook '/home/natalia/Documents/STUDING/robotix/modul3/ex05/install/action_cleaning_robot/share/action_cleaning_robot/hook/pythonpath.ps1'
[13.738s] INFO:colcon.colcon_core.shell:Creating environment descriptor '/home/natalia/Documents/STUDING/robotix/modul3/ex05/install/action_cleaning_robot/share/action_cleaning_robot/hook/pythonpath.dsv'
[13.739s] INFO:colcon.colcon_core.shell:Creating environment hook '/home/natalia/Documents/STUDING/robotix/modul3/ex05/install/action_cleaning_robot/share/action_cleaning_robot/hook/pythonpath.sh'
[13.742s] Level 1:colcon.colcon_core.environment:checking '/home/natalia/Documents/STUDING/robotix/modul3/ex05/install/action_cleaning_robot/bin'
[13.743s] INFO:colcon.colcon_core.shell:Creating package script '/home/natalia/Documents/STUDING/robotix/modul3/ex05/install/action_cleaning_robot/share/action_cleaning_robot/package.ps1'
[13.747s] INFO:colcon.colcon_core.shell:Creating package descriptor '/home/natalia/Documents/STUDING/robotix/modul3/ex05/install/action_cleaning_robot/share/action_cleaning_robot/package.dsv'
[13.750s] INFO:colcon.colcon_core.shell:Creating package script '/home/natalia/Documents/STUDING/robotix/modul3/ex05/install/action_cleaning_robot/share/action_cleaning_robot/package.sh'
[13.754s] INFO:colcon.colcon_core.shell:Creating package script '/home/natalia/Documents/STUDING/robotix/modul3/ex05/install/action_cleaning_robot/share/action_cleaning_robot/package.bash'
[13.757s] INFO:colcon.colcon_core.shell:Creating package script '/home/natalia/Documents/STUDING/robotix/modul3/ex05/install/action_cleaning_robot/share/action_cleaning_robot/package.zsh'
[13.761s] Level 1:colcon.colcon_core.environment:create_file_with_runtime_dependencies(/home/natalia/Documents/STUDING/robotix/modul3/ex05/install/action_cleaning_robot/share/colcon-core/packages/action_cleaning_robot)
[13.763s] Level 1:colcon.colcon_core.environment:create_environment_scripts_only(action_cleaning_robot)
[13.763s] Level 1:colcon.colcon_core.environment:checking '/home/natalia/Documents/STUDING/robotix/modul3/ex05/install/action_cleaning_robot' for CMake module files
[13.766s] Level 1:colcon.colcon_core.environment:checking '/home/natalia/Documents/STUDING/robotix/modul3/ex05/install/action_cleaning_robot' for CMake config files
[13.767s] Level 1:colcon.colcon_core.shell:create_environment_hook('action_cleaning_robot', 'cmake_prefix_path')
[13.767s] INFO:colcon.colcon_core.shell:Creating environment hook '/home/natalia/Documents/STUDING/robotix/modul3/ex05/install/action_cleaning_robot/share/action_cleaning_robot/hook/cmake_prefix_path.ps1'
[13.769s] INFO:colcon.colcon_core.shell:Creating environment descriptor '/home/natalia/Documents/STUDING/robotix/modul3/ex05/install/action_cleaning_robot/share/action_cleaning_robot/hook/cmake_prefix_path.dsv'
[13.770s] INFO:colcon.colcon_core.shell:Creating environment hook '/home/natalia/Documents/STUDING/robotix/modul3/ex05/install/action_cleaning_robot/share/action_cleaning_robot/hook/cmake_prefix_path.sh'
[13.771s] Level 1:colcon.colcon_core.environment:checking '/home/natalia/Documents/STUDING/robotix/modul3/ex05/install/action_cleaning_robot/lib'
[13.772s] Level 1:colcon.colcon_core.shell:create_environment_hook('action_cleaning_robot', 'ld_library_path_lib')
[13.772s] INFO:colcon.colcon_core.shell:Creating environment hook '/home/natalia/Documents/STUDING/robotix/modul3/ex05/install/action_cleaning_robot/share/action_cleaning_robot/hook/ld_library_path_lib.ps1'
[13.773s] INFO:colcon.colcon_core.shell:Creating environment descriptor '/home/natalia/Documents/STUDING/robotix/modul3/ex05/install/action_cleaning_robot/share/action_cleaning_robot/hook/ld_library_path_lib.dsv'
[13.774s] INFO:colcon.colcon_core.shell:Creating environment hook '/home/natalia/Documents/STUDING/robotix/modul3/ex05/install/action_cleaning_robot/share/action_cleaning_robot/hook/ld_library_path_lib.sh'
[13.776s] Level 1:colcon.colcon_core.environment:checking '/home/natalia/Documents/STUDING/robotix/modul3/ex05/install/action_cleaning_robot/bin'
[13.776s] Level 1:colcon.colcon_core.environment:checking '/home/natalia/Documents/STUDING/robotix/modul3/ex05/install/action_cleaning_robot/lib/pkgconfig/action_cleaning_robot.pc'
[13.776s] Level 1:colcon.colcon_core.environment:checking '/home/natalia/Documents/STUDING/robotix/modul3/ex05/install/action_cleaning_robot/lib/python3.12/site-packages'
[13.777s] Level 1:colcon.colcon_core.shell:create_environment_hook('action_cleaning_robot', 'pythonpath')
[13.778s] INFO:colcon.colcon_core.shell:Creating environment hook '/home/natalia/Documents/STUDING/robotix/modul3/ex05/install/action_cleaning_robot/share/action_cleaning_robot/hook/pythonpath.ps1'
[13.780s] INFO:colcon.colcon_core.shell:Creating environment descriptor '/home/natalia/Documents/STUDING/robotix/modul3/ex05/install/action_cleaning_robot/share/action_cleaning_robot/hook/pythonpath.dsv'
[13.781s] INFO:colcon.colcon_core.shell:Creating environment hook '/home/natalia/Documents/STUDING/robotix/modul3/ex05/install/action_cleaning_robot/share/action_cleaning_robot/hook/pythonpath.sh'
[13.785s] Level 1:colcon.colcon_core.environment:checking '/home/natalia/Documents/STUDING/robotix/modul3/ex05/install/action_cleaning_robot/bin'
[13.786s] INFO:colcon.colcon_core.shell:Creating package script '/home/natalia/Documents/STUDING/robotix/modul3/ex05/install/action_cleaning_robot/share/action_cleaning_robot/package.ps1'
[13.789s] INFO:colcon.colcon_core.shell:Creating package descriptor '/home/natalia/Documents/STUDING/robotix/modul3/ex05/install/action_cleaning_robot/share/action_cleaning_robot/package.dsv'
[13.792s] INFO:colcon.colcon_core.shell:Creating package script '/home/natalia/Documents/STUDING/robotix/modul3/ex05/install/action_cleaning_robot/share/action_cleaning_robot/package.sh'
[13.794s] INFO:colcon.colcon_core.shell:Creating package script '/home/natalia/Documents/STUDING/robotix/modul3/ex05/install/action_cleaning_robot/share/action_cleaning_robot/package.bash'
[13.796s] INFO:colcon.colcon_core.shell:Creating package script '/home/natalia/Documents/STUDING/robotix/modul3/ex05/install/action_cleaning_robot/share/action_cleaning_robot/package.zsh'
[13.798s] Level 1:colcon.colcon_core.environment:create_file_with_runtime_dependencies(/home/natalia/Documents/STUDING/robotix/modul3/ex05/install/action_cleaning_robot/share/colcon-core/packages/action_cleaning_robot)
[13.799s] DEBUG:colcon.colcon_parallel_executor.executor.parallel:closing loop
[13.801s] DEBUG:colcon.colcon_parallel_executor.executor.parallel:loop closed
[13.803s] DEBUG:colcon.colcon_parallel_executor.executor.parallel:run_until_complete finished with '0'
[13.803s] DEBUG:colcon.colcon_core.event_reactor:joining thread
[13.830s] INFO:colcon.colcon_core.plugin_system:Skipping extension 'colcon_notification.desktop_notification.terminal_notifier': Not used on non-Darwin systems
[13.830s] INFO:colcon.colcon_core.plugin_system:Skipping extension 'colcon_notification.desktop_notification.win32': Not used on non-Windows systems
[13.830s] INFO:colcon.colcon_notification.desktop_notification:Sending desktop notification using 'notify2'
[13.931s] DEBUG:colcon.colcon_core.event_reactor:joined thread
[13.933s] INFO:colcon.colcon_core.shell:Creating prefix script '/home/natalia/Documents/STUDING/robotix/modul3/ex05/install/local_setup.ps1'
[13.938s] INFO:colcon.colcon_core.shell:Creating prefix util module '/home/natalia/Documents/STUDING/robotix/modul3/ex05/install/_local_setup_util_ps1.py'
[13.943s] INFO:colcon.colcon_core.shell:Creating prefix chain script '/home/natalia/Documents/STUDING/robotix/modul3/ex05/install/setup.ps1'
[13.948s] INFO:colcon.colcon_core.shell:Creating prefix script '/home/natalia/Documents/STUDING/robotix/modul3/ex05/install/local_setup.sh'
[13.951s] INFO:colcon.colcon_core.shell:Creating prefix util module '/home/natalia/Documents/STUDING/robotix/modul3/ex05/install/_local_setup_util_sh.py'
[13.954s] INFO:colcon.colcon_core.shell:Creating prefix chain script '/home/natalia/Documents/STUDING/robotix/modul3/ex05/install/setup.sh'
[13.959s] INFO:colcon.colcon_core.shell:Creating prefix script '/home/natalia/Documents/STUDING/robotix/modul3/ex05/install/local_setup.bash'
[13.963s] INFO:colcon.colcon_core.shell:Creating prefix chain script '/home/natalia/Documents/STUDING/robotix/modul3/ex05/install/setup.bash'
[13.966s] INFO:colcon.colcon_core.shell:Creating prefix script '/home/natalia/Documents/STUDING/robotix/modul3/ex05/install/local_setup.zsh'
[13.968s] INFO:colcon.colcon_core.shell:Creating prefix chain script '/home/natalia/Documents/STUDING/robotix/modul3/ex05/install/setup.zsh'
