[0.010s] Invoking command in '/home/natalia/Documents/STUDING/robotix/modul6/ex05/build/robot_bringup': CMAKE_PREFIX_PATH=${CMAKE_PREFIX_PATH}:/opt/ros/jazzy DEBUGINFOD_URLS=https://debuginfod.ubuntu.com PS1=(.venv) \[\e]0;\u@\h: \w\a\]${debian_chroot:+($debian_chroot)}\[\033[01;32m\]\u@\h\[\033[00m\]:\[\033[01;34m\]\w\[\033[00m\]\$ VIRTUAL_ENV_PROMPT=(.venv) /usr/bin/cmake --build /home/natalia/Documents/STUDING/robotix/modul6/ex05/build/robot_bringup -- -j20 -l20
[0.184s] Invoked command in '/home/natalia/Documents/STUDING/robotix/modul6/ex05/build/robot_bringup' returned '0': CMAKE_PREFIX_PATH=${CMAKE_PREFIX_PATH}:/opt/ros/jazzy DEBUGINFOD_URLS=https://debuginfod.ubuntu.com PS1=(.venv) \[\e]0;\u@\h: \w\a\]${debian_chroot:+($debian_chroot)}\[\033[01;32m\]\u@\h\[\033[00m\]:\[\033[01;34m\]\w\[\033[00m\]\$ VIRTUAL_ENV_PROMPT=(.venv) /usr/bin/cmake --build /home/natalia/Documents/STUDING/robotix/modul6/ex05/build/robot_bringup -- -j20 -l20
[0.190s] Invoking command in '/home/natalia/Documents/STUDING/robotix/modul6/ex05/build/robot_bringup': CMAKE_PREFIX_PATH=${CMAKE_PREFIX_PATH}:/opt/ros/jazzy DEBUGINFOD_URLS=https://debuginfod.ubuntu.com PS1=(.venv) \[\e]0;\u@\h: \w\a\]${debian_chroot:+($debian_chroot)}\[\033[01;32m\]\u@\h\[\033[00m\]:\[\033[01;34m\]\w\[\033[00m\]\$ VIRTUAL_ENV_PROMPT=(.venv) /usr/bin/cmake --install /home/natalia/Documents/STUDING/robotix/modul6/ex05/build/robot_bringup
[0.244s] -- Install configuration: ""
[0.244s] -- Up-to-date: /home/natalia/Documents/STUDING/robotix/modul6/ex05/install/robot_bringup/lib/robot_bringup/simple_stop.py
[0.244s] -- Up-to-date: /home/natalia/Documents/STUDING/robotix/modul6/ex05/install/robot_bringup/share/robot_bringup/launch
[0.245s] -- Up-to-date: /home/natalia/Documents/STUDING/robotix/modul6/ex05/install/robot_bringup/share/robot_bringup/launch/straight_line.launch.py
[0.245s] -- Up-to-date: /home/natalia/Documents/STUDING/robotix/modul6/ex05/install/robot_bringup/share/robot_bringup/launch/diff_drive.launch.py
[0.245s] -- Up-to-date: /home/natalia/Documents/STUDING/robotix/modul6/ex05/install/robot_bringup/share/robot_bringup/config
[0.246s] -- Up-to-date: /home/natalia/Documents/STUDING/robotix/modul6/ex05/install/robot_bringup/share/robot_bringup/config/diff_drive.rviz
[0.247s] -- Up-to-date: /home/natalia/Documents/STUDING/robotix/modul6/ex05/install/robot_bringup/share/robot_bringup/config/robot_bridge.yaml
[0.247s] -- Up-to-date: /home/natalia/Documents/STUDING/robotix/modul6/ex05/install/robot_bringup/share/ament_index/resource_index/package_run_dependencies/robot_bringup
[0.247s] -- Up-to-date: /home/natalia/Documents/STUDING/robotix/modul6/ex05/install/robot_bringup/share/ament_index/resource_index/parent_prefix_path/robot_bringup
[0.248s] -- Up-to-date: /home/natalia/Documents/STUDING/robotix/modul6/ex05/install/robot_bringup/share/robot_bringup/environment/ament_prefix_path.sh
[0.248s] -- Up-to-date: /home/natalia/Documents/STUDING/robotix/modul6/ex05/install/robot_bringup/share/robot_bringup/environment/ament_prefix_path.dsv
[0.248s] -- Up-to-date: /home/natalia/Documents/STUDING/robotix/modul6/ex05/install/robot_bringup/share/robot_bringup/environment/path.sh
[0.249s] -- Up-to-date: /home/natalia/Documents/STUDING/robotix/modul6/ex05/install/robot_bringup/share/robot_bringup/environment/path.dsv
[0.249s] -- Up-to-date: /home/natalia/Documents/STUDING/robotix/modul6/ex05/install/robot_bringup/share/robot_bringup/local_setup.bash
[0.249s] -- Up-to-date: /home/natalia/Documents/STUDING/robotix/modul6/ex05/install/robot_bringup/share/robot_bringup/local_setup.sh
[0.249s] -- Up-to-date: /home/natalia/Documents/STUDING/robotix/modul6/ex05/install/robot_bringup/share/robot_bringup/local_setup.zsh
[0.250s] -- Up-to-date: /home/natalia/Documents/STUDING/robotix/modul6/ex05/install/robot_bringup/share/robot_bringup/local_setup.dsv
[0.250s] -- Installing: /home/natalia/Documents/STUDING/robotix/modul6/ex05/install/robot_bringup/share/robot_bringup/package.dsv
[0.250s] -- Up-to-date: /home/natalia/Documents/STUDING/robotix/modul6/ex05/install/robot_bringup/share/ament_index/resource_index/packages/robot_bringup
[0.250s] -- Up-to-date: /home/natalia/Documents/STUDING/robotix/modul6/ex05/install/robot_bringup/share/robot_bringup/cmake/robot_bringupConfig.cmake
[0.251s] -- Up-to-date: /home/natalia/Documents/STUDING/robotix/modul6/ex05/install/robot_bringup/share/robot_bringup/cmake/robot_bringupConfig-version.cmake
[0.251s] -- Up-to-date: /home/natalia/Documents/STUDING/robotix/modul6/ex05/install/robot_bringup/share/robot_bringup/package.xml
[0.308s] Invoked command in '/home/natalia/Documents/STUDING/robotix/modul6/ex05/build/robot_bringup' returned '0': CMAKE_PREFIX_PATH=${CMAKE_PREFIX_PATH}:/opt/ros/jazzy DEBUGINFOD_URLS=https://debuginfod.ubuntu.com PS1=(.venv) \[\e]0;\u@\h: \w\a\]${debian_chroot:+($debian_chroot)}\[\033[01;32m\]\u@\h\[\033[00m\]:\[\033[01;34m\]\w\[\033[00m\]\$ VIRTUAL_ENV_PROMPT=(.venv) /usr/bin/cmake --install /home/natalia/Documents/STUDING/robotix/modul6/ex05/build/robot_bringup
