-- Found ament_cmake: 2.8.4 (/opt/ros/rolling/share/ament_cmake/cmake)
-- Found rosidl_default_generators: 1.8.1 (/opt/ros/rolling/share/rosidl_default_generators/cmake)
-- Using all available rosidl_typesupport_c: rosidl_typesupport_fastrtps_c;rosidl_typesupport_introspection_c
-- Using all available rosidl_typesupport_cpp: rosidl_typesupport_fastrtps_cpp;rosidl_typesupport_introspection_cpp
-- Found rosidl_adapter: 5.0.1 (/opt/ros/rolling/share/rosidl_adapter/cmake)
-- Found ament_cmake_ros_core: 0.15.2 (/opt/ros/rolling/share/ament_cmake_ros_core/cmake)
-- Using all available rosidl_typesupport_c: rosidl_typesupport_fastrtps_c;rosidl_typesupport_introspection_c
-- Using all available rosidl_typesupport_cpp: rosidl_typesupport_fastrtps_cpp;rosidl_typesupport_introspection_cpp
-- Found Python3: /usr/bin/python3 (found version "3.12.3") found components: Interpreter Development NumPy Development.Module Development.Embed 
-- Found ament_lint_auto: 0.20.2 (/opt/ros/rolling/share/ament_lint_auto/cmake)
-- Added test 'flake8' to check Python code syntax and style conventions
-- Configured 'flake8' exclude dirs and/or files: 
-- Added test 'lint_cmake' to check CMake code style
-- Added test 'pep257' to check Python code against some of the docstring style conventions in PEP 257
-- Added test 'xmllint' to check XML markup files
-- Configuring done (9.7s)
-- Generating done (0.0s)
-- Build files have been written to: /home/natalia/Documents/STUDING/robotix/modul2/ex09/build/full_name_message
[  2%] [34m[1mGenerating type hashes for ROS interfaces[0m
[  2%] Built target ament_cmake_python_copy_full_name_message
running egg_info
creating full_name_message.egg-info
[  2%] Built target full_name_message__rosidl_generator_type_description
[  4%] [34m[1mGenerating C code for ROS interfaces[0m
writing full_name_message.egg-info/PKG-INFO
writing dependency_links to full_name_message.egg-info/dependency_links.txt
writing top-level names to full_name_message.egg-info/top_level.txt
writing manifest file 'full_name_message.egg-info/SOURCES.txt'
[  6%] [34m[1mGenerating C++ code for ROS interfaces[0m
reading manifest file 'full_name_message.egg-info/SOURCES.txt'
writing manifest file 'full_name_message.egg-info/SOURCES.txt'
[  6%] Built target ament_cmake_python_build_full_name_message_egg
[  6%] Built target full_name_message__cpp
[ 13%] [32mBuilding C object CMakeFiles/full_name_message__rosidl_generator_c.dir/rosidl_generator_c/full_name_message/srv/detail/full_name__functions.c.o[0m
[ 13%] [32mBuilding C object CMakeFiles/full_name_message__rosidl_generator_c.dir/rosidl_generator_c/full_name_message/srv/detail/full_name__type_support.c.o[0m
[ 13%] [32mBuilding C object CMakeFiles/full_name_message__rosidl_generator_c.dir/rosidl_generator_c/full_name_message/msg/detail/full_name__description.c.o[0m
[ 15%] [32mBuilding C object CMakeFiles/full_name_message__rosidl_generator_c.dir/rosidl_generator_c/full_name_message/srv/detail/full_name__description.c.o[0m
[ 20%] [32mBuilding C object CMakeFiles/full_name_message__rosidl_generator_c.dir/rosidl_generator_c/full_name_message/msg/detail/full_name__type_support.c.o[0m
[ 20%] [32mBuilding C object CMakeFiles/full_name_message__rosidl_generator_c.dir/rosidl_generator_c/full_name_message/msg/detail/full_name__functions.c.o[0m
[ 22%] [32m[1mLinking C shared library libfull_name_message__rosidl_generator_c.so[0m
[ 22%] Built target full_name_message__rosidl_generator_c
[ 25%] [34m[1mGenerating C++ type support dispatch for ROS interfaces[0m
[ 27%] [34m[1mGenerating C introspection for ROS interfaces[0m
[ 29%] [34m[1mGenerating C++ type support for eProsima Fast-RTPS[0m
[ 31%] [34m[1mGenerating C type support dispatch for ROS interfaces[0m
[ 34%] [34m[1mGenerating C++ introspection for ROS interfaces[0m
[ 36%] [34m[1mGenerating C type support for eProsima Fast-RTPS[0m
[ 40%] [32mBuilding CXX object CMakeFiles/full_name_message__rosidl_typesupport_c.dir/rosidl_typesupport_c/full_name_message/msg/full_name__type_support.cpp.o[0m
[ 40%] [32mBuilding CXX object CMakeFiles/full_name_message__rosidl_typesupport_c.dir/rosidl_typesupport_c/full_name_message/srv/full_name__type_support.cpp.o[0m
[ 43%] [32mBuilding CXX object CMakeFiles/full_name_message__rosidl_typesupport_cpp.dir/rosidl_typesupport_cpp/full_name_message/srv/full_name__type_support.cpp.o[0m
[ 45%] [32mBuilding CXX object CMakeFiles/full_name_message__rosidl_typesupport_cpp.dir/rosidl_typesupport_cpp/full_name_message/msg/full_name__type_support.cpp.o[0m
[ 47%] [32mBuilding C object CMakeFiles/full_name_message__rosidl_typesupport_introspection_c.dir/rosidl_typesupport_introspection_c/full_name_message/srv/detail/full_name__type_support.c.o[0m
[ 50%] [32mBuilding C object CMakeFiles/full_name_message__rosidl_typesupport_introspection_c.dir/rosidl_typesupport_introspection_c/full_name_message/msg/detail/full_name__type_support.c.o[0m
[ 52%] [32mBuilding CXX object CMakeFiles/full_name_message__rosidl_typesupport_introspection_cpp.dir/rosidl_typesupport_introspection_cpp/full_name_message/msg/detail/full_name__type_support.cpp.o[0m
[ 54%] [32mBuilding CXX object CMakeFiles/full_name_message__rosidl_typesupport_introspection_cpp.dir/rosidl_typesupport_introspection_cpp/full_name_message/srv/detail/full_name__type_support.cpp.o[0m
[ 59%] [32mBuilding CXX object CMakeFiles/full_name_message__rosidl_typesupport_fastrtps_cpp.dir/rosidl_typesupport_fastrtps_cpp/full_name_message/srv/detail/dds_fastrtps/full_name__type_support.cpp.o[0m
[ 59%] [32mBuilding CXX object CMakeFiles/full_name_message__rosidl_typesupport_fastrtps_cpp.dir/rosidl_typesupport_fastrtps_cpp/full_name_message/msg/detail/dds_fastrtps/full_name__type_support.cpp.o[0m
[ 61%] [32mBuilding CXX object CMakeFiles/full_name_message__rosidl_typesupport_fastrtps_c.dir/rosidl_typesupport_fastrtps_c/full_name_message/srv/detail/full_name__type_support_c.cpp.o[0m
[ 65%] [32m[1mLinking CXX shared library libfull_name_message__rosidl_typesupport_c.so[0m
[ 65%] [32m[1mLinking C shared library libfull_name_message__rosidl_typesupport_introspection_c.so[0m
[ 68%] [32mBuilding CXX object CMakeFiles/full_name_message__rosidl_typesupport_fastrtps_c.dir/rosidl_typesupport_fastrtps_c/full_name_message/msg/detail/full_name__type_support_c.cpp.o[0m
[ 68%] Built target full_name_message__rosidl_typesupport_introspection_c
[ 68%] Built target full_name_message__rosidl_typesupport_c
[ 70%] [32m[1mLinking CXX shared library libfull_name_message__rosidl_typesupport_cpp.so[0m
[ 72%] [32m[1mLinking CXX shared library libfull_name_message__rosidl_typesupport_introspection_cpp.so[0m
[ 72%] Built target full_name_message__rosidl_typesupport_cpp
[ 72%] Built target full_name_message__rosidl_typesupport_introspection_cpp
[ 75%] [32m[1mLinking CXX shared library libfull_name_message__rosidl_typesupport_fastrtps_c.so[0m
[ 75%] Built target full_name_message__rosidl_typesupport_fastrtps_c
[ 77%] [32m[1mLinking CXX shared library libfull_name_message__rosidl_typesupport_fastrtps_cpp.so[0m
[ 77%] Built target full_name_message__rosidl_typesupport_fastrtps_cpp
[ 77%] Built target full_name_message
[ 79%] [34m[1mGenerating Python code for ROS interfaces[0m
[ 79%] Built target full_name_message__py
[ 81%] [32mBuilding C object CMakeFiles/full_name_message__rosidl_generator_py.dir/rosidl_generator_py/full_name_message/srv/_full_name_s.c.o[0m
[ 84%] [32mBuilding C object CMakeFiles/full_name_message__rosidl_generator_py.dir/rosidl_generator_py/full_name_message/msg/_full_name_s.c.o[0m
[ 86%] [32m[1mLinking C shared library libfull_name_message__rosidl_generator_py.so[0m
[ 86%] Built target full_name_message__rosidl_generator_py
[ 88%] [32mBuilding C object CMakeFiles/full_name_message_s__rosidl_typesupport_introspection_c.dir/rosidl_generator_py/full_name_message/_full_name_message_s.ep.rosidl_typesupport_introspection_c.c.o[0m
[ 93%] [32mBuilding C object CMakeFiles/full_name_message_s__rosidl_typesupport_fastrtps_c.dir/rosidl_generator_py/full_name_message/_full_name_message_s.ep.rosidl_typesupport_fastrtps_c.c.o[0m
[ 93%] [32mBuilding C object CMakeFiles/full_name_message_s__rosidl_typesupport_c.dir/rosidl_generator_py/full_name_message/_full_name_message_s.ep.rosidl_typesupport_c.c.o[0m
[ 95%] [32m[1mLinking C shared module rosidl_generator_py/full_name_message/full_name_message_s__rosidl_typesupport_introspection_c.so[0m
[ 97%] [32m[1mLinking C shared module rosidl_generator_py/full_name_message/full_name_message_s__rosidl_typesupport_fastrtps_c.so[0m
[100%] [32m[1mLinking C shared module rosidl_generator_py/full_name_message/full_name_message_s__rosidl_typesupport_c.so[0m
[100%] Built target full_name_message_s__rosidl_typesupport_introspection_c
[100%] Built target full_name_message_s__rosidl_typesupport_c
[100%] Built target full_name_message_s__rosidl_typesupport_fastrtps_c
-- Install configuration: ""
-- Installing: /home/natalia/Documents/STUDING/robotix/modul2/ex09/install/full_name_message/share/ament_index/resource_index/rosidl_interfaces/full_name_message
-- Installing: /home/natalia/Documents/STUDING/robotix/modul2/ex09/install/full_name_message/share/full_name_message/msg/FullName.json
-- Installing: /home/natalia/Documents/STUDING/robotix/modul2/ex09/install/full_name_message/share/full_name_message/srv/FullName.json
-- Installing: /home/natalia/Documents/STUDING/robotix/modul2/ex09/install/full_name_message/include/full_name_message/full_name_message
-- Installing: /home/natalia/Documents/STUDING/robotix/modul2/ex09/install/full_name_message/include/full_name_message/full_name_message/srv
-- Installing: /home/natalia/Documents/STUDING/robotix/modul2/ex09/install/full_name_message/include/full_name_message/full_name_message/srv/detail
-- Installing: /home/natalia/Documents/STUDING/robotix/modul2/ex09/install/full_name_message/include/full_name_message/full_name_message/srv/detail/full_name__description.c
-- Installing: /home/natalia/Documents/STUDING/robotix/modul2/ex09/install/full_name_message/include/full_name_message/full_name_message/srv/detail/full_name__type_support.c
-- Installing: /home/natalia/Documents/STUDING/robotix/modul2/ex09/install/full_name_message/include/full_name_message/full_name_message/srv/detail/full_name__struct.h
-- Installing: /home/natalia/Documents/STUDING/robotix/modul2/ex09/install/full_name_message/include/full_name_message/full_name_message/srv/detail/full_name__functions.c
-- Installing: /home/natalia/Documents/STUDING/robotix/modul2/ex09/install/full_name_message/include/full_name_message/full_name_message/srv/detail/full_name__functions.h
-- Installing: /home/natalia/Documents/STUDING/robotix/modul2/ex09/install/full_name_message/include/full_name_message/full_name_message/srv/detail/full_name__type_support.h
-- Installing: /home/natalia/Documents/STUDING/robotix/modul2/ex09/install/full_name_message/include/full_name_message/full_name_message/srv/full_name.h
-- Installing: /home/natalia/Documents/STUDING/robotix/modul2/ex09/install/full_name_message/include/full_name_message/full_name_message/msg
-- Installing: /home/natalia/Documents/STUDING/robotix/modul2/ex09/install/full_name_message/include/full_name_message/full_name_message/msg/detail
-- Installing: /home/natalia/Documents/STUDING/robotix/modul2/ex09/install/full_name_message/include/full_name_message/full_name_message/msg/detail/full_name__description.c
-- Installing: /home/natalia/Documents/STUDING/robotix/modul2/ex09/install/full_name_message/include/full_name_message/full_name_message/msg/detail/full_name__type_support.c
-- Installing: /home/natalia/Documents/STUDING/robotix/modul2/ex09/install/full_name_message/include/full_name_message/full_name_message/msg/detail/full_name__struct.h
-- Installing: /home/natalia/Documents/STUDING/robotix/modul2/ex09/install/full_name_message/include/full_name_message/full_name_message/msg/detail/full_name__functions.c
-- Installing: /home/natalia/Documents/STUDING/robotix/modul2/ex09/install/full_name_message/include/full_name_message/full_name_message/msg/detail/full_name__functions.h
-- Installing: /home/natalia/Documents/STUDING/robotix/modul2/ex09/install/full_name_message/include/full_name_message/full_name_message/msg/detail/full_name__type_support.h
-- Installing: /home/natalia/Documents/STUDING/robotix/modul2/ex09/install/full_name_message/include/full_name_message/full_name_message/msg/rosidl_generator_c__visibility_control.h
-- Installing: /home/natalia/Documents/STUDING/robotix/modul2/ex09/install/full_name_message/include/full_name_message/full_name_message/msg/full_name.h
-- Installing: /home/natalia/Documents/STUDING/robotix/modul2/ex09/install/full_name_message/share/full_name_message/environment/library_path.sh
-- Installing: /home/natalia/Documents/STUDING/robotix/modul2/ex09/install/full_name_message/share/full_name_message/environment/library_path.dsv
-- Installing: /home/natalia/Documents/STUDING/robotix/modul2/ex09/install/full_name_message/lib/libfull_name_message__rosidl_generator_c.so
-- Set non-toolchain portion of runtime path of "/home/natalia/Documents/STUDING/robotix/modul2/ex09/install/full_name_message/lib/libfull_name_message__rosidl_generator_c.so" to ""
-- Up-to-date: /home/natalia/Documents/STUDING/robotix/modul2/ex09/install/full_name_message/include/full_name_message/full_name_message
-- Up-to-date: /home/natalia/Documents/STUDING/robotix/modul2/ex09/install/full_name_message/include/full_name_message/full_name_message/srv
-- Up-to-date: /home/natalia/Documents/STUDING/robotix/modul2/ex09/install/full_name_message/include/full_name_message/full_name_message/srv/detail
-- Installing: /home/natalia/Documents/STUDING/robotix/modul2/ex09/install/full_name_message/include/full_name_message/full_name_message/srv/detail/full_name__rosidl_typesupport_fastrtps_c.h
-- Up-to-date: /home/natalia/Documents/STUDING/robotix/modul2/ex09/install/full_name_message/include/full_name_message/full_name_message/msg
-- Up-to-date: /home/natalia/Documents/STUDING/robotix/modul2/ex09/install/full_name_message/include/full_name_message/full_name_message/msg/detail
-- Installing: /home/natalia/Documents/STUDING/robotix/modul2/ex09/install/full_name_message/include/full_name_message/full_name_message/msg/detail/full_name__rosidl_typesupport_fastrtps_c.h
-- Installing: /home/natalia/Documents/STUDING/robotix/modul2/ex09/install/full_name_message/include/full_name_message/full_name_message/msg/rosidl_typesupport_fastrtps_c__visibility_control.h
-- Installing: /home/natalia/Documents/STUDING/robotix/modul2/ex09/install/full_name_message/lib/libfull_name_message__rosidl_typesupport_fastrtps_c.so
-- Set non-toolchain portion of runtime path of "/home/natalia/Documents/STUDING/robotix/modul2/ex09/install/full_name_message/lib/libfull_name_message__rosidl_typesupport_fastrtps_c.so" to ""
-- Up-to-date: /home/natalia/Documents/STUDING/robotix/modul2/ex09/install/full_name_message/include/full_name_message/full_name_message
-- Up-to-date: /home/natalia/Documents/STUDING/robotix/modul2/ex09/install/full_name_message/include/full_name_message/full_name_message/srv
-- Up-to-date: /home/natalia/Documents/STUDING/robotix/modul2/ex09/install/full_name_message/include/full_name_message/full_name_message/srv/detail
-- Installing: /home/natalia/Documents/STUDING/robotix/modul2/ex09/install/full_name_message/include/full_name_message/full_name_message/srv/detail/full_name__rosidl_typesupport_introspection_c.h
-- Installing: /home/natalia/Documents/STUDING/robotix/modul2/ex09/install/full_name_message/include/full_name_message/full_name_message/srv/detail/full_name__type_support.c
-- Up-to-date: /home/natalia/Documents/STUDING/robotix/modul2/ex09/install/full_name_message/include/full_name_message/full_name_message/msg
-- Up-to-date: /home/natalia/Documents/STUDING/robotix/modul2/ex09/install/full_name_message/include/full_name_message/full_name_message/msg/detail
-- Installing: /home/natalia/Documents/STUDING/robotix/modul2/ex09/install/full_name_message/include/full_name_message/full_name_message/msg/detail/full_name__rosidl_typesupport_introspection_c.h
-- Installing: /home/natalia/Documents/STUDING/robotix/modul2/ex09/install/full_name_message/include/full_name_message/full_name_message/msg/detail/full_name__type_support.c
-- Installing: /home/natalia/Documents/STUDING/robotix/modul2/ex09/install/full_name_message/include/full_name_message/full_name_message/msg/rosidl_typesupport_introspection_c__visibility_control.h
-- Installing: /home/natalia/Documents/STUDING/robotix/modul2/ex09/install/full_name_message/lib/libfull_name_message__rosidl_typesupport_introspection_c.so
-- Set non-toolchain portion of runtime path of "/home/natalia/Documents/STUDING/robotix/modul2/ex09/install/full_name_message/lib/libfull_name_message__rosidl_typesupport_introspection_c.so" to ""
-- Installing: /home/natalia/Documents/STUDING/robotix/modul2/ex09/install/full_name_message/lib/libfull_name_message__rosidl_typesupport_c.so
-- Set non-toolchain portion of runtime path of "/home/natalia/Documents/STUDING/robotix/modul2/ex09/install/full_name_message/lib/libfull_name_message__rosidl_typesupport_c.so" to ""
-- Up-to-date: /home/natalia/Documents/STUDING/robotix/modul2/ex09/install/full_name_message/include/full_name_message/full_name_message
-- Up-to-date: /home/natalia/Documents/STUDING/robotix/modul2/ex09/install/full_name_message/include/full_name_message/full_name_message/srv
-- Up-to-date: /home/natalia/Documents/STUDING/robotix/modul2/ex09/install/full_name_message/include/full_name_message/full_name_message/srv/detail
-- Installing: /home/natalia/Documents/STUDING/robotix/modul2/ex09/install/full_name_message/include/full_name_message/full_name_message/srv/detail/full_name__struct.hpp
-- Installing: /home/natalia/Documents/STUDING/robotix/modul2/ex09/install/full_name_message/include/full_name_message/full_name_message/srv/detail/full_name__builder.hpp
-- Installing: /home/natalia/Documents/STUDING/robotix/modul2/ex09/install/full_name_message/include/full_name_message/full_name_message/srv/detail/full_name__traits.hpp
-- Installing: /home/natalia/Documents/STUDING/robotix/modul2/ex09/install/full_name_message/include/full_name_message/full_name_message/srv/detail/full_name__type_support.hpp
-- Installing: /home/natalia/Documents/STUDING/robotix/modul2/ex09/install/full_name_message/include/full_name_message/full_name_message/srv/full_name.hpp
-- Up-to-date: /home/natalia/Documents/STUDING/robotix/modul2/ex09/install/full_name_message/include/full_name_message/full_name_message/msg
-- Up-to-date: /home/natalia/Documents/STUDING/robotix/modul2/ex09/install/full_name_message/include/full_name_message/full_name_message/msg/detail
-- Installing: /home/natalia/Documents/STUDING/robotix/modul2/ex09/install/full_name_message/include/full_name_message/full_name_message/msg/detail/full_name__struct.hpp
-- Installing: /home/natalia/Documents/STUDING/robotix/modul2/ex09/install/full_name_message/include/full_name_message/full_name_message/msg/detail/full_name__builder.hpp
-- Installing: /home/natalia/Documents/STUDING/robotix/modul2/ex09/install/full_name_message/include/full_name_message/full_name_message/msg/detail/full_name__traits.hpp
-- Installing: /home/natalia/Documents/STUDING/robotix/modul2/ex09/install/full_name_message/include/full_name_message/full_name_message/msg/detail/full_name__type_support.hpp
-- Installing: /home/natalia/Documents/STUDING/robotix/modul2/ex09/install/full_name_message/include/full_name_message/full_name_message/msg/rosidl_generator_cpp__visibility_control.hpp
-- Installing: /home/natalia/Documents/STUDING/robotix/modul2/ex09/install/full_name_message/include/full_name_message/full_name_message/msg/full_name.hpp
-- Up-to-date: /home/natalia/Documents/STUDING/robotix/modul2/ex09/install/full_name_message/include/full_name_message/full_name_message
-- Up-to-date: /home/natalia/Documents/STUDING/robotix/modul2/ex09/install/full_name_message/include/full_name_message/full_name_message/srv
-- Up-to-date: /home/natalia/Documents/STUDING/robotix/modul2/ex09/install/full_name_message/include/full_name_message/full_name_message/srv/detail
-- Installing: /home/natalia/Documents/STUDING/robotix/modul2/ex09/install/full_name_message/include/full_name_message/full_name_message/srv/detail/full_name__rosidl_typesupport_fastrtps_cpp.hpp
-- Installing: /home/natalia/Documents/STUDING/robotix/modul2/ex09/install/full_name_message/include/full_name_message/full_name_message/srv/detail/dds_fastrtps
-- Up-to-date: /home/natalia/Documents/STUDING/robotix/modul2/ex09/install/full_name_message/include/full_name_message/full_name_message/msg
-- Installing: /home/natalia/Documents/STUDING/robotix/modul2/ex09/install/full_name_message/include/full_name_message/full_name_message/msg/rosidl_typesupport_fastrtps_cpp__visibility_control.h
-- Up-to-date: /home/natalia/Documents/STUDING/robotix/modul2/ex09/install/full_name_message/include/full_name_message/full_name_message/msg/detail
-- Installing: /home/natalia/Documents/STUDING/robotix/modul2/ex09/install/full_name_message/include/full_name_message/full_name_message/msg/detail/full_name__rosidl_typesupport_fastrtps_cpp.hpp
-- Installing: /home/natalia/Documents/STUDING/robotix/modul2/ex09/install/full_name_message/include/full_name_message/full_name_message/msg/detail/dds_fastrtps
-- Installing: /home/natalia/Documents/STUDING/robotix/modul2/ex09/install/full_name_message/lib/libfull_name_message__rosidl_typesupport_fastrtps_cpp.so
-- Set non-toolchain portion of runtime path of "/home/natalia/Documents/STUDING/robotix/modul2/ex09/install/full_name_message/lib/libfull_name_message__rosidl_typesupport_fastrtps_cpp.so" to ""
-- Up-to-date: /home/natalia/Documents/STUDING/robotix/modul2/ex09/install/full_name_message/include/full_name_message/full_name_message
-- Up-to-date: /home/natalia/Documents/STUDING/robotix/modul2/ex09/install/full_name_message/include/full_name_message/full_name_message/srv
-- Up-to-date: /home/natalia/Documents/STUDING/robotix/modul2/ex09/install/full_name_message/include/full_name_message/full_name_message/srv/detail
-- Installing: /home/natalia/Documents/STUDING/robotix/modul2/ex09/install/full_name_message/include/full_name_message/full_name_message/srv/detail/full_name__rosidl_typesupport_introspection_cpp.hpp
-- Installing: /home/natalia/Documents/STUDING/robotix/modul2/ex09/install/full_name_message/include/full_name_message/full_name_message/srv/detail/full_name__type_support.cpp
-- Up-to-date: /home/natalia/Documents/STUDING/robotix/modul2/ex09/install/full_name_message/include/full_name_message/full_name_message/msg
-- Up-to-date: /home/natalia/Documents/STUDING/robotix/modul2/ex09/install/full_name_message/include/full_name_message/full_name_message/msg/detail
-- Installing: /home/natalia/Documents/STUDING/robotix/modul2/ex09/install/full_name_message/include/full_name_message/full_name_message/msg/detail/full_name__rosidl_typesupport_introspection_cpp.hpp
-- Installing: /home/natalia/Documents/STUDING/robotix/modul2/ex09/install/full_name_message/include/full_name_message/full_name_message/msg/detail/full_name__type_support.cpp
-- Installing: /home/natalia/Documents/STUDING/robotix/modul2/ex09/install/full_name_message/lib/libfull_name_message__rosidl_typesupport_introspection_cpp.so
-- Set non-toolchain portion of runtime path of "/home/natalia/Documents/STUDING/robotix/modul2/ex09/install/full_name_message/lib/libfull_name_message__rosidl_typesupport_introspection_cpp.so" to ""
-- Installing: /home/natalia/Documents/STUDING/robotix/modul2/ex09/install/full_name_message/lib/libfull_name_message__rosidl_typesupport_cpp.so
-- Set non-toolchain portion of runtime path of "/home/natalia/Documents/STUDING/robotix/modul2/ex09/install/full_name_message/lib/libfull_name_message__rosidl_typesupport_cpp.so" to ""
-- Installing: /home/natalia/Documents/STUDING/robotix/modul2/ex09/install/full_name_message/share/full_name_message/environment/pythonpath.sh
-- Installing: /home/natalia/Documents/STUDING/robotix/modul2/ex09/install/full_name_message/share/full_name_message/environment/pythonpath.dsv
-- Installing: /home/natalia/Documents/STUDING/robotix/modul2/ex09/install/full_name_message/lib/python3.12/site-packages/full_name_message-0.0.0-py3.12.egg-info
-- Installing: /home/natalia/Documents/STUDING/robotix/modul2/ex09/install/full_name_message/lib/python3.12/site-packages/full_name_message-0.0.0-py3.12.egg-info/top_level.txt
-- Installing: /home/natalia/Documents/STUDING/robotix/modul2/ex09/install/full_name_message/lib/python3.12/site-packages/full_name_message-0.0.0-py3.12.egg-info/PKG-INFO
-- Installing: /home/natalia/Documents/STUDING/robotix/modul2/ex09/install/full_name_message/lib/python3.12/site-packages/full_name_message-0.0.0-py3.12.egg-info/SOURCES.txt
-- Installing: /home/natalia/Documents/STUDING/robotix/modul2/ex09/install/full_name_message/lib/python3.12/site-packages/full_name_message-0.0.0-py3.12.egg-info/dependency_links.txt
-- Installing: /home/natalia/Documents/STUDING/robotix/modul2/ex09/install/full_name_message/lib/python3.12/site-packages/full_name_message
-- Installing: /home/natalia/Documents/STUDING/robotix/modul2/ex09/install/full_name_message/lib/python3.12/site-packages/full_name_message/full_name_message_s__rosidl_typesupport_fastrtps_c.so
-- Installing: /home/natalia/Documents/STUDING/robotix/modul2/ex09/install/full_name_message/lib/python3.12/site-packages/full_name_message/full_name_message_s__rosidl_typesupport_c.so
-- Installing: /home/natalia/Documents/STUDING/robotix/modul2/ex09/install/full_name_message/lib/python3.12/site-packages/full_name_message/srv
-- Installing: /home/natalia/Documents/STUDING/robotix/modul2/ex09/install/full_name_message/lib/python3.12/site-packages/full_name_message/srv/_full_name_s.c
-- Installing: /home/natalia/Documents/STUDING/robotix/modul2/ex09/install/full_name_message/lib/python3.12/site-packages/full_name_message/srv/__init__.py
-- Installing: /home/natalia/Documents/STUDING/robotix/modul2/ex09/install/full_name_message/lib/python3.12/site-packages/full_name_message/srv/_full_name.py
-- Installing: /home/natalia/Documents/STUDING/robotix/modul2/ex09/install/full_name_message/lib/python3.12/site-packages/full_name_message/_full_name_message_s.ep.rosidl_typesupport_c.c
-- Installing: /home/natalia/Documents/STUDING/robotix/modul2/ex09/install/full_name_message/lib/python3.12/site-packages/full_name_message/_full_name_message_s.ep.rosidl_typesupport_introspection_c.c
-- Installing: /home/natalia/Documents/STUDING/robotix/modul2/ex09/install/full_name_message/lib/python3.12/site-packages/full_name_message/__init__.py
-- Installing: /home/natalia/Documents/STUDING/robotix/modul2/ex09/install/full_name_message/lib/python3.12/site-packages/full_name_message/_full_name_message_s.ep.rosidl_typesupport_fastrtps_c.c
-- Installing: /home/natalia/Documents/STUDING/robotix/modul2/ex09/install/full_name_message/lib/python3.12/site-packages/full_name_message/msg
-- Installing: /home/natalia/Documents/STUDING/robotix/modul2/ex09/install/full_name_message/lib/python3.12/site-packages/full_name_message/msg/_full_name_s.c
-- Installing: /home/natalia/Documents/STUDING/robotix/modul2/ex09/install/full_name_message/lib/python3.12/site-packages/full_name_message/msg/__init__.py
-- Installing: /home/natalia/Documents/STUDING/robotix/modul2/ex09/install/full_name_message/lib/python3.12/site-packages/full_name_message/msg/_full_name.py
-- Installing: /home/natalia/Documents/STUDING/robotix/modul2/ex09/install/full_name_message/lib/python3.12/site-packages/full_name_message/full_name_message_s__rosidl_typesupport_introspection_c.so
-- Installing: /home/natalia/Documents/STUDING/robotix/modul2/ex09/install/full_name_message/lib/python3.12/site-packages/full_name_message/py.typed
Listing '/home/natalia/Documents/STUDING/robotix/modul2/ex09/install/full_name_message/lib/python3.12/site-packages/full_name_message'...
Compiling '/home/natalia/Documents/STUDING/robotix/modul2/ex09/install/full_name_message/lib/python3.12/site-packages/full_name_message/__init__.py'...
Listing '/home/natalia/Documents/STUDING/robotix/modul2/ex09/install/full_name_message/lib/python3.12/site-packages/full_name_message/msg'...
Compiling '/home/natalia/Documents/STUDING/robotix/modul2/ex09/install/full_name_message/lib/python3.12/site-packages/full_name_message/msg/__init__.py'...
Compiling '/home/natalia/Documents/STUDING/robotix/modul2/ex09/install/full_name_message/lib/python3.12/site-packages/full_name_message/msg/_full_name.py'...
Listing '/home/natalia/Documents/STUDING/robotix/modul2/ex09/install/full_name_message/lib/python3.12/site-packages/full_name_message/srv'...
Compiling '/home/natalia/Documents/STUDING/robotix/modul2/ex09/install/full_name_message/lib/python3.12/site-packages/full_name_message/srv/__init__.py'...
Compiling '/home/natalia/Documents/STUDING/robotix/modul2/ex09/install/full_name_message/lib/python3.12/site-packages/full_name_message/srv/_full_name.py'...
-- Installing: /home/natalia/Documents/STUDING/robotix/modul2/ex09/install/full_name_message/lib/python3.12/site-packages/full_name_message/full_name_message_s__rosidl_typesupport_fastrtps_c.so
-- Set non-toolchain portion of runtime path of "/home/natalia/Documents/STUDING/robotix/modul2/ex09/install/full_name_message/lib/python3.12/site-packages/full_name_message/full_name_message_s__rosidl_typesupport_fastrtps_c.so" to ""
-- Installing: /home/natalia/Documents/STUDING/robotix/modul2/ex09/install/full_name_message/lib/python3.12/site-packages/full_name_message/full_name_message_s__rosidl_typesupport_introspection_c.so
-- Set non-toolchain portion of runtime path of "/home/natalia/Documents/STUDING/robotix/modul2/ex09/install/full_name_message/lib/python3.12/site-packages/full_name_message/full_name_message_s__rosidl_typesupport_introspection_c.so" to ""
-- Installing: /home/natalia/Documents/STUDING/robotix/modul2/ex09/install/full_name_message/lib/python3.12/site-packages/full_name_message/full_name_message_s__rosidl_typesupport_c.so
-- Set non-toolchain portion of runtime path of "/home/natalia/Documents/STUDING/robotix/modul2/ex09/install/full_name_message/lib/python3.12/site-packages/full_name_message/full_name_message_s__rosidl_typesupport_c.so" to ""
-- Installing: /home/natalia/Documents/STUDING/robotix/modul2/ex09/install/full_name_message/lib/libfull_name_message__rosidl_generator_py.so
-- Set non-toolchain portion of runtime path of "/home/natalia/Documents/STUDING/robotix/modul2/ex09/install/full_name_message/lib/libfull_name_message__rosidl_generator_py.so" to ""
-- Installing: /home/natalia/Documents/STUDING/robotix/modul2/ex09/install/full_name_message/share/full_name_message/msg/FullName.idl
-- Installing: /home/natalia/Documents/STUDING/robotix/modul2/ex09/install/full_name_message/share/full_name_message/srv/FullName.idl
-- Installing: /home/natalia/Documents/STUDING/robotix/modul2/ex09/install/full_name_message/share/full_name_message/msg/FullName.msg
-- Installing: /home/natalia/Documents/STUDING/robotix/modul2/ex09/install/full_name_message/share/full_name_message/srv/FullName.srv
-- Installing: /home/natalia/Documents/STUDING/robotix/modul2/ex09/install/full_name_message/share/ament_index/resource_index/package_run_dependencies/full_name_message
-- Installing: /home/natalia/Documents/STUDING/robotix/modul2/ex09/install/full_name_message/share/ament_index/resource_index/parent_prefix_path/full_name_message
-- Installing: /home/natalia/Documents/STUDING/robotix/modul2/ex09/install/full_name_message/share/full_name_message/environment/ament_prefix_path.sh
-- Installing: /home/natalia/Documents/STUDING/robotix/modul2/ex09/install/full_name_message/share/full_name_message/environment/ament_prefix_path.dsv
-- Installing: /home/natalia/Documents/STUDING/robotix/modul2/ex09/install/full_name_message/share/full_name_message/environment/path.sh
-- Installing: /home/natalia/Documents/STUDING/robotix/modul2/ex09/install/full_name_message/share/full_name_message/environment/path.dsv
-- Installing: /home/natalia/Documents/STUDING/robotix/modul2/ex09/install/full_name_message/share/full_name_message/local_setup.bash
-- Installing: /home/natalia/Documents/STUDING/robotix/modul2/ex09/install/full_name_message/share/full_name_message/local_setup.sh
-- Installing: /home/natalia/Documents/STUDING/robotix/modul2/ex09/install/full_name_message/share/full_name_message/local_setup.zsh
-- Installing: /home/natalia/Documents/STUDING/robotix/modul2/ex09/install/full_name_message/share/full_name_message/local_setup.dsv
-- Installing: /home/natalia/Documents/STUDING/robotix/modul2/ex09/install/full_name_message/share/full_name_message/package.dsv
-- Installing: /home/natalia/Documents/STUDING/robotix/modul2/ex09/install/full_name_message/share/ament_index/resource_index/packages/full_name_message
-- Installing: /home/natalia/Documents/STUDING/robotix/modul2/ex09/install/full_name_message/share/full_name_message/cmake/export_full_name_message__rosidl_generator_cExport.cmake
-- Installing: /home/natalia/Documents/STUDING/robotix/modul2/ex09/install/full_name_message/share/full_name_message/cmake/export_full_name_message__rosidl_generator_cExport-noconfig.cmake
-- Installing: /home/natalia/Documents/STUDING/robotix/modul2/ex09/install/full_name_message/share/full_name_message/cmake/export_full_name_message__rosidl_typesupport_fastrtps_cExport.cmake
-- Installing: /home/natalia/Documents/STUDING/robotix/modul2/ex09/install/full_name_message/share/full_name_message/cmake/export_full_name_message__rosidl_typesupport_fastrtps_cExport-noconfig.cmake
-- Installing: /home/natalia/Documents/STUDING/robotix/modul2/ex09/install/full_name_message/share/full_name_message/cmake/full_name_message__rosidl_typesupport_introspection_cExport.cmake
-- Installing: /home/natalia/Documents/STUDING/robotix/modul2/ex09/install/full_name_message/share/full_name_message/cmake/full_name_message__rosidl_typesupport_introspection_cExport-noconfig.cmake
-- Installing: /home/natalia/Documents/STUDING/robotix/modul2/ex09/install/full_name_message/share/full_name_message/cmake/full_name_message__rosidl_typesupport_cExport.cmake
-- Installing: /home/natalia/Documents/STUDING/robotix/modul2/ex09/install/full_name_message/share/full_name_message/cmake/full_name_message__rosidl_typesupport_cExport-noconfig.cmake
-- Installing: /home/natalia/Documents/STUDING/robotix/modul2/ex09/install/full_name_message/share/full_name_message/cmake/export_full_name_message__rosidl_generator_cppExport.cmake
-- Installing: /home/natalia/Documents/STUDING/robotix/modul2/ex09/install/full_name_message/share/full_name_message/cmake/export_full_name_message__rosidl_typesupport_fastrtps_cppExport.cmake
-- Installing: /home/natalia/Documents/STUDING/robotix/modul2/ex09/install/full_name_message/share/full_name_message/cmake/export_full_name_message__rosidl_typesupport_fastrtps_cppExport-noconfig.cmake
-- Installing: /home/natalia/Documents/STUDING/robotix/modul2/ex09/install/full_name_message/share/full_name_message/cmake/full_name_message__rosidl_typesupport_introspection_cppExport.cmake
-- Installing: /home/natalia/Documents/STUDING/robotix/modul2/ex09/install/full_name_message/share/full_name_message/cmake/full_name_message__rosidl_typesupport_introspection_cppExport-noconfig.cmake
-- Installing: /home/natalia/Documents/STUDING/robotix/modul2/ex09/install/full_name_message/share/full_name_message/cmake/full_name_message__rosidl_typesupport_cppExport.cmake
-- Installing: /home/natalia/Documents/STUDING/robotix/modul2/ex09/install/full_name_message/share/full_name_message/cmake/full_name_message__rosidl_typesupport_cppExport-noconfig.cmake
-- Installing: /home/natalia/Documents/STUDING/robotix/modul2/ex09/install/full_name_message/share/full_name_message/cmake/export_full_name_message__rosidl_generator_pyExport.cmake
-- Installing: /home/natalia/Documents/STUDING/robotix/modul2/ex09/install/full_name_message/share/full_name_message/cmake/export_full_name_message__rosidl_generator_pyExport-noconfig.cmake
-- Installing: /home/natalia/Documents/STUDING/robotix/modul2/ex09/install/full_name_message/share/full_name_message/cmake/rosidl_cmake-extras.cmake
-- Installing: /home/natalia/Documents/STUDING/robotix/modul2/ex09/install/full_name_message/share/full_name_message/cmake/ament_cmake_export_dependencies-extras.cmake
-- Installing: /home/natalia/Documents/STUDING/robotix/modul2/ex09/install/full_name_message/share/full_name_message/cmake/ament_cmake_export_include_directories-extras.cmake
-- Installing: /home/natalia/Documents/STUDING/robotix/modul2/ex09/install/full_name_message/share/full_name_message/cmake/ament_cmake_export_libraries-extras.cmake
-- Installing: /home/natalia/Documents/STUDING/robotix/modul2/ex09/install/full_name_message/share/full_name_message/cmake/ament_cmake_export_targets-extras.cmake
-- Installing: /home/natalia/Documents/STUDING/robotix/modul2/ex09/install/full_name_message/share/full_name_message/cmake/rosidl_cmake_export_typesupport_targets-extras.cmake
-- Installing: /home/natalia/Documents/STUDING/robotix/modul2/ex09/install/full_name_message/share/full_name_message/cmake/rosidl_cmake_export_typesupport_libraries-extras.cmake
-- Installing: /home/natalia/Documents/STUDING/robotix/modul2/ex09/install/full_name_message/share/full_name_message/cmake/full_name_messageConfig.cmake
-- Installing: /home/natalia/Documents/STUDING/robotix/modul2/ex09/install/full_name_message/share/full_name_message/cmake/full_name_messageConfig-version.cmake
-- Installing: /home/natalia/Documents/STUDING/robotix/modul2/ex09/install/full_name_message/share/full_name_message/package.xml
