[0.006s] Invoking command in '/home/natalia/Documents/STUDING/robotix/modul2/ex09/build/full_name_message': CMAKE_PREFIX_PATH=${CMAKE_PREFIX_PATH}:/opt/ros/rolling DEBUGINFOD_URLS=https://debuginfod.ubuntu.com /usr/bin/cmake /home/natalia/Documents/STUDING/robotix/modul2/ex09/full_name_message -DCMAKE_INSTALL_PREFIX=/home/natalia/Documents/STUDING/robotix/modul2/ex09/install/full_name_message
[0.027s] -- Found ament_cmake: 2.8.4 (/opt/ros/rolling/share/ament_cmake/cmake)
[0.716s] -- Found rosidl_default_generators: 1.8.1 (/opt/ros/rolling/share/rosidl_default_generators/cmake)
[0.717s] -- Using all available rosidl_typesupport_c: rosidl_typesupport_fastrtps_c;rosidl_typesupport_introspection_c
[0.730s] -- Using all available rosidl_typesupport_cpp: rosidl_typesupport_fastrtps_cpp;rosidl_typesupport_introspection_cpp
[0.740s] -- Found rosidl_adapter: 5.0.1 (/opt/ros/rolling/share/rosidl_adapter/cmake)
[3.139s] -- Found ament_cmake_ros_core: 0.15.2 (/opt/ros/rolling/share/ament_cmake_ros_core/cmake)
[5.284s] -- Using all available rosidl_typesupport_c: rosidl_typesupport_fastrtps_c;rosidl_typesupport_introspection_c
[7.815s] -- Using all available rosidl_typesupport_cpp: rosidl_typesupport_fastrtps_cpp;rosidl_typesupport_introspection_cpp
[9.359s] -- Found Python3: /usr/bin/python3 (found version "3.12.3") found components: Interpreter Development NumPy Development.Module Development.Embed 
[9.498s] -- Found ament_lint_auto: 0.20.2 (/opt/ros/rolling/share/ament_lint_auto/cmake)
[9.635s] -- Added test 'flake8' to check Python code syntax and style conventions
[9.635s] -- Configured 'flake8' exclude dirs and/or files: 
[9.640s] -- Added test 'lint_cmake' to check CMake code style
[9.644s] -- Added test 'pep257' to check Python code against some of the docstring style conventions in PEP 257
[9.656s] -- Added test 'xmllint' to check XML markup files
[9.668s] -- Configuring done (9.7s)
[9.726s] -- Generating done (0.0s)
[9.734s] -- Build files have been written to: /home/natalia/Documents/STUDING/robotix/modul2/ex09/build/full_name_message
[9.740s] Invoked command in '/home/natalia/Documents/STUDING/robotix/modul2/ex09/build/full_name_message' returned '0': CMAKE_PREFIX_PATH=${CMAKE_PREFIX_PATH}:/opt/ros/rolling DEBUGINFOD_URLS=https://debuginfod.ubuntu.com /usr/bin/cmake /home/natalia/Documents/STUDING/robotix/modul2/ex09/full_name_message -DCMAKE_INSTALL_PREFIX=/home/natalia/Documents/STUDING/robotix/modul2/ex09/install/full_name_message
[9.741s] Invoking command in '/home/natalia/Documents/STUDING/robotix/modul2/ex09/build/full_name_message': CMAKE_PREFIX_PATH=${CMAKE_PREFIX_PATH}:/opt/ros/rolling DEBUGINFOD_URLS=https://debuginfod.ubuntu.com /usr/bin/cmake --build /home/natalia/Documents/STUDING/robotix/modul2/ex09/build/full_name_message -- -j20 -l20
[9.969s] [  2%] [34m[1mGenerating type hashes for ROS interfaces[0m
[10.008s] [  2%] Built target ament_cmake_python_copy_full_name_message
[10.295s] running egg_info
[10.296s] creating full_name_message.egg-info
[10.297s] [  2%] Built target full_name_message__rosidl_generator_type_description
[10.305s] [  4%] [34m[1mGenerating C code for ROS interfaces[0m
[10.305s] writing full_name_message.egg-info/PKG-INFO
[10.306s] writing dependency_links to full_name_message.egg-info/dependency_links.txt
[10.306s] writing top-level names to full_name_message.egg-info/top_level.txt
[10.306s] writing manifest file 'full_name_message.egg-info/SOURCES.txt'
[10.313s] [  6%] [34m[1mGenerating C++ code for ROS interfaces[0m
[10.335s] reading manifest file 'full_name_message.egg-info/SOURCES.txt'
[10.335s] writing manifest file 'full_name_message.egg-info/SOURCES.txt'
[10.354s] [  6%] Built target ament_cmake_python_build_full_name_message_egg
[10.489s] [  6%] Built target full_name_message__cpp
[10.512s] [ 13%] [32mBuilding C object CMakeFiles/full_name_message__rosidl_generator_c.dir/rosidl_generator_c/full_name_message/srv/detail/full_name__functions.c.o[0m
[10.512s] [ 13%] [32mBuilding C object CMakeFiles/full_name_message__rosidl_generator_c.dir/rosidl_generator_c/full_name_message/srv/detail/full_name__type_support.c.o[0m
[10.512s] [ 13%] [32mBuilding C object CMakeFiles/full_name_message__rosidl_generator_c.dir/rosidl_generator_c/full_name_message/msg/detail/full_name__description.c.o[0m
[10.514s] [ 15%] [32mBuilding C object CMakeFiles/full_name_message__rosidl_generator_c.dir/rosidl_generator_c/full_name_message/srv/detail/full_name__description.c.o[0m
[10.517s] [ 20%] [32mBuilding C object CMakeFiles/full_name_message__rosidl_generator_c.dir/rosidl_generator_c/full_name_message/msg/detail/full_name__type_support.c.o[0m
[10.517s] [ 20%] [32mBuilding C object CMakeFiles/full_name_message__rosidl_generator_c.dir/rosidl_generator_c/full_name_message/msg/detail/full_name__functions.c.o[0m
[10.700s] [ 22%] [32m[1mLinking C shared library libfull_name_message__rosidl_generator_c.so[0m
[10.875s] [ 22%] Built target full_name_message__rosidl_generator_c
[10.920s] [ 25%] [34m[1mGenerating C++ type support dispatch for ROS interfaces[0m
[10.924s] [ 27%] [34m[1mGenerating C introspection for ROS interfaces[0m
[10.926s] [ 29%] [34m[1mGenerating C++ type support for eProsima Fast-RTPS[0m
[10.927s] [ 31%] [34m[1mGenerating C type support dispatch for ROS interfaces[0m
[10.929s] [ 34%] [34m[1mGenerating C++ introspection for ROS interfaces[0m
[10.933s] [ 36%] [34m[1mGenerating C type support for eProsima Fast-RTPS[0m
[11.228s] [ 40%] [32mBuilding CXX object CMakeFiles/full_name_message__rosidl_typesupport_c.dir/rosidl_typesupport_c/full_name_message/msg/full_name__type_support.cpp.o[0m
[11.228s] [ 40%] [32mBuilding CXX object CMakeFiles/full_name_message__rosidl_typesupport_c.dir/rosidl_typesupport_c/full_name_message/srv/full_name__type_support.cpp.o[0m
[11.229s] [ 43%] [32mBuilding CXX object CMakeFiles/full_name_message__rosidl_typesupport_cpp.dir/rosidl_typesupport_cpp/full_name_message/srv/full_name__type_support.cpp.o[0m
[11.231s] [ 45%] [32mBuilding CXX object CMakeFiles/full_name_message__rosidl_typesupport_cpp.dir/rosidl_typesupport_cpp/full_name_message/msg/full_name__type_support.cpp.o[0m
[11.245s] [ 47%] [32mBuilding C object CMakeFiles/full_name_message__rosidl_typesupport_introspection_c.dir/rosidl_typesupport_introspection_c/full_name_message/srv/detail/full_name__type_support.c.o[0m
[11.245s] [ 50%] [32mBuilding C object CMakeFiles/full_name_message__rosidl_typesupport_introspection_c.dir/rosidl_typesupport_introspection_c/full_name_message/msg/detail/full_name__type_support.c.o[0m
[11.269s] [ 52%] [32mBuilding CXX object CMakeFiles/full_name_message__rosidl_typesupport_introspection_cpp.dir/rosidl_typesupport_introspection_cpp/full_name_message/msg/detail/full_name__type_support.cpp.o[0m
[11.269s] [ 54%] [32mBuilding CXX object CMakeFiles/full_name_message__rosidl_typesupport_introspection_cpp.dir/rosidl_typesupport_introspection_cpp/full_name_message/srv/detail/full_name__type_support.cpp.o[0m
[11.279s] [ 59%] [32mBuilding CXX object CMakeFiles/full_name_message__rosidl_typesupport_fastrtps_cpp.dir/rosidl_typesupport_fastrtps_cpp/full_name_message/srv/detail/dds_fastrtps/full_name__type_support.cpp.o[0m
[11.280s] [ 59%] [32mBuilding CXX object CMakeFiles/full_name_message__rosidl_typesupport_fastrtps_cpp.dir/rosidl_typesupport_fastrtps_cpp/full_name_message/msg/detail/dds_fastrtps/full_name__type_support.cpp.o[0m
[11.288s] [ 61%] [32mBuilding CXX object CMakeFiles/full_name_message__rosidl_typesupport_fastrtps_c.dir/rosidl_typesupport_fastrtps_c/full_name_message/srv/detail/full_name__type_support_c.cpp.o[0m
[11.289s] [ 65%] [32m[1mLinking CXX shared library libfull_name_message__rosidl_typesupport_c.so[0m
[11.289s] [ 65%] [32m[1mLinking C shared library libfull_name_message__rosidl_typesupport_introspection_c.so[0m
[11.289s] [ 68%] [32mBuilding CXX object CMakeFiles/full_name_message__rosidl_typesupport_fastrtps_c.dir/rosidl_typesupport_fastrtps_c/full_name_message/msg/detail/full_name__type_support_c.cpp.o[0m
[11.321s] [ 68%] Built target full_name_message__rosidl_typesupport_introspection_c
[11.331s] [ 68%] Built target full_name_message__rosidl_typesupport_c
[11.588s] [ 70%] [32m[1mLinking CXX shared library libfull_name_message__rosidl_typesupport_cpp.so[0m
[11.611s] [ 72%] [32m[1mLinking CXX shared library libfull_name_message__rosidl_typesupport_introspection_cpp.so[0m
[11.648s] [ 72%] Built target full_name_message__rosidl_typesupport_cpp
[11.673s] [ 72%] Built target full_name_message__rosidl_typesupport_introspection_cpp
[11.692s] [ 75%] [32m[1mLinking CXX shared library libfull_name_message__rosidl_typesupport_fastrtps_c.so[0m
[11.795s] [ 75%] Built target full_name_message__rosidl_typesupport_fastrtps_c
[11.828s] [ 77%] [32m[1mLinking CXX shared library libfull_name_message__rosidl_typesupport_fastrtps_cpp.so[0m
[12.042s] [ 77%] Built target full_name_message__rosidl_typesupport_fastrtps_cpp
[12.139s] [ 77%] Built target full_name_message
[12.236s] [ 79%] [34m[1mGenerating Python code for ROS interfaces[0m
[12.631s] [ 79%] Built target full_name_message__py
[12.659s] [ 81%] [32mBuilding C object CMakeFiles/full_name_message__rosidl_generator_py.dir/rosidl_generator_py/full_name_message/srv/_full_name_s.c.o[0m
[12.660s] [ 84%] [32mBuilding C object CMakeFiles/full_name_message__rosidl_generator_py.dir/rosidl_generator_py/full_name_message/msg/_full_name_s.c.o[0m
[13.244s] [ 86%] [32m[1mLinking C shared library libfull_name_message__rosidl_generator_py.so[0m
[13.446s] [ 86%] Built target full_name_message__rosidl_generator_py
[13.551s] [ 88%] [32mBuilding C object CMakeFiles/full_name_message_s__rosidl_typesupport_introspection_c.dir/rosidl_generator_py/full_name_message/_full_name_message_s.ep.rosidl_typesupport_introspection_c.c.o[0m
[13.554s] [ 93%] [32mBuilding C object CMakeFiles/full_name_message_s__rosidl_typesupport_fastrtps_c.dir/rosidl_generator_py/full_name_message/_full_name_message_s.ep.rosidl_typesupport_fastrtps_c.c.o[0m
[13.555s] [ 93%] [32mBuilding C object CMakeFiles/full_name_message_s__rosidl_typesupport_c.dir/rosidl_generator_py/full_name_message/_full_name_message_s.ep.rosidl_typesupport_c.c.o[0m
[13.776s] [ 95%] [32m[1mLinking C shared module rosidl_generator_py/full_name_message/full_name_message_s__rosidl_typesupport_introspection_c.so[0m
[13.779s] [ 97%] [32m[1mLinking C shared module rosidl_generator_py/full_name_message/full_name_message_s__rosidl_typesupport_fastrtps_c.so[0m
[13.780s] [100%] [32m[1mLinking C shared module rosidl_generator_py/full_name_message/full_name_message_s__rosidl_typesupport_c.so[0m
[13.918s] [100%] Built target full_name_message_s__rosidl_typesupport_introspection_c
[13.919s] [100%] Built target full_name_message_s__rosidl_typesupport_c
[13.920s] [100%] Built target full_name_message_s__rosidl_typesupport_fastrtps_c
[13.973s] Invoked command in '/home/natalia/Documents/STUDING/robotix/modul2/ex09/build/full_name_message' returned '0': CMAKE_PREFIX_PATH=${CMAKE_PREFIX_PATH}:/opt/ros/rolling DEBUGINFOD_URLS=https://debuginfod.ubuntu.com /usr/bin/cmake --build /home/natalia/Documents/STUDING/robotix/modul2/ex09/build/full_name_message -- -j20 -l20
[14.018s] Invoking command in '/home/natalia/Documents/STUDING/robotix/modul2/ex09/build/full_name_message': CMAKE_PREFIX_PATH=${CMAKE_PREFIX_PATH}:/opt/ros/rolling DEBUGINFOD_URLS=https://debuginfod.ubuntu.com /usr/bin/cmake --install /home/natalia/Documents/STUDING/robotix/modul2/ex09/build/full_name_message
[14.055s] -- Install configuration: ""
[14.056s] -- Installing: /home/natalia/Documents/STUDING/robotix/modul2/ex09/install/full_name_message/share/ament_index/resource_index/rosidl_interfaces/full_name_message
[14.058s] -- Installing: /home/natalia/Documents/STUDING/robotix/modul2/ex09/install/full_name_message/share/full_name_message/msg/FullName.json
[14.059s] -- Installing: /home/natalia/Documents/STUDING/robotix/modul2/ex09/install/full_name_message/share/full_name_message/srv/FullName.json
[14.060s] -- Installing: /home/natalia/Documents/STUDING/robotix/modul2/ex09/install/full_name_message/include/full_name_message/full_name_message
[14.062s] -- Installing: /home/natalia/Documents/STUDING/robotix/modul2/ex09/install/full_name_message/include/full_name_message/full_name_message/srv
[14.064s] -- Installing: /home/natalia/Documents/STUDING/robotix/modul2/ex09/install/full_name_message/include/full_name_message/full_name_message/srv/detail
[14.064s] -- Installing: /home/natalia/Documents/STUDING/robotix/modul2/ex09/install/full_name_message/include/full_name_message/full_name_message/srv/detail/full_name__description.c
[14.065s] -- Installing: /home/natalia/Documents/STUDING/robotix/modul2/ex09/install/full_name_message/include/full_name_message/full_name_message/srv/detail/full_name__type_support.c
[14.066s] -- Installing: /home/natalia/Documents/STUDING/robotix/modul2/ex09/install/full_name_message/include/full_name_message/full_name_message/srv/detail/full_name__struct.h
[14.066s] -- Installing: /home/natalia/Documents/STUDING/robotix/modul2/ex09/install/full_name_message/include/full_name_message/full_name_message/srv/detail/full_name__functions.c
[14.067s] -- Installing: /home/natalia/Documents/STUDING/robotix/modul2/ex09/install/full_name_message/include/full_name_message/full_name_message/srv/detail/full_name__functions.h
[14.068s] -- Installing: /home/natalia/Documents/STUDING/robotix/modul2/ex09/install/full_name_message/include/full_name_message/full_name_message/srv/detail/full_name__type_support.h
[14.069s] -- Installing: /home/natalia/Documents/STUDING/robotix/modul2/ex09/install/full_name_message/include/full_name_message/full_name_message/srv/full_name.h
[14.070s] -- Installing: /home/natalia/Documents/STUDING/robotix/modul2/ex09/install/full_name_message/include/full_name_message/full_name_message/msg
[14.070s] -- Installing: /home/natalia/Documents/STUDING/robotix/modul2/ex09/install/full_name_message/include/full_name_message/full_name_message/msg/detail
[14.071s] -- Installing: /home/natalia/Documents/STUDING/robotix/modul2/ex09/install/full_name_message/include/full_name_message/full_name_message/msg/detail/full_name__description.c
[14.071s] -- Installing: /home/natalia/Documents/STUDING/robotix/modul2/ex09/install/full_name_message/include/full_name_message/full_name_message/msg/detail/full_name__type_support.c
[14.071s] -- Installing: /home/natalia/Documents/STUDING/robotix/modul2/ex09/install/full_name_message/include/full_name_message/full_name_message/msg/detail/full_name__struct.h
[14.072s] -- Installing: /home/natalia/Documents/STUDING/robotix/modul2/ex09/install/full_name_message/include/full_name_message/full_name_message/msg/detail/full_name__functions.c
[14.073s] -- Installing: /home/natalia/Documents/STUDING/robotix/modul2/ex09/install/full_name_message/include/full_name_message/full_name_message/msg/detail/full_name__functions.h
[14.074s] -- Installing: /home/natalia/Documents/STUDING/robotix/modul2/ex09/install/full_name_message/include/full_name_message/full_name_message/msg/detail/full_name__type_support.h
[14.074s] -- Installing: /home/natalia/Documents/STUDING/robotix/modul2/ex09/install/full_name_message/include/full_name_message/full_name_message/msg/rosidl_generator_c__visibility_control.h
[14.076s] -- Installing: /home/natalia/Documents/STUDING/robotix/modul2/ex09/install/full_name_message/include/full_name_message/full_name_message/msg/full_name.h
[14.076s] -- Installing: /home/natalia/Documents/STUDING/robotix/modul2/ex09/install/full_name_message/share/full_name_message/environment/library_path.sh
[14.077s] -- Installing: /home/natalia/Documents/STUDING/robotix/modul2/ex09/install/full_name_message/share/full_name_message/environment/library_path.dsv
[14.077s] -- Installing: /home/natalia/Documents/STUDING/robotix/modul2/ex09/install/full_name_message/lib/libfull_name_message__rosidl_generator_c.so
[14.078s] -- Set non-toolchain portion of runtime path of "/home/natalia/Documents/STUDING/robotix/modul2/ex09/install/full_name_message/lib/libfull_name_message__rosidl_generator_c.so" to ""
[14.078s] -- Up-to-date: /home/natalia/Documents/STUDING/robotix/modul2/ex09/install/full_name_message/include/full_name_message/full_name_message
[14.078s] -- Up-to-date: /home/natalia/Documents/STUDING/robotix/modul2/ex09/install/full_name_message/include/full_name_message/full_name_message/srv
[14.079s] -- Up-to-date: /home/natalia/Documents/STUDING/robotix/modul2/ex09/install/full_name_message/include/full_name_message/full_name_message/srv/detail
[14.080s] -- Installing: /home/natalia/Documents/STUDING/robotix/modul2/ex09/install/full_name_message/include/full_name_message/full_name_message/srv/detail/full_name__rosidl_typesupport_fastrtps_c.h
[14.080s] -- Up-to-date: /home/natalia/Documents/STUDING/robotix/modul2/ex09/install/full_name_message/include/full_name_message/full_name_message/msg
[14.080s] -- Up-to-date: /home/natalia/Documents/STUDING/robotix/modul2/ex09/install/full_name_message/include/full_name_message/full_name_message/msg/detail
[14.081s] -- Installing: /home/natalia/Documents/STUDING/robotix/modul2/ex09/install/full_name_message/include/full_name_message/full_name_message/msg/detail/full_name__rosidl_typesupport_fastrtps_c.h
[14.081s] -- Installing: /home/natalia/Documents/STUDING/robotix/modul2/ex09/install/full_name_message/include/full_name_message/full_name_message/msg/rosidl_typesupport_fastrtps_c__visibility_control.h
[14.081s] -- Installing: /home/natalia/Documents/STUDING/robotix/modul2/ex09/install/full_name_message/lib/libfull_name_message__rosidl_typesupport_fastrtps_c.so
[14.082s] -- Set non-toolchain portion of runtime path of "/home/natalia/Documents/STUDING/robotix/modul2/ex09/install/full_name_message/lib/libfull_name_message__rosidl_typesupport_fastrtps_c.so" to ""
[14.082s] -- Up-to-date: /home/natalia/Documents/STUDING/robotix/modul2/ex09/install/full_name_message/include/full_name_message/full_name_message
[14.082s] -- Up-to-date: /home/natalia/Documents/STUDING/robotix/modul2/ex09/install/full_name_message/include/full_name_message/full_name_message/srv
[14.083s] -- Up-to-date: /home/natalia/Documents/STUDING/robotix/modul2/ex09/install/full_name_message/include/full_name_message/full_name_message/srv/detail
[14.083s] -- Installing: /home/natalia/Documents/STUDING/robotix/modul2/ex09/install/full_name_message/include/full_name_message/full_name_message/srv/detail/full_name__rosidl_typesupport_introspection_c.h
[14.083s] -- Installing: /home/natalia/Documents/STUDING/robotix/modul2/ex09/install/full_name_message/include/full_name_message/full_name_message/srv/detail/full_name__type_support.c
[14.083s] -- Up-to-date: /home/natalia/Documents/STUDING/robotix/modul2/ex09/install/full_name_message/include/full_name_message/full_name_message/msg
[14.084s] -- Up-to-date: /home/natalia/Documents/STUDING/robotix/modul2/ex09/install/full_name_message/include/full_name_message/full_name_message/msg/detail
[14.084s] -- Installing: /home/natalia/Documents/STUDING/robotix/modul2/ex09/install/full_name_message/include/full_name_message/full_name_message/msg/detail/full_name__rosidl_typesupport_introspection_c.h
[14.084s] -- Installing: /home/natalia/Documents/STUDING/robotix/modul2/ex09/install/full_name_message/include/full_name_message/full_name_message/msg/detail/full_name__type_support.c
[14.085s] -- Installing: /home/natalia/Documents/STUDING/robotix/modul2/ex09/install/full_name_message/include/full_name_message/full_name_message/msg/rosidl_typesupport_introspection_c__visibility_control.h
[14.085s] -- Installing: /home/natalia/Documents/STUDING/robotix/modul2/ex09/install/full_name_message/lib/libfull_name_message__rosidl_typesupport_introspection_c.so
[14.085s] -- Set non-toolchain portion of runtime path of "/home/natalia/Documents/STUDING/robotix/modul2/ex09/install/full_name_message/lib/libfull_name_message__rosidl_typesupport_introspection_c.so" to ""
[14.085s] -- Installing: /home/natalia/Documents/STUDING/robotix/modul2/ex09/install/full_name_message/lib/libfull_name_message__rosidl_typesupport_c.so
[14.086s] -- Set non-toolchain portion of runtime path of "/home/natalia/Documents/STUDING/robotix/modul2/ex09/install/full_name_message/lib/libfull_name_message__rosidl_typesupport_c.so" to ""
[14.086s] -- Up-to-date: /home/natalia/Documents/STUDING/robotix/modul2/ex09/install/full_name_message/include/full_name_message/full_name_message
[14.086s] -- Up-to-date: /home/natalia/Documents/STUDING/robotix/modul2/ex09/install/full_name_message/include/full_name_message/full_name_message/srv
[14.087s] -- Up-to-date: /home/natalia/Documents/STUDING/robotix/modul2/ex09/install/full_name_message/include/full_name_message/full_name_message/srv/detail
[14.087s] -- Installing: /home/natalia/Documents/STUDING/robotix/modul2/ex09/install/full_name_message/include/full_name_message/full_name_message/srv/detail/full_name__struct.hpp
[14.087s] -- Installing: /home/natalia/Documents/STUDING/robotix/modul2/ex09/install/full_name_message/include/full_name_message/full_name_message/srv/detail/full_name__builder.hpp
[14.087s] -- Installing: /home/natalia/Documents/STUDING/robotix/modul2/ex09/install/full_name_message/include/full_name_message/full_name_message/srv/detail/full_name__traits.hpp
[14.088s] -- Installing: /home/natalia/Documents/STUDING/robotix/modul2/ex09/install/full_name_message/include/full_name_message/full_name_message/srv/detail/full_name__type_support.hpp
[14.088s] -- Installing: /home/natalia/Documents/STUDING/robotix/modul2/ex09/install/full_name_message/include/full_name_message/full_name_message/srv/full_name.hpp
[14.088s] -- Up-to-date: /home/natalia/Documents/STUDING/robotix/modul2/ex09/install/full_name_message/include/full_name_message/full_name_message/msg
[14.089s] -- Up-to-date: /home/natalia/Documents/STUDING/robotix/modul2/ex09/install/full_name_message/include/full_name_message/full_name_message/msg/detail
[14.089s] -- Installing: /home/natalia/Documents/STUDING/robotix/modul2/ex09/install/full_name_message/include/full_name_message/full_name_message/msg/detail/full_name__struct.hpp
[14.089s] -- Installing: /home/natalia/Documents/STUDING/robotix/modul2/ex09/install/full_name_message/include/full_name_message/full_name_message/msg/detail/full_name__builder.hpp
[14.089s] -- Installing: /home/natalia/Documents/STUDING/robotix/modul2/ex09/install/full_name_message/include/full_name_message/full_name_message/msg/detail/full_name__traits.hpp
[14.090s] -- Installing: /home/natalia/Documents/STUDING/robotix/modul2/ex09/install/full_name_message/include/full_name_message/full_name_message/msg/detail/full_name__type_support.hpp
[14.090s] -- Installing: /home/natalia/Documents/STUDING/robotix/modul2/ex09/install/full_name_message/include/full_name_message/full_name_message/msg/rosidl_generator_cpp__visibility_control.hpp
[14.090s] -- Installing: /home/natalia/Documents/STUDING/robotix/modul2/ex09/install/full_name_message/include/full_name_message/full_name_message/msg/full_name.hpp
[14.091s] -- Up-to-date: /home/natalia/Documents/STUDING/robotix/modul2/ex09/install/full_name_message/include/full_name_message/full_name_message
[14.091s] -- Up-to-date: /home/natalia/Documents/STUDING/robotix/modul2/ex09/install/full_name_message/include/full_name_message/full_name_message/srv
[14.091s] -- Up-to-date: /home/natalia/Documents/STUDING/robotix/modul2/ex09/install/full_name_message/include/full_name_message/full_name_message/srv/detail
[14.091s] -- Installing: /home/natalia/Documents/STUDING/robotix/modul2/ex09/install/full_name_message/include/full_name_message/full_name_message/srv/detail/full_name__rosidl_typesupport_fastrtps_cpp.hpp
[14.092s] -- Installing: /home/natalia/Documents/STUDING/robotix/modul2/ex09/install/full_name_message/include/full_name_message/full_name_message/srv/detail/dds_fastrtps
[14.092s] -- Up-to-date: /home/natalia/Documents/STUDING/robotix/modul2/ex09/install/full_name_message/include/full_name_message/full_name_message/msg
[14.092s] -- Installing: /home/natalia/Documents/STUDING/robotix/modul2/ex09/install/full_name_message/include/full_name_message/full_name_message/msg/rosidl_typesupport_fastrtps_cpp__visibility_control.h
[14.093s] -- Up-to-date: /home/natalia/Documents/STUDING/robotix/modul2/ex09/install/full_name_message/include/full_name_message/full_name_message/msg/detail
[14.093s] -- Installing: /home/natalia/Documents/STUDING/robotix/modul2/ex09/install/full_name_message/include/full_name_message/full_name_message/msg/detail/full_name__rosidl_typesupport_fastrtps_cpp.hpp
[14.094s] -- Installing: /home/natalia/Documents/STUDING/robotix/modul2/ex09/install/full_name_message/include/full_name_message/full_name_message/msg/detail/dds_fastrtps
[14.095s] -- Installing: /home/natalia/Documents/STUDING/robotix/modul2/ex09/install/full_name_message/lib/libfull_name_message__rosidl_typesupport_fastrtps_cpp.so
[14.095s] -- Set non-toolchain portion of runtime path of "/home/natalia/Documents/STUDING/robotix/modul2/ex09/install/full_name_message/lib/libfull_name_message__rosidl_typesupport_fastrtps_cpp.so" to ""
[14.096s] -- Up-to-date: /home/natalia/Documents/STUDING/robotix/modul2/ex09/install/full_name_message/include/full_name_message/full_name_message
[14.096s] -- Up-to-date: /home/natalia/Documents/STUDING/robotix/modul2/ex09/install/full_name_message/include/full_name_message/full_name_message/srv
[14.096s] -- Up-to-date: /home/natalia/Documents/STUDING/robotix/modul2/ex09/install/full_name_message/include/full_name_message/full_name_message/srv/detail
[14.096s] -- Installing: /home/natalia/Documents/STUDING/robotix/modul2/ex09/install/full_name_message/include/full_name_message/full_name_message/srv/detail/full_name__rosidl_typesupport_introspection_cpp.hpp
[14.097s] -- Installing: /home/natalia/Documents/STUDING/robotix/modul2/ex09/install/full_name_message/include/full_name_message/full_name_message/srv/detail/full_name__type_support.cpp
[14.097s] -- Up-to-date: /home/natalia/Documents/STUDING/robotix/modul2/ex09/install/full_name_message/include/full_name_message/full_name_message/msg
[14.097s] -- Up-to-date: /home/natalia/Documents/STUDING/robotix/modul2/ex09/install/full_name_message/include/full_name_message/full_name_message/msg/detail
[14.098s] -- Installing: /home/natalia/Documents/STUDING/robotix/modul2/ex09/install/full_name_message/include/full_name_message/full_name_message/msg/detail/full_name__rosidl_typesupport_introspection_cpp.hpp
[14.098s] -- Installing: /home/natalia/Documents/STUDING/robotix/modul2/ex09/install/full_name_message/include/full_name_message/full_name_message/msg/detail/full_name__type_support.cpp
[14.098s] -- Installing: /home/natalia/Documents/STUDING/robotix/modul2/ex09/install/full_name_message/lib/libfull_name_message__rosidl_typesupport_introspection_cpp.so
[14.098s] -- Set non-toolchain portion of runtime path of "/home/natalia/Documents/STUDING/robotix/modul2/ex09/install/full_name_message/lib/libfull_name_message__rosidl_typesupport_introspection_cpp.so" to ""
[14.099s] -- Installing: /home/natalia/Documents/STUDING/robotix/modul2/ex09/install/full_name_message/lib/libfull_name_message__rosidl_typesupport_cpp.so
[14.099s] -- Set non-toolchain portion of runtime path of "/home/natalia/Documents/STUDING/robotix/modul2/ex09/install/full_name_message/lib/libfull_name_message__rosidl_typesupport_cpp.so" to ""
[14.099s] -- Installing: /home/natalia/Documents/STUDING/robotix/modul2/ex09/install/full_name_message/share/full_name_message/environment/pythonpath.sh
[14.100s] -- Installing: /home/natalia/Documents/STUDING/robotix/modul2/ex09/install/full_name_message/share/full_name_message/environment/pythonpath.dsv
[14.100s] -- Installing: /home/natalia/Documents/STUDING/robotix/modul2/ex09/install/full_name_message/lib/python3.12/site-packages/full_name_message-0.0.0-py3.12.egg-info
[14.101s] -- Installing: /home/natalia/Documents/STUDING/robotix/modul2/ex09/install/full_name_message/lib/python3.12/site-packages/full_name_message-0.0.0-py3.12.egg-info/top_level.txt
[14.101s] -- Installing: /home/natalia/Documents/STUDING/robotix/modul2/ex09/install/full_name_message/lib/python3.12/site-packages/full_name_message-0.0.0-py3.12.egg-info/PKG-INFO
[14.101s] -- Installing: /home/natalia/Documents/STUDING/robotix/modul2/ex09/install/full_name_message/lib/python3.12/site-packages/full_name_message-0.0.0-py3.12.egg-info/SOURCES.txt
[14.101s] -- Installing: /home/natalia/Documents/STUDING/robotix/modul2/ex09/install/full_name_message/lib/python3.12/site-packages/full_name_message-0.0.0-py3.12.egg-info/dependency_links.txt
[14.102s] -- Installing: /home/natalia/Documents/STUDING/robotix/modul2/ex09/install/full_name_message/lib/python3.12/site-packages/full_name_message
[14.102s] -- Installing: /home/natalia/Documents/STUDING/robotix/modul2/ex09/install/full_name_message/lib/python3.12/site-packages/full_name_message/full_name_message_s__rosidl_typesupport_fastrtps_c.so
[14.102s] -- Installing: /home/natalia/Documents/STUDING/robotix/modul2/ex09/install/full_name_message/lib/python3.12/site-packages/full_name_message/full_name_message_s__rosidl_typesupport_c.so
[14.102s] -- Installing: /home/natalia/Documents/STUDING/robotix/modul2/ex09/install/full_name_message/lib/python3.12/site-packages/full_name_message/srv
[14.103s] -- Installing: /home/natalia/Documents/STUDING/robotix/modul2/ex09/install/full_name_message/lib/python3.12/site-packages/full_name_message/srv/_full_name_s.c
[14.103s] -- Installing: /home/natalia/Documents/STUDING/robotix/modul2/ex09/install/full_name_message/lib/python3.12/site-packages/full_name_message/srv/__init__.py
[14.103s] -- Installing: /home/natalia/Documents/STUDING/robotix/modul2/ex09/install/full_name_message/lib/python3.12/site-packages/full_name_message/srv/_full_name.py
[14.103s] -- Installing: /home/natalia/Documents/STUDING/robotix/modul2/ex09/install/full_name_message/lib/python3.12/site-packages/full_name_message/_full_name_message_s.ep.rosidl_typesupport_c.c
[14.104s] -- Installing: /home/natalia/Documents/STUDING/robotix/modul2/ex09/install/full_name_message/lib/python3.12/site-packages/full_name_message/_full_name_message_s.ep.rosidl_typesupport_introspection_c.c
[14.104s] -- Installing: /home/natalia/Documents/STUDING/robotix/modul2/ex09/install/full_name_message/lib/python3.12/site-packages/full_name_message/__init__.py
[14.104s] -- Installing: /home/natalia/Documents/STUDING/robotix/modul2/ex09/install/full_name_message/lib/python3.12/site-packages/full_name_message/_full_name_message_s.ep.rosidl_typesupport_fastrtps_c.c
[14.104s] -- Installing: /home/natalia/Documents/STUDING/robotix/modul2/ex09/install/full_name_message/lib/python3.12/site-packages/full_name_message/msg
[14.105s] -- Installing: /home/natalia/Documents/STUDING/robotix/modul2/ex09/install/full_name_message/lib/python3.12/site-packages/full_name_message/msg/_full_name_s.c
[14.105s] -- Installing: /home/natalia/Documents/STUDING/robotix/modul2/ex09/install/full_name_message/lib/python3.12/site-packages/full_name_message/msg/__init__.py
[14.105s] -- Installing: /home/natalia/Documents/STUDING/robotix/modul2/ex09/install/full_name_message/lib/python3.12/site-packages/full_name_message/msg/_full_name.py
[14.105s] -- Installing: /home/natalia/Documents/STUDING/robotix/modul2/ex09/install/full_name_message/lib/python3.12/site-packages/full_name_message/full_name_message_s__rosidl_typesupport_introspection_c.so
[14.106s] -- Installing: /home/natalia/Documents/STUDING/robotix/modul2/ex09/install/full_name_message/lib/python3.12/site-packages/full_name_message/py.typed
[14.199s] Listing '/home/natalia/Documents/STUDING/robotix/modul2/ex09/install/full_name_message/lib/python3.12/site-packages/full_name_message'...
[14.199s] Compiling '/home/natalia/Documents/STUDING/robotix/modul2/ex09/install/full_name_message/lib/python3.12/site-packages/full_name_message/__init__.py'...
[14.199s] Listing '/home/natalia/Documents/STUDING/robotix/modul2/ex09/install/full_name_message/lib/python3.12/site-packages/full_name_message/msg'...
[14.199s] Compiling '/home/natalia/Documents/STUDING/robotix/modul2/ex09/install/full_name_message/lib/python3.12/site-packages/full_name_message/msg/__init__.py'...
[14.199s] Compiling '/home/natalia/Documents/STUDING/robotix/modul2/ex09/install/full_name_message/lib/python3.12/site-packages/full_name_message/msg/_full_name.py'...
[14.199s] Listing '/home/natalia/Documents/STUDING/robotix/modul2/ex09/install/full_name_message/lib/python3.12/site-packages/full_name_message/srv'...
[14.199s] Compiling '/home/natalia/Documents/STUDING/robotix/modul2/ex09/install/full_name_message/lib/python3.12/site-packages/full_name_message/srv/__init__.py'...
[14.199s] Compiling '/home/natalia/Documents/STUDING/robotix/modul2/ex09/install/full_name_message/lib/python3.12/site-packages/full_name_message/srv/_full_name.py'...
[14.203s] -- Installing: /home/natalia/Documents/STUDING/robotix/modul2/ex09/install/full_name_message/lib/python3.12/site-packages/full_name_message/full_name_message_s__rosidl_typesupport_fastrtps_c.so
[14.203s] -- Set non-toolchain portion of runtime path of "/home/natalia/Documents/STUDING/robotix/modul2/ex09/install/full_name_message/lib/python3.12/site-packages/full_name_message/full_name_message_s__rosidl_typesupport_fastrtps_c.so" to ""
[14.203s] -- Installing: /home/natalia/Documents/STUDING/robotix/modul2/ex09/install/full_name_message/lib/python3.12/site-packages/full_name_message/full_name_message_s__rosidl_typesupport_introspection_c.so
[14.203s] -- Set non-toolchain portion of runtime path of "/home/natalia/Documents/STUDING/robotix/modul2/ex09/install/full_name_message/lib/python3.12/site-packages/full_name_message/full_name_message_s__rosidl_typesupport_introspection_c.so" to ""
[14.203s] -- Installing: /home/natalia/Documents/STUDING/robotix/modul2/ex09/install/full_name_message/lib/python3.12/site-packages/full_name_message/full_name_message_s__rosidl_typesupport_c.so
[14.203s] -- Set non-toolchain portion of runtime path of "/home/natalia/Documents/STUDING/robotix/modul2/ex09/install/full_name_message/lib/python3.12/site-packages/full_name_message/full_name_message_s__rosidl_typesupport_c.so" to ""
[14.203s] -- Installing: /home/natalia/Documents/STUDING/robotix/modul2/ex09/install/full_name_message/lib/libfull_name_message__rosidl_generator_py.so
[14.203s] -- Set non-toolchain portion of runtime path of "/home/natalia/Documents/STUDING/robotix/modul2/ex09/install/full_name_message/lib/libfull_name_message__rosidl_generator_py.so" to ""
[14.203s] -- Installing: /home/natalia/Documents/STUDING/robotix/modul2/ex09/install/full_name_message/share/full_name_message/msg/FullName.idl
[14.203s] -- Installing: /home/natalia/Documents/STUDING/robotix/modul2/ex09/install/full_name_message/share/full_name_message/srv/FullName.idl
[14.204s] -- Installing: /home/natalia/Documents/STUDING/robotix/modul2/ex09/install/full_name_message/share/full_name_message/msg/FullName.msg
[14.204s] -- Installing: /home/natalia/Documents/STUDING/robotix/modul2/ex09/install/full_name_message/share/full_name_message/srv/FullName.srv
[14.204s] -- Installing: /home/natalia/Documents/STUDING/robotix/modul2/ex09/install/full_name_message/share/ament_index/resource_index/package_run_dependencies/full_name_message
[14.204s] -- Installing: /home/natalia/Documents/STUDING/robotix/modul2/ex09/install/full_name_message/share/ament_index/resource_index/parent_prefix_path/full_name_message
[14.204s] -- Installing: /home/natalia/Documents/STUDING/robotix/modul2/ex09/install/full_name_message/share/full_name_message/environment/ament_prefix_path.sh
[14.204s] -- Installing: /home/natalia/Documents/STUDING/robotix/modul2/ex09/install/full_name_message/share/full_name_message/environment/ament_prefix_path.dsv
[14.204s] -- Installing: /home/natalia/Documents/STUDING/robotix/modul2/ex09/install/full_name_message/share/full_name_message/environment/path.sh
[14.204s] -- Installing: /home/natalia/Documents/STUDING/robotix/modul2/ex09/install/full_name_message/share/full_name_message/environment/path.dsv
[14.204s] -- Installing: /home/natalia/Documents/STUDING/robotix/modul2/ex09/install/full_name_message/share/full_name_message/local_setup.bash
[14.204s] -- Installing: /home/natalia/Documents/STUDING/robotix/modul2/ex09/install/full_name_message/share/full_name_message/local_setup.sh
[14.204s] -- Installing: /home/natalia/Documents/STUDING/robotix/modul2/ex09/install/full_name_message/share/full_name_message/local_setup.zsh
[14.204s] -- Installing: /home/natalia/Documents/STUDING/robotix/modul2/ex09/install/full_name_message/share/full_name_message/local_setup.dsv
[14.204s] -- Installing: /home/natalia/Documents/STUDING/robotix/modul2/ex09/install/full_name_message/share/full_name_message/package.dsv
[14.204s] -- Installing: /home/natalia/Documents/STUDING/robotix/modul2/ex09/install/full_name_message/share/ament_index/resource_index/packages/full_name_message
[14.204s] -- Installing: /home/natalia/Documents/STUDING/robotix/modul2/ex09/install/full_name_message/share/full_name_message/cmake/export_full_name_message__rosidl_generator_cExport.cmake
[14.204s] -- Installing: /home/natalia/Documents/STUDING/robotix/modul2/ex09/install/full_name_message/share/full_name_message/cmake/export_full_name_message__rosidl_generator_cExport-noconfig.cmake
[14.204s] -- Installing: /home/natalia/Documents/STUDING/robotix/modul2/ex09/install/full_name_message/share/full_name_message/cmake/export_full_name_message__rosidl_typesupport_fastrtps_cExport.cmake
[14.205s] -- Installing: /home/natalia/Documents/STUDING/robotix/modul2/ex09/install/full_name_message/share/full_name_message/cmake/export_full_name_message__rosidl_typesupport_fastrtps_cExport-noconfig.cmake
[14.205s] -- Installing: /home/natalia/Documents/STUDING/robotix/modul2/ex09/install/full_name_message/share/full_name_message/cmake/full_name_message__rosidl_typesupport_introspection_cExport.cmake
[14.205s] -- Installing: /home/natalia/Documents/STUDING/robotix/modul2/ex09/install/full_name_message/share/full_name_message/cmake/full_name_message__rosidl_typesupport_introspection_cExport-noconfig.cmake
[14.205s] -- Installing: /home/natalia/Documents/STUDING/robotix/modul2/ex09/install/full_name_message/share/full_name_message/cmake/full_name_message__rosidl_typesupport_cExport.cmake
[14.205s] -- Installing: /home/natalia/Documents/STUDING/robotix/modul2/ex09/install/full_name_message/share/full_name_message/cmake/full_name_message__rosidl_typesupport_cExport-noconfig.cmake
[14.205s] -- Installing: /home/natalia/Documents/STUDING/robotix/modul2/ex09/install/full_name_message/share/full_name_message/cmake/export_full_name_message__rosidl_generator_cppExport.cmake
[14.205s] -- Installing: /home/natalia/Documents/STUDING/robotix/modul2/ex09/install/full_name_message/share/full_name_message/cmake/export_full_name_message__rosidl_typesupport_fastrtps_cppExport.cmake
[14.205s] -- Installing: /home/natalia/Documents/STUDING/robotix/modul2/ex09/install/full_name_message/share/full_name_message/cmake/export_full_name_message__rosidl_typesupport_fastrtps_cppExport-noconfig.cmake
[14.205s] -- Installing: /home/natalia/Documents/STUDING/robotix/modul2/ex09/install/full_name_message/share/full_name_message/cmake/full_name_message__rosidl_typesupport_introspection_cppExport.cmake
[14.205s] -- Installing: /home/natalia/Documents/STUDING/robotix/modul2/ex09/install/full_name_message/share/full_name_message/cmake/full_name_message__rosidl_typesupport_introspection_cppExport-noconfig.cmake
[14.205s] -- Installing: /home/natalia/Documents/STUDING/robotix/modul2/ex09/install/full_name_message/share/full_name_message/cmake/full_name_message__rosidl_typesupport_cppExport.cmake
[14.205s] -- Installing: /home/natalia/Documents/STUDING/robotix/modul2/ex09/install/full_name_message/share/full_name_message/cmake/full_name_message__rosidl_typesupport_cppExport-noconfig.cmake
[14.205s] -- Installing: /home/natalia/Documents/STUDING/robotix/modul2/ex09/install/full_name_message/share/full_name_message/cmake/export_full_name_message__rosidl_generator_pyExport.cmake
[14.205s] -- Installing: /home/natalia/Documents/STUDING/robotix/modul2/ex09/install/full_name_message/share/full_name_message/cmake/export_full_name_message__rosidl_generator_pyExport-noconfig.cmake
[14.205s] -- Installing: /home/natalia/Documents/STUDING/robotix/modul2/ex09/install/full_name_message/share/full_name_message/cmake/rosidl_cmake-extras.cmake
[14.205s] -- Installing: /home/natalia/Documents/STUDING/robotix/modul2/ex09/install/full_name_message/share/full_name_message/cmake/ament_cmake_export_dependencies-extras.cmake
[14.206s] -- Installing: /home/natalia/Documents/STUDING/robotix/modul2/ex09/install/full_name_message/share/full_name_message/cmake/ament_cmake_export_include_directories-extras.cmake
[14.206s] -- Installing: /home/natalia/Documents/STUDING/robotix/modul2/ex09/install/full_name_message/share/full_name_message/cmake/ament_cmake_export_libraries-extras.cmake
[14.206s] -- Installing: /home/natalia/Documents/STUDING/robotix/modul2/ex09/install/full_name_message/share/full_name_message/cmake/ament_cmake_export_targets-extras.cmake
[14.206s] -- Installing: /home/natalia/Documents/STUDING/robotix/modul2/ex09/install/full_name_message/share/full_name_message/cmake/rosidl_cmake_export_typesupport_targets-extras.cmake
[14.206s] -- Installing: /home/natalia/Documents/STUDING/robotix/modul2/ex09/install/full_name_message/share/full_name_message/cmake/rosidl_cmake_export_typesupport_libraries-extras.cmake
[14.206s] -- Installing: /home/natalia/Documents/STUDING/robotix/modul2/ex09/install/full_name_message/share/full_name_message/cmake/full_name_messageConfig.cmake
[14.206s] -- Installing: /home/natalia/Documents/STUDING/robotix/modul2/ex09/install/full_name_message/share/full_name_message/cmake/full_name_messageConfig-version.cmake
[14.206s] -- Installing: /home/natalia/Documents/STUDING/robotix/modul2/ex09/install/full_name_message/share/full_name_message/package.xml
[14.208s] Invoked command in '/home/natalia/Documents/STUDING/robotix/modul2/ex09/build/full_name_message' returned '0': CMAKE_PREFIX_PATH=${CMAKE_PREFIX_PATH}:/opt/ros/rolling DEBUGINFOD_URLS=https://debuginfod.ubuntu.com /usr/bin/cmake --install /home/natalia/Documents/STUDING/robotix/modul2/ex09/build/full_name_message
