[0.900s] Invoking command in '/home/natalia/Documents/STUDING/robotix/modul3/ex04/move_to_goal': DEBUGINFOD_URLS=https://debuginfod.ubuntu.com PYTHONPATH=/home/natalia/Documents/STUDING/robotix/modul3/ex04/build/move_to_goal/prefix_override:/usr/lib/python3/dist-packages/colcon_core/task/python/colcon_distutils_commands:/home/natalia/Documents/STUDING/robotix/modul3/ex04/install/move_to_goal/lib/python3.12/site-packages:${PYTHONPATH} /usr/bin/python3 -W ignore:setup.py install is deprecated -W ignore:easy_install command is deprecated setup.py egg_info --egg-base ../build/move_to_goal build --build-base /home/natalia/Documents/STUDING/robotix/modul3/ex04/build/move_to_goal/build install --record /home/natalia/Documents/STUDING/robotix/modul3/ex04/build/move_to_goal/install.log --single-version-externally-managed install_data
[1.044s] running egg_info
[1.053s] writing ../build/move_to_goal/move_to_goal.egg-info/PKG-INFO
[1.053s] writing dependency_links to ../build/move_to_goal/move_to_goal.egg-info/dependency_links.txt
[1.053s] writing entry points to ../build/move_to_goal/move_to_goal.egg-info/entry_points.txt
[1.053s] writing requirements to ../build/move_to_goal/move_to_goal.egg-info/requires.txt
[1.053s] writing top-level names to ../build/move_to_goal/move_to_goal.egg-info/top_level.txt
[1.071s] reading manifest file '../build/move_to_goal/move_to_goal.egg-info/SOURCES.txt'
[1.073s] writing manifest file '../build/move_to_goal/move_to_goal.egg-info/SOURCES.txt'
[1.073s] running build
[1.073s] running build_py
[1.073s] copying move_to_goal/move_to_goal_node.py -> /home/natalia/Documents/STUDING/robotix/modul3/ex04/build/move_to_goal/build/lib/move_to_goal
[1.073s] running install
[1.077s] running install_lib
[1.086s] copying /home/natalia/Documents/STUDING/robotix/modul3/ex04/build/move_to_goal/build/lib/move_to_goal/move_to_goal_node.py -> /home/natalia/Documents/STUDING/robotix/modul3/ex04/install/move_to_goal/lib/python3.12/site-packages/move_to_goal
[1.086s] byte-compiling /home/natalia/Documents/STUDING/robotix/modul3/ex04/install/move_to_goal/lib/python3.12/site-packages/move_to_goal/move_to_goal_node.py to move_to_goal_node.cpython-312.pyc
[1.087s] running install_data
[1.087s] running install_egg_info
[1.096s] removing '/home/natalia/Documents/STUDING/robotix/modul3/ex04/install/move_to_goal/lib/python3.12/site-packages/move_to_goal-0.0.0-py3.12.egg-info' (and everything under it)
[1.097s] Copying ../build/move_to_goal/move_to_goal.egg-info to /home/natalia/Documents/STUDING/robotix/modul3/ex04/install/move_to_goal/lib/python3.12/site-packages/move_to_goal-0.0.0-py3.12.egg-info
[1.098s] running install_scripts
[1.164s] Installing move_to_goal_node script to /home/natalia/Documents/STUDING/robotix/modul3/ex04/install/move_to_goal/lib/move_to_goal
[1.164s] writing list of installed files to '/home/natalia/Documents/STUDING/robotix/modul3/ex04/build/move_to_goal/install.log'
[1.179s] Invoked command in '/home/natalia/Documents/STUDING/robotix/modul3/ex04/move_to_goal' returned '0': DEBUGINFOD_URLS=https://debuginfod.ubuntu.com PYTHONPATH=/home/natalia/Documents/STUDING/robotix/modul3/ex04/build/move_to_goal/prefix_override:/usr/lib/python3/dist-packages/colcon_core/task/python/colcon_distutils_commands:/home/natalia/Documents/STUDING/robotix/modul3/ex04/install/move_to_goal/lib/python3.12/site-packages:${PYTHONPATH} /usr/bin/python3 -W ignore:setup.py install is deprecated -W ignore:easy_install command is deprecated setup.py egg_info --egg-base ../build/move_to_goal build --build-base /home/natalia/Documents/STUDING/robotix/modul3/ex04/build/move_to_goal/build install --record /home/natalia/Documents/STUDING/robotix/modul3/ex04/build/move_to_goal/install.log --single-version-externally-managed install_data
