[0.007s] Invoking command in '/home/natalia/Documents/STUDING/robotix/modul3/ex05/build/action_cleaning_robot': CMAKE_PREFIX_PATH=${CMAKE_PREFIX_PATH}:/opt/ros/jazzy DEBUGINFOD_URLS=https://debuginfod.ubuntu.com /usr/bin/cmake --build /home/natalia/Documents/STUDING/robotix/modul3/ex05/build/action_cleaning_robot -- -j20 -l20
[0.161s] [  2%] Built target action_cleaning_robot__rosidl_generator_type_description
[0.212s] [  2%] Built target ament_cmake_python_copy_action_cleaning_robot
[0.269s] [  5%] Built target action_cleaning_robot__cpp
[0.273s] [ 20%] Built target action_cleaning_robot__rosidl_generator_c
[0.357s] [ 29%] Built target action_cleaning_robot__rosidl_typesupport_introspection_c
[0.358s] [ 38%] Built target action_cleaning_robot__rosidl_typesupport_c
[0.360s] [ 47%] Built target action_cleaning_robot__rosidl_typesupport_fastrtps_c
[0.375s] [ 55%] Built target action_cleaning_robot__rosidl_typesupport_fastrtps_cpp
[0.376s] [ 64%] Built target action_cleaning_robot__rosidl_typesupport_introspection_cpp
[0.392s] [ 73%] Built target action_cleaning_robot__rosidl_typesupport_cpp
[0.431s] [ 73%] Built target action_cleaning_robot
[0.447s] [ 76%] Built target action_cleaning_robot__py
[0.464s] [ 82%] Built target action_cleaning_robot__rosidl_generator_py
[0.482s] [ 88%] Built target action_cleaning_robot_s__rosidl_typesupport_c
[0.483s] [100%] Built target action_cleaning_robot_s__rosidl_typesupport_introspection_c
[0.483s] [100%] Built target action_cleaning_robot_s__rosidl_typesupport_fastrtps_c
[0.518s] running egg_info
[0.541s] writing action_cleaning_robot.egg-info/PKG-INFO
[0.541s] writing dependency_links to action_cleaning_robot.egg-info/dependency_links.txt
[0.542s] writing top-level names to action_cleaning_robot.egg-info/top_level.txt
[0.796s] reading manifest file 'action_cleaning_robot.egg-info/SOURCES.txt'
[0.801s] writing manifest file 'action_cleaning_robot.egg-info/SOURCES.txt'
[0.940s] [100%] Built target ament_cmake_python_build_action_cleaning_robot_egg
[0.997s] Invoked command in '/home/natalia/Documents/STUDING/robotix/modul3/ex05/build/action_cleaning_robot' returned '0': CMAKE_PREFIX_PATH=${CMAKE_PREFIX_PATH}:/opt/ros/jazzy DEBUGINFOD_URLS=https://debuginfod.ubuntu.com /usr/bin/cmake --build /home/natalia/Documents/STUDING/robotix/modul3/ex05/build/action_cleaning_robot -- -j20 -l20
[1.046s] Invoking command in '/home/natalia/Documents/STUDING/robotix/modul3/ex05/build/action_cleaning_robot': CMAKE_PREFIX_PATH=${CMAKE_PREFIX_PATH}:/opt/ros/jazzy DEBUGINFOD_URLS=https://debuginfod.ubuntu.com /usr/bin/cmake --install /home/natalia/Documents/STUDING/robotix/modul3/ex05/build/action_cleaning_robot
[1.085s] -- Install configuration: ""
[1.087s] -- Up-to-date: /home/natalia/Documents/STUDING/robotix/modul3/ex05/install/action_cleaning_robot/share/ament_index/resource_index/rosidl_interfaces/action_cleaning_robot
[1.088s] -- Up-to-date: /home/natalia/Documents/STUDING/robotix/modul3/ex05/install/action_cleaning_robot/share/action_cleaning_robot/action/CleaningTask.json
[1.089s] -- Up-to-date: /home/natalia/Documents/STUDING/robotix/modul3/ex05/install/action_cleaning_robot/include/action_cleaning_robot/action_cleaning_robot
[1.090s] -- Up-to-date: /home/natalia/Documents/STUDING/robotix/modul3/ex05/install/action_cleaning_robot/include/action_cleaning_robot/action_cleaning_robot/action
[1.091s] -- Up-to-date: /home/natalia/Documents/STUDING/robotix/modul3/ex05/install/action_cleaning_robot/include/action_cleaning_robot/action_cleaning_robot/action/cleaning_task.h
[1.092s] -- Up-to-date: /home/natalia/Documents/STUDING/robotix/modul3/ex05/install/action_cleaning_robot/include/action_cleaning_robot/action_cleaning_robot/action/detail
[1.093s] -- Up-to-date: /home/natalia/Documents/STUDING/robotix/modul3/ex05/install/action_cleaning_robot/include/action_cleaning_robot/action_cleaning_robot/action/detail/cleaning_task__functions.h
[1.094s] -- Up-to-date: /home/natalia/Documents/STUDING/robotix/modul3/ex05/install/action_cleaning_robot/include/action_cleaning_robot/action_cleaning_robot/action/detail/cleaning_task__struct.h
[1.096s] -- Up-to-date: /home/natalia/Documents/STUDING/robotix/modul3/ex05/install/action_cleaning_robot/include/action_cleaning_robot/action_cleaning_robot/action/detail/cleaning_task__functions.c
[1.097s] -- Up-to-date: /home/natalia/Documents/STUDING/robotix/modul3/ex05/install/action_cleaning_robot/include/action_cleaning_robot/action_cleaning_robot/action/detail/cleaning_task__type_support.h
[1.097s] -- Up-to-date: /home/natalia/Documents/STUDING/robotix/modul3/ex05/install/action_cleaning_robot/include/action_cleaning_robot/action_cleaning_robot/action/detail/cleaning_task__type_support.c
[1.098s] -- Up-to-date: /home/natalia/Documents/STUDING/robotix/modul3/ex05/install/action_cleaning_robot/include/action_cleaning_robot/action_cleaning_robot/action/detail/cleaning_task__description.c
[1.100s] -- Up-to-date: /home/natalia/Documents/STUDING/robotix/modul3/ex05/install/action_cleaning_robot/include/action_cleaning_robot/action_cleaning_robot/msg
[1.101s] -- Up-to-date: /home/natalia/Documents/STUDING/robotix/modul3/ex05/install/action_cleaning_robot/include/action_cleaning_robot/action_cleaning_robot/msg/rosidl_generator_c__visibility_control.h
[1.102s] -- Up-to-date: /home/natalia/Documents/STUDING/robotix/modul3/ex05/install/action_cleaning_robot/share/action_cleaning_robot/environment/library_path.sh
[1.103s] -- Up-to-date: /home/natalia/Documents/STUDING/robotix/modul3/ex05/install/action_cleaning_robot/share/action_cleaning_robot/environment/library_path.dsv
[1.105s] -- Up-to-date: /home/natalia/Documents/STUDING/robotix/modul3/ex05/install/action_cleaning_robot/lib/libaction_cleaning_robot__rosidl_generator_c.so
[1.107s] -- Up-to-date: /home/natalia/Documents/STUDING/robotix/modul3/ex05/install/action_cleaning_robot/include/action_cleaning_robot/action_cleaning_robot
[1.108s] -- Up-to-date: /home/natalia/Documents/STUDING/robotix/modul3/ex05/install/action_cleaning_robot/include/action_cleaning_robot/action_cleaning_robot/action
[1.109s] -- Up-to-date: /home/natalia/Documents/STUDING/robotix/modul3/ex05/install/action_cleaning_robot/include/action_cleaning_robot/action_cleaning_robot/action/detail
[1.109s] -- Up-to-date: /home/natalia/Documents/STUDING/robotix/modul3/ex05/install/action_cleaning_robot/include/action_cleaning_robot/action_cleaning_robot/action/detail/cleaning_task__rosidl_typesupport_fastrtps_c.h
[1.110s] -- Up-to-date: /home/natalia/Documents/STUDING/robotix/modul3/ex05/install/action_cleaning_robot/include/action_cleaning_robot/action_cleaning_robot/msg
[1.110s] -- Up-to-date: /home/natalia/Documents/STUDING/robotix/modul3/ex05/install/action_cleaning_robot/include/action_cleaning_robot/action_cleaning_robot/msg/rosidl_typesupport_fastrtps_c__visibility_control.h
[1.111s] -- Up-to-date: /home/natalia/Documents/STUDING/robotix/modul3/ex05/install/action_cleaning_robot/lib/libaction_cleaning_robot__rosidl_typesupport_fastrtps_c.so
[1.111s] -- Up-to-date: /home/natalia/Documents/STUDING/robotix/modul3/ex05/install/action_cleaning_robot/include/action_cleaning_robot/action_cleaning_robot
[1.111s] -- Up-to-date: /home/natalia/Documents/STUDING/robotix/modul3/ex05/install/action_cleaning_robot/include/action_cleaning_robot/action_cleaning_robot/action
[1.112s] -- Up-to-date: /home/natalia/Documents/STUDING/robotix/modul3/ex05/install/action_cleaning_robot/include/action_cleaning_robot/action_cleaning_robot/action/detail
[1.112s] -- Up-to-date: /home/natalia/Documents/STUDING/robotix/modul3/ex05/install/action_cleaning_robot/include/action_cleaning_robot/action_cleaning_robot/action/detail/cleaning_task__rosidl_typesupport_introspection_c.h
[1.112s] -- Up-to-date: /home/natalia/Documents/STUDING/robotix/modul3/ex05/install/action_cleaning_robot/include/action_cleaning_robot/action_cleaning_robot/action/detail/cleaning_task__type_support.c
[1.113s] -- Up-to-date: /home/natalia/Documents/STUDING/robotix/modul3/ex05/install/action_cleaning_robot/include/action_cleaning_robot/action_cleaning_robot/msg
[1.113s] -- Up-to-date: /home/natalia/Documents/STUDING/robotix/modul3/ex05/install/action_cleaning_robot/include/action_cleaning_robot/action_cleaning_robot/msg/rosidl_typesupport_introspection_c__visibility_control.h
[1.113s] -- Up-to-date: /home/natalia/Documents/STUDING/robotix/modul3/ex05/install/action_cleaning_robot/lib/libaction_cleaning_robot__rosidl_typesupport_introspection_c.so
[1.113s] -- Up-to-date: /home/natalia/Documents/STUDING/robotix/modul3/ex05/install/action_cleaning_robot/lib/libaction_cleaning_robot__rosidl_typesupport_c.so
[1.114s] -- Up-to-date: /home/natalia/Documents/STUDING/robotix/modul3/ex05/install/action_cleaning_robot/include/action_cleaning_robot/action_cleaning_robot
[1.114s] -- Up-to-date: /home/natalia/Documents/STUDING/robotix/modul3/ex05/install/action_cleaning_robot/include/action_cleaning_robot/action_cleaning_robot/action
[1.114s] -- Up-to-date: /home/natalia/Documents/STUDING/robotix/modul3/ex05/install/action_cleaning_robot/include/action_cleaning_robot/action_cleaning_robot/action/detail
[1.115s] -- Up-to-date: /home/natalia/Documents/STUDING/robotix/modul3/ex05/install/action_cleaning_robot/include/action_cleaning_robot/action_cleaning_robot/action/detail/cleaning_task__traits.hpp
[1.115s] -- Up-to-date: /home/natalia/Documents/STUDING/robotix/modul3/ex05/install/action_cleaning_robot/include/action_cleaning_robot/action_cleaning_robot/action/detail/cleaning_task__struct.hpp
[1.115s] -- Up-to-date: /home/natalia/Documents/STUDING/robotix/modul3/ex05/install/action_cleaning_robot/include/action_cleaning_robot/action_cleaning_robot/action/detail/cleaning_task__builder.hpp
[1.115s] -- Up-to-date: /home/natalia/Documents/STUDING/robotix/modul3/ex05/install/action_cleaning_robot/include/action_cleaning_robot/action_cleaning_robot/action/detail/cleaning_task__type_support.hpp
[1.116s] -- Up-to-date: /home/natalia/Documents/STUDING/robotix/modul3/ex05/install/action_cleaning_robot/include/action_cleaning_robot/action_cleaning_robot/action/cleaning_task.hpp
[1.116s] -- Up-to-date: /home/natalia/Documents/STUDING/robotix/modul3/ex05/install/action_cleaning_robot/include/action_cleaning_robot/action_cleaning_robot/msg
[1.116s] -- Up-to-date: /home/natalia/Documents/STUDING/robotix/modul3/ex05/install/action_cleaning_robot/include/action_cleaning_robot/action_cleaning_robot/msg/rosidl_generator_cpp__visibility_control.hpp
[1.116s] -- Up-to-date: /home/natalia/Documents/STUDING/robotix/modul3/ex05/install/action_cleaning_robot/include/action_cleaning_robot/action_cleaning_robot
[1.117s] -- Up-to-date: /home/natalia/Documents/STUDING/robotix/modul3/ex05/install/action_cleaning_robot/include/action_cleaning_robot/action_cleaning_robot/action
[1.117s] -- Up-to-date: /home/natalia/Documents/STUDING/robotix/modul3/ex05/install/action_cleaning_robot/include/action_cleaning_robot/action_cleaning_robot/action/detail
[1.117s] -- Up-to-date: /home/natalia/Documents/STUDING/robotix/modul3/ex05/install/action_cleaning_robot/include/action_cleaning_robot/action_cleaning_robot/action/detail/cleaning_task__rosidl_typesupport_fastrtps_cpp.hpp
[1.117s] -- Up-to-date: /home/natalia/Documents/STUDING/robotix/modul3/ex05/install/action_cleaning_robot/include/action_cleaning_robot/action_cleaning_robot/action/detail/dds_fastrtps
[1.118s] -- Up-to-date: /home/natalia/Documents/STUDING/robotix/modul3/ex05/install/action_cleaning_robot/include/action_cleaning_robot/action_cleaning_robot/msg
[1.118s] -- Up-to-date: /home/natalia/Documents/STUDING/robotix/modul3/ex05/install/action_cleaning_robot/include/action_cleaning_robot/action_cleaning_robot/msg/rosidl_typesupport_fastrtps_cpp__visibility_control.h
[1.118s] -- Up-to-date: /home/natalia/Documents/STUDING/robotix/modul3/ex05/install/action_cleaning_robot/lib/libaction_cleaning_robot__rosidl_typesupport_fastrtps_cpp.so
[1.119s] -- Up-to-date: /home/natalia/Documents/STUDING/robotix/modul3/ex05/install/action_cleaning_robot/include/action_cleaning_robot/action_cleaning_robot
[1.119s] -- Up-to-date: /home/natalia/Documents/STUDING/robotix/modul3/ex05/install/action_cleaning_robot/include/action_cleaning_robot/action_cleaning_robot/action
[1.119s] -- Up-to-date: /home/natalia/Documents/STUDING/robotix/modul3/ex05/install/action_cleaning_robot/include/action_cleaning_robot/action_cleaning_robot/action/detail
[1.119s] -- Up-to-date: /home/natalia/Documents/STUDING/robotix/modul3/ex05/install/action_cleaning_robot/include/action_cleaning_robot/action_cleaning_robot/action/detail/cleaning_task__rosidl_typesupport_introspection_cpp.hpp
[1.120s] -- Up-to-date: /home/natalia/Documents/STUDING/robotix/modul3/ex05/install/action_cleaning_robot/include/action_cleaning_robot/action_cleaning_robot/action/detail/cleaning_task__type_support.cpp
[1.120s] -- Up-to-date: /home/natalia/Documents/STUDING/robotix/modul3/ex05/install/action_cleaning_robot/lib/libaction_cleaning_robot__rosidl_typesupport_introspection_cpp.so
[1.120s] -- Up-to-date: /home/natalia/Documents/STUDING/robotix/modul3/ex05/install/action_cleaning_robot/lib/libaction_cleaning_robot__rosidl_typesupport_cpp.so
[1.120s] -- Up-to-date: /home/natalia/Documents/STUDING/robotix/modul3/ex05/install/action_cleaning_robot/share/action_cleaning_robot/environment/pythonpath.sh
[1.121s] -- Up-to-date: /home/natalia/Documents/STUDING/robotix/modul3/ex05/install/action_cleaning_robot/share/action_cleaning_robot/environment/pythonpath.dsv
[1.121s] -- Up-to-date: /home/natalia/Documents/STUDING/robotix/modul3/ex05/install/action_cleaning_robot/lib/python3.12/site-packages/action_cleaning_robot-0.0.0-py3.12.egg-info
[1.121s] -- Installing: /home/natalia/Documents/STUDING/robotix/modul3/ex05/install/action_cleaning_robot/lib/python3.12/site-packages/action_cleaning_robot-0.0.0-py3.12.egg-info/top_level.txt
[1.122s] -- Installing: /home/natalia/Documents/STUDING/robotix/modul3/ex05/install/action_cleaning_robot/lib/python3.12/site-packages/action_cleaning_robot-0.0.0-py3.12.egg-info/PKG-INFO
[1.122s] -- Installing: /home/natalia/Documents/STUDING/robotix/modul3/ex05/install/action_cleaning_robot/lib/python3.12/site-packages/action_cleaning_robot-0.0.0-py3.12.egg-info/SOURCES.txt
[1.122s] -- Installing: /home/natalia/Documents/STUDING/robotix/modul3/ex05/install/action_cleaning_robot/lib/python3.12/site-packages/action_cleaning_robot-0.0.0-py3.12.egg-info/dependency_links.txt
[1.122s] -- Up-to-date: /home/natalia/Documents/STUDING/robotix/modul3/ex05/install/action_cleaning_robot/lib/python3.12/site-packages/action_cleaning_robot
[1.123s] -- Up-to-date: /home/natalia/Documents/STUDING/robotix/modul3/ex05/install/action_cleaning_robot/lib/python3.12/site-packages/action_cleaning_robot/_action_cleaning_robot_s.ep.rosidl_typesupport_introspection_c.c
[1.123s] -- Up-to-date: /home/natalia/Documents/STUDING/robotix/modul3/ex05/install/action_cleaning_robot/lib/python3.12/site-packages/action_cleaning_robot/_action_cleaning_robot_s.ep.rosidl_typesupport_c.c
[1.123s] -- Up-to-date: /home/natalia/Documents/STUDING/robotix/modul3/ex05/install/action_cleaning_robot/lib/python3.12/site-packages/action_cleaning_robot/_action_cleaning_robot_s.ep.rosidl_typesupport_fastrtps_c.c
[1.123s] -- Up-to-date: /home/natalia/Documents/STUDING/robotix/modul3/ex05/install/action_cleaning_robot/lib/python3.12/site-packages/action_cleaning_robot/action
[1.124s] -- Up-to-date: /home/natalia/Documents/STUDING/robotix/modul3/ex05/install/action_cleaning_robot/lib/python3.12/site-packages/action_cleaning_robot/action/_cleaning_task.py
[1.124s] -- Up-to-date: /home/natalia/Documents/STUDING/robotix/modul3/ex05/install/action_cleaning_robot/lib/python3.12/site-packages/action_cleaning_robot/action/_cleaning_task_s.c
[1.124s] -- Up-to-date: /home/natalia/Documents/STUDING/robotix/modul3/ex05/install/action_cleaning_robot/lib/python3.12/site-packages/action_cleaning_robot/action/__init__.py
[1.124s] -- Up-to-date: /home/natalia/Documents/STUDING/robotix/modul3/ex05/install/action_cleaning_robot/lib/python3.12/site-packages/action_cleaning_robot/action_cleaning_robot_s__rosidl_typesupport_introspection_c.so
[1.125s] -- Up-to-date: /home/natalia/Documents/STUDING/robotix/modul3/ex05/install/action_cleaning_robot/lib/python3.12/site-packages/action_cleaning_robot/__init__.py
[1.125s] -- Up-to-date: /home/natalia/Documents/STUDING/robotix/modul3/ex05/install/action_cleaning_robot/lib/python3.12/site-packages/action_cleaning_robot/action_cleaning_robot_s__rosidl_typesupport_c.so
[1.125s] -- Up-to-date: /home/natalia/Documents/STUDING/robotix/modul3/ex05/install/action_cleaning_robot/lib/python3.12/site-packages/action_cleaning_robot/action_cleaning_robot_s__rosidl_typesupport_fastrtps_c.so
[1.324s] Listing '/home/natalia/Documents/STUDING/robotix/modul3/ex05/install/action_cleaning_robot/lib/python3.12/site-packages/action_cleaning_robot'...
[1.324s] Listing '/home/natalia/Documents/STUDING/robotix/modul3/ex05/install/action_cleaning_robot/lib/python3.12/site-packages/action_cleaning_robot/action'...
[1.354s] -- Up-to-date: /home/natalia/Documents/STUDING/robotix/modul3/ex05/install/action_cleaning_robot/lib/python3.12/site-packages/action_cleaning_robot/action_cleaning_robot_s__rosidl_typesupport_fastrtps_c.so
[1.357s] -- Up-to-date: /home/natalia/Documents/STUDING/robotix/modul3/ex05/install/action_cleaning_robot/lib/python3.12/site-packages/action_cleaning_robot/action_cleaning_robot_s__rosidl_typesupport_introspection_c.so
[1.359s] -- Up-to-date: /home/natalia/Documents/STUDING/robotix/modul3/ex05/install/action_cleaning_robot/lib/python3.12/site-packages/action_cleaning_robot/action_cleaning_robot_s__rosidl_typesupport_c.so
[1.360s] -- Up-to-date: /home/natalia/Documents/STUDING/robotix/modul3/ex05/install/action_cleaning_robot/lib/libaction_cleaning_robot__rosidl_generator_py.so
[1.362s] -- Up-to-date: /home/natalia/Documents/STUDING/robotix/modul3/ex05/install/action_cleaning_robot/share/action_cleaning_robot/action/CleaningTask.idl
[1.363s] -- Up-to-date: /home/natalia/Documents/STUDING/robotix/modul3/ex05/install/action_cleaning_robot/share/action_cleaning_robot/action/CleaningTask.action
[1.365s] -- Up-to-date: /home/natalia/Documents/STUDING/robotix/modul3/ex05/install/action_cleaning_robot/share/ament_index/resource_index/package_run_dependencies/action_cleaning_robot
[1.366s] -- Up-to-date: /home/natalia/Documents/STUDING/robotix/modul3/ex05/install/action_cleaning_robot/share/ament_index/resource_index/parent_prefix_path/action_cleaning_robot
[1.367s] -- Up-to-date: /home/natalia/Documents/STUDING/robotix/modul3/ex05/install/action_cleaning_robot/share/action_cleaning_robot/environment/ament_prefix_path.sh
[1.368s] -- Up-to-date: /home/natalia/Documents/STUDING/robotix/modul3/ex05/install/action_cleaning_robot/share/action_cleaning_robot/environment/ament_prefix_path.dsv
[1.369s] -- Up-to-date: /home/natalia/Documents/STUDING/robotix/modul3/ex05/install/action_cleaning_robot/share/action_cleaning_robot/environment/path.sh
[1.371s] -- Up-to-date: /home/natalia/Documents/STUDING/robotix/modul3/ex05/install/action_cleaning_robot/share/action_cleaning_robot/environment/path.dsv
[1.372s] -- Up-to-date: /home/natalia/Documents/STUDING/robotix/modul3/ex05/install/action_cleaning_robot/share/action_cleaning_robot/local_setup.bash
[1.373s] -- Up-to-date: /home/natalia/Documents/STUDING/robotix/modul3/ex05/install/action_cleaning_robot/share/action_cleaning_robot/local_setup.sh
[1.373s] -- Up-to-date: /home/natalia/Documents/STUDING/robotix/modul3/ex05/install/action_cleaning_robot/share/action_cleaning_robot/local_setup.zsh
[1.374s] -- Up-to-date: /home/natalia/Documents/STUDING/robotix/modul3/ex05/install/action_cleaning_robot/share/action_cleaning_robot/local_setup.dsv
[1.375s] -- Installing: /home/natalia/Documents/STUDING/robotix/modul3/ex05/install/action_cleaning_robot/share/action_cleaning_robot/package.dsv
[1.375s] -- Up-to-date: /home/natalia/Documents/STUDING/robotix/modul3/ex05/install/action_cleaning_robot/share/ament_index/resource_index/packages/action_cleaning_robot
[1.376s] -- Up-to-date: /home/natalia/Documents/STUDING/robotix/modul3/ex05/install/action_cleaning_robot/share/action_cleaning_robot/cmake/export_action_cleaning_robot__rosidl_generator_cExport.cmake
[1.377s] -- Up-to-date: /home/natalia/Documents/STUDING/robotix/modul3/ex05/install/action_cleaning_robot/share/action_cleaning_robot/cmake/export_action_cleaning_robot__rosidl_generator_cExport-noconfig.cmake
[1.378s] -- Up-to-date: /home/natalia/Documents/STUDING/robotix/modul3/ex05/install/action_cleaning_robot/share/action_cleaning_robot/cmake/export_action_cleaning_robot__rosidl_typesupport_fastrtps_cExport.cmake
[1.378s] -- Up-to-date: /home/natalia/Documents/STUDING/robotix/modul3/ex05/install/action_cleaning_robot/share/action_cleaning_robot/cmake/export_action_cleaning_robot__rosidl_typesupport_fastrtps_cExport-noconfig.cmake
[1.379s] -- Up-to-date: /home/natalia/Documents/STUDING/robotix/modul3/ex05/install/action_cleaning_robot/share/action_cleaning_robot/cmake/action_cleaning_robot__rosidl_typesupport_introspection_cExport.cmake
[1.379s] -- Up-to-date: /home/natalia/Documents/STUDING/robotix/modul3/ex05/install/action_cleaning_robot/share/action_cleaning_robot/cmake/action_cleaning_robot__rosidl_typesupport_introspection_cExport-noconfig.cmake
[1.379s] -- Up-to-date: /home/natalia/Documents/STUDING/robotix/modul3/ex05/install/action_cleaning_robot/share/action_cleaning_robot/cmake/action_cleaning_robot__rosidl_typesupport_cExport.cmake
[1.380s] -- Up-to-date: /home/natalia/Documents/STUDING/robotix/modul3/ex05/install/action_cleaning_robot/share/action_cleaning_robot/cmake/action_cleaning_robot__rosidl_typesupport_cExport-noconfig.cmake
[1.380s] -- Up-to-date: /home/natalia/Documents/STUDING/robotix/modul3/ex05/install/action_cleaning_robot/share/action_cleaning_robot/cmake/export_action_cleaning_robot__rosidl_generator_cppExport.cmake
[1.380s] -- Up-to-date: /home/natalia/Documents/STUDING/robotix/modul3/ex05/install/action_cleaning_robot/share/action_cleaning_robot/cmake/export_action_cleaning_robot__rosidl_typesupport_fastrtps_cppExport.cmake
[1.381s] -- Up-to-date: /home/natalia/Documents/STUDING/robotix/modul3/ex05/install/action_cleaning_robot/share/action_cleaning_robot/cmake/export_action_cleaning_robot__rosidl_typesupport_fastrtps_cppExport-noconfig.cmake
[1.381s] -- Up-to-date: /home/natalia/Documents/STUDING/robotix/modul3/ex05/install/action_cleaning_robot/share/action_cleaning_robot/cmake/action_cleaning_robot__rosidl_typesupport_introspection_cppExport.cmake
[1.381s] -- Up-to-date: /home/natalia/Documents/STUDING/robotix/modul3/ex05/install/action_cleaning_robot/share/action_cleaning_robot/cmake/action_cleaning_robot__rosidl_typesupport_introspection_cppExport-noconfig.cmake
[1.382s] -- Up-to-date: /home/natalia/Documents/STUDING/robotix/modul3/ex05/install/action_cleaning_robot/share/action_cleaning_robot/cmake/action_cleaning_robot__rosidl_typesupport_cppExport.cmake
[1.382s] -- Up-to-date: /home/natalia/Documents/STUDING/robotix/modul3/ex05/install/action_cleaning_robot/share/action_cleaning_robot/cmake/action_cleaning_robot__rosidl_typesupport_cppExport-noconfig.cmake
[1.382s] -- Up-to-date: /home/natalia/Documents/STUDING/robotix/modul3/ex05/install/action_cleaning_robot/share/action_cleaning_robot/cmake/export_action_cleaning_robot__rosidl_generator_pyExport.cmake
[1.383s] -- Up-to-date: /home/natalia/Documents/STUDING/robotix/modul3/ex05/install/action_cleaning_robot/share/action_cleaning_robot/cmake/export_action_cleaning_robot__rosidl_generator_pyExport-noconfig.cmake
[1.383s] -- Up-to-date: /home/natalia/Documents/STUDING/robotix/modul3/ex05/install/action_cleaning_robot/share/action_cleaning_robot/cmake/rosidl_cmake-extras.cmake
[1.383s] -- Up-to-date: /home/natalia/Documents/STUDING/robotix/modul3/ex05/install/action_cleaning_robot/share/action_cleaning_robot/cmake/ament_cmake_export_dependencies-extras.cmake
[1.384s] -- Up-to-date: /home/natalia/Documents/STUDING/robotix/modul3/ex05/install/action_cleaning_robot/share/action_cleaning_robot/cmake/ament_cmake_export_include_directories-extras.cmake
[1.384s] -- Up-to-date: /home/natalia/Documents/STUDING/robotix/modul3/ex05/install/action_cleaning_robot/share/action_cleaning_robot/cmake/ament_cmake_export_libraries-extras.cmake
[1.384s] -- Up-to-date: /home/natalia/Documents/STUDING/robotix/modul3/ex05/install/action_cleaning_robot/share/action_cleaning_robot/cmake/ament_cmake_export_targets-extras.cmake
[1.384s] -- Up-to-date: /home/natalia/Documents/STUDING/robotix/modul3/ex05/install/action_cleaning_robot/share/action_cleaning_robot/cmake/rosidl_cmake_export_typesupport_targets-extras.cmake
[1.385s] -- Up-to-date: /home/natalia/Documents/STUDING/robotix/modul3/ex05/install/action_cleaning_robot/share/action_cleaning_robot/cmake/rosidl_cmake_export_typesupport_libraries-extras.cmake
[1.385s] -- Up-to-date: /home/natalia/Documents/STUDING/robotix/modul3/ex05/install/action_cleaning_robot/share/action_cleaning_robot/cmake/action_cleaning_robotConfig.cmake
[1.385s] -- Up-to-date: /home/natalia/Documents/STUDING/robotix/modul3/ex05/install/action_cleaning_robot/share/action_cleaning_robot/cmake/action_cleaning_robotConfig-version.cmake
[1.386s] -- Up-to-date: /home/natalia/Documents/STUDING/robotix/modul3/ex05/install/action_cleaning_robot/share/action_cleaning_robot/package.xml
[1.390s] Invoked command in '/home/natalia/Documents/STUDING/robotix/modul3/ex05/build/action_cleaning_robot' returned '0': CMAKE_PREFIX_PATH=${CMAKE_PREFIX_PATH}:/opt/ros/jazzy DEBUGINFOD_URLS=https://debuginfod.ubuntu.com /usr/bin/cmake --install /home/natalia/Documents/STUDING/robotix/modul3/ex05/build/action_cleaning_robot
