[0.541s] Invoking command in '/home/natalia/Documents/STUDING/robotix/modul3/ex04/move_to_goal': DEBUGINFOD_URLS=https://debuginfod.ubuntu.com PYTHONPATH=/home/natalia/Documents/STUDING/robotix/modul3/ex04/build/move_to_goal/prefix_override:/usr/lib/python3/dist-packages/colcon_core/task/python/colcon_distutils_commands:/home/natalia/Documents/STUDING/robotix/modul3/ex04/install/move_to_goal/lib/python3.12/site-packages:${PYTHONPATH} /usr/bin/python3 -W ignore:setup.py install is deprecated -W ignore:easy_install command is deprecated setup.py egg_info --egg-base ../build/move_to_goal build --build-base /home/natalia/Documents/STUDING/robotix/modul3/ex04/build/move_to_goal/build install --record /home/natalia/Documents/STUDING/robotix/modul3/ex04/build/move_to_goal/install.log --single-version-externally-managed install_data
[0.673s] running egg_info
[0.682s] writing ../build/move_to_goal/move_to_goal.egg-info/PKG-INFO
[0.682s] writing dependency_links to ../build/move_to_goal/move_to_goal.egg-info/dependency_links.txt
[0.682s] writing entry points to ../build/move_to_goal/move_to_goal.egg-info/entry_points.txt
[0.682s] writing requirements to ../build/move_to_goal/move_to_goal.egg-info/requires.txt
[0.682s] writing top-level names to ../build/move_to_goal/move_to_goal.egg-info/top_level.txt
[0.700s] reading manifest file '../build/move_to_goal/move_to_goal.egg-info/SOURCES.txt'
[0.700s] writing manifest file '../build/move_to_goal/move_to_goal.egg-info/SOURCES.txt'
[0.700s] running build
[0.700s] running build_py
[0.701s] copying move_to_goal/move_to_goal_node.py -> /home/natalia/Documents/STUDING/robotix/modul3/ex04/build/move_to_goal/build/lib/move_to_goal
[0.701s] running install
[0.704s] running install_lib
[0.713s] copying /home/natalia/Documents/STUDING/robotix/modul3/ex04/build/move_to_goal/build/lib/move_to_goal/move_to_goal_node.py -> /home/natalia/Documents/STUDING/robotix/modul3/ex04/install/move_to_goal/lib/python3.12/site-packages/move_to_goal
[0.714s] byte-compiling /home/natalia/Documents/STUDING/robotix/modul3/ex04/install/move_to_goal/lib/python3.12/site-packages/move_to_goal/move_to_goal_node.py to move_to_goal_node.cpython-312.pyc
[0.715s] running install_data
[0.715s] running install_egg_info
[0.724s] removing '/home/natalia/Documents/STUDING/robotix/modul3/ex04/install/move_to_goal/lib/python3.12/site-packages/move_to_goal-0.0.0-py3.12.egg-info' (and everything under it)
[0.725s] Copying ../build/move_to_goal/move_to_goal.egg-info to /home/natalia/Documents/STUDING/robotix/modul3/ex04/install/move_to_goal/lib/python3.12/site-packages/move_to_goal-0.0.0-py3.12.egg-info
[0.725s] running install_scripts
[0.788s] Installing move_to_goal script to /home/natalia/Documents/STUDING/robotix/modul3/ex04/install/move_to_goal/lib/move_to_goal
[0.788s] writing list of installed files to '/home/natalia/Documents/STUDING/robotix/modul3/ex04/build/move_to_goal/install.log'
[0.802s] Invoked command in '/home/natalia/Documents/STUDING/robotix/modul3/ex04/move_to_goal' returned '0': DEBUGINFOD_URLS=https://debuginfod.ubuntu.com PYTHONPATH=/home/natalia/Documents/STUDING/robotix/modul3/ex04/build/move_to_goal/prefix_override:/usr/lib/python3/dist-packages/colcon_core/task/python/colcon_distutils_commands:/home/natalia/Documents/STUDING/robotix/modul3/ex04/install/move_to_goal/lib/python3.12/site-packages:${PYTHONPATH} /usr/bin/python3 -W ignore:setup.py install is deprecated -W ignore:easy_install command is deprecated setup.py egg_info --egg-base ../build/move_to_goal build --build-base /home/natalia/Documents/STUDING/robotix/modul3/ex04/build/move_to_goal/build install --record /home/natalia/Documents/STUDING/robotix/modul3/ex04/build/move_to_goal/install.log --single-version-externally-managed install_data
