[0.006s] Invoking command in '/home/natalia/Documents/STUDING/robotix/modul5/ex04/build/ros_gz_example_bringup': CMAKE_PREFIX_PATH=/home/natalia/Documents/STUDING/robotix/modul5/ex04/install/ros_gz_example_gazebo:/home/natalia/Documents/STUDING/robotix/modul5/ex04/install/ros_gz_example_description:/home/natalia/Documents/STUDING/robotix/modul5/ex04/install/ros_gz_example_bringup:/home/natalia/Documents/STUDING/robotix/modul5/ex04/install/ros_gz_example_application:/opt/ros/jazzy/opt/gz_sim_vendor:/opt/ros/jazzy/opt/gz_sensors_vendor:/opt/ros/jazzy/opt/gz_physics_vendor:/opt/ros/jazzy/opt/sdformat_vendor:/opt/ros/jazzy/opt/gz_gui_vendor:/opt/ros/jazzy/opt/gz_transport_vendor:/opt/ros/jazzy/opt/gz_rendering_vendor:/opt/ros/jazzy/opt/gz_plugin_vendor:/opt/ros/jazzy/opt/gz_fuel_tools_vendor:/opt/ros/jazzy/opt/gz_msgs_vendor:/opt/ros/jazzy/opt/gz_common_vendor:/opt/ros/jazzy/opt/gz_math_vendor:/opt/ros/jazzy/opt/gz_utils_vendor:/opt/ros/jazzy/opt/gz_tools_vendor:/opt/ros/jazzy/opt/gz_ogre_next_vendor:/opt/ros/jazzy/opt/gz_dartsim_vendor:/opt/ros/jazzy/opt/gz_cmake_vendor:/opt/ros/jazzy DEBUGINFOD_URLS=https://debuginfod.ubuntu.com GZ_SIM_PLUGIN_PATH=/home/natalia/Documents/STUDING/robotix/modul5/ex04/install/ros_gz_example_gazebo/lib/ros_gz_example_gazebo GZ_SIM_RESOURCE_PATH=/home/natalia/Documents/STUDING/robotix/modul5/ex04/install/ros_gz_example_description/share/ros_gz_example_description/models:${GZ_SIM_RESOURCE_PATH} /usr/bin/cmake --build /home/natalia/Documents/STUDING/robotix/modul5/ex04/build/ros_gz_example_bringup -- -j20 -l20
[0.025s] -- Found ament_cmake: 2.5.4 (/opt/ros/jazzy/share/ament_cmake/cmake)
[0.175s] -- Found rclpy: 7.1.6 (/opt/ros/jazzy/share/rclpy/cmake)
[0.179s] -- Found geometry_msgs: 5.3.6 (/opt/ros/jazzy/share/geometry_msgs/cmake)
[0.254s] -- Found rosidl_generator_c: 4.6.6 (/opt/ros/jazzy/share/rosidl_generator_c/cmake)
[0.275s] -- Found rosidl_generator_cpp: 4.6.6 (/opt/ros/jazzy/share/rosidl_generator_cpp/cmake)
[0.303s] -- Using all available rosidl_typesupport_c: rosidl_typesupport_fastrtps_c;rosidl_typesupport_introspection_c
[0.332s] -- Using all available rosidl_typesupport_cpp: rosidl_typesupport_fastrtps_cpp;rosidl_typesupport_introspection_cpp
[0.394s] [31mCMake Error at CMakeLists.txt:12 (find_package):
[0.394s]   By not providing "Findlaunch.cmake" in CMAKE_MODULE_PATH this project has
[0.394s]   asked CMake to find a package configuration file provided by "launch", but
[0.394s]   CMake did not find one.
[0.394s] 
[0.394s]   Could not find a package configuration file provided by "launch" with any
[0.394s]   of the following names:
[0.394s] 
[0.394s]     launchConfig.cmake
[0.395s]     launch-config.cmake
[0.395s] 
[0.395s]   Add the installation prefix of "launch" to CMAKE_PREFIX_PATH or set
[0.395s]   "launch_DIR" to a directory containing one of the above files.  If "launch"
[0.395s]   provides a separate development package or SDK, be sure it has been
[0.395s]   installed.
[0.395s] 
[0.395s] [0m
[0.395s] -- Configuring incomplete, errors occurred!
[0.398s] gmake: *** [Makefile:226: cmake_check_build_system] Ошибка 1
[0.399s] Invoked command in '/home/natalia/Documents/STUDING/robotix/modul5/ex04/build/ros_gz_example_bringup' returned '2': CMAKE_PREFIX_PATH=/home/natalia/Documents/STUDING/robotix/modul5/ex04/install/ros_gz_example_gazebo:/home/natalia/Documents/STUDING/robotix/modul5/ex04/install/ros_gz_example_description:/home/natalia/Documents/STUDING/robotix/modul5/ex04/install/ros_gz_example_bringup:/home/natalia/Documents/STUDING/robotix/modul5/ex04/install/ros_gz_example_application:/opt/ros/jazzy/opt/gz_sim_vendor:/opt/ros/jazzy/opt/gz_sensors_vendor:/opt/ros/jazzy/opt/gz_physics_vendor:/opt/ros/jazzy/opt/sdformat_vendor:/opt/ros/jazzy/opt/gz_gui_vendor:/opt/ros/jazzy/opt/gz_transport_vendor:/opt/ros/jazzy/opt/gz_rendering_vendor:/opt/ros/jazzy/opt/gz_plugin_vendor:/opt/ros/jazzy/opt/gz_fuel_tools_vendor:/opt/ros/jazzy/opt/gz_msgs_vendor:/opt/ros/jazzy/opt/gz_common_vendor:/opt/ros/jazzy/opt/gz_math_vendor:/opt/ros/jazzy/opt/gz_utils_vendor:/opt/ros/jazzy/opt/gz_tools_vendor:/opt/ros/jazzy/opt/gz_ogre_next_vendor:/opt/ros/jazzy/opt/gz_dartsim_vendor:/opt/ros/jazzy/opt/gz_cmake_vendor:/opt/ros/jazzy DEBUGINFOD_URLS=https://debuginfod.ubuntu.com GZ_SIM_PLUGIN_PATH=/home/natalia/Documents/STUDING/robotix/modul5/ex04/install/ros_gz_example_gazebo/lib/ros_gz_example_gazebo GZ_SIM_RESOURCE_PATH=/home/natalia/Documents/STUDING/robotix/modul5/ex04/install/ros_gz_example_description/share/ros_gz_example_description/models:${GZ_SIM_RESOURCE_PATH} /usr/bin/cmake --build /home/natalia/Documents/STUDING/robotix/modul5/ex04/build/ros_gz_example_bringup -- -j20 -l20
