[0.007s] Invoking command in '/home/natalia/Documents/STUDING/robotix/modul3/ex05/build/action_cleaning_robot': CMAKE_PREFIX_PATH=${CMAKE_PREFIX_PATH}:/opt/ros/jazzy DEBUGINFOD_URLS=https://debuginfod.ubuntu.com /usr/bin/cmake --build /home/natalia/Documents/STUDING/robotix/modul3/ex05/build/action_cleaning_robot -- -j20 -l20
[0.046s] -- Found rosidl_default_generators: 1.6.0 (/opt/ros/jazzy/share/rosidl_default_generators/cmake)
[0.203s] -- Found Python3: /usr/bin/python3 (found version "3.12.3") found components: Interpreter 
[0.429s] -- Using all available rosidl_typesupport_c: rosidl_typesupport_fastrtps_c;rosidl_typesupport_introspection_c
[0.578s] -- Using all available rosidl_typesupport_cpp: rosidl_typesupport_fastrtps_cpp;rosidl_typesupport_introspection_cpp
[0.599s] -- Found rosidl_adapter: 4.6.6 (/opt/ros/jazzy/share/rosidl_adapter/cmake)
[1.015s] -- Found ament_cmake_ros: 0.12.0 (/opt/ros/jazzy/share/ament_cmake_ros/cmake)
[1.502s] -- Using all available rosidl_typesupport_c: rosidl_typesupport_fastrtps_c;rosidl_typesupport_introspection_c
[2.279s] -- Using all available rosidl_typesupport_cpp: rosidl_typesupport_fastrtps_cpp;rosidl_typesupport_introspection_cpp
[2.286s] -- Found python_cmake_module: 0.11.1 (/opt/ros/jazzy/share/python_cmake_module/cmake)
[2.831s] -- Found Python3: /usr/bin/python3 (found version "3.12.3") found components: Interpreter Development NumPy Development.Module Development.Embed 
[2.843s] -- Found ament_lint_auto: 0.17.3 (/opt/ros/jazzy/share/ament_lint_auto/cmake)
[2.857s] -- Added test 'flake8' to check Python code syntax and style conventions
[2.857s] -- Configured 'flake8' exclude dirs and/or files: 
[2.857s] -- Added test 'lint_cmake' to check CMake code style
[2.858s] -- Added test 'pep257' to check Python code against some of the docstring style conventions in PEP 257
[2.860s] -- Added test 'xmllint' to check XML markup files
[2.863s] -- Configuring done (2.8s)
[2.982s] -- Generating done (0.1s)
[2.999s] -- Build files have been written to: /home/natalia/Documents/STUDING/robotix/modul3/ex05/build/action_cleaning_robot
[3.146s] [  2%] Built target action_cleaning_robot__rosidl_generator_type_description
[3.190s] [  2%] Built target ament_cmake_python_copy_action_cleaning_robot
[3.254s] [  5%] Built target action_cleaning_robot__cpp
[3.288s] [ 20%] Built target action_cleaning_robot__rosidl_generator_c
[3.381s] [ 29%] Built target action_cleaning_robot__rosidl_typesupport_c
[3.383s] [ 38%] Built target action_cleaning_robot__rosidl_typesupport_introspection_c
[3.383s] [ 47%] Built target action_cleaning_robot__rosidl_typesupport_cpp
[3.385s] [ 55%] Built target action_cleaning_robot__rosidl_typesupport_fastrtps_c
[3.386s] [ 64%] Built target action_cleaning_robot__rosidl_typesupport_introspection_cpp
[3.391s] [ 73%] Built target action_cleaning_robot__rosidl_typesupport_fastrtps_cpp
[3.434s] [ 73%] Built target action_cleaning_robot
[3.452s] [ 76%] Built target action_cleaning_robot__py
[3.471s] [ 82%] Built target action_cleaning_robot__rosidl_generator_py
[3.489s] [ 88%] Built target action_cleaning_robot_s__rosidl_typesupport_fastrtps_c
[3.490s] [ 94%] Built target action_cleaning_robot_s__rosidl_typesupport_introspection_c
[3.490s] [100%] Built target action_cleaning_robot_s__rosidl_typesupport_c
[3.526s] running egg_info
[3.537s] writing action_cleaning_robot.egg-info/PKG-INFO
[3.538s] writing dependency_links to action_cleaning_robot.egg-info/dependency_links.txt
[3.538s] writing top-level names to action_cleaning_robot.egg-info/top_level.txt
[3.566s] reading manifest file 'action_cleaning_robot.egg-info/SOURCES.txt'
[3.566s] writing manifest file 'action_cleaning_robot.egg-info/SOURCES.txt'
[3.585s] [100%] Built target ament_cmake_python_build_action_cleaning_robot_egg
[3.593s] Invoked command in '/home/natalia/Documents/STUDING/robotix/modul3/ex05/build/action_cleaning_robot' returned '0': CMAKE_PREFIX_PATH=${CMAKE_PREFIX_PATH}:/opt/ros/jazzy DEBUGINFOD_URLS=https://debuginfod.ubuntu.com /usr/bin/cmake --build /home/natalia/Documents/STUDING/robotix/modul3/ex05/build/action_cleaning_robot -- -j20 -l20
[3.601s] Invoking command in '/home/natalia/Documents/STUDING/robotix/modul3/ex05/build/action_cleaning_robot': CMAKE_PREFIX_PATH=${CMAKE_PREFIX_PATH}:/opt/ros/jazzy DEBUGINFOD_URLS=https://debuginfod.ubuntu.com /usr/bin/cmake --install /home/natalia/Documents/STUDING/robotix/modul3/ex05/build/action_cleaning_robot
[3.606s] -- Install configuration: ""
[3.606s] -- Up-to-date: /home/natalia/Documents/STUDING/robotix/modul3/ex05/install/action_cleaning_robot/share/ament_index/resource_index/rosidl_interfaces/action_cleaning_robot
[3.606s] -- Up-to-date: /home/natalia/Documents/STUDING/robotix/modul3/ex05/install/action_cleaning_robot/share/action_cleaning_robot/action/CleaningTask.json
[3.606s] -- Up-to-date: /home/natalia/Documents/STUDING/robotix/modul3/ex05/install/action_cleaning_robot/include/action_cleaning_robot/action_cleaning_robot
[3.606s] -- Up-to-date: /home/natalia/Documents/STUDING/robotix/modul3/ex05/install/action_cleaning_robot/include/action_cleaning_robot/action_cleaning_robot/action
[3.606s] -- Up-to-date: /home/natalia/Documents/STUDING/robotix/modul3/ex05/install/action_cleaning_robot/include/action_cleaning_robot/action_cleaning_robot/action/cleaning_task.h
[3.606s] -- Up-to-date: /home/natalia/Documents/STUDING/robotix/modul3/ex05/install/action_cleaning_robot/include/action_cleaning_robot/action_cleaning_robot/action/detail
[3.606s] -- Up-to-date: /home/natalia/Documents/STUDING/robotix/modul3/ex05/install/action_cleaning_robot/include/action_cleaning_robot/action_cleaning_robot/action/detail/cleaning_task__functions.h
[3.606s] -- Up-to-date: /home/natalia/Documents/STUDING/robotix/modul3/ex05/install/action_cleaning_robot/include/action_cleaning_robot/action_cleaning_robot/action/detail/cleaning_task__struct.h
[3.606s] -- Up-to-date: /home/natalia/Documents/STUDING/robotix/modul3/ex05/install/action_cleaning_robot/include/action_cleaning_robot/action_cleaning_robot/action/detail/cleaning_task__functions.c
[3.606s] -- Up-to-date: /home/natalia/Documents/STUDING/robotix/modul3/ex05/install/action_cleaning_robot/include/action_cleaning_robot/action_cleaning_robot/action/detail/cleaning_task__type_support.h
[3.606s] -- Up-to-date: /home/natalia/Documents/STUDING/robotix/modul3/ex05/install/action_cleaning_robot/include/action_cleaning_robot/action_cleaning_robot/action/detail/cleaning_task__type_support.c
[3.607s] -- Up-to-date: /home/natalia/Documents/STUDING/robotix/modul3/ex05/install/action_cleaning_robot/include/action_cleaning_robot/action_cleaning_robot/action/detail/cleaning_task__description.c
[3.607s] -- Up-to-date: /home/natalia/Documents/STUDING/robotix/modul3/ex05/install/action_cleaning_robot/include/action_cleaning_robot/action_cleaning_robot/msg
[3.607s] -- Up-to-date: /home/natalia/Documents/STUDING/robotix/modul3/ex05/install/action_cleaning_robot/include/action_cleaning_robot/action_cleaning_robot/msg/rosidl_generator_c__visibility_control.h
[3.607s] -- Up-to-date: /home/natalia/Documents/STUDING/robotix/modul3/ex05/install/action_cleaning_robot/share/action_cleaning_robot/environment/library_path.sh
[3.607s] -- Up-to-date: /home/natalia/Documents/STUDING/robotix/modul3/ex05/install/action_cleaning_robot/share/action_cleaning_robot/environment/library_path.dsv
[3.607s] -- Up-to-date: /home/natalia/Documents/STUDING/robotix/modul3/ex05/install/action_cleaning_robot/lib/libaction_cleaning_robot__rosidl_generator_c.so
[3.607s] -- Up-to-date: /home/natalia/Documents/STUDING/robotix/modul3/ex05/install/action_cleaning_robot/include/action_cleaning_robot/action_cleaning_robot
[3.607s] -- Up-to-date: /home/natalia/Documents/STUDING/robotix/modul3/ex05/install/action_cleaning_robot/include/action_cleaning_robot/action_cleaning_robot/action
[3.607s] -- Up-to-date: /home/natalia/Documents/STUDING/robotix/modul3/ex05/install/action_cleaning_robot/include/action_cleaning_robot/action_cleaning_robot/action/detail
[3.607s] -- Up-to-date: /home/natalia/Documents/STUDING/robotix/modul3/ex05/install/action_cleaning_robot/include/action_cleaning_robot/action_cleaning_robot/action/detail/cleaning_task__rosidl_typesupport_fastrtps_c.h
[3.607s] -- Up-to-date: /home/natalia/Documents/STUDING/robotix/modul3/ex05/install/action_cleaning_robot/include/action_cleaning_robot/action_cleaning_robot/msg
[3.607s] -- Up-to-date: /home/natalia/Documents/STUDING/robotix/modul3/ex05/install/action_cleaning_robot/include/action_cleaning_robot/action_cleaning_robot/msg/rosidl_typesupport_fastrtps_c__visibility_control.h
[3.607s] -- Up-to-date: /home/natalia/Documents/STUDING/robotix/modul3/ex05/install/action_cleaning_robot/lib/libaction_cleaning_robot__rosidl_typesupport_fastrtps_c.so
[3.607s] -- Up-to-date: /home/natalia/Documents/STUDING/robotix/modul3/ex05/install/action_cleaning_robot/include/action_cleaning_robot/action_cleaning_robot
[3.607s] -- Up-to-date: /home/natalia/Documents/STUDING/robotix/modul3/ex05/install/action_cleaning_robot/include/action_cleaning_robot/action_cleaning_robot/action
[3.607s] -- Up-to-date: /home/natalia/Documents/STUDING/robotix/modul3/ex05/install/action_cleaning_robot/include/action_cleaning_robot/action_cleaning_robot/action/detail
[3.607s] -- Up-to-date: /home/natalia/Documents/STUDING/robotix/modul3/ex05/install/action_cleaning_robot/include/action_cleaning_robot/action_cleaning_robot/action/detail/cleaning_task__rosidl_typesupport_introspection_c.h
[3.607s] -- Up-to-date: /home/natalia/Documents/STUDING/robotix/modul3/ex05/install/action_cleaning_robot/include/action_cleaning_robot/action_cleaning_robot/action/detail/cleaning_task__type_support.c
[3.607s] -- Up-to-date: /home/natalia/Documents/STUDING/robotix/modul3/ex05/install/action_cleaning_robot/include/action_cleaning_robot/action_cleaning_robot/msg
[3.607s] -- Up-to-date: /home/natalia/Documents/STUDING/robotix/modul3/ex05/install/action_cleaning_robot/include/action_cleaning_robot/action_cleaning_robot/msg/rosidl_typesupport_introspection_c__visibility_control.h
[3.607s] -- Up-to-date: /home/natalia/Documents/STUDING/robotix/modul3/ex05/install/action_cleaning_robot/lib/libaction_cleaning_robot__rosidl_typesupport_introspection_c.so
[3.607s] -- Up-to-date: /home/natalia/Documents/STUDING/robotix/modul3/ex05/install/action_cleaning_robot/lib/libaction_cleaning_robot__rosidl_typesupport_c.so
[3.608s] -- Up-to-date: /home/natalia/Documents/STUDING/robotix/modul3/ex05/install/action_cleaning_robot/include/action_cleaning_robot/action_cleaning_robot
[3.608s] -- Up-to-date: /home/natalia/Documents/STUDING/robotix/modul3/ex05/install/action_cleaning_robot/include/action_cleaning_robot/action_cleaning_robot/action
[3.608s] -- Up-to-date: /home/natalia/Documents/STUDING/robotix/modul3/ex05/install/action_cleaning_robot/include/action_cleaning_robot/action_cleaning_robot/action/detail
[3.608s] -- Up-to-date: /home/natalia/Documents/STUDING/robotix/modul3/ex05/install/action_cleaning_robot/include/action_cleaning_robot/action_cleaning_robot/action/detail/cleaning_task__traits.hpp
[3.608s] -- Up-to-date: /home/natalia/Documents/STUDING/robotix/modul3/ex05/install/action_cleaning_robot/include/action_cleaning_robot/action_cleaning_robot/action/detail/cleaning_task__struct.hpp
[3.608s] -- Up-to-date: /home/natalia/Documents/STUDING/robotix/modul3/ex05/install/action_cleaning_robot/include/action_cleaning_robot/action_cleaning_robot/action/detail/cleaning_task__builder.hpp
[3.608s] -- Up-to-date: /home/natalia/Documents/STUDING/robotix/modul3/ex05/install/action_cleaning_robot/include/action_cleaning_robot/action_cleaning_robot/action/detail/cleaning_task__type_support.hpp
[3.608s] -- Up-to-date: /home/natalia/Documents/STUDING/robotix/modul3/ex05/install/action_cleaning_robot/include/action_cleaning_robot/action_cleaning_robot/action/cleaning_task.hpp
[3.608s] -- Up-to-date: /home/natalia/Documents/STUDING/robotix/modul3/ex05/install/action_cleaning_robot/include/action_cleaning_robot/action_cleaning_robot/msg
[3.608s] -- Up-to-date: /home/natalia/Documents/STUDING/robotix/modul3/ex05/install/action_cleaning_robot/include/action_cleaning_robot/action_cleaning_robot/msg/rosidl_generator_cpp__visibility_control.hpp
[3.608s] -- Up-to-date: /home/natalia/Documents/STUDING/robotix/modul3/ex05/install/action_cleaning_robot/include/action_cleaning_robot/action_cleaning_robot
[3.608s] -- Up-to-date: /home/natalia/Documents/STUDING/robotix/modul3/ex05/install/action_cleaning_robot/include/action_cleaning_robot/action_cleaning_robot/action
[3.608s] -- Up-to-date: /home/natalia/Documents/STUDING/robotix/modul3/ex05/install/action_cleaning_robot/include/action_cleaning_robot/action_cleaning_robot/action/detail
[3.608s] -- Up-to-date: /home/natalia/Documents/STUDING/robotix/modul3/ex05/install/action_cleaning_robot/include/action_cleaning_robot/action_cleaning_robot/action/detail/cleaning_task__rosidl_typesupport_fastrtps_cpp.hpp
[3.608s] -- Up-to-date: /home/natalia/Documents/STUDING/robotix/modul3/ex05/install/action_cleaning_robot/include/action_cleaning_robot/action_cleaning_robot/action/detail/dds_fastrtps
[3.608s] -- Up-to-date: /home/natalia/Documents/STUDING/robotix/modul3/ex05/install/action_cleaning_robot/include/action_cleaning_robot/action_cleaning_robot/msg
[3.608s] -- Up-to-date: /home/natalia/Documents/STUDING/robotix/modul3/ex05/install/action_cleaning_robot/include/action_cleaning_robot/action_cleaning_robot/msg/rosidl_typesupport_fastrtps_cpp__visibility_control.h
[3.608s] -- Up-to-date: /home/natalia/Documents/STUDING/robotix/modul3/ex05/install/action_cleaning_robot/lib/libaction_cleaning_robot__rosidl_typesupport_fastrtps_cpp.so
[3.608s] -- Up-to-date: /home/natalia/Documents/STUDING/robotix/modul3/ex05/install/action_cleaning_robot/include/action_cleaning_robot/action_cleaning_robot
[3.608s] -- Up-to-date: /home/natalia/Documents/STUDING/robotix/modul3/ex05/install/action_cleaning_robot/include/action_cleaning_robot/action_cleaning_robot/action
[3.608s] -- Up-to-date: /home/natalia/Documents/STUDING/robotix/modul3/ex05/install/action_cleaning_robot/include/action_cleaning_robot/action_cleaning_robot/action/detail
[3.608s] -- Up-to-date: /home/natalia/Documents/STUDING/robotix/modul3/ex05/install/action_cleaning_robot/include/action_cleaning_robot/action_cleaning_robot/action/detail/cleaning_task__rosidl_typesupport_introspection_cpp.hpp
[3.608s] -- Up-to-date: /home/natalia/Documents/STUDING/robotix/modul3/ex05/install/action_cleaning_robot/include/action_cleaning_robot/action_cleaning_robot/action/detail/cleaning_task__type_support.cpp
[3.609s] -- Up-to-date: /home/natalia/Documents/STUDING/robotix/modul3/ex05/install/action_cleaning_robot/lib/libaction_cleaning_robot__rosidl_typesupport_introspection_cpp.so
[3.609s] -- Up-to-date: /home/natalia/Documents/STUDING/robotix/modul3/ex05/install/action_cleaning_robot/lib/libaction_cleaning_robot__rosidl_typesupport_cpp.so
[3.609s] -- Up-to-date: /home/natalia/Documents/STUDING/robotix/modul3/ex05/install/action_cleaning_robot/share/action_cleaning_robot/environment/pythonpath.sh
[3.609s] -- Up-to-date: /home/natalia/Documents/STUDING/robotix/modul3/ex05/install/action_cleaning_robot/share/action_cleaning_robot/environment/pythonpath.dsv
[3.609s] -- Up-to-date: /home/natalia/Documents/STUDING/robotix/modul3/ex05/install/action_cleaning_robot/lib/python3.12/site-packages/action_cleaning_robot-0.0.0-py3.12.egg-info
[3.609s] -- Installing: /home/natalia/Documents/STUDING/robotix/modul3/ex05/install/action_cleaning_robot/lib/python3.12/site-packages/action_cleaning_robot-0.0.0-py3.12.egg-info/top_level.txt
[3.609s] -- Installing: /home/natalia/Documents/STUDING/robotix/modul3/ex05/install/action_cleaning_robot/lib/python3.12/site-packages/action_cleaning_robot-0.0.0-py3.12.egg-info/PKG-INFO
[3.609s] -- Installing: /home/natalia/Documents/STUDING/robotix/modul3/ex05/install/action_cleaning_robot/lib/python3.12/site-packages/action_cleaning_robot-0.0.0-py3.12.egg-info/SOURCES.txt
[3.609s] -- Installing: /home/natalia/Documents/STUDING/robotix/modul3/ex05/install/action_cleaning_robot/lib/python3.12/site-packages/action_cleaning_robot-0.0.0-py3.12.egg-info/dependency_links.txt
[3.609s] -- Up-to-date: /home/natalia/Documents/STUDING/robotix/modul3/ex05/install/action_cleaning_robot/lib/python3.12/site-packages/action_cleaning_robot
[3.609s] -- Up-to-date: /home/natalia/Documents/STUDING/robotix/modul3/ex05/install/action_cleaning_robot/lib/python3.12/site-packages/action_cleaning_robot/_action_cleaning_robot_s.ep.rosidl_typesupport_introspection_c.c
[3.609s] -- Up-to-date: /home/natalia/Documents/STUDING/robotix/modul3/ex05/install/action_cleaning_robot/lib/python3.12/site-packages/action_cleaning_robot/_action_cleaning_robot_s.ep.rosidl_typesupport_c.c
[3.609s] -- Up-to-date: /home/natalia/Documents/STUDING/robotix/modul3/ex05/install/action_cleaning_robot/lib/python3.12/site-packages/action_cleaning_robot/_action_cleaning_robot_s.ep.rosidl_typesupport_fastrtps_c.c
[3.609s] -- Up-to-date: /home/natalia/Documents/STUDING/robotix/modul3/ex05/install/action_cleaning_robot/lib/python3.12/site-packages/action_cleaning_robot/action
[3.609s] -- Up-to-date: /home/natalia/Documents/STUDING/robotix/modul3/ex05/install/action_cleaning_robot/lib/python3.12/site-packages/action_cleaning_robot/action/_cleaning_task.py
[3.609s] -- Up-to-date: /home/natalia/Documents/STUDING/robotix/modul3/ex05/install/action_cleaning_robot/lib/python3.12/site-packages/action_cleaning_robot/action/_cleaning_task_s.c
[3.609s] -- Up-to-date: /home/natalia/Documents/STUDING/robotix/modul3/ex05/install/action_cleaning_robot/lib/python3.12/site-packages/action_cleaning_robot/action/__init__.py
[3.609s] -- Up-to-date: /home/natalia/Documents/STUDING/robotix/modul3/ex05/install/action_cleaning_robot/lib/python3.12/site-packages/action_cleaning_robot/action_cleaning_robot_s__rosidl_typesupport_introspection_c.so
[3.609s] -- Installing: /home/natalia/Documents/STUDING/robotix/modul3/ex05/install/action_cleaning_robot/lib/python3.12/site-packages/action_cleaning_robot/__init__.py
[3.609s] -- Up-to-date: /home/natalia/Documents/STUDING/robotix/modul3/ex05/install/action_cleaning_robot/lib/python3.12/site-packages/action_cleaning_robot/action_cleaning_robot_s__rosidl_typesupport_c.so
[3.609s] -- Up-to-date: /home/natalia/Documents/STUDING/robotix/modul3/ex05/install/action_cleaning_robot/lib/python3.12/site-packages/action_cleaning_robot/action_cleaning_robot_s__rosidl_typesupport_fastrtps_c.so
[3.634s] Listing '/home/natalia/Documents/STUDING/robotix/modul3/ex05/install/action_cleaning_robot/lib/python3.12/site-packages/action_cleaning_robot'...
[3.634s] Compiling '/home/natalia/Documents/STUDING/robotix/modul3/ex05/install/action_cleaning_robot/lib/python3.12/site-packages/action_cleaning_robot/__init__.py'...
[3.634s] Listing '/home/natalia/Documents/STUDING/robotix/modul3/ex05/install/action_cleaning_robot/lib/python3.12/site-packages/action_cleaning_robot/action'...
[3.638s] -- Up-to-date: /home/natalia/Documents/STUDING/robotix/modul3/ex05/install/action_cleaning_robot/lib/python3.12/site-packages/action_cleaning_robot/action_cleaning_robot_s__rosidl_typesupport_fastrtps_c.so
[3.638s] -- Up-to-date: /home/natalia/Documents/STUDING/robotix/modul3/ex05/install/action_cleaning_robot/lib/python3.12/site-packages/action_cleaning_robot/action_cleaning_robot_s__rosidl_typesupport_introspection_c.so
[3.638s] -- Up-to-date: /home/natalia/Documents/STUDING/robotix/modul3/ex05/install/action_cleaning_robot/lib/python3.12/site-packages/action_cleaning_robot/action_cleaning_robot_s__rosidl_typesupport_c.so
[3.638s] -- Up-to-date: /home/natalia/Documents/STUDING/robotix/modul3/ex05/install/action_cleaning_robot/lib/libaction_cleaning_robot__rosidl_generator_py.so
[3.638s] -- Up-to-date: /home/natalia/Documents/STUDING/robotix/modul3/ex05/install/action_cleaning_robot/share/action_cleaning_robot/action/CleaningTask.idl
[3.638s] -- Up-to-date: /home/natalia/Documents/STUDING/robotix/modul3/ex05/install/action_cleaning_robot/share/action_cleaning_robot/action/CleaningTask.action
[3.638s] -- Up-to-date: /home/natalia/Documents/STUDING/robotix/modul3/ex05/install/action_cleaning_robot/share/ament_index/resource_index/package_run_dependencies/action_cleaning_robot
[3.638s] -- Up-to-date: /home/natalia/Documents/STUDING/robotix/modul3/ex05/install/action_cleaning_robot/share/ament_index/resource_index/parent_prefix_path/action_cleaning_robot
[3.638s] -- Up-to-date: /home/natalia/Documents/STUDING/robotix/modul3/ex05/install/action_cleaning_robot/share/action_cleaning_robot/environment/ament_prefix_path.sh
[3.638s] -- Up-to-date: /home/natalia/Documents/STUDING/robotix/modul3/ex05/install/action_cleaning_robot/share/action_cleaning_robot/environment/ament_prefix_path.dsv
[3.638s] -- Up-to-date: /home/natalia/Documents/STUDING/robotix/modul3/ex05/install/action_cleaning_robot/share/action_cleaning_robot/environment/path.sh
[3.638s] -- Up-to-date: /home/natalia/Documents/STUDING/robotix/modul3/ex05/install/action_cleaning_robot/share/action_cleaning_robot/environment/path.dsv
[3.638s] -- Up-to-date: /home/natalia/Documents/STUDING/robotix/modul3/ex05/install/action_cleaning_robot/share/action_cleaning_robot/local_setup.bash
[3.638s] -- Up-to-date: /home/natalia/Documents/STUDING/robotix/modul3/ex05/install/action_cleaning_robot/share/action_cleaning_robot/local_setup.sh
[3.638s] -- Up-to-date: /home/natalia/Documents/STUDING/robotix/modul3/ex05/install/action_cleaning_robot/share/action_cleaning_robot/local_setup.zsh
[3.638s] -- Up-to-date: /home/natalia/Documents/STUDING/robotix/modul3/ex05/install/action_cleaning_robot/share/action_cleaning_robot/local_setup.dsv
[3.638s] -- Installing: /home/natalia/Documents/STUDING/robotix/modul3/ex05/install/action_cleaning_robot/share/action_cleaning_robot/package.dsv
[3.638s] -- Up-to-date: /home/natalia/Documents/STUDING/robotix/modul3/ex05/install/action_cleaning_robot/share/ament_index/resource_index/packages/action_cleaning_robot
[3.639s] -- Up-to-date: /home/natalia/Documents/STUDING/robotix/modul3/ex05/install/action_cleaning_robot/share/action_cleaning_robot/cmake/export_action_cleaning_robot__rosidl_generator_cExport.cmake
[3.639s] -- Up-to-date: /home/natalia/Documents/STUDING/robotix/modul3/ex05/install/action_cleaning_robot/share/action_cleaning_robot/cmake/export_action_cleaning_robot__rosidl_generator_cExport-noconfig.cmake
[3.639s] -- Up-to-date: /home/natalia/Documents/STUDING/robotix/modul3/ex05/install/action_cleaning_robot/share/action_cleaning_robot/cmake/export_action_cleaning_robot__rosidl_typesupport_fastrtps_cExport.cmake
[3.639s] -- Up-to-date: /home/natalia/Documents/STUDING/robotix/modul3/ex05/install/action_cleaning_robot/share/action_cleaning_robot/cmake/export_action_cleaning_robot__rosidl_typesupport_fastrtps_cExport-noconfig.cmake
[3.639s] -- Up-to-date: /home/natalia/Documents/STUDING/robotix/modul3/ex05/install/action_cleaning_robot/share/action_cleaning_robot/cmake/action_cleaning_robot__rosidl_typesupport_introspection_cExport.cmake
[3.639s] -- Up-to-date: /home/natalia/Documents/STUDING/robotix/modul3/ex05/install/action_cleaning_robot/share/action_cleaning_robot/cmake/action_cleaning_robot__rosidl_typesupport_introspection_cExport-noconfig.cmake
[3.639s] -- Up-to-date: /home/natalia/Documents/STUDING/robotix/modul3/ex05/install/action_cleaning_robot/share/action_cleaning_robot/cmake/action_cleaning_robot__rosidl_typesupport_cExport.cmake
[3.639s] -- Up-to-date: /home/natalia/Documents/STUDING/robotix/modul3/ex05/install/action_cleaning_robot/share/action_cleaning_robot/cmake/action_cleaning_robot__rosidl_typesupport_cExport-noconfig.cmake
[3.639s] -- Up-to-date: /home/natalia/Documents/STUDING/robotix/modul3/ex05/install/action_cleaning_robot/share/action_cleaning_robot/cmake/export_action_cleaning_robot__rosidl_generator_cppExport.cmake
[3.639s] -- Up-to-date: /home/natalia/Documents/STUDING/robotix/modul3/ex05/install/action_cleaning_robot/share/action_cleaning_robot/cmake/export_action_cleaning_robot__rosidl_typesupport_fastrtps_cppExport.cmake
[3.639s] -- Up-to-date: /home/natalia/Documents/STUDING/robotix/modul3/ex05/install/action_cleaning_robot/share/action_cleaning_robot/cmake/export_action_cleaning_robot__rosidl_typesupport_fastrtps_cppExport-noconfig.cmake
[3.639s] -- Up-to-date: /home/natalia/Documents/STUDING/robotix/modul3/ex05/install/action_cleaning_robot/share/action_cleaning_robot/cmake/action_cleaning_robot__rosidl_typesupport_introspection_cppExport.cmake
[3.639s] -- Up-to-date: /home/natalia/Documents/STUDING/robotix/modul3/ex05/install/action_cleaning_robot/share/action_cleaning_robot/cmake/action_cleaning_robot__rosidl_typesupport_introspection_cppExport-noconfig.cmake
[3.639s] -- Up-to-date: /home/natalia/Documents/STUDING/robotix/modul3/ex05/install/action_cleaning_robot/share/action_cleaning_robot/cmake/action_cleaning_robot__rosidl_typesupport_cppExport.cmake
[3.639s] -- Up-to-date: /home/natalia/Documents/STUDING/robotix/modul3/ex05/install/action_cleaning_robot/share/action_cleaning_robot/cmake/action_cleaning_robot__rosidl_typesupport_cppExport-noconfig.cmake
[3.639s] -- Up-to-date: /home/natalia/Documents/STUDING/robotix/modul3/ex05/install/action_cleaning_robot/share/action_cleaning_robot/cmake/export_action_cleaning_robot__rosidl_generator_pyExport.cmake
[3.639s] -- Up-to-date: /home/natalia/Documents/STUDING/robotix/modul3/ex05/install/action_cleaning_robot/share/action_cleaning_robot/cmake/export_action_cleaning_robot__rosidl_generator_pyExport-noconfig.cmake
[3.639s] -- Up-to-date: /home/natalia/Documents/STUDING/robotix/modul3/ex05/install/action_cleaning_robot/share/action_cleaning_robot/cmake/rosidl_cmake-extras.cmake
[3.639s] -- Installing: /home/natalia/Documents/STUDING/robotix/modul3/ex05/install/action_cleaning_robot/share/action_cleaning_robot/cmake/ament_cmake_export_dependencies-extras.cmake
[3.639s] -- Up-to-date: /home/natalia/Documents/STUDING/robotix/modul3/ex05/install/action_cleaning_robot/share/action_cleaning_robot/cmake/ament_cmake_export_include_directories-extras.cmake
[3.639s] -- Up-to-date: /home/natalia/Documents/STUDING/robotix/modul3/ex05/install/action_cleaning_robot/share/action_cleaning_robot/cmake/ament_cmake_export_libraries-extras.cmake
[3.639s] -- Installing: /home/natalia/Documents/STUDING/robotix/modul3/ex05/install/action_cleaning_robot/share/action_cleaning_robot/cmake/ament_cmake_export_targets-extras.cmake
[3.639s] -- Installing: /home/natalia/Documents/STUDING/robotix/modul3/ex05/install/action_cleaning_robot/share/action_cleaning_robot/cmake/rosidl_cmake_export_typesupport_targets-extras.cmake
[3.639s] -- Up-to-date: /home/natalia/Documents/STUDING/robotix/modul3/ex05/install/action_cleaning_robot/share/action_cleaning_robot/cmake/rosidl_cmake_export_typesupport_libraries-extras.cmake
[3.640s] -- Up-to-date: /home/natalia/Documents/STUDING/robotix/modul3/ex05/install/action_cleaning_robot/share/action_cleaning_robot/cmake/action_cleaning_robotConfig.cmake
[3.640s] -- Up-to-date: /home/natalia/Documents/STUDING/robotix/modul3/ex05/install/action_cleaning_robot/share/action_cleaning_robot/cmake/action_cleaning_robotConfig-version.cmake
[3.640s] -- Up-to-date: /home/natalia/Documents/STUDING/robotix/modul3/ex05/install/action_cleaning_robot/share/action_cleaning_robot/package.xml
[3.641s] Invoked command in '/home/natalia/Documents/STUDING/robotix/modul3/ex05/build/action_cleaning_robot' returned '0': CMAKE_PREFIX_PATH=${CMAKE_PREFIX_PATH}:/opt/ros/jazzy DEBUGINFOD_URLS=https://debuginfod.ubuntu.com /usr/bin/cmake --install /home/natalia/Documents/STUDING/robotix/modul3/ex05/build/action_cleaning_robot
