[0.010s] Invoking command in '/home/natalia/Documents/STUDING/robotix/modul6/ex05/build/robot_description': CMAKE_PREFIX_PATH=${CMAKE_PREFIX_PATH}:/opt/ros/jazzy DEBUGINFOD_URLS=https://debuginfod.ubuntu.com PS1=(.venv) \[\e]0;\u@\h: \w\a\]${debian_chroot:+($debian_chroot)}\[\033[01;32m\]\u@\h\[\033[00m\]:\[\033[01;34m\]\w\[\033[00m\]\$ VIRTUAL_ENV_PROMPT=(.venv) /usr/bin/cmake --build /home/natalia/Documents/STUDING/robotix/modul6/ex05/build/robot_description -- -j20 -l20
[0.048s] Invoked command in '/home/natalia/Documents/STUDING/robotix/modul6/ex05/build/robot_description' returned '0': CMAKE_PREFIX_PATH=${CMAKE_PREFIX_PATH}:/opt/ros/jazzy DEBUGINFOD_URLS=https://debuginfod.ubuntu.com PS1=(.venv) \[\e]0;\u@\h: \w\a\]${debian_chroot:+($debian_chroot)}\[\033[01;32m\]\u@\h\[\033[00m\]:\[\033[01;34m\]\w\[\033[00m\]\$ VIRTUAL_ENV_PROMPT=(.venv) /usr/bin/cmake --build /home/natalia/Documents/STUDING/robotix/modul6/ex05/build/robot_description -- -j20 -l20
[0.049s] Invoking command in '/home/natalia/Documents/STUDING/robotix/modul6/ex05/build/robot_description': CMAKE_PREFIX_PATH=${CMAKE_PREFIX_PATH}:/opt/ros/jazzy DEBUGINFOD_URLS=https://debuginfod.ubuntu.com PS1=(.venv) \[\e]0;\u@\h: \w\a\]${debian_chroot:+($debian_chroot)}\[\033[01;32m\]\u@\h\[\033[00m\]:\[\033[01;34m\]\w\[\033[00m\]\$ VIRTUAL_ENV_PROMPT=(.venv) /usr/bin/cmake --install /home/natalia/Documents/STUDING/robotix/modul6/ex05/build/robot_description
[0.057s] -- Install configuration: ""
[0.057s] -- Up-to-date: /home/natalia/Documents/STUDING/robotix/modul6/ex05/install/robot_description/share/robot_description//urdf
[0.058s] -- Up-to-date: /home/natalia/Documents/STUDING/robotix/modul6/ex05/install/robot_description/share/robot_description//urdf/lidar.urdf.xacro
[0.058s] -- Up-to-date: /home/natalia/Documents/STUDING/robotix/modul6/ex05/install/robot_description/share/robot_description//urdf/robot.urdf.xacro
[0.058s] -- Up-to-date: /home/natalia/Documents/STUDING/robotix/modul6/ex05/install/robot_description/share/robot_description//urdf/depth.urdf.xacro
[0.058s] -- Up-to-date: /home/natalia/Documents/STUDING/robotix/modul6/ex05/install/robot_description/share/robot_description//urdf/gazebo.urdf.xacro
[0.058s] -- Up-to-date: /home/natalia/Documents/STUDING/robotix/modul6/ex05/install/robot_description/share/robot_description//urdf/d455.stl
[0.058s] -- Up-to-date: /home/natalia/Documents/STUDING/robotix/modul6/ex05/install/robot_description/share/ament_index/resource_index/package_run_dependencies/robot_description
[0.058s] -- Up-to-date: /home/natalia/Documents/STUDING/robotix/modul6/ex05/install/robot_description/share/ament_index/resource_index/parent_prefix_path/robot_description
[0.058s] -- Up-to-date: /home/natalia/Documents/STUDING/robotix/modul6/ex05/install/robot_description/share/robot_description/environment/ament_prefix_path.sh
[0.058s] -- Up-to-date: /home/natalia/Documents/STUDING/robotix/modul6/ex05/install/robot_description/share/robot_description/environment/ament_prefix_path.dsv
[0.058s] -- Up-to-date: /home/natalia/Documents/STUDING/robotix/modul6/ex05/install/robot_description/share/robot_description/environment/path.sh
[0.058s] -- Up-to-date: /home/natalia/Documents/STUDING/robotix/modul6/ex05/install/robot_description/share/robot_description/environment/path.dsv
[0.058s] -- Up-to-date: /home/natalia/Documents/STUDING/robotix/modul6/ex05/install/robot_description/share/robot_description/local_setup.bash
[0.058s] -- Up-to-date: /home/natalia/Documents/STUDING/robotix/modul6/ex05/install/robot_description/share/robot_description/local_setup.sh
[0.058s] -- Up-to-date: /home/natalia/Documents/STUDING/robotix/modul6/ex05/install/robot_description/share/robot_description/local_setup.zsh
[0.058s] -- Up-to-date: /home/natalia/Documents/STUDING/robotix/modul6/ex05/install/robot_description/share/robot_description/local_setup.dsv
[0.059s] -- Installing: /home/natalia/Documents/STUDING/robotix/modul6/ex05/install/robot_description/share/robot_description/package.dsv
[0.059s] -- Up-to-date: /home/natalia/Documents/STUDING/robotix/modul6/ex05/install/robot_description/share/ament_index/resource_index/packages/robot_description
[0.059s] -- Up-to-date: /home/natalia/Documents/STUDING/robotix/modul6/ex05/install/robot_description/share/robot_description/cmake/robot_descriptionConfig.cmake
[0.059s] -- Up-to-date: /home/natalia/Documents/STUDING/robotix/modul6/ex05/install/robot_description/share/robot_description/cmake/robot_descriptionConfig-version.cmake
[0.059s] -- Up-to-date: /home/natalia/Documents/STUDING/robotix/modul6/ex05/install/robot_description/share/robot_description/package.xml
[0.075s] Invoked command in '/home/natalia/Documents/STUDING/robotix/modul6/ex05/build/robot_description' returned '0': CMAKE_PREFIX_PATH=${CMAKE_PREFIX_PATH}:/opt/ros/jazzy DEBUGINFOD_URLS=https://debuginfod.ubuntu.com PS1=(.venv) \[\e]0;\u@\h: \w\a\]${debian_chroot:+($debian_chroot)}\[\033[01;32m\]\u@\h\[\033[00m\]:\[\033[01;34m\]\w\[\033[00m\]\$ VIRTUAL_ENV_PROMPT=(.venv) /usr/bin/cmake --install /home/natalia/Documents/STUDING/robotix/modul6/ex05/build/robot_description
