[0.005s] Invoking command in '/home/natalia/Documents/STUDING/robotix/modul5/ex05/build/ros_gz_example_application': CMAKE_PREFIX_PATH=${CMAKE_PREFIX_PATH}:/opt/ros/jazzy DEBUGINFOD_URLS=https://debuginfod.ubuntu.com /usr/bin/cmake /home/natalia/Documents/STUDING/robotix/modul5/ex05/ros_gz_project_template/ros_gz_example_application -DCMAKE_INSTALL_PREFIX=/home/natalia/Documents/STUDING/robotix/modul5/ex05/install/ros_gz_example_application
[0.058s] -- The C compiler identification is GNU 13.3.0
[0.096s] -- The CXX compiler identification is GNU 13.3.0
[0.111s] -- Detecting C compiler ABI info
[0.182s] -- Detecting C compiler ABI info - done
[0.189s] -- Check for working C compiler: /usr/bin/cc - skipped
[0.189s] -- Detecting C compile features
[0.189s] -- Detecting C compile features - done
[0.196s] -- Detecting CXX compiler ABI info
[0.272s] -- Detecting CXX compiler ABI info - done
[0.278s] -- Check for working CXX compiler: /usr/bin/c++ - skipped
[0.278s] -- Detecting CXX compile features
[0.278s] -- Detecting CXX compile features - done
[0.280s] -- Found ament_cmake: 2.5.4 (/opt/ros/jazzy/share/ament_cmake/cmake)
[0.381s] -- Found Python3: /usr/bin/python3 (found version "3.12.3") found components: Interpreter 
[0.513s] -- Configuring done (0.5s)
[0.514s] -- Generating done (0.0s)
[0.515s] -- Build files have been written to: /home/natalia/Documents/STUDING/robotix/modul5/ex05/build/ros_gz_example_application
[0.519s] Invoked command in '/home/natalia/Documents/STUDING/robotix/modul5/ex05/build/ros_gz_example_application' returned '0': CMAKE_PREFIX_PATH=${CMAKE_PREFIX_PATH}:/opt/ros/jazzy DEBUGINFOD_URLS=https://debuginfod.ubuntu.com /usr/bin/cmake /home/natalia/Documents/STUDING/robotix/modul5/ex05/ros_gz_project_template/ros_gz_example_application -DCMAKE_INSTALL_PREFIX=/home/natalia/Documents/STUDING/robotix/modul5/ex05/install/ros_gz_example_application
[0.520s] Invoking command in '/home/natalia/Documents/STUDING/robotix/modul5/ex05/build/ros_gz_example_application': CMAKE_PREFIX_PATH=${CMAKE_PREFIX_PATH}:/opt/ros/jazzy DEBUGINFOD_URLS=https://debuginfod.ubuntu.com /usr/bin/cmake --build /home/natalia/Documents/STUDING/robotix/modul5/ex05/build/ros_gz_example_application -- -j20 -l20
[0.551s] Invoked command in '/home/natalia/Documents/STUDING/robotix/modul5/ex05/build/ros_gz_example_application' returned '0': CMAKE_PREFIX_PATH=${CMAKE_PREFIX_PATH}:/opt/ros/jazzy DEBUGINFOD_URLS=https://debuginfod.ubuntu.com /usr/bin/cmake --build /home/natalia/Documents/STUDING/robotix/modul5/ex05/build/ros_gz_example_application -- -j20 -l20
[0.558s] Invoking command in '/home/natalia/Documents/STUDING/robotix/modul5/ex05/build/ros_gz_example_application': CMAKE_PREFIX_PATH=${CMAKE_PREFIX_PATH}:/opt/ros/jazzy DEBUGINFOD_URLS=https://debuginfod.ubuntu.com /usr/bin/cmake --install /home/natalia/Documents/STUDING/robotix/modul5/ex05/build/ros_gz_example_application
[0.562s] -- Install configuration: ""
[0.562s] -- Installing: /home/natalia/Documents/STUDING/robotix/modul5/ex05/install/ros_gz_example_application/share/ament_index/resource_index/package_run_dependencies/ros_gz_example_application
[0.562s] -- Installing: /home/natalia/Documents/STUDING/robotix/modul5/ex05/install/ros_gz_example_application/share/ament_index/resource_index/parent_prefix_path/ros_gz_example_application
[0.562s] -- Installing: /home/natalia/Documents/STUDING/robotix/modul5/ex05/install/ros_gz_example_application/share/ros_gz_example_application/environment/ament_prefix_path.sh
[0.563s] -- Installing: /home/natalia/Documents/STUDING/robotix/modul5/ex05/install/ros_gz_example_application/share/ros_gz_example_application/environment/ament_prefix_path.dsv
[0.563s] -- Installing: /home/natalia/Documents/STUDING/robotix/modul5/ex05/install/ros_gz_example_application/share/ros_gz_example_application/environment/path.sh
[0.563s] -- Installing: /home/natalia/Documents/STUDING/robotix/modul5/ex05/install/ros_gz_example_application/share/ros_gz_example_application/environment/path.dsv
[0.563s] -- Installing: /home/natalia/Documents/STUDING/robotix/modul5/ex05/install/ros_gz_example_application/share/ros_gz_example_application/local_setup.bash
[0.563s] -- Installing: /home/natalia/Documents/STUDING/robotix/modul5/ex05/install/ros_gz_example_application/share/ros_gz_example_application/local_setup.sh
[0.563s] -- Installing: /home/natalia/Documents/STUDING/robotix/modul5/ex05/install/ros_gz_example_application/share/ros_gz_example_application/local_setup.zsh
[0.563s] -- Installing: /home/natalia/Documents/STUDING/robotix/modul5/ex05/install/ros_gz_example_application/share/ros_gz_example_application/local_setup.dsv
[0.563s] -- Installing: /home/natalia/Documents/STUDING/robotix/modul5/ex05/install/ros_gz_example_application/share/ros_gz_example_application/package.dsv
[0.563s] -- Installing: /home/natalia/Documents/STUDING/robotix/modul5/ex05/install/ros_gz_example_application/share/ament_index/resource_index/packages/ros_gz_example_application
[0.563s] -- Installing: /home/natalia/Documents/STUDING/robotix/modul5/ex05/install/ros_gz_example_application/share/ros_gz_example_application/cmake/ros_gz_example_applicationConfig.cmake
[0.563s] -- Installing: /home/natalia/Documents/STUDING/robotix/modul5/ex05/install/ros_gz_example_application/share/ros_gz_example_application/cmake/ros_gz_example_applicationConfig-version.cmake
[0.563s] -- Installing: /home/natalia/Documents/STUDING/robotix/modul5/ex05/install/ros_gz_example_application/share/ros_gz_example_application/package.xml
[0.565s] Invoked command in '/home/natalia/Documents/STUDING/robotix/modul5/ex05/build/ros_gz_example_application' returned '0': CMAKE_PREFIX_PATH=${CMAKE_PREFIX_PATH}:/opt/ros/jazzy DEBUGINFOD_URLS=https://debuginfod.ubuntu.com /usr/bin/cmake --install /home/natalia/Documents/STUDING/robotix/modul5/ex05/build/ros_gz_example_application
