[0.040s] Invoking command in '/home/natalia/Documents/STUDING/robotix/modul5/ex01/build/sam_bot_description': CMAKE_PREFIX_PATH=${CMAKE_PREFIX_PATH}:/opt/ros/jazzy DEBUGINFOD_URLS=https://debuginfod.ubuntu.com /usr/bin/cmake --build /home/natalia/Documents/STUDING/robotix/modul5/ex01/build/sam_bot_description -- -j20 -l20
[0.327s] Invoked command in '/home/natalia/Documents/STUDING/robotix/modul5/ex01/build/sam_bot_description' returned '0': CMAKE_PREFIX_PATH=${CMAKE_PREFIX_PATH}:/opt/ros/jazzy DEBUGINFOD_URLS=https://debuginfod.ubuntu.com /usr/bin/cmake --build /home/natalia/Documents/STUDING/robotix/modul5/ex01/build/sam_bot_description -- -j20 -l20
[0.376s] Invoking command in '/home/natalia/Documents/STUDING/robotix/modul5/ex01/build/sam_bot_description': CMAKE_PREFIX_PATH=${CMAKE_PREFIX_PATH}:/opt/ros/jazzy DEBUGINFOD_URLS=https://debuginfod.ubuntu.com /usr/bin/cmake --install /home/natalia/Documents/STUDING/robotix/modul5/ex01/build/sam_bot_description
[0.417s] -- Install configuration: ""
[0.419s] -- Up-to-date: /home/natalia/Documents/STUDING/robotix/modul5/ex01/install/sam_bot_description/share/sam_bot_description/src
[0.420s] -- Up-to-date: /home/natalia/Documents/STUDING/robotix/modul5/ex01/install/sam_bot_description/share/sam_bot_description/src/description
[0.420s] -- Installing: /home/natalia/Documents/STUDING/robotix/modul5/ex01/install/sam_bot_description/share/sam_bot_description/src/description/sam_bot_description.urdf
[0.420s] -- Up-to-date: /home/natalia/Documents/STUDING/robotix/modul5/ex01/install/sam_bot_description/share/sam_bot_description/launch
[0.421s] -- Installing: /home/natalia/Documents/STUDING/robotix/modul5/ex01/install/sam_bot_description/share/sam_bot_description/launch/display.launch.py
[0.421s] -- Up-to-date: /home/natalia/Documents/STUDING/robotix/modul5/ex01/install/sam_bot_description/share/sam_bot_description/rviz
[0.421s] -- Up-to-date: /home/natalia/Documents/STUDING/robotix/modul5/ex01/install/sam_bot_description/share/sam_bot_description/rviz/config.rviz
[0.422s] -- Up-to-date: /home/natalia/Documents/STUDING/robotix/modul5/ex01/install/sam_bot_description/share/ament_index/resource_index/package_run_dependencies/sam_bot_description
[0.422s] -- Up-to-date: /home/natalia/Documents/STUDING/robotix/modul5/ex01/install/sam_bot_description/share/ament_index/resource_index/parent_prefix_path/sam_bot_description
[0.422s] -- Up-to-date: /home/natalia/Documents/STUDING/robotix/modul5/ex01/install/sam_bot_description/share/sam_bot_description/environment/ament_prefix_path.sh
[0.423s] -- Up-to-date: /home/natalia/Documents/STUDING/robotix/modul5/ex01/install/sam_bot_description/share/sam_bot_description/environment/ament_prefix_path.dsv
[0.423s] -- Up-to-date: /home/natalia/Documents/STUDING/robotix/modul5/ex01/install/sam_bot_description/share/sam_bot_description/environment/path.sh
[0.423s] -- Up-to-date: /home/natalia/Documents/STUDING/robotix/modul5/ex01/install/sam_bot_description/share/sam_bot_description/environment/path.dsv
[0.424s] -- Up-to-date: /home/natalia/Documents/STUDING/robotix/modul5/ex01/install/sam_bot_description/share/sam_bot_description/local_setup.bash
[0.424s] -- Up-to-date: /home/natalia/Documents/STUDING/robotix/modul5/ex01/install/sam_bot_description/share/sam_bot_description/local_setup.sh
[0.424s] -- Up-to-date: /home/natalia/Documents/STUDING/robotix/modul5/ex01/install/sam_bot_description/share/sam_bot_description/local_setup.zsh
[0.424s] -- Up-to-date: /home/natalia/Documents/STUDING/robotix/modul5/ex01/install/sam_bot_description/share/sam_bot_description/local_setup.dsv
[0.425s] -- Installing: /home/natalia/Documents/STUDING/robotix/modul5/ex01/install/sam_bot_description/share/sam_bot_description/package.dsv
[0.426s] -- Up-to-date: /home/natalia/Documents/STUDING/robotix/modul5/ex01/install/sam_bot_description/share/ament_index/resource_index/packages/sam_bot_description
[0.426s] -- Up-to-date: /home/natalia/Documents/STUDING/robotix/modul5/ex01/install/sam_bot_description/share/sam_bot_description/cmake/sam_bot_descriptionConfig.cmake
[0.426s] -- Up-to-date: /home/natalia/Documents/STUDING/robotix/modul5/ex01/install/sam_bot_description/share/sam_bot_description/cmake/sam_bot_descriptionConfig-version.cmake
[0.427s] -- Up-to-date: /home/natalia/Documents/STUDING/robotix/modul5/ex01/install/sam_bot_description/share/sam_bot_description/package.xml
[0.432s] Invoked command in '/home/natalia/Documents/STUDING/robotix/modul5/ex01/build/sam_bot_description' returned '0': CMAKE_PREFIX_PATH=${CMAKE_PREFIX_PATH}:/opt/ros/jazzy DEBUGINFOD_URLS=https://debuginfod.ubuntu.com /usr/bin/cmake --install /home/natalia/Documents/STUDING/robotix/modul5/ex01/build/sam_bot_description
