[0.443s] Invoking command in '/home/natalia/Documents/STUDING/robotix/modul4/ex02/learning_tf2_py': DEBUGINFOD_URLS=https://debuginfod.ubuntu.com PYTHONPATH=/home/natalia/Documents/STUDING/robotix/modul4/ex02/build/learning_tf2_py/prefix_override:/usr/lib/python3/dist-packages/colcon_core/task/python/colcon_distutils_commands:/home/natalia/Documents/STUDING/robotix/modul4/ex02/install/learning_tf2_py/lib/python3.12/site-packages:${PYTHONPATH} /usr/bin/python3 -W ignore:setup.py install is deprecated -W ignore:easy_install command is deprecated setup.py egg_info --egg-base ../build/learning_tf2_py build --build-base /home/natalia/Documents/STUDING/robotix/modul4/ex02/build/learning_tf2_py/build install --record /home/natalia/Documents/STUDING/robotix/modul4/ex02/build/learning_tf2_py/install.log --single-version-externally-managed install_data
[0.592s] running egg_info
[0.601s] writing ../build/learning_tf2_py/learning_tf2_py.egg-info/PKG-INFO
[0.601s] writing dependency_links to ../build/learning_tf2_py/learning_tf2_py.egg-info/dependency_links.txt
[0.601s] writing entry points to ../build/learning_tf2_py/learning_tf2_py.egg-info/entry_points.txt
[0.601s] writing requirements to ../build/learning_tf2_py/learning_tf2_py.egg-info/requires.txt
[0.601s] writing top-level names to ../build/learning_tf2_py/learning_tf2_py.egg-info/top_level.txt
[0.623s] reading manifest file '../build/learning_tf2_py/learning_tf2_py.egg-info/SOURCES.txt'
[0.623s] adding license file 'LICENSE'
[0.623s] writing manifest file '../build/learning_tf2_py/learning_tf2_py.egg-info/SOURCES.txt'
[0.623s] running build
[0.623s] running build_py
[0.623s] running install
[0.627s] running install_lib
[0.637s] running install_data
[0.637s] copying launch/turtle_tf2_demo_launch.py -> /home/natalia/Documents/STUDING/robotix/modul4/ex02/install/learning_tf2_py/share/learning_tf2_py/launch
[0.637s] running install_egg_info
[0.648s] removing '/home/natalia/Documents/STUDING/robotix/modul4/ex02/install/learning_tf2_py/lib/python3.12/site-packages/learning_tf2_py-0.0.0-py3.12.egg-info' (and everything under it)
[0.648s] Copying ../build/learning_tf2_py/learning_tf2_py.egg-info to /home/natalia/Documents/STUDING/robotix/modul4/ex02/install/learning_tf2_py/lib/python3.12/site-packages/learning_tf2_py-0.0.0-py3.12.egg-info
[0.648s] running install_scripts
[0.718s] Installing static_turtle_tf2_broadcaster script to /home/natalia/Documents/STUDING/robotix/modul4/ex02/install/learning_tf2_py/lib/learning_tf2_py
[0.718s] Installing turtle_tf2_broadcaster script to /home/natalia/Documents/STUDING/robotix/modul4/ex02/install/learning_tf2_py/lib/learning_tf2_py
[0.719s] writing list of installed files to '/home/natalia/Documents/STUDING/robotix/modul4/ex02/build/learning_tf2_py/install.log'
[0.737s] Invoked command in '/home/natalia/Documents/STUDING/robotix/modul4/ex02/learning_tf2_py' returned '0': DEBUGINFOD_URLS=https://debuginfod.ubuntu.com PYTHONPATH=/home/natalia/Documents/STUDING/robotix/modul4/ex02/build/learning_tf2_py/prefix_override:/usr/lib/python3/dist-packages/colcon_core/task/python/colcon_distutils_commands:/home/natalia/Documents/STUDING/robotix/modul4/ex02/install/learning_tf2_py/lib/python3.12/site-packages:${PYTHONPATH} /usr/bin/python3 -W ignore:setup.py install is deprecated -W ignore:easy_install command is deprecated setup.py egg_info --egg-base ../build/learning_tf2_py build --build-base /home/natalia/Documents/STUDING/robotix/modul4/ex02/build/learning_tf2_py/build install --record /home/natalia/Documents/STUDING/robotix/modul4/ex02/build/learning_tf2_py/install.log --single-version-externally-managed install_data
