-- The C compiler identification is GNU 13.3.0
-- The CXX compiler identification is GNU 13.3.0
-- Detecting C compiler ABI info
-- Detecting C compiler ABI info - done
-- Check for working C compiler: /usr/bin/cc - skipped
-- Detecting C compile features
-- Detecting C compile features - done
-- Detecting CXX compiler ABI info
-- Detecting CXX compiler ABI info - done
-- Check for working CXX compiler: /usr/bin/c++ - skipped
-- Detecting CXX compile features
-- Detecting CXX compile features - done
-- Found ament_cmake: 2.8.4 (/opt/ros/rolling/share/ament_cmake/cmake)
-- Found Python3: /usr/bin/python3 (found version "3.12.3") found components: Interpreter 
-- Found std_msgs: 5.8.2 (/opt/ros/rolling/share/std_msgs/cmake)
-- Found rosidl_generator_c: 5.0.1 (/opt/ros/rolling/share/rosidl_generator_c/cmake)
-- Found rosidl_generator_cpp: 5.0.1 (/opt/ros/rolling/share/rosidl_generator_cpp/cmake)
-- Using all available rosidl_typesupport_c: rosidl_typesupport_fastrtps_c;rosidl_typesupport_introspection_c
-- Using all available rosidl_typesupport_cpp: rosidl_typesupport_fastrtps_cpp;rosidl_typesupport_introspection_cpp
-- Found rclpy: 10.0.0 (/opt/ros/rolling/share/rclpy/cmake)
-- Found rclcpp: 30.1.0 (/opt/ros/rolling/share/rclcpp/cmake)
-- Found rmw_implementation_cmake: 7.9.0 (/opt/ros/rolling/share/rmw_implementation_cmake/cmake)
-- Found rmw_fastrtps_cpp: 9.4.2 (/opt/ros/rolling/share/rmw_fastrtps_cpp/cmake)
-- Found OpenSSL: /usr/lib/x86_64-linux-gnu/libcrypto.so (found version "3.0.13")  
-- Using RMW implementation 'rmw_fastrtps_cpp' as default
-- Found ament_lint_auto: 0.20.2 (/opt/ros/rolling/share/ament_lint_auto/cmake)
-- Added test 'lint_cmake' to check CMake code style
-- Added test 'xmllint' to check XML markup files
-- Configuring done (4.7s)
-- Generating done (0.0s)
-- Build files have been written to: /home/natalia/Documents/STUDING/robotix/modul2/ex03/build/natalia_pkg
-- Install configuration: ""
-- Installing: /home/natalia/Documents/STUDING/robotix/modul2/ex03/install/natalia_pkg/share/ament_index/resource_index/package_run_dependencies/natalia_pkg
-- Installing: /home/natalia/Documents/STUDING/robotix/modul2/ex03/install/natalia_pkg/share/ament_index/resource_index/parent_prefix_path/natalia_pkg
-- Installing: /home/natalia/Documents/STUDING/robotix/modul2/ex03/install/natalia_pkg/share/natalia_pkg/environment/ament_prefix_path.sh
-- Installing: /home/natalia/Documents/STUDING/robotix/modul2/ex03/install/natalia_pkg/share/natalia_pkg/environment/ament_prefix_path.dsv
-- Installing: /home/natalia/Documents/STUDING/robotix/modul2/ex03/install/natalia_pkg/share/natalia_pkg/environment/path.sh
-- Installing: /home/natalia/Documents/STUDING/robotix/modul2/ex03/install/natalia_pkg/share/natalia_pkg/environment/path.dsv
-- Installing: /home/natalia/Documents/STUDING/robotix/modul2/ex03/install/natalia_pkg/share/natalia_pkg/local_setup.bash
-- Installing: /home/natalia/Documents/STUDING/robotix/modul2/ex03/install/natalia_pkg/share/natalia_pkg/local_setup.sh
-- Installing: /home/natalia/Documents/STUDING/robotix/modul2/ex03/install/natalia_pkg/share/natalia_pkg/local_setup.zsh
-- Installing: /home/natalia/Documents/STUDING/robotix/modul2/ex03/install/natalia_pkg/share/natalia_pkg/local_setup.dsv
-- Installing: /home/natalia/Documents/STUDING/robotix/modul2/ex03/install/natalia_pkg/share/natalia_pkg/package.dsv
-- Installing: /home/natalia/Documents/STUDING/robotix/modul2/ex03/install/natalia_pkg/share/ament_index/resource_index/packages/natalia_pkg
-- Installing: /home/natalia/Documents/STUDING/robotix/modul2/ex03/install/natalia_pkg/share/natalia_pkg/cmake/natalia_pkgConfig.cmake
-- Installing: /home/natalia/Documents/STUDING/robotix/modul2/ex03/install/natalia_pkg/share/natalia_pkg/cmake/natalia_pkgConfig-version.cmake
-- Installing: /home/natalia/Documents/STUDING/robotix/modul2/ex03/install/natalia_pkg/share/natalia_pkg/package.xml
