running egg_info
writing ../build/mycarrot/mycarrot.egg-info/PKG-INFO
writing dependency_links to ../build/mycarrot/mycarrot.egg-info/dependency_links.txt
writing entry points to ../build/mycarrot/mycarrot.egg-info/entry_points.txt
writing requirements to ../build/mycarrot/mycarrot.egg-info/requires.txt
writing top-level names to ../build/mycarrot/mycarrot.egg-info/top_level.txt
reading manifest file '../build/mycarrot/mycarrot.egg-info/SOURCES.txt'
adding license file 'LICENSE'
writing manifest file '../build/mycarrot/mycarrot.egg-info/SOURCES.txt'
running build
running build_py
copying mycarrot/carrot_tf2_broadcaster.py -> /home/natalia/Documents/STUDING/robotix/modul4/ex02/build/mycarrot/build/lib/mycarrot
copying mycarrot/turtle3_tf2_listener.py -> /home/natalia/Documents/STUDING/robotix/modul4/ex02/build/mycarrot/build/lib/mycarrot
running install
running install_lib
copying /home/natalia/Documents/STUDING/robotix/modul4/ex02/build/mycarrot/build/lib/mycarrot/carrot_tf2_broadcaster.py -> /home/natalia/Documents/STUDING/robotix/modul4/ex02/install/mycarrot/lib/python3.12/site-packages/mycarrot
copying /home/natalia/Documents/STUDING/robotix/modul4/ex02/build/mycarrot/build/lib/mycarrot/turtle3_tf2_listener.py -> /home/natalia/Documents/STUDING/robotix/modul4/ex02/install/mycarrot/lib/python3.12/site-packages/mycarrot
byte-compiling /home/natalia/Documents/STUDING/robotix/modul4/ex02/install/mycarrot/lib/python3.12/site-packages/mycarrot/carrot_tf2_broadcaster.py to carrot_tf2_broadcaster.cpython-312.pyc
byte-compiling /home/natalia/Documents/STUDING/robotix/modul4/ex02/install/mycarrot/lib/python3.12/site-packages/mycarrot/turtle3_tf2_listener.py to turtle3_tf2_listener.cpython-312.pyc
running install_data
copying launch/turtle_tf2_launch.py -> /home/natalia/Documents/STUDING/robotix/modul4/ex02/install/mycarrot/share/mycarrot/launch
running install_egg_info
removing '/home/natalia/Documents/STUDING/robotix/modul4/ex02/install/mycarrot/lib/python3.12/site-packages/mycarrot-0.0.0-py3.12.egg-info' (and everything under it)
Copying ../build/mycarrot/mycarrot.egg-info to /home/natalia/Documents/STUDING/robotix/modul4/ex02/install/mycarrot/lib/python3.12/site-packages/mycarrot-0.0.0-py3.12.egg-info
running install_scripts
Installing carrot_tf2_broadcaster script to /home/natalia/Documents/STUDING/robotix/modul4/ex02/install/mycarrot/lib/mycarrot
Installing turtle3_tf2_listener script to /home/natalia/Documents/STUDING/robotix/modul4/ex02/install/mycarrot/lib/mycarrot
Installing turtle_tf2_broadcaster script to /home/natalia/Documents/STUDING/robotix/modul4/ex02/install/mycarrot/lib/mycarrot
Installing turtle_tf2_listener script to /home/natalia/Documents/STUDING/robotix/modul4/ex02/install/mycarrot/lib/mycarrot
writing list of installed files to '/home/natalia/Documents/STUDING/robotix/modul4/ex02/build/mycarrot/install.log'
