[0.006s] Invoking command in '/home/natalia/Documents/STUDING/robotix/modul5/ex05/build/ros_gz_example_description': CMAKE_PREFIX_PATH=${CMAKE_PREFIX_PATH}:/opt/ros/jazzy DEBUGINFOD_URLS=https://debuginfod.ubuntu.com /usr/bin/cmake /home/natalia/Documents/STUDING/robotix/modul5/ex05/ros_gz_project_template/ros_gz_example_description -DCMAKE_INSTALL_PREFIX=/home/natalia/Documents/STUDING/robotix/modul5/ex05/install/ros_gz_example_description
[0.062s] -- The C compiler identification is GNU 13.3.0
[0.103s] -- The CXX compiler identification is GNU 13.3.0
[0.114s] -- Detecting C compiler ABI info
[0.184s] -- Detecting C compiler ABI info - done
[0.189s] -- Check for working C compiler: /usr/bin/cc - skipped
[0.189s] -- Detecting C compile features
[0.189s] -- Detecting C compile features - done
[0.198s] -- Detecting CXX compiler ABI info
[0.274s] -- Detecting CXX compiler ABI info - done
[0.281s] -- Check for working CXX compiler: /usr/bin/c++ - skipped
[0.281s] -- Detecting CXX compile features
[0.281s] -- Detecting CXX compile features - done
[0.283s] -- Found ament_cmake: 2.5.4 (/opt/ros/jazzy/share/ament_cmake/cmake)
[0.381s] -- Found Python3: /usr/bin/python3 (found version "3.12.3") found components: Interpreter 
[0.462s] -- Found ament_lint_auto: 0.17.3 (/opt/ros/jazzy/share/ament_lint_auto/cmake)
[0.524s] -- Configuring done (0.5s)
[0.525s] -- Generating done (0.0s)
[0.526s] -- Build files have been written to: /home/natalia/Documents/STUDING/robotix/modul5/ex05/build/ros_gz_example_description
[0.530s] Invoked command in '/home/natalia/Documents/STUDING/robotix/modul5/ex05/build/ros_gz_example_description' returned '0': CMAKE_PREFIX_PATH=${CMAKE_PREFIX_PATH}:/opt/ros/jazzy DEBUGINFOD_URLS=https://debuginfod.ubuntu.com /usr/bin/cmake /home/natalia/Documents/STUDING/robotix/modul5/ex05/ros_gz_project_template/ros_gz_example_description -DCMAKE_INSTALL_PREFIX=/home/natalia/Documents/STUDING/robotix/modul5/ex05/install/ros_gz_example_description
[0.530s] Invoking command in '/home/natalia/Documents/STUDING/robotix/modul5/ex05/build/ros_gz_example_description': CMAKE_PREFIX_PATH=${CMAKE_PREFIX_PATH}:/opt/ros/jazzy DEBUGINFOD_URLS=https://debuginfod.ubuntu.com /usr/bin/cmake --build /home/natalia/Documents/STUDING/robotix/modul5/ex05/build/ros_gz_example_description -- -j20 -l20
[0.561s] Invoked command in '/home/natalia/Documents/STUDING/robotix/modul5/ex05/build/ros_gz_example_description' returned '0': CMAKE_PREFIX_PATH=${CMAKE_PREFIX_PATH}:/opt/ros/jazzy DEBUGINFOD_URLS=https://debuginfod.ubuntu.com /usr/bin/cmake --build /home/natalia/Documents/STUDING/robotix/modul5/ex05/build/ros_gz_example_description -- -j20 -l20
[0.562s] Invoking command in '/home/natalia/Documents/STUDING/robotix/modul5/ex05/build/ros_gz_example_description': CMAKE_PREFIX_PATH=${CMAKE_PREFIX_PATH}:/opt/ros/jazzy DEBUGINFOD_URLS=https://debuginfod.ubuntu.com /usr/bin/cmake --install /home/natalia/Documents/STUDING/robotix/modul5/ex05/build/ros_gz_example_description
[0.566s] -- Install configuration: ""
[0.567s] -- Installing: /home/natalia/Documents/STUDING/robotix/modul5/ex05/install/ros_gz_example_description/share/ros_gz_example_description/models
[0.567s] -- Installing: /home/natalia/Documents/STUDING/robotix/modul5/ex05/install/ros_gz_example_description/share/ros_gz_example_description/models/diff_drive
[0.567s] -- Installing: /home/natalia/Documents/STUDING/robotix/modul5/ex05/install/ros_gz_example_description/share/ros_gz_example_description/models/diff_drive/model.config
[0.567s] -- Installing: /home/natalia/Documents/STUDING/robotix/modul5/ex05/install/ros_gz_example_description/share/ros_gz_example_description/models/diff_drive/model.sdf
[0.567s] -- Installing: /home/natalia/Documents/STUDING/robotix/modul5/ex05/install/ros_gz_example_description/share/ros_gz_example_description/models/rrbot
[0.567s] -- Installing: /home/natalia/Documents/STUDING/robotix/modul5/ex05/install/ros_gz_example_description/share/ros_gz_example_description/models/rrbot/model.sdf
[0.567s] -- Installing: /home/natalia/Documents/STUDING/robotix/modul5/ex05/install/ros_gz_example_description/share/ros_gz_example_description/environment/ros_gz_example_description.dsv
[0.567s] -- Installing: /home/natalia/Documents/STUDING/robotix/modul5/ex05/install/ros_gz_example_description/share/ros_gz_example_description/environment/ros_gz_example_description.sh
[0.567s] -- Installing: /home/natalia/Documents/STUDING/robotix/modul5/ex05/install/ros_gz_example_description/share/ament_index/resource_index/package_run_dependencies/ros_gz_example_description
[0.567s] -- Installing: /home/natalia/Documents/STUDING/robotix/modul5/ex05/install/ros_gz_example_description/share/ament_index/resource_index/parent_prefix_path/ros_gz_example_description
[0.567s] -- Installing: /home/natalia/Documents/STUDING/robotix/modul5/ex05/install/ros_gz_example_description/share/ros_gz_example_description/environment/ament_prefix_path.sh
[0.567s] -- Installing: /home/natalia/Documents/STUDING/robotix/modul5/ex05/install/ros_gz_example_description/share/ros_gz_example_description/environment/ament_prefix_path.dsv
[0.567s] -- Installing: /home/natalia/Documents/STUDING/robotix/modul5/ex05/install/ros_gz_example_description/share/ros_gz_example_description/environment/path.sh
[0.567s] -- Installing: /home/natalia/Documents/STUDING/robotix/modul5/ex05/install/ros_gz_example_description/share/ros_gz_example_description/environment/path.dsv
[0.567s] -- Installing: /home/natalia/Documents/STUDING/robotix/modul5/ex05/install/ros_gz_example_description/share/ros_gz_example_description/local_setup.bash
[0.567s] -- Installing: /home/natalia/Documents/STUDING/robotix/modul5/ex05/install/ros_gz_example_description/share/ros_gz_example_description/local_setup.sh
[0.567s] -- Installing: /home/natalia/Documents/STUDING/robotix/modul5/ex05/install/ros_gz_example_description/share/ros_gz_example_description/local_setup.zsh
[0.568s] -- Installing: /home/natalia/Documents/STUDING/robotix/modul5/ex05/install/ros_gz_example_description/share/ros_gz_example_description/local_setup.dsv
[0.568s] -- Installing: /home/natalia/Documents/STUDING/robotix/modul5/ex05/install/ros_gz_example_description/share/ros_gz_example_description/package.dsv
[0.568s] -- Installing: /home/natalia/Documents/STUDING/robotix/modul5/ex05/install/ros_gz_example_description/share/ament_index/resource_index/packages/ros_gz_example_description
[0.568s] -- Installing: /home/natalia/Documents/STUDING/robotix/modul5/ex05/install/ros_gz_example_description/share/ros_gz_example_description/cmake/ros_gz_example_descriptionConfig.cmake
[0.568s] -- Installing: /home/natalia/Documents/STUDING/robotix/modul5/ex05/install/ros_gz_example_description/share/ros_gz_example_description/cmake/ros_gz_example_descriptionConfig-version.cmake
[0.568s] -- Installing: /home/natalia/Documents/STUDING/robotix/modul5/ex05/install/ros_gz_example_description/share/ros_gz_example_description/package.xml
[0.577s] Invoked command in '/home/natalia/Documents/STUDING/robotix/modul5/ex05/build/ros_gz_example_description' returned '0': CMAKE_PREFIX_PATH=${CMAKE_PREFIX_PATH}:/opt/ros/jazzy DEBUGINFOD_URLS=https://debuginfod.ubuntu.com /usr/bin/cmake --install /home/natalia/Documents/STUDING/robotix/modul5/ex05/build/ros_gz_example_description
