[0.038s] Invoking command in '/home/natalia/Documents/STUDING/robotix/modul6/ex04/build/ros_gz_example_gazebo': AMENT_PREFIX_PATH=/home/natalia/Documents/STUDING/robotix/modul6/ex04/install/ros_gz_example_description:${AMENT_PREFIX_PATH} CMAKE_PREFIX_PATH=/home/natalia/Documents/STUDING/robotix/modul6/ex04/install/ros_gz_example_description:/opt/ros/jazzy/opt/gz_sim_vendor:/opt/ros/jazzy/opt/gz_sensors_vendor:/opt/ros/jazzy/opt/gz_physics_vendor:/opt/ros/jazzy/opt/sdformat_vendor:/opt/ros/jazzy/opt/gz_gui_vendor:/opt/ros/jazzy/opt/gz_transport_vendor:/opt/ros/jazzy/opt/gz_rendering_vendor:/opt/ros/jazzy/opt/gz_plugin_vendor:/opt/ros/jazzy/opt/gz_fuel_tools_vendor:/opt/ros/jazzy/opt/gz_msgs_vendor:/opt/ros/jazzy/opt/gz_common_vendor:/opt/ros/jazzy/opt/gz_math_vendor:/opt/ros/jazzy/opt/gz_utils_vendor:/opt/ros/jazzy/opt/gz_tools_vendor:/opt/ros/jazzy/opt/gz_ogre_next_vendor:/opt/ros/jazzy/opt/gz_dartsim_vendor:/opt/ros/jazzy/opt/gz_cmake_vendor:/opt/ros/jazzy DEBUGINFOD_URLS=https://debuginfod.ubuntu.com GZ_SIM_RESOURCE_PATH=/home/natalia/Documents/STUDING/robotix/modul6/ex04/install/ros_gz_example_description/share/ros_gz_example_description/models:${GZ_SIM_RESOURCE_PATH} /usr/bin/cmake /home/natalia/Documents/STUDING/robotix/modul6/ex04/ros_gz_project_template/ros_gz_example_gazebo -DCMAKE_INSTALL_PREFIX=/home/natalia/Documents/STUDING/robotix/modul6/ex04/install/ros_gz_example_gazebo
[0.315s] -- The C compiler identification is GNU 13.3.0
[0.595s] -- The CXX compiler identification is GNU 13.3.0
[0.683s] -- Detecting C compiler ABI info
[1.120s] -- Detecting C compiler ABI info - done
[1.169s] -- Check for working C compiler: /usr/bin/cc - skipped
[1.170s] -- Detecting C compile features
[1.172s] -- Detecting C compile features - done
[1.222s] -- Detecting CXX compiler ABI info
[1.707s] -- Detecting CXX compiler ABI info - done
[1.757s] -- Check for working CXX compiler: /usr/bin/c++ - skipped
[1.759s] -- Detecting CXX compile features
[1.761s] -- Detecting CXX compile features - done
[1.779s] -- Found ament_cmake: 2.5.4 (/opt/ros/jazzy/share/ament_cmake/cmake)
[2.458s] -- Found Python3: /usr/bin/python3 (found version "3.12.3") found components: Interpreter 
[2.835s] -- Found ros_gz_example_description: 0.0.0 (/home/natalia/Documents/STUDING/robotix/modul6/ex04/install/ros_gz_example_description/share/ros_gz_example_description/cmake)
[2.878s] -- Looking for gz-plugin2 -- found version 2.0.4
[2.881s] -- Searching for dependencies of gz-plugin2
[2.889s] -- Looking for gz-utils2 -- found version 2.2.1
[2.890s] -- Searching for dependencies of gz-utils2
[2.893s] -- Searching for <gz-utils2> component [cli]
[2.901s] -- Looking for gz-utils2-cli -- found version 2.2.1
[2.903s] -- Searching for dependencies of gz-utils2-cli
[2.906s] -- Searching for <gz-plugin2> component [register]
[2.914s] -- Looking for gz-plugin2-register -- found version 2.0.4
[2.915s] -- Searching for dependencies of gz-plugin2-register
[2.925s] -- Looking for gz-common5 -- found version 5.7.1
[2.926s] -- Searching for dependencies of gz-common5
[2.927s] -- Looking for gz-utils2 -- found version 2.2.1
[2.930s] -- Looking for dlfcn.h - found
[2.962s] -- Looking for libdl - found
[2.966s] -- Found DL: TRUE  
[2.980s] -- Checking for module 'uuid'
[3.052s] --   Found uuid, version 2.39.3
[3.217s] -- Found UUID: TRUE  
[3.220s] -- Searching for <gz-common5> component [profiler]
[3.228s] -- Looking for gz-common5-profiler -- found version 5.7.1
[3.229s] -- Searching for dependencies of gz-common5-profiler
[3.237s] -- Looking for gz-sim8 -- found version 8.10.0
[3.237s] -- Searching for dependencies of gz-sim8
[3.243s] -- Looking for sdformat14 -- found version 14.8.0
[3.244s] -- Searching for dependencies of sdformat14
[3.270s] -- Checking for module 'tinyxml2'
[3.342s] --   Found tinyxml2, version 10.0.0
[3.519s] -- Looking for gz-math7 -- found version 7.5.2
[3.519s] -- Searching for dependencies of gz-math7
[3.521s] -- Looking for gz-utils2 -- found version 2.2.1
[3.526s] -- Looking for gz-utils2 -- found version 2.2.1
[3.531s] -- Looking for gz-plugin2 -- found version 2.0.4
[3.532s] -- Searching for dependencies of gz-plugin2
[3.534s] -- Looking for gz-utils2 -- found version 2.2.1
[3.535s] -- Searching for <gz-plugin2> component [loader]
[3.541s] -- Looking for gz-plugin2-loader -- found version 2.0.4
[3.542s] -- Searching for dependencies of gz-plugin2-loader
[3.544s] -- Searching for <gz-plugin2> component [register]
[3.551s] -- Looking for gz-transport13 -- found version 13.5.0
[3.553s] -- Searching for dependencies of gz-transport13
[4.131s] -- Found Protobuf: /usr/lib/x86_64-linux-gnu/libprotobuf.so (found version "3.21.12") 
[4.192s] -- Config-file not installed for ZeroMQ -- checking for pkg-config
[4.220s] -- Checking for module 'libzmq >= 4'
[4.295s] --   Found libzmq, version 4.3.5
[4.509s] -- Found ZeroMQ: TRUE (Required is at least version "4") 
[4.546s] -- Looking for gz-utils2 -- found version 2.2.1
[4.554s] -- Looking for gz-msgs10 -- found version 10.3.2
[4.556s] -- Searching for dependencies of gz-msgs10
[4.653s] -- Looking for gz-utils2 -- found version 2.2.1
[4.655s] -- Looking for gz-math7 -- found version 7.5.2
[4.697s] -- Searching for <gz-transport13> component [log]
[4.703s] -- Looking for gz-transport13-log -- found version 13.5.0
[4.704s] -- Searching for dependencies of gz-transport13-log
[4.707s] -- Searching for <gz-transport13> component [parameters]
[4.713s] -- Looking for gz-transport13-parameters -- found version 13.5.0
[4.714s] -- Searching for dependencies of gz-transport13-parameters
[4.719s] -- Looking for gz-msgs10 -- found version 10.3.2
[4.721s] -- Looking for gz-common5 -- found version 5.7.1
[4.722s] -- Searching for dependencies of gz-common5
[4.724s] -- Looking for gz-utils2 -- found version 2.2.1
[4.725s] -- Looking for dlfcn.h - found
[4.726s] -- Looking for libdl - found
[4.764s] -- Searching for <gz-common5> component [av]
[4.772s] -- Looking for gz-common5-av -- found version 5.7.1
[4.774s] -- Searching for dependencies of gz-common5-av
[4.804s] -- Checking for module 'libswscale'
[4.886s] --   Found libswscale, version 7.5.100
[5.064s] -- Found SWSCALE: TRUE  
[5.095s] -- Checking for module 'libavdevice >= 56.4.100'
[5.173s] --   Found libavdevice, version 60.3.100
[5.405s] -- Found AVDEVICE: TRUE (Required is at least version "56.4.100") 
[5.431s] -- Checking for module 'libavformat'
[5.506s] --   Found libavformat, version 60.16.100
[5.701s] -- Found AVFORMAT: TRUE  
[5.726s] -- Checking for module 'libavcodec'
[5.804s] --   Found libavcodec, version 60.31.102
[5.999s] -- Found AVCODEC: TRUE  
[6.026s] -- Checking for module 'libavutil'
[6.108s] --   Found libavutil, version 58.29.100
[6.282s] -- Found AVUTIL: TRUE  
[6.286s] -- Searching for <gz-common5> component [events]
[6.294s] -- Looking for gz-common5-events -- found version 5.7.1
[6.295s] -- Searching for dependencies of gz-common5-events
[6.297s] -- Looking for gz-math7 -- found version 7.5.2
[6.300s] -- Searching for <gz-common5> component [graphics]
[6.308s] -- Looking for gz-common5-graphics -- found version 5.7.1
[6.309s] -- Searching for dependencies of gz-common5-graphics
[6.311s] -- Looking for gz-math7 -- found version 7.5.2
[6.335s] -- Found GzAssimp: TRUE (found version "5.3.0") 
[6.337s] -- Searching for <gz-common5> component [io]
[6.345s] -- Looking for gz-common5-io -- found version 5.7.1
[6.347s] -- Searching for dependencies of gz-common5-io
[6.349s] -- Searching for <gz-common5> component [profiler]
[6.357s] -- Looking for gz-fuel_tools9 -- found version 9.1.1
[6.358s] -- Searching for dependencies of gz-fuel_tools9
[6.801s] -- Found CURL: /usr/lib/x86_64-linux-gnu/libcurl.so (found version "8.5.0")  
[6.848s] -- Checking for module 'jsoncpp'
[6.925s] --   Found jsoncpp, version 1.9.5
[7.119s] -- Found JSONCPP: TRUE  
[7.202s] -- Checking for module 'yaml-0.1'
[7.283s] --   Found yaml-0.1, version 0.2.5
[7.457s] -- Found YAML: TRUE  
[7.484s] -- Checking for module 'libzip'
[7.565s] --   Found libzip, version 1.7.3
[7.752s] -- Found ZIP: TRUE  
[7.755s] -- Looking for gz-utils2 -- found version 2.2.1
[7.757s] -- Looking for gz-common5 -- found version 5.7.1
[7.759s] -- Searching for dependencies of gz-common5
[7.760s] -- Looking for gz-utils2 -- found version 2.2.1
[7.761s] -- Looking for dlfcn.h - found
[7.761s] -- Looking for libdl - found
[7.801s] -- Searching for <gz-common5> component [testing]
[7.810s] -- Looking for gz-common5-testing -- found version 5.7.1
[7.811s] -- Searching for dependencies of gz-common5-testing
[7.816s] -- Looking for gz-math7 -- found version 7.5.2
[7.818s] -- Looking for gz-msgs10 -- found version 10.3.2
[7.827s] -- Looking for gz-gui8 -- found version 8.4.0
[7.828s] -- Searching for dependencies of gz-gui8
[7.945s] -- Looking for gz-utils2 -- found version 2.2.1
[7.947s] -- Looking for gz-math7 -- found version 7.5.2
[7.949s] -- Looking for gz-common5 -- found version 5.7.1
[7.952s] -- Looking for gz-plugin2 -- found version 2.0.4
[7.954s] -- Looking for gz-transport13 -- found version 13.5.0
[7.961s] -- Looking for gz-rendering8 -- found version 8.2.2
[7.962s] -- Searching for dependencies of gz-rendering8
[7.963s] -- Looking for gz-math7 -- found version 7.5.2
[7.964s] -- Searching for dependencies of gz-math7
[7.966s] -- Looking for gz-utils2 -- found version 2.2.1
[7.967s] -- Searching for <gz-math7> component [eigen3]
[7.977s] -- Looking for gz-math7-eigen3 -- found version 7.5.2
[7.977s] -- Searching for dependencies of gz-math7-eigen3
[8.007s] -- Looking for gz-common5 -- found version 5.7.1
[8.007s] -- Searching for dependencies of gz-common5
[8.008s] -- Looking for gz-utils2 -- found version 2.2.1
[8.008s] -- Looking for dlfcn.h - found
[8.008s] -- Looking for libdl - found
[8.031s] -- Searching for <gz-common5> component [graphics]
[8.031s] -- Searching for <gz-common5> component [events]
[8.032s] -- Searching for <gz-common5> component [geospatial]
[8.036s] -- Looking for gz-common5-geospatial -- found version 5.7.1
[8.037s] -- Searching for dependencies of gz-common5-geospatial
[8.037s] -- Looking for gz-math7 -- found version 7.5.2
[8.039s] -- Looking for gz-common5 -- found version 5.7.1
[8.041s] -- Looking for gz-plugin2 -- found version 2.0.4
[8.042s] -- Searching for dependencies of gz-plugin2
[8.042s] -- Looking for gz-utils2 -- found version 2.2.1
[8.042s] -- Searching for <gz-plugin2> component [all]
[8.045s] -- Looking for all libraries of gz-plugin2 -- found version 2.0.4
[8.047s] -- Looking for gz-plugin2 -- found version 2.0.4
[8.048s] -- Looking for gz-utils2 -- found version 2.2.1
[8.064s] -- Found OpenGL: /usr/lib/x86_64-linux-gnu/libOpenGL.so  found components: OpenGL 
[8.065s] -- Looking for gz-msgs10 -- found version 10.3.2
[8.080s] -- Looking for gz-physics7 -- found version 7.6.0
[8.080s] -- Searching for dependencies of gz-physics7
[8.080s] -- Looking for gz-common5 -- found version 5.7.1
[8.081s] -- Looking for gz-math7 -- found version 7.5.2
[8.081s] -- Looking for gz-plugin2 -- found version 2.0.4
[8.081s] -- Looking for gz-utils2 -- found version 2.2.1
[8.082s] -- Searching for <gz-physics7> component [heightmap]
[8.082s] -- Looking for gz-physics7-heightmap -- found version 7.6.0
[8.082s] -- Searching for dependencies of gz-physics7-heightmap
[8.083s] -- Looking for gz-common5 -- found version 5.7.1
[8.083s] -- Searching for <gz-physics7> component [mesh]
[8.083s] -- Looking for gz-physics7-mesh -- found version 7.6.0
[8.084s] -- Searching for dependencies of gz-physics7-mesh
[8.084s] -- Looking for gz-common5 -- found version 5.7.1
[8.084s] -- Searching for <gz-physics7> component [sdf]
[8.085s] -- Looking for gz-physics7-sdf -- found version 7.6.0
[8.085s] -- Searching for dependencies of gz-physics7-sdf
[8.085s] -- Looking for sdformat14 -- found version 14.8.0
[8.086s] -- Looking for gz-sensors8 -- found version 8.2.2
[8.086s] -- Searching for dependencies of gz-sensors8
[8.098s] -- Looking for gz-math7 -- found version 7.5.2
[8.098s] -- Looking for gz-common5 -- found version 5.7.1
[8.098s] -- Looking for gz-transport13 -- found version 13.5.0
[8.098s] -- Looking for gz-rendering8 -- found version 8.2.2
[8.099s] -- Looking for gz-msgs10 -- found version 10.3.2
[8.099s] -- Looking for sdformat14 -- found version 14.8.0
[8.099s] -- Searching for <gz-sensors8> component [air_pressure]
[8.100s] -- Looking for gz-sensors8-air_pressure -- found version 8.2.2
[8.100s] -- Searching for dependencies of gz-sensors8-air_pressure
[8.101s] -- Searching for <gz-sensors8> component [air_speed]
[8.101s] -- Looking for gz-sensors8-air_speed -- found version 8.2.2
[8.102s] -- Searching for dependencies of gz-sensors8-air_speed
[8.102s] -- Searching for <gz-sensors8> component [altimeter]
[8.104s] -- Looking for gz-sensors8-altimeter -- found version 8.2.2
[8.104s] -- Searching for dependencies of gz-sensors8-altimeter
[8.104s] -- Searching for <gz-sensors8> component [imu]
[8.106s] -- Looking for gz-sensors8-imu -- found version 8.2.2
[8.106s] -- Searching for dependencies of gz-sensors8-imu
[8.107s] -- Searching for <gz-sensors8> component [force_torque]
[8.109s] -- Looking for gz-sensors8-force_torque -- found version 8.2.2
[8.109s] -- Searching for dependencies of gz-sensors8-force_torque
[8.110s] -- Searching for <gz-sensors8> component [logical_camera]
[8.113s] -- Looking for gz-sensors8-logical_camera -- found version 8.2.2
[8.114s] -- Searching for dependencies of gz-sensors8-logical_camera
[8.116s] -- Searching for <gz-sensors8> component [magnetometer]
[8.119s] -- Looking for gz-sensors8-magnetometer -- found version 8.2.2
[8.120s] -- Searching for dependencies of gz-sensors8-magnetometer
[8.122s] -- Searching for <gz-sensors8> component [navsat]
[8.125s] -- Looking for gz-sensors8-navsat -- found version 8.2.2
[8.125s] -- Searching for dependencies of gz-sensors8-navsat
[8.127s] -- Searching for <gz-sensors8> component [dvl]
[8.130s] -- Looking for gz-sensors8-dvl -- found version 8.2.2
[8.130s] -- Searching for dependencies of gz-sensors8-dvl
[8.131s] -- Looking for gz-sensors8 -- found version 8.2.2
[8.132s] -- Searching for dependencies of gz-sensors8
[8.176s] -- Looking for gz-math7 -- found version 7.5.2
[8.177s] -- Looking for gz-common5 -- found version 5.7.1
[8.179s] -- Looking for gz-transport13 -- found version 13.5.0
[8.180s] -- Looking for gz-rendering8 -- found version 8.2.2
[8.182s] -- Looking for gz-msgs10 -- found version 10.3.2
[8.184s] -- Looking for sdformat14 -- found version 14.8.0
[8.185s] -- Searching for <gz-sensors8> component [rendering]
[8.191s] -- Looking for gz-sensors8-rendering -- found version 8.2.2
[8.192s] -- Searching for dependencies of gz-sensors8-rendering
[8.197s] -- Searching for <gz-sensors8> component [rendering]
[8.198s] -- Searching for <gz-sensors8> component [lidar]
[8.202s] -- Looking for gz-sensors8-lidar -- found version 8.2.2
[8.204s] -- Searching for dependencies of gz-sensors8-lidar
[8.205s] -- Looking for gz-sensors8 -- found version 8.2.2
[8.208s] -- Searching for <gz-sensors8> component [gpu_lidar]
[8.213s] -- Looking for gz-sensors8-gpu_lidar -- found version 8.2.2
[8.214s] -- Searching for dependencies of gz-sensors8-gpu_lidar
[8.216s] -- Looking for gz-sensors8 -- found version 8.2.2
[8.219s] -- Searching for <gz-sensors8> component [camera]
[8.225s] -- Looking for gz-sensors8-camera -- found version 8.2.2
[8.226s] -- Searching for dependencies of gz-sensors8-camera
[8.227s] -- Looking for gz-sensors8 -- found version 8.2.2
[8.230s] -- Searching for <gz-sensors8> component [boundingbox_camera]
[8.235s] -- Looking for gz-sensors8-boundingbox_camera -- found version 8.2.2
[8.236s] -- Searching for dependencies of gz-sensors8-boundingbox_camera
[8.239s] -- Searching for <gz-sensors8> component [segmentation_camera]
[8.244s] -- Looking for gz-sensors8-segmentation_camera -- found version 8.2.2
[8.245s] -- Searching for dependencies of gz-sensors8-segmentation_camera
[8.247s] -- Searching for <gz-sensors8> component [depth_camera]
[8.252s] -- Looking for gz-sensors8-depth_camera -- found version 8.2.2
[8.253s] -- Searching for dependencies of gz-sensors8-depth_camera
[8.255s] -- Looking for gz-sensors8 -- found version 8.2.2
[8.258s] -- Searching for <gz-sensors8> component [rgbd_camera]
[8.263s] -- Looking for gz-sensors8-rgbd_camera -- found version 8.2.2
[8.264s] -- Searching for dependencies of gz-sensors8-rgbd_camera
[8.266s] -- Looking for gz-sensors8 -- found version 8.2.2
[8.269s] -- Searching for <gz-sensors8> component [thermal_camera]
[8.274s] -- Looking for gz-sensors8-thermal_camera -- found version 8.2.2
[8.275s] -- Searching for dependencies of gz-sensors8-thermal_camera
[8.277s] -- Looking for gz-sensors8 -- found version 8.2.2
[8.280s] -- Searching for <gz-sensors8> component [wide_angle_camera]
[8.285s] -- Looking for gz-sensors8-wide_angle_camera -- found version 8.2.2
[8.286s] -- Searching for dependencies of gz-sensors8-wide_angle_camera
[8.291s] -- Looking for gz-rendering8 -- found version 8.2.2
[8.293s] -- Looking for gz-math7 -- found version 7.5.2
[8.295s] -- Looking for gz-utils2 -- found version 2.2.1
[8.350s] -- Compiling against Gazebo Garden
[8.366s] -- Found ament_lint_auto: 0.17.3 (/opt/ros/jazzy/share/ament_lint_auto/cmake)
[8.576s] -- Configuring done (8.5s)
[8.585s] -- Generating done (0.0s)
[8.588s] -- Build files have been written to: /home/natalia/Documents/STUDING/robotix/modul6/ex04/build/ros_gz_example_gazebo
[8.597s] Invoked command in '/home/natalia/Documents/STUDING/robotix/modul6/ex04/build/ros_gz_example_gazebo' returned '0': AMENT_PREFIX_PATH=/home/natalia/Documents/STUDING/robotix/modul6/ex04/install/ros_gz_example_description:${AMENT_PREFIX_PATH} CMAKE_PREFIX_PATH=/home/natalia/Documents/STUDING/robotix/modul6/ex04/install/ros_gz_example_description:/opt/ros/jazzy/opt/gz_sim_vendor:/opt/ros/jazzy/opt/gz_sensors_vendor:/opt/ros/jazzy/opt/gz_physics_vendor:/opt/ros/jazzy/opt/sdformat_vendor:/opt/ros/jazzy/opt/gz_gui_vendor:/opt/ros/jazzy/opt/gz_transport_vendor:/opt/ros/jazzy/opt/gz_rendering_vendor:/opt/ros/jazzy/opt/gz_plugin_vendor:/opt/ros/jazzy/opt/gz_fuel_tools_vendor:/opt/ros/jazzy/opt/gz_msgs_vendor:/opt/ros/jazzy/opt/gz_common_vendor:/opt/ros/jazzy/opt/gz_math_vendor:/opt/ros/jazzy/opt/gz_utils_vendor:/opt/ros/jazzy/opt/gz_tools_vendor:/opt/ros/jazzy/opt/gz_ogre_next_vendor:/opt/ros/jazzy/opt/gz_dartsim_vendor:/opt/ros/jazzy/opt/gz_cmake_vendor:/opt/ros/jazzy DEBUGINFOD_URLS=https://debuginfod.ubuntu.com GZ_SIM_RESOURCE_PATH=/home/natalia/Documents/STUDING/robotix/modul6/ex04/install/ros_gz_example_description/share/ros_gz_example_description/models:${GZ_SIM_RESOURCE_PATH} /usr/bin/cmake /home/natalia/Documents/STUDING/robotix/modul6/ex04/ros_gz_project_template/ros_gz_example_gazebo -DCMAKE_INSTALL_PREFIX=/home/natalia/Documents/STUDING/robotix/modul6/ex04/install/ros_gz_example_gazebo
[8.597s] Invoking command in '/home/natalia/Documents/STUDING/robotix/modul6/ex04/build/ros_gz_example_gazebo': AMENT_PREFIX_PATH=/home/natalia/Documents/STUDING/robotix/modul6/ex04/install/ros_gz_example_description:${AMENT_PREFIX_PATH} CMAKE_PREFIX_PATH=/home/natalia/Documents/STUDING/robotix/modul6/ex04/install/ros_gz_example_description:/opt/ros/jazzy/opt/gz_sim_vendor:/opt/ros/jazzy/opt/gz_sensors_vendor:/opt/ros/jazzy/opt/gz_physics_vendor:/opt/ros/jazzy/opt/sdformat_vendor:/opt/ros/jazzy/opt/gz_gui_vendor:/opt/ros/jazzy/opt/gz_transport_vendor:/opt/ros/jazzy/opt/gz_rendering_vendor:/opt/ros/jazzy/opt/gz_plugin_vendor:/opt/ros/jazzy/opt/gz_fuel_tools_vendor:/opt/ros/jazzy/opt/gz_msgs_vendor:/opt/ros/jazzy/opt/gz_common_vendor:/opt/ros/jazzy/opt/gz_math_vendor:/opt/ros/jazzy/opt/gz_utils_vendor:/opt/ros/jazzy/opt/gz_tools_vendor:/opt/ros/jazzy/opt/gz_ogre_next_vendor:/opt/ros/jazzy/opt/gz_dartsim_vendor:/opt/ros/jazzy/opt/gz_cmake_vendor:/opt/ros/jazzy DEBUGINFOD_URLS=https://debuginfod.ubuntu.com GZ_SIM_RESOURCE_PATH=/home/natalia/Documents/STUDING/robotix/modul6/ex04/install/ros_gz_example_description/share/ros_gz_example_description/models:${GZ_SIM_RESOURCE_PATH} /usr/bin/cmake --build /home/natalia/Documents/STUDING/robotix/modul6/ex04/build/ros_gz_example_gazebo -- -j20 -l20
[8.815s] [ 25%] [32mBuilding CXX object CMakeFiles/BasicSystem.dir/src/BasicSystem.cc.o[0m
[8.816s] [ 50%] [32mBuilding CXX object CMakeFiles/FullSystem.dir/src/FullSystem.cc.o[0m
[9.965s] [ 75%] [32m[1mLinking CXX shared library libBasicSystem.so[0m
[10.060s] [100%] [32m[1mLinking CXX shared library libFullSystem.so[0m
[10.084s] [100%] Built target BasicSystem
[10.182s] [100%] Built target FullSystem
[10.202s] Invoked command in '/home/natalia/Documents/STUDING/robotix/modul6/ex04/build/ros_gz_example_gazebo' returned '0': AMENT_PREFIX_PATH=/home/natalia/Documents/STUDING/robotix/modul6/ex04/install/ros_gz_example_description:${AMENT_PREFIX_PATH} CMAKE_PREFIX_PATH=/home/natalia/Documents/STUDING/robotix/modul6/ex04/install/ros_gz_example_description:/opt/ros/jazzy/opt/gz_sim_vendor:/opt/ros/jazzy/opt/gz_sensors_vendor:/opt/ros/jazzy/opt/gz_physics_vendor:/opt/ros/jazzy/opt/sdformat_vendor:/opt/ros/jazzy/opt/gz_gui_vendor:/opt/ros/jazzy/opt/gz_transport_vendor:/opt/ros/jazzy/opt/gz_rendering_vendor:/opt/ros/jazzy/opt/gz_plugin_vendor:/opt/ros/jazzy/opt/gz_fuel_tools_vendor:/opt/ros/jazzy/opt/gz_msgs_vendor:/opt/ros/jazzy/opt/gz_common_vendor:/opt/ros/jazzy/opt/gz_math_vendor:/opt/ros/jazzy/opt/gz_utils_vendor:/opt/ros/jazzy/opt/gz_tools_vendor:/opt/ros/jazzy/opt/gz_ogre_next_vendor:/opt/ros/jazzy/opt/gz_dartsim_vendor:/opt/ros/jazzy/opt/gz_cmake_vendor:/opt/ros/jazzy DEBUGINFOD_URLS=https://debuginfod.ubuntu.com GZ_SIM_RESOURCE_PATH=/home/natalia/Documents/STUDING/robotix/modul6/ex04/install/ros_gz_example_description/share/ros_gz_example_description/models:${GZ_SIM_RESOURCE_PATH} /usr/bin/cmake --build /home/natalia/Documents/STUDING/robotix/modul6/ex04/build/ros_gz_example_gazebo -- -j20 -l20
[10.206s] Invoking command in '/home/natalia/Documents/STUDING/robotix/modul6/ex04/build/ros_gz_example_gazebo': AMENT_PREFIX_PATH=/home/natalia/Documents/STUDING/robotix/modul6/ex04/install/ros_gz_example_description:${AMENT_PREFIX_PATH} CMAKE_PREFIX_PATH=/home/natalia/Documents/STUDING/robotix/modul6/ex04/install/ros_gz_example_description:/opt/ros/jazzy/opt/gz_sim_vendor:/opt/ros/jazzy/opt/gz_sensors_vendor:/opt/ros/jazzy/opt/gz_physics_vendor:/opt/ros/jazzy/opt/sdformat_vendor:/opt/ros/jazzy/opt/gz_gui_vendor:/opt/ros/jazzy/opt/gz_transport_vendor:/opt/ros/jazzy/opt/gz_rendering_vendor:/opt/ros/jazzy/opt/gz_plugin_vendor:/opt/ros/jazzy/opt/gz_fuel_tools_vendor:/opt/ros/jazzy/opt/gz_msgs_vendor:/opt/ros/jazzy/opt/gz_common_vendor:/opt/ros/jazzy/opt/gz_math_vendor:/opt/ros/jazzy/opt/gz_utils_vendor:/opt/ros/jazzy/opt/gz_tools_vendor:/opt/ros/jazzy/opt/gz_ogre_next_vendor:/opt/ros/jazzy/opt/gz_dartsim_vendor:/opt/ros/jazzy/opt/gz_cmake_vendor:/opt/ros/jazzy DEBUGINFOD_URLS=https://debuginfod.ubuntu.com GZ_SIM_RESOURCE_PATH=/home/natalia/Documents/STUDING/robotix/modul6/ex04/install/ros_gz_example_description/share/ros_gz_example_description/models:${GZ_SIM_RESOURCE_PATH} /usr/bin/cmake --install /home/natalia/Documents/STUDING/robotix/modul6/ex04/build/ros_gz_example_gazebo
[10.241s] -- Install configuration: ""
[10.242s] -- Installing: /home/natalia/Documents/STUDING/robotix/modul6/ex04/install/ros_gz_example_gazebo/lib/ros_gz_example_gazebo/libBasicSystem.so
[10.244s] -- Set non-toolchain portion of runtime path of "/home/natalia/Documents/STUDING/robotix/modul6/ex04/install/ros_gz_example_gazebo/lib/ros_gz_example_gazebo/libBasicSystem.so" to ""
[10.244s] -- Installing: /home/natalia/Documents/STUDING/robotix/modul6/ex04/install/ros_gz_example_gazebo/lib/ros_gz_example_gazebo/libFullSystem.so
[10.246s] -- Set non-toolchain portion of runtime path of "/home/natalia/Documents/STUDING/robotix/modul6/ex04/install/ros_gz_example_gazebo/lib/ros_gz_example_gazebo/libFullSystem.so" to ""
[10.247s] -- Installing: /home/natalia/Documents/STUDING/robotix/modul6/ex04/install/ros_gz_example_gazebo/share/ros_gz_example_gazebo/worlds
[10.248s] -- Installing: /home/natalia/Documents/STUDING/robotix/modul6/ex04/install/ros_gz_example_gazebo/share/ros_gz_example_gazebo/worlds/diff_drive.sdf
[10.248s] -- Installing: /home/natalia/Documents/STUDING/robotix/modul6/ex04/install/ros_gz_example_gazebo/share/ros_gz_example_gazebo/environment/ros_gz_example_gazebo.dsv
[10.248s] -- Installing: /home/natalia/Documents/STUDING/robotix/modul6/ex04/install/ros_gz_example_gazebo/share/ros_gz_example_gazebo/environment/ros_gz_example_gazebo.sh
[10.250s] -- Installing: /home/natalia/Documents/STUDING/robotix/modul6/ex04/install/ros_gz_example_gazebo/share/ament_index/resource_index/package_run_dependencies/ros_gz_example_gazebo
[10.250s] -- Installing: /home/natalia/Documents/STUDING/robotix/modul6/ex04/install/ros_gz_example_gazebo/share/ament_index/resource_index/parent_prefix_path/ros_gz_example_gazebo
[10.250s] -- Installing: /home/natalia/Documents/STUDING/robotix/modul6/ex04/install/ros_gz_example_gazebo/share/ros_gz_example_gazebo/environment/ament_prefix_path.sh
[10.251s] -- Installing: /home/natalia/Documents/STUDING/robotix/modul6/ex04/install/ros_gz_example_gazebo/share/ros_gz_example_gazebo/environment/ament_prefix_path.dsv
[10.251s] -- Installing: /home/natalia/Documents/STUDING/robotix/modul6/ex04/install/ros_gz_example_gazebo/share/ros_gz_example_gazebo/environment/path.sh
[10.251s] -- Installing: /home/natalia/Documents/STUDING/robotix/modul6/ex04/install/ros_gz_example_gazebo/share/ros_gz_example_gazebo/environment/path.dsv
[10.251s] -- Installing: /home/natalia/Documents/STUDING/robotix/modul6/ex04/install/ros_gz_example_gazebo/share/ros_gz_example_gazebo/local_setup.bash
[10.252s] -- Installing: /home/natalia/Documents/STUDING/robotix/modul6/ex04/install/ros_gz_example_gazebo/share/ros_gz_example_gazebo/local_setup.sh
[10.252s] -- Installing: /home/natalia/Documents/STUDING/robotix/modul6/ex04/install/ros_gz_example_gazebo/share/ros_gz_example_gazebo/local_setup.zsh
[10.252s] -- Installing: /home/natalia/Documents/STUDING/robotix/modul6/ex04/install/ros_gz_example_gazebo/share/ros_gz_example_gazebo/local_setup.dsv
[10.253s] -- Installing: /home/natalia/Documents/STUDING/robotix/modul6/ex04/install/ros_gz_example_gazebo/share/ros_gz_example_gazebo/package.dsv
[10.253s] -- Installing: /home/natalia/Documents/STUDING/robotix/modul6/ex04/install/ros_gz_example_gazebo/share/ament_index/resource_index/packages/ros_gz_example_gazebo
[10.253s] -- Installing: /home/natalia/Documents/STUDING/robotix/modul6/ex04/install/ros_gz_example_gazebo/share/ros_gz_example_gazebo/cmake/ros_gz_example_gazeboConfig.cmake
[10.253s] -- Installing: /home/natalia/Documents/STUDING/robotix/modul6/ex04/install/ros_gz_example_gazebo/share/ros_gz_example_gazebo/cmake/ros_gz_example_gazeboConfig-version.cmake
[10.254s] -- Installing: /home/natalia/Documents/STUDING/robotix/modul6/ex04/install/ros_gz_example_gazebo/share/ros_gz_example_gazebo/package.xml
[10.260s] Invoked command in '/home/natalia/Documents/STUDING/robotix/modul6/ex04/build/ros_gz_example_gazebo' returned '0': AMENT_PREFIX_PATH=/home/natalia/Documents/STUDING/robotix/modul6/ex04/install/ros_gz_example_description:${AMENT_PREFIX_PATH} CMAKE_PREFIX_PATH=/home/natalia/Documents/STUDING/robotix/modul6/ex04/install/ros_gz_example_description:/opt/ros/jazzy/opt/gz_sim_vendor:/opt/ros/jazzy/opt/gz_sensors_vendor:/opt/ros/jazzy/opt/gz_physics_vendor:/opt/ros/jazzy/opt/sdformat_vendor:/opt/ros/jazzy/opt/gz_gui_vendor:/opt/ros/jazzy/opt/gz_transport_vendor:/opt/ros/jazzy/opt/gz_rendering_vendor:/opt/ros/jazzy/opt/gz_plugin_vendor:/opt/ros/jazzy/opt/gz_fuel_tools_vendor:/opt/ros/jazzy/opt/gz_msgs_vendor:/opt/ros/jazzy/opt/gz_common_vendor:/opt/ros/jazzy/opt/gz_math_vendor:/opt/ros/jazzy/opt/gz_utils_vendor:/opt/ros/jazzy/opt/gz_tools_vendor:/opt/ros/jazzy/opt/gz_ogre_next_vendor:/opt/ros/jazzy/opt/gz_dartsim_vendor:/opt/ros/jazzy/opt/gz_cmake_vendor:/opt/ros/jazzy DEBUGINFOD_URLS=https://debuginfod.ubuntu.com GZ_SIM_RESOURCE_PATH=/home/natalia/Documents/STUDING/robotix/modul6/ex04/install/ros_gz_example_description/share/ros_gz_example_description/models:${GZ_SIM_RESOURCE_PATH} /usr/bin/cmake --install /home/natalia/Documents/STUDING/robotix/modul6/ex04/build/ros_gz_example_gazebo
