[0.007s] Invoking command in '/home/natalia/Documents/STUDING/robotix/modul3/ex05/build/action_cleaning_robot': CMAKE_PREFIX_PATH=${CMAKE_PREFIX_PATH}:/opt/ros/jazzy DEBUGINFOD_URLS=https://debuginfod.ubuntu.com /usr/bin/cmake --build /home/natalia/Documents/STUDING/robotix/modul3/ex05/build/action_cleaning_robot -- -j20 -l20
[0.026s] -- Found ament_cmake: 2.5.4 (/opt/ros/jazzy/share/ament_cmake/cmake)
[0.054s] -- Found Python3: /usr/bin/python3 (found version "3.12.3") found components: Interpreter 
[0.497s] -- Found rclpy: 7.1.5 (/opt/ros/jazzy/share/rclpy/cmake)
[0.498s] -- Found geometry_msgs: 5.3.6 (/opt/ros/jazzy/share/geometry_msgs/cmake)
[0.595s] -- Found rosidl_generator_c: 4.6.6 (/opt/ros/jazzy/share/rosidl_generator_c/cmake)
[0.605s] -- Found rosidl_generator_cpp: 4.6.6 (/opt/ros/jazzy/share/rosidl_generator_cpp/cmake)
[0.684s] -- Using all available rosidl_typesupport_c: rosidl_typesupport_fastrtps_c;rosidl_typesupport_introspection_c
[0.769s] -- Using all available rosidl_typesupport_cpp: rosidl_typesupport_fastrtps_cpp;rosidl_typesupport_introspection_cpp
[1.005s] -- Found turtlesim: 1.8.3 (/opt/ros/jazzy/share/turtlesim/cmake)
[1.125s] -- Found rosidl_default_generators: 1.6.0 (/opt/ros/jazzy/share/rosidl_default_generators/cmake)
[1.130s] -- Found rosidl_adapter: 4.6.6 (/opt/ros/jazzy/share/rosidl_adapter/cmake)
[1.483s] -- Found ament_cmake_ros: 0.12.0 (/opt/ros/jazzy/share/ament_cmake_ros/cmake)
[2.747s] -- Using all available rosidl_typesupport_c: rosidl_typesupport_fastrtps_c;rosidl_typesupport_introspection_c
[3.227s] -- Using all available rosidl_typesupport_cpp: rosidl_typesupport_fastrtps_cpp;rosidl_typesupport_introspection_cpp
[3.228s] -- Found python_cmake_module: 0.11.1 (/opt/ros/jazzy/share/python_cmake_module/cmake)
[3.975s] -- Found Python3: /usr/bin/python3 (found version "3.12.3") found components: Interpreter Development NumPy Development.Module Development.Embed 
[4.138s] [31mCMake Error at /opt/ros/jazzy/share/ament_cmake_python/cmake/ament_python_install_package.cmake:122 (add_custom_target):
[4.139s]   add_custom_target cannot create target
[4.141s]   "ament_cmake_python_copy_action_cleaning_robot" because another target with
[4.141s]   the same name already exists.  The existing target is a custom target
[4.142s]   created in source directory
[4.143s]   "/home/natalia/Documents/STUDING/robotix/modul3/ex05/action_cleaning_robot".
[4.143s]   See documentation for policy CMP0002 for more details.
[4.144s] Call Stack (most recent call first):
[4.145s]   /opt/ros/jazzy/share/ament_cmake_python/cmake/ament_python_install_package.cmake:39 (_ament_cmake_python_install_package)
[4.145s]   CMakeLists.txt:19 (ament_python_install_package)
[4.146s] 
[4.147s] [0m
[4.147s] [31mCMake Error at /opt/ros/jazzy/share/ament_cmake_python/cmake/ament_python_install_package.cmake:144 (add_custom_target):
[4.148s]   add_custom_target cannot create target
[4.149s]   "ament_cmake_python_build_action_cleaning_robot_egg" because another target
[4.149s]   with the same name already exists.  The existing target is a custom target
[4.150s]   created in source directory
[4.151s]   "/home/natalia/Documents/STUDING/robotix/modul3/ex05/action_cleaning_robot".
[4.151s]   See documentation for policy CMP0002 for more details.
[4.152s] Call Stack (most recent call first):
[4.152s]   /opt/ros/jazzy/share/ament_cmake_python/cmake/ament_python_install_package.cmake:39 (_ament_cmake_python_install_package)
[4.153s]   CMakeLists.txt:19 (ament_python_install_package)
[4.154s] 
[4.154s] [0m
[4.155s] -- Found ament_lint_auto: 0.17.3 (/opt/ros/jazzy/share/ament_lint_auto/cmake)
[4.205s] -- Added test 'flake8' to check Python code syntax and style conventions
[4.206s] -- Configured 'flake8' exclude dirs and/or files: 
[4.207s] -- Added test 'lint_cmake' to check CMake code style
[4.209s] -- Added test 'pep257' to check Python code against some of the docstring style conventions in PEP 257
[4.216s] -- Added test 'xmllint' to check XML markup files
[4.224s] -- Configuring incomplete, errors occurred!
[4.243s] gmake: *** [Makefile:815: cmake_check_build_system] Ошибка 1
[4.250s] Invoked command in '/home/natalia/Documents/STUDING/robotix/modul3/ex05/build/action_cleaning_robot' returned '2': CMAKE_PREFIX_PATH=${CMAKE_PREFIX_PATH}:/opt/ros/jazzy DEBUGINFOD_URLS=https://debuginfod.ubuntu.com /usr/bin/cmake --build /home/natalia/Documents/STUDING/robotix/modul3/ex05/build/action_cleaning_robot -- -j20 -l20
