[0.111s] DEBUG:colcon:Command line arguments: ['/usr/bin/colcon', 'build', '--cmake-args', '-DBUILD_TESTING=ON']
[0.111s] DEBUG:colcon:Parsed command line arguments: Namespace(log_base=None, log_level=None, verb_name='build', build_base='build', install_base='install', merge_install=False, symlink_install=False, test_result_base=None, continue_on_error=False, executor='parallel', parallel_workers=20, event_handlers=None, ignore_user_meta=False, metas=['./colcon.meta'], base_paths=['.'], packages_ignore=None, packages_ignore_regex=None, paths=None, packages_up_to=None, packages_up_to_regex=None, packages_above=None, packages_above_and_dependencies=None, packages_above_depth=None, packages_select_by_dep=None, packages_skip_by_dep=None, packages_skip_up_to=None, packages_select_build_failed=False, packages_skip_build_finished=False, packages_select_test_failures=False, packages_skip_test_passed=False, packages_select=None, packages_skip=None, packages_select_regex=None, packages_skip_regex=None, packages_start=None, packages_end=None, allow_overriding=[], cmake_args=['-DBUILD_TESTING=ON'], cmake_target=None, cmake_target_skip_unavailable=False, cmake_clean_cache=False, cmake_clean_first=False, cmake_force_configure=False, ament_cmake_args=None, catkin_cmake_args=None, catkin_skip_building_tests=False, mixin_files=None, mixin=None, verb_parser=<colcon_mixin.mixin.mixin_argument.MixinArgumentDecorator object at 0x768801da1af0>, verb_extension=<colcon_core.verb.build.BuildVerb object at 0x768801da1940>, main=<bound method BuildVerb.main of <colcon_core.verb.build.BuildVerb object at 0x768801da1940>>, mixin_verb=('build',))
[0.141s] Level 1:colcon.colcon_core.package_discovery:discover_packages(colcon_meta) check parameters
[0.141s] Level 1:colcon.colcon_core.package_discovery:discover_packages(recursive) check parameters
[0.142s] Level 1:colcon.colcon_core.package_discovery:discover_packages(ignore) check parameters
[0.142s] Level 1:colcon.colcon_core.package_discovery:discover_packages(path) check parameters
[0.142s] Level 1:colcon.colcon_core.package_discovery:discover_packages(colcon_meta) discover
[0.142s] Level 1:colcon.colcon_core.package_discovery:discover_packages(recursive) discover
[0.142s] INFO:colcon.colcon_core.package_discovery:Crawling recursively for packages in '/home/natalia/Documents/STUDING/robotix/modul5/ex0302'
[0.142s] Level 1:colcon.colcon_core.package_identification:_identify(.) by extensions ['ignore', 'ignore_ament_install']
[0.142s] Level 1:colcon.colcon_core.package_identification:_identify(.) by extension 'ignore'
[0.142s] Level 1:colcon.colcon_core.package_identification:_identify(.) by extension 'ignore_ament_install'
[0.142s] Level 1:colcon.colcon_core.package_identification:_identify(.) by extensions ['colcon_pkg']
[0.142s] Level 1:colcon.colcon_core.package_identification:_identify(.) by extension 'colcon_pkg'
[0.142s] Level 1:colcon.colcon_core.package_identification:_identify(.) by extensions ['colcon_meta']
[0.142s] Level 1:colcon.colcon_core.package_identification:_identify(.) by extension 'colcon_meta'
[0.142s] Level 1:colcon.colcon_core.package_identification:_identify(.) by extensions ['ros']
[0.142s] Level 1:colcon.colcon_core.package_identification:_identify(.) by extension 'ros'
[0.161s] Level 1:colcon.colcon_core.package_identification:_identify(.) by extensions ['cmake', 'python']
[0.161s] Level 1:colcon.colcon_core.package_identification:_identify(.) by extension 'cmake'
[0.161s] Level 1:colcon.colcon_core.package_identification:_identify(.) by extension 'python'
[0.161s] Level 1:colcon.colcon_core.package_identification:_identify(.) by extensions ['python_setup_py']
[0.161s] Level 1:colcon.colcon_core.package_identification:_identify(.) by extension 'python_setup_py'
[0.161s] Level 1:colcon.colcon_core.package_identification:_identify(build) by extensions ['ignore', 'ignore_ament_install']
[0.161s] Level 1:colcon.colcon_core.package_identification:_identify(build) by extension 'ignore'
[0.161s] Level 1:colcon.colcon_core.package_identification:_identify(build) ignored
[0.161s] Level 1:colcon.colcon_core.package_identification:_identify(install) by extensions ['ignore', 'ignore_ament_install']
[0.161s] Level 1:colcon.colcon_core.package_identification:_identify(install) by extension 'ignore'
[0.161s] Level 1:colcon.colcon_core.package_identification:_identify(install) ignored
[0.161s] Level 1:colcon.colcon_core.package_identification:_identify(log) by extensions ['ignore', 'ignore_ament_install']
[0.161s] Level 1:colcon.colcon_core.package_identification:_identify(log) by extension 'ignore'
[0.161s] Level 1:colcon.colcon_core.package_identification:_identify(log) ignored
[0.161s] Level 1:colcon.colcon_core.package_identification:_identify(ros_gz_project_template) by extensions ['ignore', 'ignore_ament_install']
[0.161s] Level 1:colcon.colcon_core.package_identification:_identify(ros_gz_project_template) by extension 'ignore'
[0.161s] Level 1:colcon.colcon_core.package_identification:_identify(ros_gz_project_template) by extension 'ignore_ament_install'
[0.161s] Level 1:colcon.colcon_core.package_identification:_identify(ros_gz_project_template) by extensions ['colcon_pkg']
[0.161s] Level 1:colcon.colcon_core.package_identification:_identify(ros_gz_project_template) by extension 'colcon_pkg'
[0.161s] Level 1:colcon.colcon_core.package_identification:_identify(ros_gz_project_template) by extensions ['colcon_meta']
[0.161s] Level 1:colcon.colcon_core.package_identification:_identify(ros_gz_project_template) by extension 'colcon_meta'
[0.161s] Level 1:colcon.colcon_core.package_identification:_identify(ros_gz_project_template) by extensions ['ros']
[0.161s] Level 1:colcon.colcon_core.package_identification:_identify(ros_gz_project_template) by extension 'ros'
[0.161s] Level 1:colcon.colcon_core.package_identification:_identify(ros_gz_project_template) by extensions ['cmake', 'python']
[0.161s] Level 1:colcon.colcon_core.package_identification:_identify(ros_gz_project_template) by extension 'cmake'
[0.161s] Level 1:colcon.colcon_core.package_identification:_identify(ros_gz_project_template) by extension 'python'
[0.161s] Level 1:colcon.colcon_core.package_identification:_identify(ros_gz_project_template) by extensions ['python_setup_py']
[0.161s] Level 1:colcon.colcon_core.package_identification:_identify(ros_gz_project_template) by extension 'python_setup_py'
[0.161s] Level 1:colcon.colcon_core.package_identification:_identify(ros_gz_project_template/ros_gz_example_application) by extensions ['ignore', 'ignore_ament_install']
[0.161s] Level 1:colcon.colcon_core.package_identification:_identify(ros_gz_project_template/ros_gz_example_application) by extension 'ignore'
[0.161s] Level 1:colcon.colcon_core.package_identification:_identify(ros_gz_project_template/ros_gz_example_application) by extension 'ignore_ament_install'
[0.161s] Level 1:colcon.colcon_core.package_identification:_identify(ros_gz_project_template/ros_gz_example_application) by extensions ['colcon_pkg']
[0.162s] Level 1:colcon.colcon_core.package_identification:_identify(ros_gz_project_template/ros_gz_example_application) by extension 'colcon_pkg'
[0.162s] Level 1:colcon.colcon_core.package_identification:_identify(ros_gz_project_template/ros_gz_example_application) by extensions ['colcon_meta']
[0.162s] Level 1:colcon.colcon_core.package_identification:_identify(ros_gz_project_template/ros_gz_example_application) by extension 'colcon_meta'
[0.162s] Level 1:colcon.colcon_core.package_identification:_identify(ros_gz_project_template/ros_gz_example_application) by extensions ['ros']
[0.162s] Level 1:colcon.colcon_core.package_identification:_identify(ros_gz_project_template/ros_gz_example_application) by extension 'ros'
[0.163s] DEBUG:colcon.colcon_core.package_identification:Package 'ros_gz_project_template/ros_gz_example_application' with type 'ros.ament_cmake' and name 'ros_gz_example_application'
[0.163s] Level 1:colcon.colcon_core.package_identification:_identify(ros_gz_project_template/ros_gz_example_bringup) by extensions ['ignore', 'ignore_ament_install']
[0.163s] Level 1:colcon.colcon_core.package_identification:_identify(ros_gz_project_template/ros_gz_example_bringup) by extension 'ignore'
[0.163s] Level 1:colcon.colcon_core.package_identification:_identify(ros_gz_project_template/ros_gz_example_bringup) by extension 'ignore_ament_install'
[0.163s] Level 1:colcon.colcon_core.package_identification:_identify(ros_gz_project_template/ros_gz_example_bringup) by extensions ['colcon_pkg']
[0.163s] Level 1:colcon.colcon_core.package_identification:_identify(ros_gz_project_template/ros_gz_example_bringup) by extension 'colcon_pkg'
[0.163s] Level 1:colcon.colcon_core.package_identification:_identify(ros_gz_project_template/ros_gz_example_bringup) by extensions ['colcon_meta']
[0.163s] Level 1:colcon.colcon_core.package_identification:_identify(ros_gz_project_template/ros_gz_example_bringup) by extension 'colcon_meta'
[0.163s] Level 1:colcon.colcon_core.package_identification:_identify(ros_gz_project_template/ros_gz_example_bringup) by extensions ['ros']
[0.163s] Level 1:colcon.colcon_core.package_identification:_identify(ros_gz_project_template/ros_gz_example_bringup) by extension 'ros'
[0.164s] DEBUG:colcon.colcon_core.package_identification:Package 'ros_gz_project_template/ros_gz_example_bringup' with type 'ros.ament_cmake' and name 'ros_gz_example_bringup'
[0.164s] Level 1:colcon.colcon_core.package_identification:_identify(ros_gz_project_template/ros_gz_example_description) by extensions ['ignore', 'ignore_ament_install']
[0.164s] Level 1:colcon.colcon_core.package_identification:_identify(ros_gz_project_template/ros_gz_example_description) by extension 'ignore'
[0.164s] Level 1:colcon.colcon_core.package_identification:_identify(ros_gz_project_template/ros_gz_example_description) by extension 'ignore_ament_install'
[0.164s] Level 1:colcon.colcon_core.package_identification:_identify(ros_gz_project_template/ros_gz_example_description) by extensions ['colcon_pkg']
[0.164s] Level 1:colcon.colcon_core.package_identification:_identify(ros_gz_project_template/ros_gz_example_description) by extension 'colcon_pkg'
[0.164s] Level 1:colcon.colcon_core.package_identification:_identify(ros_gz_project_template/ros_gz_example_description) by extensions ['colcon_meta']
[0.164s] Level 1:colcon.colcon_core.package_identification:_identify(ros_gz_project_template/ros_gz_example_description) by extension 'colcon_meta'
[0.164s] Level 1:colcon.colcon_core.package_identification:_identify(ros_gz_project_template/ros_gz_example_description) by extensions ['ros']
[0.164s] Level 1:colcon.colcon_core.package_identification:_identify(ros_gz_project_template/ros_gz_example_description) by extension 'ros'
[0.164s] DEBUG:colcon.colcon_core.package_identification:Package 'ros_gz_project_template/ros_gz_example_description' with type 'ros.ament_cmake' and name 'ros_gz_example_description'
[0.164s] Level 1:colcon.colcon_core.package_identification:_identify(ros_gz_project_template/ros_gz_example_gazebo) by extensions ['ignore', 'ignore_ament_install']
[0.164s] Level 1:colcon.colcon_core.package_identification:_identify(ros_gz_project_template/ros_gz_example_gazebo) by extension 'ignore'
[0.164s] Level 1:colcon.colcon_core.package_identification:_identify(ros_gz_project_template/ros_gz_example_gazebo) by extension 'ignore_ament_install'
[0.164s] Level 1:colcon.colcon_core.package_identification:_identify(ros_gz_project_template/ros_gz_example_gazebo) by extensions ['colcon_pkg']
[0.164s] Level 1:colcon.colcon_core.package_identification:_identify(ros_gz_project_template/ros_gz_example_gazebo) by extension 'colcon_pkg'
[0.164s] Level 1:colcon.colcon_core.package_identification:_identify(ros_gz_project_template/ros_gz_example_gazebo) by extensions ['colcon_meta']
[0.164s] Level 1:colcon.colcon_core.package_identification:_identify(ros_gz_project_template/ros_gz_example_gazebo) by extension 'colcon_meta'
[0.164s] Level 1:colcon.colcon_core.package_identification:_identify(ros_gz_project_template/ros_gz_example_gazebo) by extensions ['ros']
[0.164s] Level 1:colcon.colcon_core.package_identification:_identify(ros_gz_project_template/ros_gz_example_gazebo) by extension 'ros'
[0.164s] DEBUG:colcon.colcon_core.package_identification:Package 'ros_gz_project_template/ros_gz_example_gazebo' with type 'ros.ament_cmake' and name 'ros_gz_example_gazebo'
[0.165s] Level 1:colcon.colcon_core.package_discovery:discover_packages(recursive) using defaults
[0.165s] Level 1:colcon.colcon_core.package_discovery:discover_packages(ignore) discover
[0.165s] Level 1:colcon.colcon_core.package_discovery:discover_packages(ignore) using defaults
[0.165s] Level 1:colcon.colcon_core.package_discovery:discover_packages(path) discover
[0.165s] Level 1:colcon.colcon_core.package_discovery:discover_packages(path) using defaults
[0.180s] Level 1:colcon.colcon_core.package_discovery:discover_packages(prefix_path) check parameters
[0.180s] Level 1:colcon.colcon_core.package_discovery:discover_packages(prefix_path) discover
[0.181s] WARNING:colcon.colcon_ros.prefix_path.ament:The path '/home/natalia/Documents/STUDING/robotix/modul5/ex0302/install/ros_gz_example_bringup' in the environment variable AMENT_PREFIX_PATH doesn't exist
[0.181s] WARNING:colcon.colcon_ros.prefix_path.ament:The path '/home/natalia/Documents/STUDING/robotix/modul5/ex0302/install/ros_gz_example_gazebo' in the environment variable AMENT_PREFIX_PATH doesn't exist
[0.181s] WARNING:colcon.colcon_ros.prefix_path.ament:The path '/home/natalia/Documents/STUDING/robotix/modul5/ex0302/install/ros_gz_example_description' in the environment variable AMENT_PREFIX_PATH doesn't exist
[0.181s] WARNING:colcon.colcon_ros.prefix_path.ament:The path '/home/natalia/Documents/STUDING/robotix/modul5/ex0302/install/ros_gz_example_application' in the environment variable AMENT_PREFIX_PATH doesn't exist
[0.182s] WARNING:colcon.colcon_ros.prefix_path.catkin:The path '/home/natalia/Documents/STUDING/robotix/modul5/ex0302/install/ros_gz_example_bringup' in the environment variable CMAKE_PREFIX_PATH doesn't exist
[0.182s] WARNING:colcon.colcon_ros.prefix_path.catkin:The path '/home/natalia/Documents/STUDING/robotix/modul5/ex0302/install/ros_gz_example_gazebo' in the environment variable CMAKE_PREFIX_PATH doesn't exist
[0.182s] WARNING:colcon.colcon_ros.prefix_path.catkin:The path '/home/natalia/Documents/STUDING/robotix/modul5/ex0302/install/ros_gz_example_description' in the environment variable CMAKE_PREFIX_PATH doesn't exist
[0.182s] WARNING:colcon.colcon_ros.prefix_path.catkin:The path '/home/natalia/Documents/STUDING/robotix/modul5/ex0302/install/ros_gz_example_application' in the environment variable CMAKE_PREFIX_PATH doesn't exist
[0.182s] DEBUG:colcon.colcon_installed_package_information.package_discovery:Found 0 installed packages in /home/natalia/Documents/STUDING/robotix/modul5/ex0302/install
[0.183s] DEBUG:colcon.colcon_installed_package_information.package_discovery:Found 367 installed packages in /opt/ros/jazzy
[0.184s] Level 1:colcon.colcon_core.package_discovery:discover_packages(prefix_path) using defaults
[0.207s] Level 5:colcon.colcon_core.verb:set package 'ros_gz_example_application' build argument 'cmake_args' from command line to '['-DBUILD_TESTING=ON']'
[0.207s] Level 5:colcon.colcon_core.verb:set package 'ros_gz_example_application' build argument 'cmake_target' from command line to 'None'
[0.207s] Level 5:colcon.colcon_core.verb:set package 'ros_gz_example_application' build argument 'cmake_target_skip_unavailable' from command line to 'False'
[0.207s] Level 5:colcon.colcon_core.verb:set package 'ros_gz_example_application' build argument 'cmake_clean_cache' from command line to 'False'
[0.207s] Level 5:colcon.colcon_core.verb:set package 'ros_gz_example_application' build argument 'cmake_clean_first' from command line to 'False'
[0.207s] Level 5:colcon.colcon_core.verb:set package 'ros_gz_example_application' build argument 'cmake_force_configure' from command line to 'False'
[0.207s] Level 5:colcon.colcon_core.verb:set package 'ros_gz_example_application' build argument 'ament_cmake_args' from command line to 'None'
[0.207s] Level 5:colcon.colcon_core.verb:set package 'ros_gz_example_application' build argument 'catkin_cmake_args' from command line to 'None'
[0.207s] Level 5:colcon.colcon_core.verb:set package 'ros_gz_example_application' build argument 'catkin_skip_building_tests' from command line to 'False'
[0.207s] DEBUG:colcon.colcon_core.verb:Building package 'ros_gz_example_application' with the following arguments: {'ament_cmake_args': None, 'build_base': '/home/natalia/Documents/STUDING/robotix/modul5/ex0302/build/ros_gz_example_application', 'catkin_cmake_args': None, 'catkin_skip_building_tests': False, 'cmake_args': ['-DBUILD_TESTING=ON'], 'cmake_clean_cache': False, 'cmake_clean_first': False, 'cmake_force_configure': False, 'cmake_target': None, 'cmake_target_skip_unavailable': False, 'install_base': '/home/natalia/Documents/STUDING/robotix/modul5/ex0302/install/ros_gz_example_application', 'merge_install': False, 'path': '/home/natalia/Documents/STUDING/robotix/modul5/ex0302/ros_gz_project_template/ros_gz_example_application', 'symlink_install': False, 'test_result_base': None}
[0.208s] Level 5:colcon.colcon_core.verb:set package 'ros_gz_example_description' build argument 'cmake_args' from command line to '['-DBUILD_TESTING=ON']'
[0.208s] Level 5:colcon.colcon_core.verb:set package 'ros_gz_example_description' build argument 'cmake_target' from command line to 'None'
[0.208s] Level 5:colcon.colcon_core.verb:set package 'ros_gz_example_description' build argument 'cmake_target_skip_unavailable' from command line to 'False'
[0.208s] Level 5:colcon.colcon_core.verb:set package 'ros_gz_example_description' build argument 'cmake_clean_cache' from command line to 'False'
[0.208s] Level 5:colcon.colcon_core.verb:set package 'ros_gz_example_description' build argument 'cmake_clean_first' from command line to 'False'
[0.208s] Level 5:colcon.colcon_core.verb:set package 'ros_gz_example_description' build argument 'cmake_force_configure' from command line to 'False'
[0.208s] Level 5:colcon.colcon_core.verb:set package 'ros_gz_example_description' build argument 'ament_cmake_args' from command line to 'None'
[0.208s] Level 5:colcon.colcon_core.verb:set package 'ros_gz_example_description' build argument 'catkin_cmake_args' from command line to 'None'
[0.208s] Level 5:colcon.colcon_core.verb:set package 'ros_gz_example_description' build argument 'catkin_skip_building_tests' from command line to 'False'
[0.208s] DEBUG:colcon.colcon_core.verb:Building package 'ros_gz_example_description' with the following arguments: {'ament_cmake_args': None, 'build_base': '/home/natalia/Documents/STUDING/robotix/modul5/ex0302/build/ros_gz_example_description', 'catkin_cmake_args': None, 'catkin_skip_building_tests': False, 'cmake_args': ['-DBUILD_TESTING=ON'], 'cmake_clean_cache': False, 'cmake_clean_first': False, 'cmake_force_configure': False, 'cmake_target': None, 'cmake_target_skip_unavailable': False, 'install_base': '/home/natalia/Documents/STUDING/robotix/modul5/ex0302/install/ros_gz_example_description', 'merge_install': False, 'path': '/home/natalia/Documents/STUDING/robotix/modul5/ex0302/ros_gz_project_template/ros_gz_example_description', 'symlink_install': False, 'test_result_base': None}
[0.208s] Level 5:colcon.colcon_core.verb:set package 'ros_gz_example_gazebo' build argument 'cmake_args' from command line to '['-DBUILD_TESTING=ON']'
[0.208s] Level 5:colcon.colcon_core.verb:set package 'ros_gz_example_gazebo' build argument 'cmake_target' from command line to 'None'
[0.208s] Level 5:colcon.colcon_core.verb:set package 'ros_gz_example_gazebo' build argument 'cmake_target_skip_unavailable' from command line to 'False'
[0.208s] Level 5:colcon.colcon_core.verb:set package 'ros_gz_example_gazebo' build argument 'cmake_clean_cache' from command line to 'False'
[0.208s] Level 5:colcon.colcon_core.verb:set package 'ros_gz_example_gazebo' build argument 'cmake_clean_first' from command line to 'False'
[0.208s] Level 5:colcon.colcon_core.verb:set package 'ros_gz_example_gazebo' build argument 'cmake_force_configure' from command line to 'False'
[0.208s] Level 5:colcon.colcon_core.verb:set package 'ros_gz_example_gazebo' build argument 'ament_cmake_args' from command line to 'None'
[0.208s] Level 5:colcon.colcon_core.verb:set package 'ros_gz_example_gazebo' build argument 'catkin_cmake_args' from command line to 'None'
[0.208s] Level 5:colcon.colcon_core.verb:set package 'ros_gz_example_gazebo' build argument 'catkin_skip_building_tests' from command line to 'False'
[0.208s] DEBUG:colcon.colcon_core.verb:Building package 'ros_gz_example_gazebo' with the following arguments: {'ament_cmake_args': None, 'build_base': '/home/natalia/Documents/STUDING/robotix/modul5/ex0302/build/ros_gz_example_gazebo', 'catkin_cmake_args': None, 'catkin_skip_building_tests': False, 'cmake_args': ['-DBUILD_TESTING=ON'], 'cmake_clean_cache': False, 'cmake_clean_first': False, 'cmake_force_configure': False, 'cmake_target': None, 'cmake_target_skip_unavailable': False, 'install_base': '/home/natalia/Documents/STUDING/robotix/modul5/ex0302/install/ros_gz_example_gazebo', 'merge_install': False, 'path': '/home/natalia/Documents/STUDING/robotix/modul5/ex0302/ros_gz_project_template/ros_gz_example_gazebo', 'symlink_install': False, 'test_result_base': None}
[0.208s] Level 5:colcon.colcon_core.verb:set package 'ros_gz_example_bringup' build argument 'cmake_args' from command line to '['-DBUILD_TESTING=ON']'
[0.208s] Level 5:colcon.colcon_core.verb:set package 'ros_gz_example_bringup' build argument 'cmake_target' from command line to 'None'
[0.208s] Level 5:colcon.colcon_core.verb:set package 'ros_gz_example_bringup' build argument 'cmake_target_skip_unavailable' from command line to 'False'
[0.208s] Level 5:colcon.colcon_core.verb:set package 'ros_gz_example_bringup' build argument 'cmake_clean_cache' from command line to 'False'
[0.208s] Level 5:colcon.colcon_core.verb:set package 'ros_gz_example_bringup' build argument 'cmake_clean_first' from command line to 'False'
[0.208s] Level 5:colcon.colcon_core.verb:set package 'ros_gz_example_bringup' build argument 'cmake_force_configure' from command line to 'False'
[0.208s] Level 5:colcon.colcon_core.verb:set package 'ros_gz_example_bringup' build argument 'ament_cmake_args' from command line to 'None'
[0.208s] Level 5:colcon.colcon_core.verb:set package 'ros_gz_example_bringup' build argument 'catkin_cmake_args' from command line to 'None'
[0.208s] Level 5:colcon.colcon_core.verb:set package 'ros_gz_example_bringup' build argument 'catkin_skip_building_tests' from command line to 'False'
[0.208s] DEBUG:colcon.colcon_core.verb:Building package 'ros_gz_example_bringup' with the following arguments: {'ament_cmake_args': None, 'build_base': '/home/natalia/Documents/STUDING/robotix/modul5/ex0302/build/ros_gz_example_bringup', 'catkin_cmake_args': None, 'catkin_skip_building_tests': False, 'cmake_args': ['-DBUILD_TESTING=ON'], 'cmake_clean_cache': False, 'cmake_clean_first': False, 'cmake_force_configure': False, 'cmake_target': None, 'cmake_target_skip_unavailable': False, 'install_base': '/home/natalia/Documents/STUDING/robotix/modul5/ex0302/install/ros_gz_example_bringup', 'merge_install': False, 'path': '/home/natalia/Documents/STUDING/robotix/modul5/ex0302/ros_gz_project_template/ros_gz_example_bringup', 'symlink_install': False, 'test_result_base': None}
[0.208s] INFO:colcon.colcon_core.executor:Executing jobs using 'parallel' executor
[0.209s] DEBUG:colcon.colcon_parallel_executor.executor.parallel:run_until_complete
[0.209s] INFO:colcon.colcon_ros.task.ament_cmake.build:Building ROS package in '/home/natalia/Documents/STUDING/robotix/modul5/ex0302/ros_gz_project_template/ros_gz_example_description' with build type 'ament_cmake'
[0.209s] INFO:colcon.colcon_cmake.task.cmake.build:Building CMake package in '/home/natalia/Documents/STUDING/robotix/modul5/ex0302/ros_gz_project_template/ros_gz_example_description'
[0.212s] INFO:colcon.colcon_core.plugin_system:Skipping extension 'colcon_core.shell.bat': Not used on non-Windows systems
[0.212s] INFO:colcon.colcon_core.shell:Skip shell extension 'powershell' for command environment: Not usable outside of PowerShell
[0.212s] DEBUG:colcon.colcon_core.shell:Skip shell extension 'dsv' for command environment
[0.214s] INFO:colcon.colcon_ros.task.ament_cmake.build:Building ROS package in '/home/natalia/Documents/STUDING/robotix/modul5/ex0302/ros_gz_project_template/ros_gz_example_application' with build type 'ament_cmake'
[0.214s] INFO:colcon.colcon_cmake.task.cmake.build:Building CMake package in '/home/natalia/Documents/STUDING/robotix/modul5/ex0302/ros_gz_project_template/ros_gz_example_application'
[0.214s] INFO:colcon.colcon_core.shell:Skip shell extension 'powershell' for command environment: Not usable outside of PowerShell
[0.214s] DEBUG:colcon.colcon_core.shell:Skip shell extension 'dsv' for command environment
[0.219s] DEBUG:colcon.colcon_core.event_handler.log_command:Invoking command in '/home/natalia/Documents/STUDING/robotix/modul5/ex0302/build/ros_gz_example_description': CMAKE_PREFIX_PATH=${CMAKE_PREFIX_PATH}:/opt/ros/jazzy DEBUGINFOD_URLS=https://debuginfod.ubuntu.com /usr/bin/cmake /home/natalia/Documents/STUDING/robotix/modul5/ex0302/ros_gz_project_template/ros_gz_example_description -DBUILD_TESTING=ON -DCMAKE_INSTALL_PREFIX=/home/natalia/Documents/STUDING/robotix/modul5/ex0302/install/ros_gz_example_description
[0.220s] DEBUG:colcon.colcon_core.event_handler.log_command:Invoking command in '/home/natalia/Documents/STUDING/robotix/modul5/ex0302/build/ros_gz_example_application': CMAKE_PREFIX_PATH=${CMAKE_PREFIX_PATH}:/opt/ros/jazzy DEBUGINFOD_URLS=https://debuginfod.ubuntu.com /usr/bin/cmake /home/natalia/Documents/STUDING/robotix/modul5/ex0302/ros_gz_project_template/ros_gz_example_application -DBUILD_TESTING=ON -DCMAKE_INSTALL_PREFIX=/home/natalia/Documents/STUDING/robotix/modul5/ex0302/install/ros_gz_example_application
[1.715s] DEBUG:colcon.colcon_core.event_handler.log_command:Invoked command in '/home/natalia/Documents/STUDING/robotix/modul5/ex0302/build/ros_gz_example_application' returned '0': CMAKE_PREFIX_PATH=${CMAKE_PREFIX_PATH}:/opt/ros/jazzy DEBUGINFOD_URLS=https://debuginfod.ubuntu.com /usr/bin/cmake /home/natalia/Documents/STUDING/robotix/modul5/ex0302/ros_gz_project_template/ros_gz_example_application -DBUILD_TESTING=ON -DCMAKE_INSTALL_PREFIX=/home/natalia/Documents/STUDING/robotix/modul5/ex0302/install/ros_gz_example_application
[1.719s] DEBUG:colcon.colcon_core.event_handler.log_command:Invoking command in '/home/natalia/Documents/STUDING/robotix/modul5/ex0302/build/ros_gz_example_application': CMAKE_PREFIX_PATH=${CMAKE_PREFIX_PATH}:/opt/ros/jazzy DEBUGINFOD_URLS=https://debuginfod.ubuntu.com /usr/bin/cmake --build /home/natalia/Documents/STUDING/robotix/modul5/ex0302/build/ros_gz_example_application -- -j20 -l20
[1.728s] DEBUG:colcon.colcon_core.event_handler.log_command:Invoked command in '/home/natalia/Documents/STUDING/robotix/modul5/ex0302/build/ros_gz_example_description' returned '0': CMAKE_PREFIX_PATH=${CMAKE_PREFIX_PATH}:/opt/ros/jazzy DEBUGINFOD_URLS=https://debuginfod.ubuntu.com /usr/bin/cmake /home/natalia/Documents/STUDING/robotix/modul5/ex0302/ros_gz_project_template/ros_gz_example_description -DBUILD_TESTING=ON -DCMAKE_INSTALL_PREFIX=/home/natalia/Documents/STUDING/robotix/modul5/ex0302/install/ros_gz_example_description
[1.730s] DEBUG:colcon.colcon_core.event_handler.log_command:Invoking command in '/home/natalia/Documents/STUDING/robotix/modul5/ex0302/build/ros_gz_example_description': CMAKE_PREFIX_PATH=${CMAKE_PREFIX_PATH}:/opt/ros/jazzy DEBUGINFOD_URLS=https://debuginfod.ubuntu.com /usr/bin/cmake --build /home/natalia/Documents/STUDING/robotix/modul5/ex0302/build/ros_gz_example_description -- -j20 -l20
[1.873s] DEBUG:colcon.colcon_core.event_handler.log_command:Invoked command in '/home/natalia/Documents/STUDING/robotix/modul5/ex0302/build/ros_gz_example_application' returned '0': CMAKE_PREFIX_PATH=${CMAKE_PREFIX_PATH}:/opt/ros/jazzy DEBUGINFOD_URLS=https://debuginfod.ubuntu.com /usr/bin/cmake --build /home/natalia/Documents/STUDING/robotix/modul5/ex0302/build/ros_gz_example_application -- -j20 -l20
[1.922s] DEBUG:colcon.colcon_core.event_handler.log_command:Invoking command in '/home/natalia/Documents/STUDING/robotix/modul5/ex0302/build/ros_gz_example_application': CMAKE_PREFIX_PATH=${CMAKE_PREFIX_PATH}:/opt/ros/jazzy DEBUGINFOD_URLS=https://debuginfod.ubuntu.com /usr/bin/cmake --install /home/natalia/Documents/STUDING/robotix/modul5/ex0302/build/ros_gz_example_application
[1.929s] DEBUG:colcon.colcon_core.event_handler.log_command:Invoked command in '/home/natalia/Documents/STUDING/robotix/modul5/ex0302/build/ros_gz_example_description' returned '0': CMAKE_PREFIX_PATH=${CMAKE_PREFIX_PATH}:/opt/ros/jazzy DEBUGINFOD_URLS=https://debuginfod.ubuntu.com /usr/bin/cmake --build /home/natalia/Documents/STUDING/robotix/modul5/ex0302/build/ros_gz_example_description -- -j20 -l20
[1.935s] DEBUG:colcon.colcon_core.event_handler.log_command:Invoking command in '/home/natalia/Documents/STUDING/robotix/modul5/ex0302/build/ros_gz_example_description': CMAKE_PREFIX_PATH=${CMAKE_PREFIX_PATH}:/opt/ros/jazzy DEBUGINFOD_URLS=https://debuginfod.ubuntu.com /usr/bin/cmake --install /home/natalia/Documents/STUDING/robotix/modul5/ex0302/build/ros_gz_example_description
[1.969s] Level 1:colcon.colcon_core.environment:create_environment_scripts_only(ros_gz_example_application)
[1.971s] DEBUG:colcon.colcon_core.event_handler.log_command:Invoked command in '/home/natalia/Documents/STUDING/robotix/modul5/ex0302/build/ros_gz_example_application' returned '0': CMAKE_PREFIX_PATH=${CMAKE_PREFIX_PATH}:/opt/ros/jazzy DEBUGINFOD_URLS=https://debuginfod.ubuntu.com /usr/bin/cmake --install /home/natalia/Documents/STUDING/robotix/modul5/ex0302/build/ros_gz_example_application
[1.993s] Level 1:colcon.colcon_core.environment:checking '/home/natalia/Documents/STUDING/robotix/modul5/ex0302/install/ros_gz_example_application' for CMake module files
[1.995s] Level 1:colcon.colcon_core.environment:checking '/home/natalia/Documents/STUDING/robotix/modul5/ex0302/install/ros_gz_example_application' for CMake config files
[1.996s] Level 1:colcon.colcon_core.shell:create_environment_hook('ros_gz_example_application', 'cmake_prefix_path')
[1.997s] INFO:colcon.colcon_core.shell:Creating environment hook '/home/natalia/Documents/STUDING/robotix/modul5/ex0302/install/ros_gz_example_application/share/ros_gz_example_application/hook/cmake_prefix_path.ps1'
[1.999s] INFO:colcon.colcon_core.shell:Creating environment descriptor '/home/natalia/Documents/STUDING/robotix/modul5/ex0302/install/ros_gz_example_application/share/ros_gz_example_application/hook/cmake_prefix_path.dsv'
[2.001s] INFO:colcon.colcon_core.shell:Creating environment hook '/home/natalia/Documents/STUDING/robotix/modul5/ex0302/install/ros_gz_example_application/share/ros_gz_example_application/hook/cmake_prefix_path.sh'
[2.004s] Level 1:colcon.colcon_core.environment:checking '/home/natalia/Documents/STUDING/robotix/modul5/ex0302/install/ros_gz_example_application/bin'
[2.005s] Level 1:colcon.colcon_core.environment:checking '/home/natalia/Documents/STUDING/robotix/modul5/ex0302/install/ros_gz_example_application/lib/pkgconfig/ros_gz_example_application.pc'
[2.006s] Level 1:colcon.colcon_core.environment:checking '/home/natalia/Documents/STUDING/robotix/modul5/ex0302/install/ros_gz_example_application/lib/python3.12/site-packages'
[2.007s] Level 1:colcon.colcon_core.environment:checking '/home/natalia/Documents/STUDING/robotix/modul5/ex0302/install/ros_gz_example_application/bin'
[2.008s] INFO:colcon.colcon_core.shell:Creating package script '/home/natalia/Documents/STUDING/robotix/modul5/ex0302/install/ros_gz_example_application/share/ros_gz_example_application/package.ps1'
[2.011s] INFO:colcon.colcon_core.shell:Creating package descriptor '/home/natalia/Documents/STUDING/robotix/modul5/ex0302/install/ros_gz_example_application/share/ros_gz_example_application/package.dsv'
[2.014s] INFO:colcon.colcon_core.shell:Creating package script '/home/natalia/Documents/STUDING/robotix/modul5/ex0302/install/ros_gz_example_application/share/ros_gz_example_application/package.sh'
[2.016s] INFO:colcon.colcon_core.shell:Creating package script '/home/natalia/Documents/STUDING/robotix/modul5/ex0302/install/ros_gz_example_application/share/ros_gz_example_application/package.bash'
[2.019s] INFO:colcon.colcon_core.shell:Creating package script '/home/natalia/Documents/STUDING/robotix/modul5/ex0302/install/ros_gz_example_application/share/ros_gz_example_application/package.zsh'
[2.021s] Level 1:colcon.colcon_core.environment:create_file_with_runtime_dependencies(/home/natalia/Documents/STUDING/robotix/modul5/ex0302/install/ros_gz_example_application/share/colcon-core/packages/ros_gz_example_application)
[2.023s] Level 1:colcon.colcon_core.environment:create_environment_scripts_only(ros_gz_example_application)
[2.024s] Level 1:colcon.colcon_core.environment:checking '/home/natalia/Documents/STUDING/robotix/modul5/ex0302/install/ros_gz_example_application' for CMake module files
[2.027s] Level 1:colcon.colcon_core.environment:checking '/home/natalia/Documents/STUDING/robotix/modul5/ex0302/install/ros_gz_example_application' for CMake config files
[2.028s] Level 1:colcon.colcon_core.shell:create_environment_hook('ros_gz_example_application', 'cmake_prefix_path')
[2.029s] INFO:colcon.colcon_core.shell:Creating environment hook '/home/natalia/Documents/STUDING/robotix/modul5/ex0302/install/ros_gz_example_application/share/ros_gz_example_application/hook/cmake_prefix_path.ps1'
[2.031s] INFO:colcon.colcon_core.shell:Creating environment descriptor '/home/natalia/Documents/STUDING/robotix/modul5/ex0302/install/ros_gz_example_application/share/ros_gz_example_application/hook/cmake_prefix_path.dsv'
[2.032s] INFO:colcon.colcon_core.shell:Creating environment hook '/home/natalia/Documents/STUDING/robotix/modul5/ex0302/install/ros_gz_example_application/share/ros_gz_example_application/hook/cmake_prefix_path.sh'
[2.035s] Level 1:colcon.colcon_core.environment:checking '/home/natalia/Documents/STUDING/robotix/modul5/ex0302/install/ros_gz_example_application/bin'
[2.035s] Level 1:colcon.colcon_core.environment:checking '/home/natalia/Documents/STUDING/robotix/modul5/ex0302/install/ros_gz_example_application/lib/pkgconfig/ros_gz_example_application.pc'
[2.036s] Level 1:colcon.colcon_core.environment:checking '/home/natalia/Documents/STUDING/robotix/modul5/ex0302/install/ros_gz_example_application/lib/python3.12/site-packages'
[2.038s] Level 1:colcon.colcon_core.environment:checking '/home/natalia/Documents/STUDING/robotix/modul5/ex0302/install/ros_gz_example_application/bin'
[2.039s] INFO:colcon.colcon_core.shell:Creating package script '/home/natalia/Documents/STUDING/robotix/modul5/ex0302/install/ros_gz_example_application/share/ros_gz_example_application/package.ps1'
[2.041s] INFO:colcon.colcon_core.shell:Creating package descriptor '/home/natalia/Documents/STUDING/robotix/modul5/ex0302/install/ros_gz_example_application/share/ros_gz_example_application/package.dsv'
[2.043s] INFO:colcon.colcon_core.shell:Creating package script '/home/natalia/Documents/STUDING/robotix/modul5/ex0302/install/ros_gz_example_application/share/ros_gz_example_application/package.sh'
[2.045s] INFO:colcon.colcon_core.shell:Creating package script '/home/natalia/Documents/STUDING/robotix/modul5/ex0302/install/ros_gz_example_application/share/ros_gz_example_application/package.bash'
[2.046s] INFO:colcon.colcon_core.shell:Creating package script '/home/natalia/Documents/STUDING/robotix/modul5/ex0302/install/ros_gz_example_application/share/ros_gz_example_application/package.zsh'
[2.048s] Level 1:colcon.colcon_core.environment:create_file_with_runtime_dependencies(/home/natalia/Documents/STUDING/robotix/modul5/ex0302/install/ros_gz_example_application/share/colcon-core/packages/ros_gz_example_application)
[2.054s] Level 1:colcon.colcon_core.environment:create_environment_scripts_only(ros_gz_example_description)
[2.055s] DEBUG:colcon.colcon_core.event_handler.log_command:Invoked command in '/home/natalia/Documents/STUDING/robotix/modul5/ex0302/build/ros_gz_example_description' returned '0': CMAKE_PREFIX_PATH=${CMAKE_PREFIX_PATH}:/opt/ros/jazzy DEBUGINFOD_URLS=https://debuginfod.ubuntu.com /usr/bin/cmake --install /home/natalia/Documents/STUDING/robotix/modul5/ex0302/build/ros_gz_example_description
[2.056s] Level 1:colcon.colcon_core.environment:checking '/home/natalia/Documents/STUDING/robotix/modul5/ex0302/install/ros_gz_example_description' for CMake module files
[2.059s] Level 1:colcon.colcon_core.environment:checking '/home/natalia/Documents/STUDING/robotix/modul5/ex0302/install/ros_gz_example_description' for CMake config files
[2.060s] Level 1:colcon.colcon_core.shell:create_environment_hook('ros_gz_example_description', 'cmake_prefix_path')
[2.060s] INFO:colcon.colcon_core.shell:Creating environment hook '/home/natalia/Documents/STUDING/robotix/modul5/ex0302/install/ros_gz_example_description/share/ros_gz_example_description/hook/cmake_prefix_path.ps1'
[2.062s] INFO:colcon.colcon_core.shell:Creating environment descriptor '/home/natalia/Documents/STUDING/robotix/modul5/ex0302/install/ros_gz_example_description/share/ros_gz_example_description/hook/cmake_prefix_path.dsv'
[2.064s] INFO:colcon.colcon_core.shell:Creating environment hook '/home/natalia/Documents/STUDING/robotix/modul5/ex0302/install/ros_gz_example_description/share/ros_gz_example_description/hook/cmake_prefix_path.sh'
[2.066s] Level 1:colcon.colcon_core.environment:checking '/home/natalia/Documents/STUDING/robotix/modul5/ex0302/install/ros_gz_example_description/bin'
[2.066s] Level 1:colcon.colcon_core.environment:checking '/home/natalia/Documents/STUDING/robotix/modul5/ex0302/install/ros_gz_example_description/lib/pkgconfig/ros_gz_example_description.pc'
[2.067s] Level 1:colcon.colcon_core.environment:checking '/home/natalia/Documents/STUDING/robotix/modul5/ex0302/install/ros_gz_example_description/lib/python3.12/site-packages'
[2.069s] Level 1:colcon.colcon_core.environment:checking '/home/natalia/Documents/STUDING/robotix/modul5/ex0302/install/ros_gz_example_description/bin'
[2.070s] INFO:colcon.colcon_core.shell:Creating package script '/home/natalia/Documents/STUDING/robotix/modul5/ex0302/install/ros_gz_example_description/share/ros_gz_example_description/package.ps1'
[2.071s] INFO:colcon.colcon_core.shell:Creating package descriptor '/home/natalia/Documents/STUDING/robotix/modul5/ex0302/install/ros_gz_example_description/share/ros_gz_example_description/package.dsv'
[2.073s] INFO:colcon.colcon_core.shell:Creating package script '/home/natalia/Documents/STUDING/robotix/modul5/ex0302/install/ros_gz_example_description/share/ros_gz_example_description/package.sh'
[2.075s] INFO:colcon.colcon_core.shell:Creating package script '/home/natalia/Documents/STUDING/robotix/modul5/ex0302/install/ros_gz_example_description/share/ros_gz_example_description/package.bash'
[2.076s] INFO:colcon.colcon_core.shell:Creating package script '/home/natalia/Documents/STUDING/robotix/modul5/ex0302/install/ros_gz_example_description/share/ros_gz_example_description/package.zsh'
[2.077s] Level 1:colcon.colcon_core.environment:create_file_with_runtime_dependencies(/home/natalia/Documents/STUDING/robotix/modul5/ex0302/install/ros_gz_example_description/share/colcon-core/packages/ros_gz_example_description)
[2.079s] Level 1:colcon.colcon_core.environment:create_environment_scripts_only(ros_gz_example_description)
[2.079s] Level 1:colcon.colcon_core.environment:checking '/home/natalia/Documents/STUDING/robotix/modul5/ex0302/install/ros_gz_example_description' for CMake module files
[2.081s] Level 1:colcon.colcon_core.environment:checking '/home/natalia/Documents/STUDING/robotix/modul5/ex0302/install/ros_gz_example_description' for CMake config files
[2.082s] Level 1:colcon.colcon_core.shell:create_environment_hook('ros_gz_example_description', 'cmake_prefix_path')
[2.083s] INFO:colcon.colcon_core.shell:Creating environment hook '/home/natalia/Documents/STUDING/robotix/modul5/ex0302/install/ros_gz_example_description/share/ros_gz_example_description/hook/cmake_prefix_path.ps1'
[2.085s] INFO:colcon.colcon_core.shell:Creating environment descriptor '/home/natalia/Documents/STUDING/robotix/modul5/ex0302/install/ros_gz_example_description/share/ros_gz_example_description/hook/cmake_prefix_path.dsv'
[2.086s] INFO:colcon.colcon_core.shell:Creating environment hook '/home/natalia/Documents/STUDING/robotix/modul5/ex0302/install/ros_gz_example_description/share/ros_gz_example_description/hook/cmake_prefix_path.sh'
[2.088s] Level 1:colcon.colcon_core.environment:checking '/home/natalia/Documents/STUDING/robotix/modul5/ex0302/install/ros_gz_example_description/bin'
[2.088s] Level 1:colcon.colcon_core.environment:checking '/home/natalia/Documents/STUDING/robotix/modul5/ex0302/install/ros_gz_example_description/lib/pkgconfig/ros_gz_example_description.pc'
[2.089s] Level 1:colcon.colcon_core.environment:checking '/home/natalia/Documents/STUDING/robotix/modul5/ex0302/install/ros_gz_example_description/lib/python3.12/site-packages'
[2.091s] Level 1:colcon.colcon_core.environment:checking '/home/natalia/Documents/STUDING/robotix/modul5/ex0302/install/ros_gz_example_description/bin'
[2.092s] INFO:colcon.colcon_core.shell:Creating package script '/home/natalia/Documents/STUDING/robotix/modul5/ex0302/install/ros_gz_example_description/share/ros_gz_example_description/package.ps1'
[2.095s] INFO:colcon.colcon_core.shell:Creating package descriptor '/home/natalia/Documents/STUDING/robotix/modul5/ex0302/install/ros_gz_example_description/share/ros_gz_example_description/package.dsv'
[2.097s] INFO:colcon.colcon_core.shell:Creating package script '/home/natalia/Documents/STUDING/robotix/modul5/ex0302/install/ros_gz_example_description/share/ros_gz_example_description/package.sh'
[2.098s] INFO:colcon.colcon_core.shell:Creating package script '/home/natalia/Documents/STUDING/robotix/modul5/ex0302/install/ros_gz_example_description/share/ros_gz_example_description/package.bash'
[2.100s] INFO:colcon.colcon_core.shell:Creating package script '/home/natalia/Documents/STUDING/robotix/modul5/ex0302/install/ros_gz_example_description/share/ros_gz_example_description/package.zsh'
[2.102s] Level 1:colcon.colcon_core.environment:create_file_with_runtime_dependencies(/home/natalia/Documents/STUDING/robotix/modul5/ex0302/install/ros_gz_example_description/share/colcon-core/packages/ros_gz_example_description)
[2.103s] INFO:colcon.colcon_ros.task.ament_cmake.build:Building ROS package in '/home/natalia/Documents/STUDING/robotix/modul5/ex0302/ros_gz_project_template/ros_gz_example_gazebo' with build type 'ament_cmake'
[2.103s] INFO:colcon.colcon_cmake.task.cmake.build:Building CMake package in '/home/natalia/Documents/STUDING/robotix/modul5/ex0302/ros_gz_project_template/ros_gz_example_gazebo'
[2.104s] INFO:colcon.colcon_core.shell:Skip shell extension 'powershell' for command environment: Not usable outside of PowerShell
[2.104s] DEBUG:colcon.colcon_core.shell:Skip shell extension 'dsv' for command environment
[2.149s] DEBUG:colcon.colcon_core.event_handler.log_command:Invoking command in '/home/natalia/Documents/STUDING/robotix/modul5/ex0302/build/ros_gz_example_gazebo': CMAKE_PREFIX_PATH=/home/natalia/Documents/STUDING/robotix/modul5/ex0302/install/ros_gz_example_description:/home/natalia/Documents/STUDING/robotix/modul5/ex0302/install/ros_gz_example_bringup:/home/natalia/Documents/STUDING/robotix/modul5/ex0302/install/ros_gz_example_gazebo:/home/natalia/Documents/STUDING/robotix/modul5/ex0302/install/ros_gz_example_application:/opt/ros/jazzy/opt/gz_sim_vendor:/opt/ros/jazzy/opt/gz_sensors_vendor:/opt/ros/jazzy/opt/gz_physics_vendor:/opt/ros/jazzy/opt/sdformat_vendor:/opt/ros/jazzy/opt/gz_gui_vendor:/opt/ros/jazzy/opt/gz_transport_vendor:/opt/ros/jazzy/opt/gz_rendering_vendor:/opt/ros/jazzy/opt/gz_plugin_vendor:/opt/ros/jazzy/opt/gz_fuel_tools_vendor:/opt/ros/jazzy/opt/gz_msgs_vendor:/opt/ros/jazzy/opt/gz_common_vendor:/opt/ros/jazzy/opt/gz_math_vendor:/opt/ros/jazzy/opt/gz_utils_vendor:/opt/ros/jazzy/opt/gz_tools_vendor:/opt/ros/jazzy/opt/gz_ogre_next_vendor:/opt/ros/jazzy/opt/gz_dartsim_vendor:/opt/ros/jazzy/opt/gz_cmake_vendor:/opt/ros/jazzy DEBUGINFOD_URLS=https://debuginfod.ubuntu.com GZ_SIM_RESOURCE_PATH=/home/natalia/Documents/STUDING/robotix/modul5/ex0302/install/ros_gz_example_description/share/ros_gz_example_description/models:${GZ_SIM_RESOURCE_PATH} /usr/bin/cmake /home/natalia/Documents/STUDING/robotix/modul5/ex0302/ros_gz_project_template/ros_gz_example_gazebo -DBUILD_TESTING=ON -DCMAKE_INSTALL_PREFIX=/home/natalia/Documents/STUDING/robotix/modul5/ex0302/install/ros_gz_example_gazebo
[11.302s] DEBUG:colcon.colcon_core.event_handler.log_command:Invoked command in '/home/natalia/Documents/STUDING/robotix/modul5/ex0302/build/ros_gz_example_gazebo' returned '0': CMAKE_PREFIX_PATH=/home/natalia/Documents/STUDING/robotix/modul5/ex0302/install/ros_gz_example_description:/home/natalia/Documents/STUDING/robotix/modul5/ex0302/install/ros_gz_example_bringup:/home/natalia/Documents/STUDING/robotix/modul5/ex0302/install/ros_gz_example_gazebo:/home/natalia/Documents/STUDING/robotix/modul5/ex0302/install/ros_gz_example_application:/opt/ros/jazzy/opt/gz_sim_vendor:/opt/ros/jazzy/opt/gz_sensors_vendor:/opt/ros/jazzy/opt/gz_physics_vendor:/opt/ros/jazzy/opt/sdformat_vendor:/opt/ros/jazzy/opt/gz_gui_vendor:/opt/ros/jazzy/opt/gz_transport_vendor:/opt/ros/jazzy/opt/gz_rendering_vendor:/opt/ros/jazzy/opt/gz_plugin_vendor:/opt/ros/jazzy/opt/gz_fuel_tools_vendor:/opt/ros/jazzy/opt/gz_msgs_vendor:/opt/ros/jazzy/opt/gz_common_vendor:/opt/ros/jazzy/opt/gz_math_vendor:/opt/ros/jazzy/opt/gz_utils_vendor:/opt/ros/jazzy/opt/gz_tools_vendor:/opt/ros/jazzy/opt/gz_ogre_next_vendor:/opt/ros/jazzy/opt/gz_dartsim_vendor:/opt/ros/jazzy/opt/gz_cmake_vendor:/opt/ros/jazzy DEBUGINFOD_URLS=https://debuginfod.ubuntu.com GZ_SIM_RESOURCE_PATH=/home/natalia/Documents/STUDING/robotix/modul5/ex0302/install/ros_gz_example_description/share/ros_gz_example_description/models:${GZ_SIM_RESOURCE_PATH} /usr/bin/cmake /home/natalia/Documents/STUDING/robotix/modul5/ex0302/ros_gz_project_template/ros_gz_example_gazebo -DBUILD_TESTING=ON -DCMAKE_INSTALL_PREFIX=/home/natalia/Documents/STUDING/robotix/modul5/ex0302/install/ros_gz_example_gazebo
[11.303s] DEBUG:colcon.colcon_core.event_handler.log_command:Invoking command in '/home/natalia/Documents/STUDING/robotix/modul5/ex0302/build/ros_gz_example_gazebo': CMAKE_PREFIX_PATH=/home/natalia/Documents/STUDING/robotix/modul5/ex0302/install/ros_gz_example_description:/home/natalia/Documents/STUDING/robotix/modul5/ex0302/install/ros_gz_example_bringup:/home/natalia/Documents/STUDING/robotix/modul5/ex0302/install/ros_gz_example_gazebo:/home/natalia/Documents/STUDING/robotix/modul5/ex0302/install/ros_gz_example_application:/opt/ros/jazzy/opt/gz_sim_vendor:/opt/ros/jazzy/opt/gz_sensors_vendor:/opt/ros/jazzy/opt/gz_physics_vendor:/opt/ros/jazzy/opt/sdformat_vendor:/opt/ros/jazzy/opt/gz_gui_vendor:/opt/ros/jazzy/opt/gz_transport_vendor:/opt/ros/jazzy/opt/gz_rendering_vendor:/opt/ros/jazzy/opt/gz_plugin_vendor:/opt/ros/jazzy/opt/gz_fuel_tools_vendor:/opt/ros/jazzy/opt/gz_msgs_vendor:/opt/ros/jazzy/opt/gz_common_vendor:/opt/ros/jazzy/opt/gz_math_vendor:/opt/ros/jazzy/opt/gz_utils_vendor:/opt/ros/jazzy/opt/gz_tools_vendor:/opt/ros/jazzy/opt/gz_ogre_next_vendor:/opt/ros/jazzy/opt/gz_dartsim_vendor:/opt/ros/jazzy/opt/gz_cmake_vendor:/opt/ros/jazzy DEBUGINFOD_URLS=https://debuginfod.ubuntu.com GZ_SIM_RESOURCE_PATH=/home/natalia/Documents/STUDING/robotix/modul5/ex0302/install/ros_gz_example_description/share/ros_gz_example_description/models:${GZ_SIM_RESOURCE_PATH} /usr/bin/cmake --build /home/natalia/Documents/STUDING/robotix/modul5/ex0302/build/ros_gz_example_gazebo -- -j20 -l20
[13.227s] DEBUG:colcon.colcon_core.event_handler.log_command:Invoked command in '/home/natalia/Documents/STUDING/robotix/modul5/ex0302/build/ros_gz_example_gazebo' returned '0': CMAKE_PREFIX_PATH=/home/natalia/Documents/STUDING/robotix/modul5/ex0302/install/ros_gz_example_description:/home/natalia/Documents/STUDING/robotix/modul5/ex0302/install/ros_gz_example_bringup:/home/natalia/Documents/STUDING/robotix/modul5/ex0302/install/ros_gz_example_gazebo:/home/natalia/Documents/STUDING/robotix/modul5/ex0302/install/ros_gz_example_application:/opt/ros/jazzy/opt/gz_sim_vendor:/opt/ros/jazzy/opt/gz_sensors_vendor:/opt/ros/jazzy/opt/gz_physics_vendor:/opt/ros/jazzy/opt/sdformat_vendor:/opt/ros/jazzy/opt/gz_gui_vendor:/opt/ros/jazzy/opt/gz_transport_vendor:/opt/ros/jazzy/opt/gz_rendering_vendor:/opt/ros/jazzy/opt/gz_plugin_vendor:/opt/ros/jazzy/opt/gz_fuel_tools_vendor:/opt/ros/jazzy/opt/gz_msgs_vendor:/opt/ros/jazzy/opt/gz_common_vendor:/opt/ros/jazzy/opt/gz_math_vendor:/opt/ros/jazzy/opt/gz_utils_vendor:/opt/ros/jazzy/opt/gz_tools_vendor:/opt/ros/jazzy/opt/gz_ogre_next_vendor:/opt/ros/jazzy/opt/gz_dartsim_vendor:/opt/ros/jazzy/opt/gz_cmake_vendor:/opt/ros/jazzy DEBUGINFOD_URLS=https://debuginfod.ubuntu.com GZ_SIM_RESOURCE_PATH=/home/natalia/Documents/STUDING/robotix/modul5/ex0302/install/ros_gz_example_description/share/ros_gz_example_description/models:${GZ_SIM_RESOURCE_PATH} /usr/bin/cmake --build /home/natalia/Documents/STUDING/robotix/modul5/ex0302/build/ros_gz_example_gazebo -- -j20 -l20
[13.236s] DEBUG:colcon.colcon_core.event_handler.log_command:Invoking command in '/home/natalia/Documents/STUDING/robotix/modul5/ex0302/build/ros_gz_example_gazebo': CMAKE_PREFIX_PATH=/home/natalia/Documents/STUDING/robotix/modul5/ex0302/install/ros_gz_example_description:/home/natalia/Documents/STUDING/robotix/modul5/ex0302/install/ros_gz_example_bringup:/home/natalia/Documents/STUDING/robotix/modul5/ex0302/install/ros_gz_example_gazebo:/home/natalia/Documents/STUDING/robotix/modul5/ex0302/install/ros_gz_example_application:/opt/ros/jazzy/opt/gz_sim_vendor:/opt/ros/jazzy/opt/gz_sensors_vendor:/opt/ros/jazzy/opt/gz_physics_vendor:/opt/ros/jazzy/opt/sdformat_vendor:/opt/ros/jazzy/opt/gz_gui_vendor:/opt/ros/jazzy/opt/gz_transport_vendor:/opt/ros/jazzy/opt/gz_rendering_vendor:/opt/ros/jazzy/opt/gz_plugin_vendor:/opt/ros/jazzy/opt/gz_fuel_tools_vendor:/opt/ros/jazzy/opt/gz_msgs_vendor:/opt/ros/jazzy/opt/gz_common_vendor:/opt/ros/jazzy/opt/gz_math_vendor:/opt/ros/jazzy/opt/gz_utils_vendor:/opt/ros/jazzy/opt/gz_tools_vendor:/opt/ros/jazzy/opt/gz_ogre_next_vendor:/opt/ros/jazzy/opt/gz_dartsim_vendor:/opt/ros/jazzy/opt/gz_cmake_vendor:/opt/ros/jazzy DEBUGINFOD_URLS=https://debuginfod.ubuntu.com GZ_SIM_RESOURCE_PATH=/home/natalia/Documents/STUDING/robotix/modul5/ex0302/install/ros_gz_example_description/share/ros_gz_example_description/models:${GZ_SIM_RESOURCE_PATH} /usr/bin/cmake --install /home/natalia/Documents/STUDING/robotix/modul5/ex0302/build/ros_gz_example_gazebo
[13.290s] Level 1:colcon.colcon_core.environment:create_environment_scripts_only(ros_gz_example_gazebo)
[13.291s] DEBUG:colcon.colcon_core.event_handler.log_command:Invoked command in '/home/natalia/Documents/STUDING/robotix/modul5/ex0302/build/ros_gz_example_gazebo' returned '0': CMAKE_PREFIX_PATH=/home/natalia/Documents/STUDING/robotix/modul5/ex0302/install/ros_gz_example_description:/home/natalia/Documents/STUDING/robotix/modul5/ex0302/install/ros_gz_example_bringup:/home/natalia/Documents/STUDING/robotix/modul5/ex0302/install/ros_gz_example_gazebo:/home/natalia/Documents/STUDING/robotix/modul5/ex0302/install/ros_gz_example_application:/opt/ros/jazzy/opt/gz_sim_vendor:/opt/ros/jazzy/opt/gz_sensors_vendor:/opt/ros/jazzy/opt/gz_physics_vendor:/opt/ros/jazzy/opt/sdformat_vendor:/opt/ros/jazzy/opt/gz_gui_vendor:/opt/ros/jazzy/opt/gz_transport_vendor:/opt/ros/jazzy/opt/gz_rendering_vendor:/opt/ros/jazzy/opt/gz_plugin_vendor:/opt/ros/jazzy/opt/gz_fuel_tools_vendor:/opt/ros/jazzy/opt/gz_msgs_vendor:/opt/ros/jazzy/opt/gz_common_vendor:/opt/ros/jazzy/opt/gz_math_vendor:/opt/ros/jazzy/opt/gz_utils_vendor:/opt/ros/jazzy/opt/gz_tools_vendor:/opt/ros/jazzy/opt/gz_ogre_next_vendor:/opt/ros/jazzy/opt/gz_dartsim_vendor:/opt/ros/jazzy/opt/gz_cmake_vendor:/opt/ros/jazzy DEBUGINFOD_URLS=https://debuginfod.ubuntu.com GZ_SIM_RESOURCE_PATH=/home/natalia/Documents/STUDING/robotix/modul5/ex0302/install/ros_gz_example_description/share/ros_gz_example_description/models:${GZ_SIM_RESOURCE_PATH} /usr/bin/cmake --install /home/natalia/Documents/STUDING/robotix/modul5/ex0302/build/ros_gz_example_gazebo
[13.292s] Level 1:colcon.colcon_core.environment:checking '/home/natalia/Documents/STUDING/robotix/modul5/ex0302/install/ros_gz_example_gazebo' for CMake module files
[13.294s] Level 1:colcon.colcon_core.environment:checking '/home/natalia/Documents/STUDING/robotix/modul5/ex0302/install/ros_gz_example_gazebo' for CMake config files
[13.295s] Level 1:colcon.colcon_core.shell:create_environment_hook('ros_gz_example_gazebo', 'cmake_prefix_path')
[13.296s] INFO:colcon.colcon_core.shell:Creating environment hook '/home/natalia/Documents/STUDING/robotix/modul5/ex0302/install/ros_gz_example_gazebo/share/ros_gz_example_gazebo/hook/cmake_prefix_path.ps1'
[13.298s] INFO:colcon.colcon_core.shell:Creating environment descriptor '/home/natalia/Documents/STUDING/robotix/modul5/ex0302/install/ros_gz_example_gazebo/share/ros_gz_example_gazebo/hook/cmake_prefix_path.dsv'
[13.299s] INFO:colcon.colcon_core.shell:Creating environment hook '/home/natalia/Documents/STUDING/robotix/modul5/ex0302/install/ros_gz_example_gazebo/share/ros_gz_example_gazebo/hook/cmake_prefix_path.sh'
[13.301s] Level 1:colcon.colcon_core.environment:checking '/home/natalia/Documents/STUDING/robotix/modul5/ex0302/install/ros_gz_example_gazebo/lib'
[13.302s] Level 1:colcon.colcon_core.environment:checking '/home/natalia/Documents/STUDING/robotix/modul5/ex0302/install/ros_gz_example_gazebo/bin'
[13.302s] Level 1:colcon.colcon_core.environment:checking '/home/natalia/Documents/STUDING/robotix/modul5/ex0302/install/ros_gz_example_gazebo/lib/pkgconfig/ros_gz_example_gazebo.pc'
[13.303s] Level 1:colcon.colcon_core.environment:checking '/home/natalia/Documents/STUDING/robotix/modul5/ex0302/install/ros_gz_example_gazebo/lib/python3.12/site-packages'
[13.305s] Level 1:colcon.colcon_core.environment:checking '/home/natalia/Documents/STUDING/robotix/modul5/ex0302/install/ros_gz_example_gazebo/bin'
[13.306s] INFO:colcon.colcon_core.shell:Creating package script '/home/natalia/Documents/STUDING/robotix/modul5/ex0302/install/ros_gz_example_gazebo/share/ros_gz_example_gazebo/package.ps1'
[13.308s] INFO:colcon.colcon_core.shell:Creating package descriptor '/home/natalia/Documents/STUDING/robotix/modul5/ex0302/install/ros_gz_example_gazebo/share/ros_gz_example_gazebo/package.dsv'
[13.309s] INFO:colcon.colcon_core.shell:Creating package script '/home/natalia/Documents/STUDING/robotix/modul5/ex0302/install/ros_gz_example_gazebo/share/ros_gz_example_gazebo/package.sh'
[13.311s] INFO:colcon.colcon_core.shell:Creating package script '/home/natalia/Documents/STUDING/robotix/modul5/ex0302/install/ros_gz_example_gazebo/share/ros_gz_example_gazebo/package.bash'
[13.312s] INFO:colcon.colcon_core.shell:Creating package script '/home/natalia/Documents/STUDING/robotix/modul5/ex0302/install/ros_gz_example_gazebo/share/ros_gz_example_gazebo/package.zsh'
[13.313s] Level 1:colcon.colcon_core.environment:create_file_with_runtime_dependencies(/home/natalia/Documents/STUDING/robotix/modul5/ex0302/install/ros_gz_example_gazebo/share/colcon-core/packages/ros_gz_example_gazebo)
[13.315s] Level 1:colcon.colcon_core.environment:create_environment_scripts_only(ros_gz_example_gazebo)
[13.316s] Level 1:colcon.colcon_core.environment:checking '/home/natalia/Documents/STUDING/robotix/modul5/ex0302/install/ros_gz_example_gazebo' for CMake module files
[13.318s] Level 1:colcon.colcon_core.environment:checking '/home/natalia/Documents/STUDING/robotix/modul5/ex0302/install/ros_gz_example_gazebo' for CMake config files
[13.319s] Level 1:colcon.colcon_core.shell:create_environment_hook('ros_gz_example_gazebo', 'cmake_prefix_path')
[13.320s] INFO:colcon.colcon_core.shell:Creating environment hook '/home/natalia/Documents/STUDING/robotix/modul5/ex0302/install/ros_gz_example_gazebo/share/ros_gz_example_gazebo/hook/cmake_prefix_path.ps1'
[13.322s] INFO:colcon.colcon_core.shell:Creating environment descriptor '/home/natalia/Documents/STUDING/robotix/modul5/ex0302/install/ros_gz_example_gazebo/share/ros_gz_example_gazebo/hook/cmake_prefix_path.dsv'
[13.323s] INFO:colcon.colcon_core.shell:Creating environment hook '/home/natalia/Documents/STUDING/robotix/modul5/ex0302/install/ros_gz_example_gazebo/share/ros_gz_example_gazebo/hook/cmake_prefix_path.sh'
[13.325s] Level 1:colcon.colcon_core.environment:checking '/home/natalia/Documents/STUDING/robotix/modul5/ex0302/install/ros_gz_example_gazebo/lib'
[13.326s] Level 1:colcon.colcon_core.environment:checking '/home/natalia/Documents/STUDING/robotix/modul5/ex0302/install/ros_gz_example_gazebo/bin'
[13.326s] Level 1:colcon.colcon_core.environment:checking '/home/natalia/Documents/STUDING/robotix/modul5/ex0302/install/ros_gz_example_gazebo/lib/pkgconfig/ros_gz_example_gazebo.pc'
[13.327s] Level 1:colcon.colcon_core.environment:checking '/home/natalia/Documents/STUDING/robotix/modul5/ex0302/install/ros_gz_example_gazebo/lib/python3.12/site-packages'
[13.329s] Level 1:colcon.colcon_core.environment:checking '/home/natalia/Documents/STUDING/robotix/modul5/ex0302/install/ros_gz_example_gazebo/bin'
[13.330s] INFO:colcon.colcon_core.shell:Creating package script '/home/natalia/Documents/STUDING/robotix/modul5/ex0302/install/ros_gz_example_gazebo/share/ros_gz_example_gazebo/package.ps1'
[13.332s] INFO:colcon.colcon_core.shell:Creating package descriptor '/home/natalia/Documents/STUDING/robotix/modul5/ex0302/install/ros_gz_example_gazebo/share/ros_gz_example_gazebo/package.dsv'
[13.334s] INFO:colcon.colcon_core.shell:Creating package script '/home/natalia/Documents/STUDING/robotix/modul5/ex0302/install/ros_gz_example_gazebo/share/ros_gz_example_gazebo/package.sh'
[13.335s] INFO:colcon.colcon_core.shell:Creating package script '/home/natalia/Documents/STUDING/robotix/modul5/ex0302/install/ros_gz_example_gazebo/share/ros_gz_example_gazebo/package.bash'
[13.337s] INFO:colcon.colcon_core.shell:Creating package script '/home/natalia/Documents/STUDING/robotix/modul5/ex0302/install/ros_gz_example_gazebo/share/ros_gz_example_gazebo/package.zsh'
[13.338s] Level 1:colcon.colcon_core.environment:create_file_with_runtime_dependencies(/home/natalia/Documents/STUDING/robotix/modul5/ex0302/install/ros_gz_example_gazebo/share/colcon-core/packages/ros_gz_example_gazebo)
[13.339s] INFO:colcon.colcon_ros.task.ament_cmake.build:Building ROS package in '/home/natalia/Documents/STUDING/robotix/modul5/ex0302/ros_gz_project_template/ros_gz_example_bringup' with build type 'ament_cmake'
[13.340s] INFO:colcon.colcon_cmake.task.cmake.build:Building CMake package in '/home/natalia/Documents/STUDING/robotix/modul5/ex0302/ros_gz_project_template/ros_gz_example_bringup'
[13.340s] INFO:colcon.colcon_core.shell:Skip shell extension 'powershell' for command environment: Not usable outside of PowerShell
[13.341s] DEBUG:colcon.colcon_core.shell:Skip shell extension 'dsv' for command environment
[13.390s] DEBUG:colcon.colcon_core.event_handler.log_command:Invoking command in '/home/natalia/Documents/STUDING/robotix/modul5/ex0302/build/ros_gz_example_bringup': CMAKE_PREFIX_PATH=/home/natalia/Documents/STUDING/robotix/modul5/ex0302/install/ros_gz_example_gazebo:/home/natalia/Documents/STUDING/robotix/modul5/ex0302/install/ros_gz_example_description:/home/natalia/Documents/STUDING/robotix/modul5/ex0302/install/ros_gz_example_bringup:/home/natalia/Documents/STUDING/robotix/modul5/ex0302/install/ros_gz_example_application:/opt/ros/jazzy/opt/gz_sim_vendor:/opt/ros/jazzy/opt/gz_sensors_vendor:/opt/ros/jazzy/opt/gz_physics_vendor:/opt/ros/jazzy/opt/sdformat_vendor:/opt/ros/jazzy/opt/gz_gui_vendor:/opt/ros/jazzy/opt/gz_transport_vendor:/opt/ros/jazzy/opt/gz_rendering_vendor:/opt/ros/jazzy/opt/gz_plugin_vendor:/opt/ros/jazzy/opt/gz_fuel_tools_vendor:/opt/ros/jazzy/opt/gz_msgs_vendor:/opt/ros/jazzy/opt/gz_common_vendor:/opt/ros/jazzy/opt/gz_math_vendor:/opt/ros/jazzy/opt/gz_utils_vendor:/opt/ros/jazzy/opt/gz_tools_vendor:/opt/ros/jazzy/opt/gz_ogre_next_vendor:/opt/ros/jazzy/opt/gz_dartsim_vendor:/opt/ros/jazzy/opt/gz_cmake_vendor:/opt/ros/jazzy DEBUGINFOD_URLS=https://debuginfod.ubuntu.com GZ_SIM_PLUGIN_PATH=/home/natalia/Documents/STUDING/robotix/modul5/ex0302/install/ros_gz_example_gazebo/lib/ros_gz_example_gazebo GZ_SIM_RESOURCE_PATH=/home/natalia/Documents/STUDING/robotix/modul5/ex0302/install/ros_gz_example_description/share/ros_gz_example_description/models:${GZ_SIM_RESOURCE_PATH} /usr/bin/cmake /home/natalia/Documents/STUDING/robotix/modul5/ex0302/ros_gz_project_template/ros_gz_example_bringup -DBUILD_TESTING=ON -DCMAKE_INSTALL_PREFIX=/home/natalia/Documents/STUDING/robotix/modul5/ex0302/install/ros_gz_example_bringup
[16.267s] DEBUG:colcon.colcon_core.event_handler.log_command:Invoked command in '/home/natalia/Documents/STUDING/robotix/modul5/ex0302/build/ros_gz_example_bringup' returned '0': CMAKE_PREFIX_PATH=/home/natalia/Documents/STUDING/robotix/modul5/ex0302/install/ros_gz_example_gazebo:/home/natalia/Documents/STUDING/robotix/modul5/ex0302/install/ros_gz_example_description:/home/natalia/Documents/STUDING/robotix/modul5/ex0302/install/ros_gz_example_bringup:/home/natalia/Documents/STUDING/robotix/modul5/ex0302/install/ros_gz_example_application:/opt/ros/jazzy/opt/gz_sim_vendor:/opt/ros/jazzy/opt/gz_sensors_vendor:/opt/ros/jazzy/opt/gz_physics_vendor:/opt/ros/jazzy/opt/sdformat_vendor:/opt/ros/jazzy/opt/gz_gui_vendor:/opt/ros/jazzy/opt/gz_transport_vendor:/opt/ros/jazzy/opt/gz_rendering_vendor:/opt/ros/jazzy/opt/gz_plugin_vendor:/opt/ros/jazzy/opt/gz_fuel_tools_vendor:/opt/ros/jazzy/opt/gz_msgs_vendor:/opt/ros/jazzy/opt/gz_common_vendor:/opt/ros/jazzy/opt/gz_math_vendor:/opt/ros/jazzy/opt/gz_utils_vendor:/opt/ros/jazzy/opt/gz_tools_vendor:/opt/ros/jazzy/opt/gz_ogre_next_vendor:/opt/ros/jazzy/opt/gz_dartsim_vendor:/opt/ros/jazzy/opt/gz_cmake_vendor:/opt/ros/jazzy DEBUGINFOD_URLS=https://debuginfod.ubuntu.com GZ_SIM_PLUGIN_PATH=/home/natalia/Documents/STUDING/robotix/modul5/ex0302/install/ros_gz_example_gazebo/lib/ros_gz_example_gazebo GZ_SIM_RESOURCE_PATH=/home/natalia/Documents/STUDING/robotix/modul5/ex0302/install/ros_gz_example_description/share/ros_gz_example_description/models:${GZ_SIM_RESOURCE_PATH} /usr/bin/cmake /home/natalia/Documents/STUDING/robotix/modul5/ex0302/ros_gz_project_template/ros_gz_example_bringup -DBUILD_TESTING=ON -DCMAKE_INSTALL_PREFIX=/home/natalia/Documents/STUDING/robotix/modul5/ex0302/install/ros_gz_example_bringup
[16.272s] DEBUG:colcon.colcon_core.event_handler.log_command:Invoking command in '/home/natalia/Documents/STUDING/robotix/modul5/ex0302/build/ros_gz_example_bringup': CMAKE_PREFIX_PATH=/home/natalia/Documents/STUDING/robotix/modul5/ex0302/install/ros_gz_example_gazebo:/home/natalia/Documents/STUDING/robotix/modul5/ex0302/install/ros_gz_example_description:/home/natalia/Documents/STUDING/robotix/modul5/ex0302/install/ros_gz_example_bringup:/home/natalia/Documents/STUDING/robotix/modul5/ex0302/install/ros_gz_example_application:/opt/ros/jazzy/opt/gz_sim_vendor:/opt/ros/jazzy/opt/gz_sensors_vendor:/opt/ros/jazzy/opt/gz_physics_vendor:/opt/ros/jazzy/opt/sdformat_vendor:/opt/ros/jazzy/opt/gz_gui_vendor:/opt/ros/jazzy/opt/gz_transport_vendor:/opt/ros/jazzy/opt/gz_rendering_vendor:/opt/ros/jazzy/opt/gz_plugin_vendor:/opt/ros/jazzy/opt/gz_fuel_tools_vendor:/opt/ros/jazzy/opt/gz_msgs_vendor:/opt/ros/jazzy/opt/gz_common_vendor:/opt/ros/jazzy/opt/gz_math_vendor:/opt/ros/jazzy/opt/gz_utils_vendor:/opt/ros/jazzy/opt/gz_tools_vendor:/opt/ros/jazzy/opt/gz_ogre_next_vendor:/opt/ros/jazzy/opt/gz_dartsim_vendor:/opt/ros/jazzy/opt/gz_cmake_vendor:/opt/ros/jazzy DEBUGINFOD_URLS=https://debuginfod.ubuntu.com GZ_SIM_PLUGIN_PATH=/home/natalia/Documents/STUDING/robotix/modul5/ex0302/install/ros_gz_example_gazebo/lib/ros_gz_example_gazebo GZ_SIM_RESOURCE_PATH=/home/natalia/Documents/STUDING/robotix/modul5/ex0302/install/ros_gz_example_description/share/ros_gz_example_description/models:${GZ_SIM_RESOURCE_PATH} /usr/bin/cmake --build /home/natalia/Documents/STUDING/robotix/modul5/ex0302/build/ros_gz_example_bringup -- -j20 -l20
[16.463s] DEBUG:colcon.colcon_core.event_handler.log_command:Invoked command in '/home/natalia/Documents/STUDING/robotix/modul5/ex0302/build/ros_gz_example_bringup' returned '0': CMAKE_PREFIX_PATH=/home/natalia/Documents/STUDING/robotix/modul5/ex0302/install/ros_gz_example_gazebo:/home/natalia/Documents/STUDING/robotix/modul5/ex0302/install/ros_gz_example_description:/home/natalia/Documents/STUDING/robotix/modul5/ex0302/install/ros_gz_example_bringup:/home/natalia/Documents/STUDING/robotix/modul5/ex0302/install/ros_gz_example_application:/opt/ros/jazzy/opt/gz_sim_vendor:/opt/ros/jazzy/opt/gz_sensors_vendor:/opt/ros/jazzy/opt/gz_physics_vendor:/opt/ros/jazzy/opt/sdformat_vendor:/opt/ros/jazzy/opt/gz_gui_vendor:/opt/ros/jazzy/opt/gz_transport_vendor:/opt/ros/jazzy/opt/gz_rendering_vendor:/opt/ros/jazzy/opt/gz_plugin_vendor:/opt/ros/jazzy/opt/gz_fuel_tools_vendor:/opt/ros/jazzy/opt/gz_msgs_vendor:/opt/ros/jazzy/opt/gz_common_vendor:/opt/ros/jazzy/opt/gz_math_vendor:/opt/ros/jazzy/opt/gz_utils_vendor:/opt/ros/jazzy/opt/gz_tools_vendor:/opt/ros/jazzy/opt/gz_ogre_next_vendor:/opt/ros/jazzy/opt/gz_dartsim_vendor:/opt/ros/jazzy/opt/gz_cmake_vendor:/opt/ros/jazzy DEBUGINFOD_URLS=https://debuginfod.ubuntu.com GZ_SIM_PLUGIN_PATH=/home/natalia/Documents/STUDING/robotix/modul5/ex0302/install/ros_gz_example_gazebo/lib/ros_gz_example_gazebo GZ_SIM_RESOURCE_PATH=/home/natalia/Documents/STUDING/robotix/modul5/ex0302/install/ros_gz_example_description/share/ros_gz_example_description/models:${GZ_SIM_RESOURCE_PATH} /usr/bin/cmake --build /home/natalia/Documents/STUDING/robotix/modul5/ex0302/build/ros_gz_example_bringup -- -j20 -l20
[16.468s] DEBUG:colcon.colcon_core.event_handler.log_command:Invoking command in '/home/natalia/Documents/STUDING/robotix/modul5/ex0302/build/ros_gz_example_bringup': CMAKE_PREFIX_PATH=/home/natalia/Documents/STUDING/robotix/modul5/ex0302/install/ros_gz_example_gazebo:/home/natalia/Documents/STUDING/robotix/modul5/ex0302/install/ros_gz_example_description:/home/natalia/Documents/STUDING/robotix/modul5/ex0302/install/ros_gz_example_bringup:/home/natalia/Documents/STUDING/robotix/modul5/ex0302/install/ros_gz_example_application:/opt/ros/jazzy/opt/gz_sim_vendor:/opt/ros/jazzy/opt/gz_sensors_vendor:/opt/ros/jazzy/opt/gz_physics_vendor:/opt/ros/jazzy/opt/sdformat_vendor:/opt/ros/jazzy/opt/gz_gui_vendor:/opt/ros/jazzy/opt/gz_transport_vendor:/opt/ros/jazzy/opt/gz_rendering_vendor:/opt/ros/jazzy/opt/gz_plugin_vendor:/opt/ros/jazzy/opt/gz_fuel_tools_vendor:/opt/ros/jazzy/opt/gz_msgs_vendor:/opt/ros/jazzy/opt/gz_common_vendor:/opt/ros/jazzy/opt/gz_math_vendor:/opt/ros/jazzy/opt/gz_utils_vendor:/opt/ros/jazzy/opt/gz_tools_vendor:/opt/ros/jazzy/opt/gz_ogre_next_vendor:/opt/ros/jazzy/opt/gz_dartsim_vendor:/opt/ros/jazzy/opt/gz_cmake_vendor:/opt/ros/jazzy DEBUGINFOD_URLS=https://debuginfod.ubuntu.com GZ_SIM_PLUGIN_PATH=/home/natalia/Documents/STUDING/robotix/modul5/ex0302/install/ros_gz_example_gazebo/lib/ros_gz_example_gazebo GZ_SIM_RESOURCE_PATH=/home/natalia/Documents/STUDING/robotix/modul5/ex0302/install/ros_gz_example_description/share/ros_gz_example_description/models:${GZ_SIM_RESOURCE_PATH} /usr/bin/cmake --install /home/natalia/Documents/STUDING/robotix/modul5/ex0302/build/ros_gz_example_bringup
[16.524s] Level 1:colcon.colcon_core.environment:create_environment_scripts_only(ros_gz_example_bringup)
[16.525s] Level 1:colcon.colcon_core.environment:checking '/home/natalia/Documents/STUDING/robotix/modul5/ex0302/install/ros_gz_example_bringup' for CMake module files
[16.528s] DEBUG:colcon.colcon_core.event_handler.log_command:Invoked command in '/home/natalia/Documents/STUDING/robotix/modul5/ex0302/build/ros_gz_example_bringup' returned '0': CMAKE_PREFIX_PATH=/home/natalia/Documents/STUDING/robotix/modul5/ex0302/install/ros_gz_example_gazebo:/home/natalia/Documents/STUDING/robotix/modul5/ex0302/install/ros_gz_example_description:/home/natalia/Documents/STUDING/robotix/modul5/ex0302/install/ros_gz_example_bringup:/home/natalia/Documents/STUDING/robotix/modul5/ex0302/install/ros_gz_example_application:/opt/ros/jazzy/opt/gz_sim_vendor:/opt/ros/jazzy/opt/gz_sensors_vendor:/opt/ros/jazzy/opt/gz_physics_vendor:/opt/ros/jazzy/opt/sdformat_vendor:/opt/ros/jazzy/opt/gz_gui_vendor:/opt/ros/jazzy/opt/gz_transport_vendor:/opt/ros/jazzy/opt/gz_rendering_vendor:/opt/ros/jazzy/opt/gz_plugin_vendor:/opt/ros/jazzy/opt/gz_fuel_tools_vendor:/opt/ros/jazzy/opt/gz_msgs_vendor:/opt/ros/jazzy/opt/gz_common_vendor:/opt/ros/jazzy/opt/gz_math_vendor:/opt/ros/jazzy/opt/gz_utils_vendor:/opt/ros/jazzy/opt/gz_tools_vendor:/opt/ros/jazzy/opt/gz_ogre_next_vendor:/opt/ros/jazzy/opt/gz_dartsim_vendor:/opt/ros/jazzy/opt/gz_cmake_vendor:/opt/ros/jazzy DEBUGINFOD_URLS=https://debuginfod.ubuntu.com GZ_SIM_PLUGIN_PATH=/home/natalia/Documents/STUDING/robotix/modul5/ex0302/install/ros_gz_example_gazebo/lib/ros_gz_example_gazebo GZ_SIM_RESOURCE_PATH=/home/natalia/Documents/STUDING/robotix/modul5/ex0302/install/ros_gz_example_description/share/ros_gz_example_description/models:${GZ_SIM_RESOURCE_PATH} /usr/bin/cmake --install /home/natalia/Documents/STUDING/robotix/modul5/ex0302/build/ros_gz_example_bringup
[16.530s] Level 1:colcon.colcon_core.environment:checking '/home/natalia/Documents/STUDING/robotix/modul5/ex0302/install/ros_gz_example_bringup' for CMake config files
[16.531s] Level 1:colcon.colcon_core.shell:create_environment_hook('ros_gz_example_bringup', 'cmake_prefix_path')
[16.532s] INFO:colcon.colcon_core.shell:Creating environment hook '/home/natalia/Documents/STUDING/robotix/modul5/ex0302/install/ros_gz_example_bringup/share/ros_gz_example_bringup/hook/cmake_prefix_path.ps1'
[16.534s] INFO:colcon.colcon_core.shell:Creating environment descriptor '/home/natalia/Documents/STUDING/robotix/modul5/ex0302/install/ros_gz_example_bringup/share/ros_gz_example_bringup/hook/cmake_prefix_path.dsv'
[16.535s] INFO:colcon.colcon_core.shell:Creating environment hook '/home/natalia/Documents/STUDING/robotix/modul5/ex0302/install/ros_gz_example_bringup/share/ros_gz_example_bringup/hook/cmake_prefix_path.sh'
[16.537s] Level 1:colcon.colcon_core.environment:checking '/home/natalia/Documents/STUDING/robotix/modul5/ex0302/install/ros_gz_example_bringup/bin'
[16.538s] Level 1:colcon.colcon_core.environment:checking '/home/natalia/Documents/STUDING/robotix/modul5/ex0302/install/ros_gz_example_bringup/lib/pkgconfig/ros_gz_example_bringup.pc'
[16.539s] Level 1:colcon.colcon_core.environment:checking '/home/natalia/Documents/STUDING/robotix/modul5/ex0302/install/ros_gz_example_bringup/lib/python3.12/site-packages'
[16.540s] Level 1:colcon.colcon_core.environment:checking '/home/natalia/Documents/STUDING/robotix/modul5/ex0302/install/ros_gz_example_bringup/bin'
[16.541s] INFO:colcon.colcon_core.shell:Creating package script '/home/natalia/Documents/STUDING/robotix/modul5/ex0302/install/ros_gz_example_bringup/share/ros_gz_example_bringup/package.ps1'
[16.543s] INFO:colcon.colcon_core.shell:Creating package descriptor '/home/natalia/Documents/STUDING/robotix/modul5/ex0302/install/ros_gz_example_bringup/share/ros_gz_example_bringup/package.dsv'
[16.545s] INFO:colcon.colcon_core.shell:Creating package script '/home/natalia/Documents/STUDING/robotix/modul5/ex0302/install/ros_gz_example_bringup/share/ros_gz_example_bringup/package.sh'
[16.547s] INFO:colcon.colcon_core.shell:Creating package script '/home/natalia/Documents/STUDING/robotix/modul5/ex0302/install/ros_gz_example_bringup/share/ros_gz_example_bringup/package.bash'
[16.548s] INFO:colcon.colcon_core.shell:Creating package script '/home/natalia/Documents/STUDING/robotix/modul5/ex0302/install/ros_gz_example_bringup/share/ros_gz_example_bringup/package.zsh'
[16.549s] Level 1:colcon.colcon_core.environment:create_file_with_runtime_dependencies(/home/natalia/Documents/STUDING/robotix/modul5/ex0302/install/ros_gz_example_bringup/share/colcon-core/packages/ros_gz_example_bringup)
[16.551s] Level 1:colcon.colcon_core.environment:create_environment_scripts_only(ros_gz_example_bringup)
[16.552s] Level 1:colcon.colcon_core.environment:checking '/home/natalia/Documents/STUDING/robotix/modul5/ex0302/install/ros_gz_example_bringup' for CMake module files
[16.554s] Level 1:colcon.colcon_core.environment:checking '/home/natalia/Documents/STUDING/robotix/modul5/ex0302/install/ros_gz_example_bringup' for CMake config files
[16.555s] Level 1:colcon.colcon_core.shell:create_environment_hook('ros_gz_example_bringup', 'cmake_prefix_path')
[16.555s] INFO:colcon.colcon_core.shell:Creating environment hook '/home/natalia/Documents/STUDING/robotix/modul5/ex0302/install/ros_gz_example_bringup/share/ros_gz_example_bringup/hook/cmake_prefix_path.ps1'
[16.557s] INFO:colcon.colcon_core.shell:Creating environment descriptor '/home/natalia/Documents/STUDING/robotix/modul5/ex0302/install/ros_gz_example_bringup/share/ros_gz_example_bringup/hook/cmake_prefix_path.dsv'
[16.558s] INFO:colcon.colcon_core.shell:Creating environment hook '/home/natalia/Documents/STUDING/robotix/modul5/ex0302/install/ros_gz_example_bringup/share/ros_gz_example_bringup/hook/cmake_prefix_path.sh'
[16.561s] Level 1:colcon.colcon_core.environment:checking '/home/natalia/Documents/STUDING/robotix/modul5/ex0302/install/ros_gz_example_bringup/bin'
[16.561s] Level 1:colcon.colcon_core.environment:checking '/home/natalia/Documents/STUDING/robotix/modul5/ex0302/install/ros_gz_example_bringup/lib/pkgconfig/ros_gz_example_bringup.pc'
[16.562s] Level 1:colcon.colcon_core.environment:checking '/home/natalia/Documents/STUDING/robotix/modul5/ex0302/install/ros_gz_example_bringup/lib/python3.12/site-packages'
[16.564s] Level 1:colcon.colcon_core.environment:checking '/home/natalia/Documents/STUDING/robotix/modul5/ex0302/install/ros_gz_example_bringup/bin'
[16.565s] INFO:colcon.colcon_core.shell:Creating package script '/home/natalia/Documents/STUDING/robotix/modul5/ex0302/install/ros_gz_example_bringup/share/ros_gz_example_bringup/package.ps1'
[16.567s] INFO:colcon.colcon_core.shell:Creating package descriptor '/home/natalia/Documents/STUDING/robotix/modul5/ex0302/install/ros_gz_example_bringup/share/ros_gz_example_bringup/package.dsv'
[16.569s] INFO:colcon.colcon_core.shell:Creating package script '/home/natalia/Documents/STUDING/robotix/modul5/ex0302/install/ros_gz_example_bringup/share/ros_gz_example_bringup/package.sh'
[16.571s] INFO:colcon.colcon_core.shell:Creating package script '/home/natalia/Documents/STUDING/robotix/modul5/ex0302/install/ros_gz_example_bringup/share/ros_gz_example_bringup/package.bash'
[16.572s] INFO:colcon.colcon_core.shell:Creating package script '/home/natalia/Documents/STUDING/robotix/modul5/ex0302/install/ros_gz_example_bringup/share/ros_gz_example_bringup/package.zsh'
[16.574s] Level 1:colcon.colcon_core.environment:create_file_with_runtime_dependencies(/home/natalia/Documents/STUDING/robotix/modul5/ex0302/install/ros_gz_example_bringup/share/colcon-core/packages/ros_gz_example_bringup)
[16.575s] DEBUG:colcon.colcon_parallel_executor.executor.parallel:closing loop
[16.577s] DEBUG:colcon.colcon_parallel_executor.executor.parallel:loop closed
[16.579s] DEBUG:colcon.colcon_parallel_executor.executor.parallel:run_until_complete finished with '0'
[16.579s] DEBUG:colcon.colcon_core.event_reactor:joining thread
[16.604s] INFO:colcon.colcon_core.plugin_system:Skipping extension 'colcon_notification.desktop_notification.terminal_notifier': Not used on non-Darwin systems
[16.604s] INFO:colcon.colcon_core.plugin_system:Skipping extension 'colcon_notification.desktop_notification.win32': Not used on non-Windows systems
[16.605s] INFO:colcon.colcon_notification.desktop_notification:Sending desktop notification using 'notify2'
[16.698s] DEBUG:colcon.colcon_core.event_reactor:joined thread
[16.699s] INFO:colcon.colcon_core.shell:Creating prefix script '/home/natalia/Documents/STUDING/robotix/modul5/ex0302/install/local_setup.ps1'
[16.702s] INFO:colcon.colcon_core.shell:Creating prefix util module '/home/natalia/Documents/STUDING/robotix/modul5/ex0302/install/_local_setup_util_ps1.py'
[16.707s] INFO:colcon.colcon_core.shell:Creating prefix chain script '/home/natalia/Documents/STUDING/robotix/modul5/ex0302/install/setup.ps1'
[16.712s] INFO:colcon.colcon_core.shell:Creating prefix script '/home/natalia/Documents/STUDING/robotix/modul5/ex0302/install/local_setup.sh'
[16.714s] INFO:colcon.colcon_core.shell:Creating prefix util module '/home/natalia/Documents/STUDING/robotix/modul5/ex0302/install/_local_setup_util_sh.py'
[16.716s] INFO:colcon.colcon_core.shell:Creating prefix chain script '/home/natalia/Documents/STUDING/robotix/modul5/ex0302/install/setup.sh'
[16.721s] INFO:colcon.colcon_core.shell:Creating prefix script '/home/natalia/Documents/STUDING/robotix/modul5/ex0302/install/local_setup.bash'
[16.722s] INFO:colcon.colcon_core.shell:Creating prefix chain script '/home/natalia/Documents/STUDING/robotix/modul5/ex0302/install/setup.bash'
[16.726s] INFO:colcon.colcon_core.shell:Creating prefix script '/home/natalia/Documents/STUDING/robotix/modul5/ex0302/install/local_setup.zsh'
[16.728s] INFO:colcon.colcon_core.shell:Creating prefix chain script '/home/natalia/Documents/STUDING/robotix/modul5/ex0302/install/setup.zsh'
