[0.006s] Invoking command in '/home/natalia/Documents/STUDING/robotix/modul6/ex01/build/ros_gz_example_application': CMAKE_PREFIX_PATH=${CMAKE_PREFIX_PATH}:/opt/ros/jazzy DEBUGINFOD_URLS=https://debuginfod.ubuntu.com /usr/bin/cmake /home/natalia/Documents/STUDING/robotix/modul6/ex01/ros_gz_project_template/ros_gz_example_application -DCMAKE_INSTALL_PREFIX=/home/natalia/Documents/STUDING/robotix/modul6/ex01/install/ros_gz_example_application
[0.064s] -- The C compiler identification is GNU 13.3.0
[0.104s] -- The CXX compiler identification is GNU 13.3.0
[0.118s] -- Detecting C compiler ABI info
[0.189s] -- Detecting C compiler ABI info - done
[0.194s] -- Check for working C compiler: /usr/bin/cc - skipped
[0.194s] -- Detecting C compile features
[0.194s] -- Detecting C compile features - done
[0.202s] -- Detecting CXX compiler ABI info
[0.273s] -- Detecting CXX compiler ABI info - done
[0.279s] -- Check for working CXX compiler: /usr/bin/c++ - skipped
[0.280s] -- Detecting CXX compile features
[0.280s] -- Detecting CXX compile features - done
[0.282s] -- Found ament_cmake: 2.5.4 (/opt/ros/jazzy/share/ament_cmake/cmake)
[0.388s] -- Found Python3: /usr/bin/python3 (found version "3.12.3") found components: Interpreter 
[0.523s] -- Configuring done (0.5s)
[0.525s] -- Generating done (0.0s)
[0.526s] -- Build files have been written to: /home/natalia/Documents/STUDING/robotix/modul6/ex01/build/ros_gz_example_application
[0.529s] Invoked command in '/home/natalia/Documents/STUDING/robotix/modul6/ex01/build/ros_gz_example_application' returned '0': CMAKE_PREFIX_PATH=${CMAKE_PREFIX_PATH}:/opt/ros/jazzy DEBUGINFOD_URLS=https://debuginfod.ubuntu.com /usr/bin/cmake /home/natalia/Documents/STUDING/robotix/modul6/ex01/ros_gz_project_template/ros_gz_example_application -DCMAKE_INSTALL_PREFIX=/home/natalia/Documents/STUDING/robotix/modul6/ex01/install/ros_gz_example_application
[0.530s] Invoking command in '/home/natalia/Documents/STUDING/robotix/modul6/ex01/build/ros_gz_example_application': CMAKE_PREFIX_PATH=${CMAKE_PREFIX_PATH}:/opt/ros/jazzy DEBUGINFOD_URLS=https://debuginfod.ubuntu.com /usr/bin/cmake --build /home/natalia/Documents/STUDING/robotix/modul6/ex01/build/ros_gz_example_application -- -j20 -l20
[0.567s] Invoked command in '/home/natalia/Documents/STUDING/robotix/modul6/ex01/build/ros_gz_example_application' returned '0': CMAKE_PREFIX_PATH=${CMAKE_PREFIX_PATH}:/opt/ros/jazzy DEBUGINFOD_URLS=https://debuginfod.ubuntu.com /usr/bin/cmake --build /home/natalia/Documents/STUDING/robotix/modul6/ex01/build/ros_gz_example_application -- -j20 -l20
[0.567s] Invoking command in '/home/natalia/Documents/STUDING/robotix/modul6/ex01/build/ros_gz_example_application': CMAKE_PREFIX_PATH=${CMAKE_PREFIX_PATH}:/opt/ros/jazzy DEBUGINFOD_URLS=https://debuginfod.ubuntu.com /usr/bin/cmake --install /home/natalia/Documents/STUDING/robotix/modul6/ex01/build/ros_gz_example_application
[0.574s] -- Install configuration: ""
[0.574s] -- Installing: /home/natalia/Documents/STUDING/robotix/modul6/ex01/install/ros_gz_example_application/share/ament_index/resource_index/package_run_dependencies/ros_gz_example_application
[0.574s] -- Installing: /home/natalia/Documents/STUDING/robotix/modul6/ex01/install/ros_gz_example_application/share/ament_index/resource_index/parent_prefix_path/ros_gz_example_application
[0.574s] -- Installing: /home/natalia/Documents/STUDING/robotix/modul6/ex01/install/ros_gz_example_application/share/ros_gz_example_application/environment/ament_prefix_path.sh
[0.574s] -- Installing: /home/natalia/Documents/STUDING/robotix/modul6/ex01/install/ros_gz_example_application/share/ros_gz_example_application/environment/ament_prefix_path.dsv
[0.574s] -- Installing: /home/natalia/Documents/STUDING/robotix/modul6/ex01/install/ros_gz_example_application/share/ros_gz_example_application/environment/path.sh
[0.574s] -- Installing: /home/natalia/Documents/STUDING/robotix/modul6/ex01/install/ros_gz_example_application/share/ros_gz_example_application/environment/path.dsv
[0.574s] -- Installing: /home/natalia/Documents/STUDING/robotix/modul6/ex01/install/ros_gz_example_application/share/ros_gz_example_application/local_setup.bash
[0.574s] -- Installing: /home/natalia/Documents/STUDING/robotix/modul6/ex01/install/ros_gz_example_application/share/ros_gz_example_application/local_setup.sh
[0.574s] -- Installing: /home/natalia/Documents/STUDING/robotix/modul6/ex01/install/ros_gz_example_application/share/ros_gz_example_application/local_setup.zsh
[0.574s] -- Installing: /home/natalia/Documents/STUDING/robotix/modul6/ex01/install/ros_gz_example_application/share/ros_gz_example_application/local_setup.dsv
[0.574s] -- Installing: /home/natalia/Documents/STUDING/robotix/modul6/ex01/install/ros_gz_example_application/share/ros_gz_example_application/package.dsv
[0.574s] -- Installing: /home/natalia/Documents/STUDING/robotix/modul6/ex01/install/ros_gz_example_application/share/ament_index/resource_index/packages/ros_gz_example_application
[0.574s] -- Installing: /home/natalia/Documents/STUDING/robotix/modul6/ex01/install/ros_gz_example_application/share/ros_gz_example_application/cmake/ros_gz_example_applicationConfig.cmake
[0.574s] -- Installing: /home/natalia/Documents/STUDING/robotix/modul6/ex01/install/ros_gz_example_application/share/ros_gz_example_application/cmake/ros_gz_example_applicationConfig-version.cmake
[0.574s] -- Installing: /home/natalia/Documents/STUDING/robotix/modul6/ex01/install/ros_gz_example_application/share/ros_gz_example_application/package.xml
[0.584s] Invoked command in '/home/natalia/Documents/STUDING/robotix/modul6/ex01/build/ros_gz_example_application' returned '0': CMAKE_PREFIX_PATH=${CMAKE_PREFIX_PATH}:/opt/ros/jazzy DEBUGINFOD_URLS=https://debuginfod.ubuntu.com /usr/bin/cmake --install /home/natalia/Documents/STUDING/robotix/modul6/ex01/build/ros_gz_example_application
