[0.039s] Invoking command in '/home/natalia/Documents/STUDING/robotix/modul6/ex03/build/ros_gz_example_gazebo': AMENT_PREFIX_PATH=/home/natalia/Documents/STUDING/robotix/modul6/ex03/install/ros_gz_example_description:${AMENT_PREFIX_PATH} CMAKE_PREFIX_PATH=/home/natalia/Documents/STUDING/robotix/modul6/ex03/install/ros_gz_example_description:/opt/ros/jazzy/opt/gz_sim_vendor:/opt/ros/jazzy/opt/gz_sensors_vendor:/opt/ros/jazzy/opt/gz_physics_vendor:/opt/ros/jazzy/opt/sdformat_vendor:/opt/ros/jazzy/opt/gz_gui_vendor:/opt/ros/jazzy/opt/gz_transport_vendor:/opt/ros/jazzy/opt/gz_rendering_vendor:/opt/ros/jazzy/opt/gz_plugin_vendor:/opt/ros/jazzy/opt/gz_fuel_tools_vendor:/opt/ros/jazzy/opt/gz_msgs_vendor:/opt/ros/jazzy/opt/gz_common_vendor:/opt/ros/jazzy/opt/gz_math_vendor:/opt/ros/jazzy/opt/gz_utils_vendor:/opt/ros/jazzy/opt/gz_tools_vendor:/opt/ros/jazzy/opt/gz_ogre_next_vendor:/opt/ros/jazzy/opt/gz_dartsim_vendor:/opt/ros/jazzy/opt/gz_cmake_vendor:/opt/ros/jazzy DEBUGINFOD_URLS=https://debuginfod.ubuntu.com GZ_SIM_RESOURCE_PATH=/home/natalia/Documents/STUDING/robotix/modul6/ex03/install/ros_gz_example_description/share/ros_gz_example_description/models:${GZ_SIM_RESOURCE_PATH} /usr/bin/cmake /home/natalia/Documents/STUDING/robotix/modul6/ex03/ros_gz_project_template/ros_gz_example_gazebo -DCMAKE_INSTALL_PREFIX=/home/natalia/Documents/STUDING/robotix/modul6/ex03/install/ros_gz_example_gazebo
[0.311s] -- The C compiler identification is GNU 13.3.0
[0.598s] -- The CXX compiler identification is GNU 13.3.0
[0.682s] -- Detecting C compiler ABI info
[1.111s] -- Detecting C compiler ABI info - done
[1.161s] -- Check for working C compiler: /usr/bin/cc - skipped
[1.162s] -- Detecting C compile features
[1.164s] -- Detecting C compile features - done
[1.214s] -- Detecting CXX compiler ABI info
[1.707s] -- Detecting CXX compiler ABI info - done
[1.758s] -- Check for working CXX compiler: /usr/bin/c++ - skipped
[1.759s] -- Detecting CXX compile features
[1.762s] -- Detecting CXX compile features - done
[1.776s] -- Found ament_cmake: 2.5.4 (/opt/ros/jazzy/share/ament_cmake/cmake)
[2.268s] -- Found Python3: /usr/bin/python3 (found version "3.12.3") found components: Interpreter 
[2.503s] -- Found ros_gz_example_description: 0.0.0 (/home/natalia/Documents/STUDING/robotix/modul6/ex03/install/ros_gz_example_description/share/ros_gz_example_description/cmake)
[2.558s] -- Looking for gz-plugin2 -- found version 2.0.4
[2.561s] -- Searching for dependencies of gz-plugin2
[2.571s] -- Looking for gz-utils2 -- found version 2.2.1
[2.572s] -- Searching for dependencies of gz-utils2
[2.575s] -- Searching for <gz-utils2> component [cli]
[2.585s] -- Looking for gz-utils2-cli -- found version 2.2.1
[2.587s] -- Searching for dependencies of gz-utils2-cli
[2.593s] -- Searching for <gz-plugin2> component [register]
[2.601s] -- Looking for gz-plugin2-register -- found version 2.0.4
[2.603s] -- Searching for dependencies of gz-plugin2-register
[2.616s] -- Looking for gz-common5 -- found version 5.7.1
[2.617s] -- Searching for dependencies of gz-common5
[2.618s] -- Looking for gz-utils2 -- found version 2.2.1
[2.633s] -- Looking for dlfcn.h - found
[2.678s] -- Looking for libdl - found
[2.686s] -- Found DL: TRUE  
[2.718s] -- Checking for module 'uuid'
[2.807s] --   Found uuid, version 2.39.3
[2.976s] -- Found UUID: TRUE  
[2.989s] -- Searching for <gz-common5> component [profiler]
[3.000s] -- Looking for gz-common5-profiler -- found version 5.7.1
[3.001s] -- Searching for dependencies of gz-common5-profiler
[3.030s] -- Looking for gz-sim8 -- found version 8.10.0
[3.031s] -- Searching for dependencies of gz-sim8
[3.038s] -- Looking for sdformat14 -- found version 14.8.0
[3.039s] -- Searching for dependencies of sdformat14
[3.066s] -- Checking for module 'tinyxml2'
[3.141s] --   Found tinyxml2, version 10.0.0
[3.332s] -- Looking for gz-math7 -- found version 7.5.2
[3.333s] -- Searching for dependencies of gz-math7
[3.335s] -- Looking for gz-utils2 -- found version 2.2.1
[3.342s] -- Looking for gz-utils2 -- found version 2.2.1
[3.349s] -- Looking for gz-plugin2 -- found version 2.0.4
[3.350s] -- Searching for dependencies of gz-plugin2
[3.352s] -- Looking for gz-utils2 -- found version 2.2.1
[3.353s] -- Searching for <gz-plugin2> component [loader]
[3.361s] -- Looking for gz-plugin2-loader -- found version 2.0.4
[3.361s] -- Searching for dependencies of gz-plugin2-loader
[3.365s] -- Searching for <gz-plugin2> component [register]
[3.373s] -- Looking for gz-transport13 -- found version 13.5.0
[3.374s] -- Searching for dependencies of gz-transport13
[4.029s] -- Found Protobuf: /usr/lib/x86_64-linux-gnu/libprotobuf.so (found version "3.21.12") 
[4.091s] -- Config-file not installed for ZeroMQ -- checking for pkg-config
[4.120s] -- Checking for module 'libzmq >= 4'
[4.196s] --   Found libzmq, version 4.3.5
[4.421s] -- Found ZeroMQ: TRUE (Required is at least version "4") 
[4.474s] -- Looking for gz-utils2 -- found version 2.2.1
[4.484s] -- Looking for gz-msgs10 -- found version 10.3.2
[4.485s] -- Searching for dependencies of gz-msgs10
[4.584s] -- Looking for gz-utils2 -- found version 2.2.1
[4.586s] -- Looking for gz-math7 -- found version 7.5.2
[4.640s] -- Searching for <gz-transport13> component [log]
[4.649s] -- Looking for gz-transport13-log -- found version 13.5.0
[4.650s] -- Searching for dependencies of gz-transport13-log
[4.654s] -- Searching for <gz-transport13> component [parameters]
[4.662s] -- Looking for gz-transport13-parameters -- found version 13.5.0
[4.664s] -- Searching for dependencies of gz-transport13-parameters
[4.669s] -- Looking for gz-msgs10 -- found version 10.3.2
[4.671s] -- Looking for gz-common5 -- found version 5.7.1
[4.672s] -- Searching for dependencies of gz-common5
[4.674s] -- Looking for gz-utils2 -- found version 2.2.1
[4.675s] -- Looking for dlfcn.h - found
[4.675s] -- Looking for libdl - found
[4.713s] -- Searching for <gz-common5> component [av]
[4.723s] -- Looking for gz-common5-av -- found version 5.7.1
[4.724s] -- Searching for dependencies of gz-common5-av
[4.750s] -- Checking for module 'libswscale'
[4.829s] --   Found libswscale, version 7.5.100
[5.011s] -- Found SWSCALE: TRUE  
[5.050s] -- Checking for module 'libavdevice >= 56.4.100'
[5.127s] --   Found libavdevice, version 60.3.100
[5.368s] -- Found AVDEVICE: TRUE (Required is at least version "56.4.100") 
[5.399s] -- Checking for module 'libavformat'
[5.477s] --   Found libavformat, version 60.16.100
[5.678s] -- Found AVFORMAT: TRUE  
[5.713s] -- Checking for module 'libavcodec'
[5.789s] --   Found libavcodec, version 60.31.102
[5.982s] -- Found AVCODEC: TRUE  
[6.017s] -- Checking for module 'libavutil'
[6.093s] --   Found libavutil, version 58.29.100
[6.267s] -- Found AVUTIL: TRUE  
[6.279s] -- Searching for <gz-common5> component [events]
[6.289s] -- Looking for gz-common5-events -- found version 5.7.1
[6.290s] -- Searching for dependencies of gz-common5-events
[6.292s] -- Looking for gz-math7 -- found version 7.5.2
[6.297s] -- Searching for <gz-common5> component [graphics]
[6.308s] -- Looking for gz-common5-graphics -- found version 5.7.1
[6.309s] -- Searching for dependencies of gz-common5-graphics
[6.311s] -- Looking for gz-math7 -- found version 7.5.2
[6.340s] -- Found GzAssimp: TRUE (found version "5.3.0") 
[6.345s] -- Searching for <gz-common5> component [io]
[6.355s] -- Looking for gz-common5-io -- found version 5.7.1
[6.356s] -- Searching for dependencies of gz-common5-io
[6.361s] -- Searching for <gz-common5> component [profiler]
[6.371s] -- Looking for gz-fuel_tools9 -- found version 9.1.1
[6.372s] -- Searching for dependencies of gz-fuel_tools9
[6.841s] -- Found CURL: /usr/lib/x86_64-linux-gnu/libcurl.so (found version "8.5.0")  
[6.895s] -- Checking for module 'jsoncpp'
[6.983s] --   Found jsoncpp, version 1.9.5
[7.171s] -- Found JSONCPP: TRUE  
[7.274s] -- Checking for module 'yaml-0.1'
[7.354s] --   Found yaml-0.1, version 0.2.5
[7.535s] -- Found YAML: TRUE  
[7.571s] -- Checking for module 'libzip'
[7.650s] --   Found libzip, version 1.7.3
[7.836s] -- Found ZIP: TRUE  
[7.839s] -- Looking for gz-utils2 -- found version 2.2.1
[7.841s] -- Looking for gz-common5 -- found version 5.7.1
[7.842s] -- Searching for dependencies of gz-common5
[7.843s] -- Looking for gz-utils2 -- found version 2.2.1
[7.844s] -- Looking for dlfcn.h - found
[7.845s] -- Looking for libdl - found
[7.886s] -- Searching for <gz-common5> component [testing]
[7.905s] -- Looking for gz-common5-testing -- found version 5.7.1
[7.906s] -- Searching for dependencies of gz-common5-testing
[7.913s] -- Looking for gz-math7 -- found version 7.5.2
[7.915s] -- Looking for gz-msgs10 -- found version 10.3.2
[7.929s] -- Looking for gz-gui8 -- found version 8.4.0
[7.930s] -- Searching for dependencies of gz-gui8
[8.064s] -- Looking for gz-utils2 -- found version 2.2.1
[8.065s] -- Looking for gz-math7 -- found version 7.5.2
[8.067s] -- Looking for gz-common5 -- found version 5.7.1
[8.069s] -- Looking for gz-plugin2 -- found version 2.0.4
[8.071s] -- Looking for gz-transport13 -- found version 13.5.0
[8.089s] -- Looking for gz-rendering8 -- found version 8.2.2
[8.090s] -- Searching for dependencies of gz-rendering8
[8.092s] -- Looking for gz-math7 -- found version 7.5.2
[8.093s] -- Searching for dependencies of gz-math7
[8.095s] -- Looking for gz-utils2 -- found version 2.2.1
[8.096s] -- Searching for <gz-math7> component [eigen3]
[8.107s] -- Looking for gz-math7-eigen3 -- found version 7.5.2
[8.108s] -- Searching for dependencies of gz-math7-eigen3
[8.157s] -- Looking for gz-common5 -- found version 5.7.1
[8.158s] -- Searching for dependencies of gz-common5
[8.161s] -- Looking for gz-utils2 -- found version 2.2.1
[8.162s] -- Looking for dlfcn.h - found
[8.163s] -- Looking for libdl - found
[8.204s] -- Searching for <gz-common5> component [graphics]
[8.204s] -- Searching for <gz-common5> component [events]
[8.205s] -- Searching for <gz-common5> component [geospatial]
[8.215s] -- Looking for gz-common5-geospatial -- found version 5.7.1
[8.217s] -- Searching for dependencies of gz-common5-geospatial
[8.218s] -- Looking for gz-math7 -- found version 7.5.2
[8.221s] -- Looking for gz-common5 -- found version 5.7.1
[8.227s] -- Looking for gz-plugin2 -- found version 2.0.4
[8.228s] -- Searching for dependencies of gz-plugin2
[8.229s] -- Looking for gz-utils2 -- found version 2.2.1
[8.230s] -- Searching for <gz-plugin2> component [all]
[8.238s] -- Looking for all libraries of gz-plugin2 -- found version 2.0.4
[8.240s] -- Looking for gz-plugin2 -- found version 2.0.4
[8.244s] -- Looking for gz-utils2 -- found version 2.2.1
[8.273s] -- Found OpenGL: /usr/lib/x86_64-linux-gnu/libOpenGL.so  found components: OpenGL 
[8.276s] -- Looking for gz-msgs10 -- found version 10.3.2
[8.446s] -- Looking for gz-physics7 -- found version 7.6.0
[8.447s] -- Searching for dependencies of gz-physics7
[8.449s] -- Looking for gz-common5 -- found version 5.7.1
[8.452s] -- Looking for gz-math7 -- found version 7.5.2
[8.454s] -- Looking for gz-plugin2 -- found version 2.0.4
[8.456s] -- Looking for gz-utils2 -- found version 2.2.1
[8.464s] -- Searching for <gz-physics7> component [heightmap]
[8.470s] -- Looking for gz-physics7-heightmap -- found version 7.6.0
[8.471s] -- Searching for dependencies of gz-physics7-heightmap
[8.473s] -- Looking for gz-common5 -- found version 5.7.1
[8.476s] -- Searching for <gz-physics7> component [mesh]
[8.482s] -- Looking for gz-physics7-mesh -- found version 7.6.0
[8.483s] -- Searching for dependencies of gz-physics7-mesh
[8.484s] -- Looking for gz-common5 -- found version 5.7.1
[8.486s] -- Searching for <gz-physics7> component [sdf]
[8.491s] -- Looking for gz-physics7-sdf -- found version 7.6.0
[8.492s] -- Searching for dependencies of gz-physics7-sdf
[8.493s] -- Looking for sdformat14 -- found version 14.8.0
[8.499s] -- Looking for gz-sensors8 -- found version 8.2.2
[8.500s] -- Searching for dependencies of gz-sensors8
[8.546s] -- Looking for gz-math7 -- found version 7.5.2
[8.548s] -- Looking for gz-common5 -- found version 5.7.1
[8.549s] -- Looking for gz-transport13 -- found version 13.5.0
[8.551s] -- Looking for gz-rendering8 -- found version 8.2.2
[8.552s] -- Looking for gz-msgs10 -- found version 10.3.2
[8.553s] -- Looking for sdformat14 -- found version 14.8.0
[8.557s] -- Searching for <gz-sensors8> component [air_pressure]
[8.562s] -- Looking for gz-sensors8-air_pressure -- found version 8.2.2
[8.562s] -- Searching for dependencies of gz-sensors8-air_pressure
[8.566s] -- Searching for <gz-sensors8> component [air_speed]
[8.571s] -- Looking for gz-sensors8-air_speed -- found version 8.2.2
[8.572s] -- Searching for dependencies of gz-sensors8-air_speed
[8.575s] -- Searching for <gz-sensors8> component [altimeter]
[8.581s] -- Looking for gz-sensors8-altimeter -- found version 8.2.2
[8.582s] -- Searching for dependencies of gz-sensors8-altimeter
[8.586s] -- Searching for <gz-sensors8> component [imu]
[8.592s] -- Looking for gz-sensors8-imu -- found version 8.2.2
[8.593s] -- Searching for dependencies of gz-sensors8-imu
[8.597s] -- Searching for <gz-sensors8> component [force_torque]
[8.603s] -- Looking for gz-sensors8-force_torque -- found version 8.2.2
[8.604s] -- Searching for dependencies of gz-sensors8-force_torque
[8.609s] -- Searching for <gz-sensors8> component [logical_camera]
[8.615s] -- Looking for gz-sensors8-logical_camera -- found version 8.2.2
[8.616s] -- Searching for dependencies of gz-sensors8-logical_camera
[8.621s] -- Searching for <gz-sensors8> component [magnetometer]
[8.628s] -- Looking for gz-sensors8-magnetometer -- found version 8.2.2
[8.629s] -- Searching for dependencies of gz-sensors8-magnetometer
[8.633s] -- Searching for <gz-sensors8> component [navsat]
[8.641s] -- Looking for gz-sensors8-navsat -- found version 8.2.2
[8.643s] -- Searching for dependencies of gz-sensors8-navsat
[8.645s] -- Searching for <gz-sensors8> component [dvl]
[8.653s] -- Looking for gz-sensors8-dvl -- found version 8.2.2
[8.654s] -- Searching for dependencies of gz-sensors8-dvl
[8.656s] -- Looking for gz-sensors8 -- found version 8.2.2
[8.657s] -- Searching for dependencies of gz-sensors8
[8.758s] -- Looking for gz-math7 -- found version 7.5.2
[8.760s] -- Looking for gz-common5 -- found version 5.7.1
[8.762s] -- Looking for gz-transport13 -- found version 13.5.0
[8.764s] -- Looking for gz-rendering8 -- found version 8.2.2
[8.766s] -- Looking for gz-msgs10 -- found version 10.3.2
[8.768s] -- Looking for sdformat14 -- found version 14.8.0
[8.769s] -- Searching for <gz-sensors8> component [rendering]
[8.776s] -- Looking for gz-sensors8-rendering -- found version 8.2.2
[8.777s] -- Searching for dependencies of gz-sensors8-rendering
[8.785s] -- Searching for <gz-sensors8> component [rendering]
[8.785s] -- Searching for <gz-sensors8> component [lidar]
[8.791s] -- Looking for gz-sensors8-lidar -- found version 8.2.2
[8.793s] -- Searching for dependencies of gz-sensors8-lidar
[8.794s] -- Looking for gz-sensors8 -- found version 8.2.2
[8.799s] -- Searching for <gz-sensors8> component [gpu_lidar]
[8.806s] -- Looking for gz-sensors8-gpu_lidar -- found version 8.2.2
[8.807s] -- Searching for dependencies of gz-sensors8-gpu_lidar
[8.809s] -- Looking for gz-sensors8 -- found version 8.2.2
[8.814s] -- Searching for <gz-sensors8> component [camera]
[8.820s] -- Looking for gz-sensors8-camera -- found version 8.2.2
[8.822s] -- Searching for dependencies of gz-sensors8-camera
[8.824s] -- Looking for gz-sensors8 -- found version 8.2.2
[8.829s] -- Searching for <gz-sensors8> component [boundingbox_camera]
[8.836s] -- Looking for gz-sensors8-boundingbox_camera -- found version 8.2.2
[8.837s] -- Searching for dependencies of gz-sensors8-boundingbox_camera
[8.841s] -- Searching for <gz-sensors8> component [segmentation_camera]
[8.847s] -- Looking for gz-sensors8-segmentation_camera -- found version 8.2.2
[8.848s] -- Searching for dependencies of gz-sensors8-segmentation_camera
[8.851s] -- Searching for <gz-sensors8> component [depth_camera]
[8.857s] -- Looking for gz-sensors8-depth_camera -- found version 8.2.2
[8.859s] -- Searching for dependencies of gz-sensors8-depth_camera
[8.860s] -- Looking for gz-sensors8 -- found version 8.2.2
[8.864s] -- Searching for <gz-sensors8> component [rgbd_camera]
[8.870s] -- Looking for gz-sensors8-rgbd_camera -- found version 8.2.2
[8.871s] -- Searching for dependencies of gz-sensors8-rgbd_camera
[8.873s] -- Looking for gz-sensors8 -- found version 8.2.2
[8.877s] -- Searching for <gz-sensors8> component [thermal_camera]
[8.882s] -- Looking for gz-sensors8-thermal_camera -- found version 8.2.2
[8.883s] -- Searching for dependencies of gz-sensors8-thermal_camera
[8.885s] -- Looking for gz-sensors8 -- found version 8.2.2
[8.889s] -- Searching for <gz-sensors8> component [wide_angle_camera]
[8.894s] -- Looking for gz-sensors8-wide_angle_camera -- found version 8.2.2
[8.894s] -- Searching for dependencies of gz-sensors8-wide_angle_camera
[8.899s] -- Looking for gz-rendering8 -- found version 8.2.2
[8.900s] -- Looking for gz-math7 -- found version 7.5.2
[8.902s] -- Looking for gz-utils2 -- found version 2.2.1
[8.954s] -- Compiling against Gazebo Garden
[8.967s] -- Found ament_lint_auto: 0.17.3 (/opt/ros/jazzy/share/ament_lint_auto/cmake)
[9.163s] -- Configuring done (9.1s)
[9.220s] -- Generating done (0.1s)
[9.232s] -- Build files have been written to: /home/natalia/Documents/STUDING/robotix/modul6/ex03/build/ros_gz_example_gazebo
[9.256s] Invoked command in '/home/natalia/Documents/STUDING/robotix/modul6/ex03/build/ros_gz_example_gazebo' returned '0': AMENT_PREFIX_PATH=/home/natalia/Documents/STUDING/robotix/modul6/ex03/install/ros_gz_example_description:${AMENT_PREFIX_PATH} CMAKE_PREFIX_PATH=/home/natalia/Documents/STUDING/robotix/modul6/ex03/install/ros_gz_example_description:/opt/ros/jazzy/opt/gz_sim_vendor:/opt/ros/jazzy/opt/gz_sensors_vendor:/opt/ros/jazzy/opt/gz_physics_vendor:/opt/ros/jazzy/opt/sdformat_vendor:/opt/ros/jazzy/opt/gz_gui_vendor:/opt/ros/jazzy/opt/gz_transport_vendor:/opt/ros/jazzy/opt/gz_rendering_vendor:/opt/ros/jazzy/opt/gz_plugin_vendor:/opt/ros/jazzy/opt/gz_fuel_tools_vendor:/opt/ros/jazzy/opt/gz_msgs_vendor:/opt/ros/jazzy/opt/gz_common_vendor:/opt/ros/jazzy/opt/gz_math_vendor:/opt/ros/jazzy/opt/gz_utils_vendor:/opt/ros/jazzy/opt/gz_tools_vendor:/opt/ros/jazzy/opt/gz_ogre_next_vendor:/opt/ros/jazzy/opt/gz_dartsim_vendor:/opt/ros/jazzy/opt/gz_cmake_vendor:/opt/ros/jazzy DEBUGINFOD_URLS=https://debuginfod.ubuntu.com GZ_SIM_RESOURCE_PATH=/home/natalia/Documents/STUDING/robotix/modul6/ex03/install/ros_gz_example_description/share/ros_gz_example_description/models:${GZ_SIM_RESOURCE_PATH} /usr/bin/cmake /home/natalia/Documents/STUDING/robotix/modul6/ex03/ros_gz_project_template/ros_gz_example_gazebo -DCMAKE_INSTALL_PREFIX=/home/natalia/Documents/STUDING/robotix/modul6/ex03/install/ros_gz_example_gazebo
[9.257s] Invoking command in '/home/natalia/Documents/STUDING/robotix/modul6/ex03/build/ros_gz_example_gazebo': AMENT_PREFIX_PATH=/home/natalia/Documents/STUDING/robotix/modul6/ex03/install/ros_gz_example_description:${AMENT_PREFIX_PATH} CMAKE_PREFIX_PATH=/home/natalia/Documents/STUDING/robotix/modul6/ex03/install/ros_gz_example_description:/opt/ros/jazzy/opt/gz_sim_vendor:/opt/ros/jazzy/opt/gz_sensors_vendor:/opt/ros/jazzy/opt/gz_physics_vendor:/opt/ros/jazzy/opt/sdformat_vendor:/opt/ros/jazzy/opt/gz_gui_vendor:/opt/ros/jazzy/opt/gz_transport_vendor:/opt/ros/jazzy/opt/gz_rendering_vendor:/opt/ros/jazzy/opt/gz_plugin_vendor:/opt/ros/jazzy/opt/gz_fuel_tools_vendor:/opt/ros/jazzy/opt/gz_msgs_vendor:/opt/ros/jazzy/opt/gz_common_vendor:/opt/ros/jazzy/opt/gz_math_vendor:/opt/ros/jazzy/opt/gz_utils_vendor:/opt/ros/jazzy/opt/gz_tools_vendor:/opt/ros/jazzy/opt/gz_ogre_next_vendor:/opt/ros/jazzy/opt/gz_dartsim_vendor:/opt/ros/jazzy/opt/gz_cmake_vendor:/opt/ros/jazzy DEBUGINFOD_URLS=https://debuginfod.ubuntu.com GZ_SIM_RESOURCE_PATH=/home/natalia/Documents/STUDING/robotix/modul6/ex03/install/ros_gz_example_description/share/ros_gz_example_description/models:${GZ_SIM_RESOURCE_PATH} /usr/bin/cmake --build /home/natalia/Documents/STUDING/robotix/modul6/ex03/build/ros_gz_example_gazebo -- -j20 -l20
[9.516s] [ 25%] [32mBuilding CXX object CMakeFiles/BasicSystem.dir/src/BasicSystem.cc.o[0m
[9.517s] [ 50%] [32mBuilding CXX object CMakeFiles/FullSystem.dir/src/FullSystem.cc.o[0m
[11.633s] [ 75%] [32m[1mLinking CXX shared library libBasicSystem.so[0m
[11.724s] [100%] [32m[1mLinking CXX shared library libFullSystem.so[0m
[11.963s] [100%] Built target BasicSystem
[12.054s] [100%] Built target FullSystem
[12.110s] Invoked command in '/home/natalia/Documents/STUDING/robotix/modul6/ex03/build/ros_gz_example_gazebo' returned '0': AMENT_PREFIX_PATH=/home/natalia/Documents/STUDING/robotix/modul6/ex03/install/ros_gz_example_description:${AMENT_PREFIX_PATH} CMAKE_PREFIX_PATH=/home/natalia/Documents/STUDING/robotix/modul6/ex03/install/ros_gz_example_description:/opt/ros/jazzy/opt/gz_sim_vendor:/opt/ros/jazzy/opt/gz_sensors_vendor:/opt/ros/jazzy/opt/gz_physics_vendor:/opt/ros/jazzy/opt/sdformat_vendor:/opt/ros/jazzy/opt/gz_gui_vendor:/opt/ros/jazzy/opt/gz_transport_vendor:/opt/ros/jazzy/opt/gz_rendering_vendor:/opt/ros/jazzy/opt/gz_plugin_vendor:/opt/ros/jazzy/opt/gz_fuel_tools_vendor:/opt/ros/jazzy/opt/gz_msgs_vendor:/opt/ros/jazzy/opt/gz_common_vendor:/opt/ros/jazzy/opt/gz_math_vendor:/opt/ros/jazzy/opt/gz_utils_vendor:/opt/ros/jazzy/opt/gz_tools_vendor:/opt/ros/jazzy/opt/gz_ogre_next_vendor:/opt/ros/jazzy/opt/gz_dartsim_vendor:/opt/ros/jazzy/opt/gz_cmake_vendor:/opt/ros/jazzy DEBUGINFOD_URLS=https://debuginfod.ubuntu.com GZ_SIM_RESOURCE_PATH=/home/natalia/Documents/STUDING/robotix/modul6/ex03/install/ros_gz_example_description/share/ros_gz_example_description/models:${GZ_SIM_RESOURCE_PATH} /usr/bin/cmake --build /home/natalia/Documents/STUDING/robotix/modul6/ex03/build/ros_gz_example_gazebo -- -j20 -l20
[12.118s] Invoking command in '/home/natalia/Documents/STUDING/robotix/modul6/ex03/build/ros_gz_example_gazebo': AMENT_PREFIX_PATH=/home/natalia/Documents/STUDING/robotix/modul6/ex03/install/ros_gz_example_description:${AMENT_PREFIX_PATH} CMAKE_PREFIX_PATH=/home/natalia/Documents/STUDING/robotix/modul6/ex03/install/ros_gz_example_description:/opt/ros/jazzy/opt/gz_sim_vendor:/opt/ros/jazzy/opt/gz_sensors_vendor:/opt/ros/jazzy/opt/gz_physics_vendor:/opt/ros/jazzy/opt/sdformat_vendor:/opt/ros/jazzy/opt/gz_gui_vendor:/opt/ros/jazzy/opt/gz_transport_vendor:/opt/ros/jazzy/opt/gz_rendering_vendor:/opt/ros/jazzy/opt/gz_plugin_vendor:/opt/ros/jazzy/opt/gz_fuel_tools_vendor:/opt/ros/jazzy/opt/gz_msgs_vendor:/opt/ros/jazzy/opt/gz_common_vendor:/opt/ros/jazzy/opt/gz_math_vendor:/opt/ros/jazzy/opt/gz_utils_vendor:/opt/ros/jazzy/opt/gz_tools_vendor:/opt/ros/jazzy/opt/gz_ogre_next_vendor:/opt/ros/jazzy/opt/gz_dartsim_vendor:/opt/ros/jazzy/opt/gz_cmake_vendor:/opt/ros/jazzy DEBUGINFOD_URLS=https://debuginfod.ubuntu.com GZ_SIM_RESOURCE_PATH=/home/natalia/Documents/STUDING/robotix/modul6/ex03/install/ros_gz_example_description/share/ros_gz_example_description/models:${GZ_SIM_RESOURCE_PATH} /usr/bin/cmake --install /home/natalia/Documents/STUDING/robotix/modul6/ex03/build/ros_gz_example_gazebo
[12.157s] -- Install configuration: ""
[12.158s] -- Installing: /home/natalia/Documents/STUDING/robotix/modul6/ex03/install/ros_gz_example_gazebo/lib/ros_gz_example_gazebo/libBasicSystem.so
[12.160s] -- Set non-toolchain portion of runtime path of "/home/natalia/Documents/STUDING/robotix/modul6/ex03/install/ros_gz_example_gazebo/lib/ros_gz_example_gazebo/libBasicSystem.so" to ""
[12.161s] -- Installing: /home/natalia/Documents/STUDING/robotix/modul6/ex03/install/ros_gz_example_gazebo/lib/ros_gz_example_gazebo/libFullSystem.so
[12.164s] -- Set non-toolchain portion of runtime path of "/home/natalia/Documents/STUDING/robotix/modul6/ex03/install/ros_gz_example_gazebo/lib/ros_gz_example_gazebo/libFullSystem.so" to ""
[12.164s] -- Installing: /home/natalia/Documents/STUDING/robotix/modul6/ex03/install/ros_gz_example_gazebo/share/ros_gz_example_gazebo/worlds
[12.165s] -- Installing: /home/natalia/Documents/STUDING/robotix/modul6/ex03/install/ros_gz_example_gazebo/share/ros_gz_example_gazebo/worlds/diff_drive.sdf
[12.165s] -- Installing: /home/natalia/Documents/STUDING/robotix/modul6/ex03/install/ros_gz_example_gazebo/share/ros_gz_example_gazebo/environment/ros_gz_example_gazebo.dsv
[12.165s] -- Installing: /home/natalia/Documents/STUDING/robotix/modul6/ex03/install/ros_gz_example_gazebo/share/ros_gz_example_gazebo/environment/ros_gz_example_gazebo.sh
[12.166s] -- Installing: /home/natalia/Documents/STUDING/robotix/modul6/ex03/install/ros_gz_example_gazebo/share/ament_index/resource_index/package_run_dependencies/ros_gz_example_gazebo
[12.166s] -- Installing: /home/natalia/Documents/STUDING/robotix/modul6/ex03/install/ros_gz_example_gazebo/share/ament_index/resource_index/parent_prefix_path/ros_gz_example_gazebo
[12.167s] -- Installing: /home/natalia/Documents/STUDING/robotix/modul6/ex03/install/ros_gz_example_gazebo/share/ros_gz_example_gazebo/environment/ament_prefix_path.sh
[12.167s] -- Installing: /home/natalia/Documents/STUDING/robotix/modul6/ex03/install/ros_gz_example_gazebo/share/ros_gz_example_gazebo/environment/ament_prefix_path.dsv
[12.167s] -- Installing: /home/natalia/Documents/STUDING/robotix/modul6/ex03/install/ros_gz_example_gazebo/share/ros_gz_example_gazebo/environment/path.sh
[12.168s] -- Installing: /home/natalia/Documents/STUDING/robotix/modul6/ex03/install/ros_gz_example_gazebo/share/ros_gz_example_gazebo/environment/path.dsv
[12.168s] -- Installing: /home/natalia/Documents/STUDING/robotix/modul6/ex03/install/ros_gz_example_gazebo/share/ros_gz_example_gazebo/local_setup.bash
[12.169s] -- Installing: /home/natalia/Documents/STUDING/robotix/modul6/ex03/install/ros_gz_example_gazebo/share/ros_gz_example_gazebo/local_setup.sh
[12.169s] -- Installing: /home/natalia/Documents/STUDING/robotix/modul6/ex03/install/ros_gz_example_gazebo/share/ros_gz_example_gazebo/local_setup.zsh
[12.169s] -- Installing: /home/natalia/Documents/STUDING/robotix/modul6/ex03/install/ros_gz_example_gazebo/share/ros_gz_example_gazebo/local_setup.dsv
[12.170s] -- Installing: /home/natalia/Documents/STUDING/robotix/modul6/ex03/install/ros_gz_example_gazebo/share/ros_gz_example_gazebo/package.dsv
[12.170s] -- Installing: /home/natalia/Documents/STUDING/robotix/modul6/ex03/install/ros_gz_example_gazebo/share/ament_index/resource_index/packages/ros_gz_example_gazebo
[12.170s] -- Installing: /home/natalia/Documents/STUDING/robotix/modul6/ex03/install/ros_gz_example_gazebo/share/ros_gz_example_gazebo/cmake/ros_gz_example_gazeboConfig.cmake
[12.171s] -- Installing: /home/natalia/Documents/STUDING/robotix/modul6/ex03/install/ros_gz_example_gazebo/share/ros_gz_example_gazebo/cmake/ros_gz_example_gazeboConfig-version.cmake
[12.171s] -- Installing: /home/natalia/Documents/STUDING/robotix/modul6/ex03/install/ros_gz_example_gazebo/share/ros_gz_example_gazebo/package.xml
[12.178s] Invoked command in '/home/natalia/Documents/STUDING/robotix/modul6/ex03/build/ros_gz_example_gazebo' returned '0': AMENT_PREFIX_PATH=/home/natalia/Documents/STUDING/robotix/modul6/ex03/install/ros_gz_example_description:${AMENT_PREFIX_PATH} CMAKE_PREFIX_PATH=/home/natalia/Documents/STUDING/robotix/modul6/ex03/install/ros_gz_example_description:/opt/ros/jazzy/opt/gz_sim_vendor:/opt/ros/jazzy/opt/gz_sensors_vendor:/opt/ros/jazzy/opt/gz_physics_vendor:/opt/ros/jazzy/opt/sdformat_vendor:/opt/ros/jazzy/opt/gz_gui_vendor:/opt/ros/jazzy/opt/gz_transport_vendor:/opt/ros/jazzy/opt/gz_rendering_vendor:/opt/ros/jazzy/opt/gz_plugin_vendor:/opt/ros/jazzy/opt/gz_fuel_tools_vendor:/opt/ros/jazzy/opt/gz_msgs_vendor:/opt/ros/jazzy/opt/gz_common_vendor:/opt/ros/jazzy/opt/gz_math_vendor:/opt/ros/jazzy/opt/gz_utils_vendor:/opt/ros/jazzy/opt/gz_tools_vendor:/opt/ros/jazzy/opt/gz_ogre_next_vendor:/opt/ros/jazzy/opt/gz_dartsim_vendor:/opt/ros/jazzy/opt/gz_cmake_vendor:/opt/ros/jazzy DEBUGINFOD_URLS=https://debuginfod.ubuntu.com GZ_SIM_RESOURCE_PATH=/home/natalia/Documents/STUDING/robotix/modul6/ex03/install/ros_gz_example_description/share/ros_gz_example_description/models:${GZ_SIM_RESOURCE_PATH} /usr/bin/cmake --install /home/natalia/Documents/STUDING/robotix/modul6/ex03/build/ros_gz_example_gazebo
