[0.013s] Invoking command in '/home/natalia/Documents/STUDING/robotix/modul6/ex03/build/ros_gz_example_description': CMAKE_PREFIX_PATH=${CMAKE_PREFIX_PATH}:/opt/ros/jazzy DEBUGINFOD_URLS=https://debuginfod.ubuntu.com /usr/bin/cmake --build /home/natalia/Documents/STUDING/robotix/modul6/ex03/build/ros_gz_example_description -- -j20 -l20
[0.185s] Invoked command in '/home/natalia/Documents/STUDING/robotix/modul6/ex03/build/ros_gz_example_description' returned '0': CMAKE_PREFIX_PATH=${CMAKE_PREFIX_PATH}:/opt/ros/jazzy DEBUGINFOD_URLS=https://debuginfod.ubuntu.com /usr/bin/cmake --build /home/natalia/Documents/STUDING/robotix/modul6/ex03/build/ros_gz_example_description -- -j20 -l20
[0.189s] Invoking command in '/home/natalia/Documents/STUDING/robotix/modul6/ex03/build/ros_gz_example_description': CMAKE_PREFIX_PATH=${CMAKE_PREFIX_PATH}:/opt/ros/jazzy DEBUGINFOD_URLS=https://debuginfod.ubuntu.com /usr/bin/cmake --install /home/natalia/Documents/STUDING/robotix/modul6/ex03/build/ros_gz_example_description
[0.230s] -- Install configuration: ""
[0.230s] -- Up-to-date: /home/natalia/Documents/STUDING/robotix/modul6/ex03/install/ros_gz_example_description/share/ros_gz_example_description/models
[0.231s] -- Up-to-date: /home/natalia/Documents/STUDING/robotix/modul6/ex03/install/ros_gz_example_description/share/ros_gz_example_description/models/diff_drive
[0.231s] -- Up-to-date: /home/natalia/Documents/STUDING/robotix/modul6/ex03/install/ros_gz_example_description/share/ros_gz_example_description/models/diff_drive/model.config
[0.231s] -- Installing: /home/natalia/Documents/STUDING/robotix/modul6/ex03/install/ros_gz_example_description/share/ros_gz_example_description/models/diff_drive/model.sdf
[0.232s] -- Up-to-date: /home/natalia/Documents/STUDING/robotix/modul6/ex03/install/ros_gz_example_description/share/ros_gz_example_description/models/rrbot
[0.232s] -- Up-to-date: /home/natalia/Documents/STUDING/robotix/modul6/ex03/install/ros_gz_example_description/share/ros_gz_example_description/models/rrbot/model.sdf
[0.232s] -- Up-to-date: /home/natalia/Documents/STUDING/robotix/modul6/ex03/install/ros_gz_example_description/share/ros_gz_example_description/environment/ros_gz_example_description.dsv
[0.233s] -- Up-to-date: /home/natalia/Documents/STUDING/robotix/modul6/ex03/install/ros_gz_example_description/share/ros_gz_example_description/environment/ros_gz_example_description.sh
[0.233s] -- Up-to-date: /home/natalia/Documents/STUDING/robotix/modul6/ex03/install/ros_gz_example_description/share/ament_index/resource_index/package_run_dependencies/ros_gz_example_description
[0.233s] -- Up-to-date: /home/natalia/Documents/STUDING/robotix/modul6/ex03/install/ros_gz_example_description/share/ament_index/resource_index/parent_prefix_path/ros_gz_example_description
[0.234s] -- Up-to-date: /home/natalia/Documents/STUDING/robotix/modul6/ex03/install/ros_gz_example_description/share/ros_gz_example_description/environment/ament_prefix_path.sh
[0.234s] -- Up-to-date: /home/natalia/Documents/STUDING/robotix/modul6/ex03/install/ros_gz_example_description/share/ros_gz_example_description/environment/ament_prefix_path.dsv
[0.234s] -- Up-to-date: /home/natalia/Documents/STUDING/robotix/modul6/ex03/install/ros_gz_example_description/share/ros_gz_example_description/environment/path.sh
[0.234s] -- Up-to-date: /home/natalia/Documents/STUDING/robotix/modul6/ex03/install/ros_gz_example_description/share/ros_gz_example_description/environment/path.dsv
[0.235s] -- Up-to-date: /home/natalia/Documents/STUDING/robotix/modul6/ex03/install/ros_gz_example_description/share/ros_gz_example_description/local_setup.bash
[0.235s] -- Up-to-date: /home/natalia/Documents/STUDING/robotix/modul6/ex03/install/ros_gz_example_description/share/ros_gz_example_description/local_setup.sh
[0.235s] -- Up-to-date: /home/natalia/Documents/STUDING/robotix/modul6/ex03/install/ros_gz_example_description/share/ros_gz_example_description/local_setup.zsh
[0.236s] -- Up-to-date: /home/natalia/Documents/STUDING/robotix/modul6/ex03/install/ros_gz_example_description/share/ros_gz_example_description/local_setup.dsv
[0.236s] -- Installing: /home/natalia/Documents/STUDING/robotix/modul6/ex03/install/ros_gz_example_description/share/ros_gz_example_description/package.dsv
[0.237s] -- Up-to-date: /home/natalia/Documents/STUDING/robotix/modul6/ex03/install/ros_gz_example_description/share/ament_index/resource_index/packages/ros_gz_example_description
[0.237s] -- Up-to-date: /home/natalia/Documents/STUDING/robotix/modul6/ex03/install/ros_gz_example_description/share/ros_gz_example_description/cmake/ros_gz_example_descriptionConfig.cmake
[0.238s] -- Up-to-date: /home/natalia/Documents/STUDING/robotix/modul6/ex03/install/ros_gz_example_description/share/ros_gz_example_description/cmake/ros_gz_example_descriptionConfig-version.cmake
[0.239s] -- Up-to-date: /home/natalia/Documents/STUDING/robotix/modul6/ex03/install/ros_gz_example_description/share/ros_gz_example_description/package.xml
[0.313s] Invoked command in '/home/natalia/Documents/STUDING/robotix/modul6/ex03/build/ros_gz_example_description' returned '0': CMAKE_PREFIX_PATH=${CMAKE_PREFIX_PATH}:/opt/ros/jazzy DEBUGINFOD_URLS=https://debuginfod.ubuntu.com /usr/bin/cmake --install /home/natalia/Documents/STUDING/robotix/modul6/ex03/build/ros_gz_example_description
