[0.006s] Invoking command in '/home/natalia/Documents/STUDING/robotix/modul6/ex03/build/ros_gz_example_application': CMAKE_PREFIX_PATH=${CMAKE_PREFIX_PATH}:/opt/ros/jazzy DEBUGINFOD_URLS=https://debuginfod.ubuntu.com /usr/bin/cmake /home/natalia/Documents/STUDING/robotix/modul6/ex03/ros_gz_project_template/ros_gz_example_application -DCMAKE_INSTALL_PREFIX=/home/natalia/Documents/STUDING/robotix/modul6/ex03/install/ros_gz_example_application
[0.329s] -- The C compiler identification is GNU 13.3.0
[0.681s] -- The CXX compiler identification is GNU 13.3.0
[0.739s] -- Detecting C compiler ABI info
[1.188s] -- Detecting C compiler ABI info - done
[1.238s] -- Check for working C compiler: /usr/bin/cc - skipped
[1.247s] -- Detecting C compile features
[1.249s] -- Detecting C compile features - done
[1.306s] -- Detecting CXX compiler ABI info
[1.766s] -- Detecting CXX compiler ABI info - done
[1.812s] -- Check for working CXX compiler: /usr/bin/c++ - skipped
[1.813s] -- Detecting CXX compile features
[1.814s] -- Detecting CXX compile features - done
[1.835s] -- Found ament_cmake: 2.5.4 (/opt/ros/jazzy/share/ament_cmake/cmake)
[2.328s] -- Found Python3: /usr/bin/python3 (found version "3.12.3") found components: Interpreter 
[3.057s] -- Configuring done (3.0s)
[3.060s] -- Generating done (0.0s)
[3.063s] -- Build files have been written to: /home/natalia/Documents/STUDING/robotix/modul6/ex03/build/ros_gz_example_application
[3.071s] Invoked command in '/home/natalia/Documents/STUDING/robotix/modul6/ex03/build/ros_gz_example_application' returned '0': CMAKE_PREFIX_PATH=${CMAKE_PREFIX_PATH}:/opt/ros/jazzy DEBUGINFOD_URLS=https://debuginfod.ubuntu.com /usr/bin/cmake /home/natalia/Documents/STUDING/robotix/modul6/ex03/ros_gz_project_template/ros_gz_example_application -DCMAKE_INSTALL_PREFIX=/home/natalia/Documents/STUDING/robotix/modul6/ex03/install/ros_gz_example_application
[3.071s] Invoking command in '/home/natalia/Documents/STUDING/robotix/modul6/ex03/build/ros_gz_example_application': CMAKE_PREFIX_PATH=${CMAKE_PREFIX_PATH}:/opt/ros/jazzy DEBUGINFOD_URLS=https://debuginfod.ubuntu.com /usr/bin/cmake --build /home/natalia/Documents/STUDING/robotix/modul6/ex03/build/ros_gz_example_application -- -j20 -l20
[3.222s] Invoked command in '/home/natalia/Documents/STUDING/robotix/modul6/ex03/build/ros_gz_example_application' returned '0': CMAKE_PREFIX_PATH=${CMAKE_PREFIX_PATH}:/opt/ros/jazzy DEBUGINFOD_URLS=https://debuginfod.ubuntu.com /usr/bin/cmake --build /home/natalia/Documents/STUDING/robotix/modul6/ex03/build/ros_gz_example_application -- -j20 -l20
[3.271s] Invoking command in '/home/natalia/Documents/STUDING/robotix/modul6/ex03/build/ros_gz_example_application': CMAKE_PREFIX_PATH=${CMAKE_PREFIX_PATH}:/opt/ros/jazzy DEBUGINFOD_URLS=https://debuginfod.ubuntu.com /usr/bin/cmake --install /home/natalia/Documents/STUDING/robotix/modul6/ex03/build/ros_gz_example_application
[3.308s] -- Install configuration: ""
[3.309s] -- Installing: /home/natalia/Documents/STUDING/robotix/modul6/ex03/install/ros_gz_example_application/share/ament_index/resource_index/package_run_dependencies/ros_gz_example_application
[3.309s] -- Installing: /home/natalia/Documents/STUDING/robotix/modul6/ex03/install/ros_gz_example_application/share/ament_index/resource_index/parent_prefix_path/ros_gz_example_application
[3.311s] -- Installing: /home/natalia/Documents/STUDING/robotix/modul6/ex03/install/ros_gz_example_application/share/ros_gz_example_application/environment/ament_prefix_path.sh
[3.311s] -- Installing: /home/natalia/Documents/STUDING/robotix/modul6/ex03/install/ros_gz_example_application/share/ros_gz_example_application/environment/ament_prefix_path.dsv
[3.312s] -- Installing: /home/natalia/Documents/STUDING/robotix/modul6/ex03/install/ros_gz_example_application/share/ros_gz_example_application/environment/path.sh
[3.312s] -- Installing: /home/natalia/Documents/STUDING/robotix/modul6/ex03/install/ros_gz_example_application/share/ros_gz_example_application/environment/path.dsv
[3.313s] -- Installing: /home/natalia/Documents/STUDING/robotix/modul6/ex03/install/ros_gz_example_application/share/ros_gz_example_application/local_setup.bash
[3.314s] -- Installing: /home/natalia/Documents/STUDING/robotix/modul6/ex03/install/ros_gz_example_application/share/ros_gz_example_application/local_setup.sh
[3.314s] -- Installing: /home/natalia/Documents/STUDING/robotix/modul6/ex03/install/ros_gz_example_application/share/ros_gz_example_application/local_setup.zsh
[3.314s] -- Installing: /home/natalia/Documents/STUDING/robotix/modul6/ex03/install/ros_gz_example_application/share/ros_gz_example_application/local_setup.dsv
[3.314s] -- Installing: /home/natalia/Documents/STUDING/robotix/modul6/ex03/install/ros_gz_example_application/share/ros_gz_example_application/package.dsv
[3.315s] -- Installing: /home/natalia/Documents/STUDING/robotix/modul6/ex03/install/ros_gz_example_application/share/ament_index/resource_index/packages/ros_gz_example_application
[3.315s] -- Installing: /home/natalia/Documents/STUDING/robotix/modul6/ex03/install/ros_gz_example_application/share/ros_gz_example_application/cmake/ros_gz_example_applicationConfig.cmake
[3.316s] -- Installing: /home/natalia/Documents/STUDING/robotix/modul6/ex03/install/ros_gz_example_application/share/ros_gz_example_application/cmake/ros_gz_example_applicationConfig-version.cmake
[3.316s] -- Installing: /home/natalia/Documents/STUDING/robotix/modul6/ex03/install/ros_gz_example_application/share/ros_gz_example_application/package.xml
[3.327s] Invoked command in '/home/natalia/Documents/STUDING/robotix/modul6/ex03/build/ros_gz_example_application' returned '0': CMAKE_PREFIX_PATH=${CMAKE_PREFIX_PATH}:/opt/ros/jazzy DEBUGINFOD_URLS=https://debuginfod.ubuntu.com /usr/bin/cmake --install /home/natalia/Documents/STUDING/robotix/modul6/ex03/build/ros_gz_example_application
