[0.005s] Invoking command in '/home/natalia/Documents/STUDING/robotix/modul5/ex05/build/ros_gz_example_gazebo': AMENT_PREFIX_PATH=/home/natalia/Documents/STUDING/robotix/modul5/ex05/install/ros_gz_example_description:${AMENT_PREFIX_PATH} CMAKE_PREFIX_PATH=/home/natalia/Documents/STUDING/robotix/modul5/ex05/install/ros_gz_example_description:/opt/ros/jazzy/opt/gz_sim_vendor:/opt/ros/jazzy/opt/gz_sensors_vendor:/opt/ros/jazzy/opt/gz_physics_vendor:/opt/ros/jazzy/opt/sdformat_vendor:/opt/ros/jazzy/opt/gz_gui_vendor:/opt/ros/jazzy/opt/gz_transport_vendor:/opt/ros/jazzy/opt/gz_rendering_vendor:/opt/ros/jazzy/opt/gz_plugin_vendor:/opt/ros/jazzy/opt/gz_fuel_tools_vendor:/opt/ros/jazzy/opt/gz_msgs_vendor:/opt/ros/jazzy/opt/gz_common_vendor:/opt/ros/jazzy/opt/gz_math_vendor:/opt/ros/jazzy/opt/gz_utils_vendor:/opt/ros/jazzy/opt/gz_tools_vendor:/opt/ros/jazzy/opt/gz_ogre_next_vendor:/opt/ros/jazzy/opt/gz_dartsim_vendor:/opt/ros/jazzy/opt/gz_cmake_vendor:/opt/ros/jazzy DEBUGINFOD_URLS=https://debuginfod.ubuntu.com GZ_SIM_RESOURCE_PATH=/home/natalia/Documents/STUDING/robotix/modul5/ex05/install/ros_gz_example_description/share/ros_gz_example_description/models:${GZ_SIM_RESOURCE_PATH} /usr/bin/cmake /home/natalia/Documents/STUDING/robotix/modul5/ex05/ros_gz_project_template/ros_gz_example_gazebo -DCMAKE_INSTALL_PREFIX=/home/natalia/Documents/STUDING/robotix/modul5/ex05/install/ros_gz_example_gazebo
[0.046s] -- The C compiler identification is GNU 13.3.0
[0.086s] -- The CXX compiler identification is GNU 13.3.0
[0.101s] -- Detecting C compiler ABI info
[0.188s] -- Detecting C compiler ABI info - done
[0.197s] -- Check for working C compiler: /usr/bin/cc - skipped
[0.197s] -- Detecting C compile features
[0.197s] -- Detecting C compile features - done
[0.207s] -- Detecting CXX compiler ABI info
[0.310s] -- Detecting CXX compiler ABI info - done
[0.319s] -- Check for working CXX compiler: /usr/bin/c++ - skipped
[0.319s] -- Detecting CXX compile features
[0.319s] -- Detecting CXX compile features - done
[0.321s] -- Found ament_cmake: 2.5.4 (/opt/ros/jazzy/share/ament_cmake/cmake)
[0.428s] -- Found Python3: /usr/bin/python3 (found version "3.12.3") found components: Interpreter 
[0.500s] -- Found ros_gz_example_description: 0.0.0 (/home/natalia/Documents/STUDING/robotix/modul5/ex05/install/ros_gz_example_description/share/ros_gz_example_description/cmake)
[0.523s] -- Looking for gz-plugin2 -- found version 2.0.4
[0.524s] -- Searching for dependencies of gz-plugin2
[0.525s] -- Looking for gz-utils2 -- found version 2.2.1
[0.525s] -- Searching for dependencies of gz-utils2
[0.526s] -- Searching for <gz-utils2> component [cli]
[0.527s] -- Looking for gz-utils2-cli -- found version 2.2.1
[0.527s] -- Searching for dependencies of gz-utils2-cli
[0.528s] -- Searching for <gz-plugin2> component [register]
[0.529s] -- Looking for gz-plugin2-register -- found version 2.0.4
[0.529s] -- Searching for dependencies of gz-plugin2-register
[0.531s] -- Looking for gz-common5 -- found version 5.7.1
[0.531s] -- Searching for dependencies of gz-common5
[0.531s] -- Looking for gz-utils2 -- found version 2.2.1
[0.532s] -- Looking for dlfcn.h - found
[0.537s] -- Looking for libdl - found
[0.538s] -- Found DL: TRUE  
[0.542s] -- Checking for module 'uuid'
[0.555s] --   Found uuid, version 2.39.3
[0.632s] -- Found UUID: TRUE  
[0.634s] -- Searching for <gz-common5> component [profiler]
[0.637s] -- Looking for gz-common5-profiler -- found version 5.7.1
[0.637s] -- Searching for dependencies of gz-common5-profiler
[0.639s] -- Looking for gz-sim8 -- found version 8.10.0
[0.639s] -- Searching for dependencies of gz-sim8
[0.640s] -- Looking for sdformat14 -- found version 14.8.0
[0.640s] -- Searching for dependencies of sdformat14
[0.646s] -- Checking for module 'tinyxml2'
[0.678s] --   Found tinyxml2, version 10.0.0
[0.789s] -- Looking for gz-math7 -- found version 7.5.2
[0.789s] -- Searching for dependencies of gz-math7
[0.790s] -- Looking for gz-utils2 -- found version 2.2.1
[0.801s] -- Looking for gz-utils2 -- found version 2.2.1
[0.803s] -- Looking for gz-plugin2 -- found version 2.0.4
[0.803s] -- Searching for dependencies of gz-plugin2
[0.804s] -- Looking for gz-utils2 -- found version 2.2.1
[0.804s] -- Searching for <gz-plugin2> component [loader]
[0.806s] -- Looking for gz-plugin2-loader -- found version 2.0.4
[0.806s] -- Searching for dependencies of gz-plugin2-loader
[0.807s] -- Searching for <gz-plugin2> component [register]
[0.809s] -- Looking for gz-transport13 -- found version 13.5.0
[0.809s] -- Searching for dependencies of gz-transport13
[0.917s] -- Found Protobuf: /usr/lib/x86_64-linux-gnu/libprotobuf.so (found version "3.21.12") 
[0.925s] -- Config-file not installed for ZeroMQ -- checking for pkg-config
[0.929s] -- Checking for module 'libzmq >= 4'
[0.941s] --   Found libzmq, version 4.3.5
[1.022s] -- Found ZeroMQ: TRUE (Required is at least version "4") 
[1.034s] -- Looking for gz-utils2 -- found version 2.2.1
[1.037s] -- Looking for gz-msgs10 -- found version 10.3.2
[1.038s] -- Searching for dependencies of gz-msgs10
[1.052s] -- Looking for gz-utils2 -- found version 2.2.1
[1.052s] -- Looking for gz-math7 -- found version 7.5.2
[1.061s] -- Searching for <gz-transport13> component [log]
[1.062s] -- Looking for gz-transport13-log -- found version 13.5.0
[1.062s] -- Searching for dependencies of gz-transport13-log
[1.063s] -- Searching for <gz-transport13> component [parameters]
[1.064s] -- Looking for gz-transport13-parameters -- found version 13.5.0
[1.064s] -- Searching for dependencies of gz-transport13-parameters
[1.066s] -- Looking for gz-msgs10 -- found version 10.3.2
[1.066s] -- Looking for gz-common5 -- found version 5.7.1
[1.066s] -- Searching for dependencies of gz-common5
[1.067s] -- Looking for gz-utils2 -- found version 2.2.1
[1.067s] -- Looking for dlfcn.h - found
[1.067s] -- Looking for libdl - found
[1.073s] -- Searching for <gz-common5> component [av]
[1.075s] -- Looking for gz-common5-av -- found version 5.7.1
[1.075s] -- Searching for dependencies of gz-common5-av
[1.079s] -- Checking for module 'libswscale'
[1.104s] --   Found libswscale, version 7.5.100
[1.200s] -- Found SWSCALE: TRUE  
[1.226s] -- Checking for module 'libavdevice >= 56.4.100'
[1.265s] --   Found libavdevice, version 60.3.100
[1.371s] -- Found AVDEVICE: TRUE (Required is at least version "56.4.100") 
[1.391s] -- Checking for module 'libavformat'
[1.424s] --   Found libavformat, version 60.16.100
[1.530s] -- Found AVFORMAT: TRUE  
[1.553s] -- Checking for module 'libavcodec'
[1.588s] --   Found libavcodec, version 60.31.102
[1.662s] -- Found AVCODEC: TRUE  
[1.679s] -- Checking for module 'libavutil'
[1.721s] --   Found libavutil, version 58.29.100
[1.822s] -- Found AVUTIL: TRUE  
[1.831s] -- Searching for <gz-common5> component [events]
[1.834s] -- Looking for gz-common5-events -- found version 5.7.1
[1.834s] -- Searching for dependencies of gz-common5-events
[1.835s] -- Looking for gz-math7 -- found version 7.5.2
[1.836s] -- Searching for <gz-common5> component [graphics]
[1.839s] -- Looking for gz-common5-graphics -- found version 5.7.1
[1.839s] -- Searching for dependencies of gz-common5-graphics
[1.839s] -- Looking for gz-math7 -- found version 7.5.2
[1.844s] -- Found GzAssimp: TRUE (found version "5.3.0") 
[1.844s] -- Searching for <gz-common5> component [io]
[1.846s] -- Looking for gz-common5-io -- found version 5.7.1
[1.846s] -- Searching for dependencies of gz-common5-io
[1.847s] -- Searching for <gz-common5> component [profiler]
[1.849s] -- Looking for gz-fuel_tools9 -- found version 9.1.1
[1.849s] -- Searching for dependencies of gz-fuel_tools9
[1.980s] -- Found CURL: /usr/lib/x86_64-linux-gnu/libcurl.so (found version "8.5.0")  
[1.990s] -- Checking for module 'jsoncpp'
[2.004s] --   Found jsoncpp, version 1.9.5
[2.095s] -- Found JSONCPP: TRUE  
[2.111s] -- Checking for module 'yaml-0.1'
[2.124s] --   Found yaml-0.1, version 0.2.5
[2.213s] -- Found YAML: TRUE  
[2.235s] -- Checking for module 'libzip'
[2.272s] --   Found libzip, version 1.7.3
[2.378s] -- Found ZIP: TRUE  
[2.379s] -- Looking for gz-utils2 -- found version 2.2.1
[2.380s] -- Looking for gz-common5 -- found version 5.7.1
[2.380s] -- Searching for dependencies of gz-common5
[2.381s] -- Looking for gz-utils2 -- found version 2.2.1
[2.381s] -- Looking for dlfcn.h - found
[2.381s] -- Looking for libdl - found
[2.398s] -- Searching for <gz-common5> component [testing]
[2.413s] -- Looking for gz-common5-testing -- found version 5.7.1
[2.414s] -- Searching for dependencies of gz-common5-testing
[2.419s] -- Looking for gz-math7 -- found version 7.5.2
[2.420s] -- Looking for gz-msgs10 -- found version 10.3.2
[2.425s] -- Looking for gz-gui8 -- found version 8.4.0
[2.425s] -- Searching for dependencies of gz-gui8
[2.442s] -- Looking for gz-utils2 -- found version 2.2.1
[2.443s] -- Looking for gz-math7 -- found version 7.5.2
[2.443s] -- Looking for gz-common5 -- found version 5.7.1
[2.443s] -- Looking for gz-plugin2 -- found version 2.0.4
[2.444s] -- Looking for gz-transport13 -- found version 13.5.0
[2.446s] -- Looking for gz-rendering8 -- found version 8.2.2
[2.446s] -- Searching for dependencies of gz-rendering8
[2.446s] -- Looking for gz-math7 -- found version 7.5.2
[2.446s] -- Searching for dependencies of gz-math7
[2.447s] -- Looking for gz-utils2 -- found version 2.2.1
[2.447s] -- Searching for <gz-math7> component [eigen3]
[2.449s] -- Looking for gz-math7-eigen3 -- found version 7.5.2
[2.449s] -- Searching for dependencies of gz-math7-eigen3
[2.459s] -- Looking for gz-common5 -- found version 5.7.1
[2.459s] -- Searching for dependencies of gz-common5
[2.459s] -- Looking for gz-utils2 -- found version 2.2.1
[2.459s] -- Looking for dlfcn.h - found
[2.459s] -- Looking for libdl - found
[2.465s] -- Searching for <gz-common5> component [graphics]
[2.465s] -- Searching for <gz-common5> component [events]
[2.465s] -- Searching for <gz-common5> component [geospatial]
[2.467s] -- Looking for gz-common5-geospatial -- found version 5.7.1
[2.467s] -- Searching for dependencies of gz-common5-geospatial
[2.467s] -- Looking for gz-math7 -- found version 7.5.2
[2.468s] -- Looking for gz-common5 -- found version 5.7.1
[2.469s] -- Looking for gz-plugin2 -- found version 2.0.4
[2.469s] -- Searching for dependencies of gz-plugin2
[2.469s] -- Looking for gz-utils2 -- found version 2.2.1
[2.469s] -- Searching for <gz-plugin2> component [all]
[2.472s] -- Looking for all libraries of gz-plugin2 -- found version 2.0.4
[2.472s] -- Looking for gz-plugin2 -- found version 2.0.4
[2.473s] -- Looking for gz-utils2 -- found version 2.2.1
[2.482s] -- Found OpenGL: /usr/lib/x86_64-linux-gnu/libOpenGL.so  found components: OpenGL 
[2.483s] -- Looking for gz-msgs10 -- found version 10.3.2
[2.517s] -- Looking for gz-physics7 -- found version 7.6.0
[2.517s] -- Searching for dependencies of gz-physics7
[2.517s] -- Looking for gz-common5 -- found version 5.7.1
[2.517s] -- Looking for gz-math7 -- found version 7.5.2
[2.518s] -- Looking for gz-plugin2 -- found version 2.0.4
[2.518s] -- Looking for gz-utils2 -- found version 2.2.1
[2.519s] -- Searching for <gz-physics7> component [heightmap]
[2.520s] -- Looking for gz-physics7-heightmap -- found version 7.6.0
[2.520s] -- Searching for dependencies of gz-physics7-heightmap
[2.520s] -- Looking for gz-common5 -- found version 5.7.1
[2.521s] -- Searching for <gz-physics7> component [mesh]
[2.521s] -- Looking for gz-physics7-mesh -- found version 7.6.0
[2.522s] -- Searching for dependencies of gz-physics7-mesh
[2.522s] -- Looking for gz-common5 -- found version 5.7.1
[2.522s] -- Searching for <gz-physics7> component [sdf]
[2.523s] -- Looking for gz-physics7-sdf -- found version 7.6.0
[2.523s] -- Searching for dependencies of gz-physics7-sdf
[2.524s] -- Looking for sdformat14 -- found version 14.8.0
[2.524s] -- Looking for gz-sensors8 -- found version 8.2.2
[2.524s] -- Searching for dependencies of gz-sensors8
[2.537s] -- Looking for gz-math7 -- found version 7.5.2
[2.537s] -- Looking for gz-common5 -- found version 5.7.1
[2.538s] -- Looking for gz-transport13 -- found version 13.5.0
[2.538s] -- Looking for gz-rendering8 -- found version 8.2.2
[2.538s] -- Looking for gz-msgs10 -- found version 10.3.2
[2.538s] -- Looking for sdformat14 -- found version 14.8.0
[2.539s] -- Searching for <gz-sensors8> component [air_pressure]
[2.540s] -- Looking for gz-sensors8-air_pressure -- found version 8.2.2
[2.540s] -- Searching for dependencies of gz-sensors8-air_pressure
[2.541s] -- Searching for <gz-sensors8> component [air_speed]
[2.542s] -- Looking for gz-sensors8-air_speed -- found version 8.2.2
[2.542s] -- Searching for dependencies of gz-sensors8-air_speed
[2.543s] -- Searching for <gz-sensors8> component [altimeter]
[2.545s] -- Looking for gz-sensors8-altimeter -- found version 8.2.2
[2.545s] -- Searching for dependencies of gz-sensors8-altimeter
[2.546s] -- Searching for <gz-sensors8> component [imu]
[2.548s] -- Looking for gz-sensors8-imu -- found version 8.2.2
[2.548s] -- Searching for dependencies of gz-sensors8-imu
[2.548s] -- Searching for <gz-sensors8> component [force_torque]
[2.549s] -- Looking for gz-sensors8-force_torque -- found version 8.2.2
[2.549s] -- Searching for dependencies of gz-sensors8-force_torque
[2.550s] -- Searching for <gz-sensors8> component [logical_camera]
[2.552s] -- Looking for gz-sensors8-logical_camera -- found version 8.2.2
[2.552s] -- Searching for dependencies of gz-sensors8-logical_camera
[2.553s] -- Searching for <gz-sensors8> component [magnetometer]
[2.554s] -- Looking for gz-sensors8-magnetometer -- found version 8.2.2
[2.554s] -- Searching for dependencies of gz-sensors8-magnetometer
[2.555s] -- Searching for <gz-sensors8> component [navsat]
[2.556s] -- Looking for gz-sensors8-navsat -- found version 8.2.2
[2.556s] -- Searching for dependencies of gz-sensors8-navsat
[2.557s] -- Searching for <gz-sensors8> component [dvl]
[2.559s] -- Looking for gz-sensors8-dvl -- found version 8.2.2
[2.559s] -- Searching for dependencies of gz-sensors8-dvl
[2.559s] -- Looking for gz-sensors8 -- found version 8.2.2
[2.559s] -- Searching for dependencies of gz-sensors8
[2.572s] -- Looking for gz-math7 -- found version 7.5.2
[2.572s] -- Looking for gz-common5 -- found version 5.7.1
[2.573s] -- Looking for gz-transport13 -- found version 13.5.0
[2.573s] -- Looking for gz-rendering8 -- found version 8.2.2
[2.573s] -- Looking for gz-msgs10 -- found version 10.3.2
[2.574s] -- Looking for sdformat14 -- found version 14.8.0
[2.574s] -- Searching for <gz-sensors8> component [rendering]
[2.575s] -- Looking for gz-sensors8-rendering -- found version 8.2.2
[2.575s] -- Searching for dependencies of gz-sensors8-rendering
[2.577s] -- Searching for <gz-sensors8> component [rendering]
[2.577s] -- Searching for <gz-sensors8> component [lidar]
[2.579s] -- Looking for gz-sensors8-lidar -- found version 8.2.2
[2.579s] -- Searching for dependencies of gz-sensors8-lidar
[2.579s] -- Looking for gz-sensors8 -- found version 8.2.2
[2.580s] -- Searching for <gz-sensors8> component [gpu_lidar]
[2.581s] -- Looking for gz-sensors8-gpu_lidar -- found version 8.2.2
[2.581s] -- Searching for dependencies of gz-sensors8-gpu_lidar
[2.582s] -- Looking for gz-sensors8 -- found version 8.2.2
[2.583s] -- Searching for <gz-sensors8> component [camera]
[2.584s] -- Looking for gz-sensors8-camera -- found version 8.2.2
[2.584s] -- Searching for dependencies of gz-sensors8-camera
[2.584s] -- Looking for gz-sensors8 -- found version 8.2.2
[2.585s] -- Searching for <gz-sensors8> component [boundingbox_camera]
[2.586s] -- Looking for gz-sensors8-boundingbox_camera -- found version 8.2.2
[2.586s] -- Searching for dependencies of gz-sensors8-boundingbox_camera
[2.586s] -- Searching for <gz-sensors8> component [segmentation_camera]
[2.587s] -- Looking for gz-sensors8-segmentation_camera -- found version 8.2.2
[2.587s] -- Searching for dependencies of gz-sensors8-segmentation_camera
[2.588s] -- Searching for <gz-sensors8> component [depth_camera]
[2.589s] -- Looking for gz-sensors8-depth_camera -- found version 8.2.2
[2.589s] -- Searching for dependencies of gz-sensors8-depth_camera
[2.589s] -- Looking for gz-sensors8 -- found version 8.2.2
[2.590s] -- Searching for <gz-sensors8> component [rgbd_camera]
[2.590s] -- Looking for gz-sensors8-rgbd_camera -- found version 8.2.2
[2.590s] -- Searching for dependencies of gz-sensors8-rgbd_camera
[2.591s] -- Looking for gz-sensors8 -- found version 8.2.2
[2.591s] -- Searching for <gz-sensors8> component [thermal_camera]
[2.592s] -- Looking for gz-sensors8-thermal_camera -- found version 8.2.2
[2.592s] -- Searching for dependencies of gz-sensors8-thermal_camera
[2.592s] -- Looking for gz-sensors8 -- found version 8.2.2
[2.593s] -- Searching for <gz-sensors8> component [wide_angle_camera]
[2.594s] -- Looking for gz-sensors8-wide_angle_camera -- found version 8.2.2
[2.594s] -- Searching for dependencies of gz-sensors8-wide_angle_camera
[2.595s] -- Looking for gz-rendering8 -- found version 8.2.2
[2.595s] -- Looking for gz-math7 -- found version 7.5.2
[2.595s] -- Looking for gz-utils2 -- found version 2.2.1
[2.608s] -- Compiling against Gazebo Garden
[2.610s] -- Found ament_lint_auto: 0.17.3 (/opt/ros/jazzy/share/ament_lint_auto/cmake)
[2.669s] -- Configuring done (2.7s)
[2.679s] -- Generating done (0.0s)
[2.682s] -- Build files have been written to: /home/natalia/Documents/STUDING/robotix/modul5/ex05/build/ros_gz_example_gazebo
[2.690s] Invoked command in '/home/natalia/Documents/STUDING/robotix/modul5/ex05/build/ros_gz_example_gazebo' returned '0': AMENT_PREFIX_PATH=/home/natalia/Documents/STUDING/robotix/modul5/ex05/install/ros_gz_example_description:${AMENT_PREFIX_PATH} CMAKE_PREFIX_PATH=/home/natalia/Documents/STUDING/robotix/modul5/ex05/install/ros_gz_example_description:/opt/ros/jazzy/opt/gz_sim_vendor:/opt/ros/jazzy/opt/gz_sensors_vendor:/opt/ros/jazzy/opt/gz_physics_vendor:/opt/ros/jazzy/opt/sdformat_vendor:/opt/ros/jazzy/opt/gz_gui_vendor:/opt/ros/jazzy/opt/gz_transport_vendor:/opt/ros/jazzy/opt/gz_rendering_vendor:/opt/ros/jazzy/opt/gz_plugin_vendor:/opt/ros/jazzy/opt/gz_fuel_tools_vendor:/opt/ros/jazzy/opt/gz_msgs_vendor:/opt/ros/jazzy/opt/gz_common_vendor:/opt/ros/jazzy/opt/gz_math_vendor:/opt/ros/jazzy/opt/gz_utils_vendor:/opt/ros/jazzy/opt/gz_tools_vendor:/opt/ros/jazzy/opt/gz_ogre_next_vendor:/opt/ros/jazzy/opt/gz_dartsim_vendor:/opt/ros/jazzy/opt/gz_cmake_vendor:/opt/ros/jazzy DEBUGINFOD_URLS=https://debuginfod.ubuntu.com GZ_SIM_RESOURCE_PATH=/home/natalia/Documents/STUDING/robotix/modul5/ex05/install/ros_gz_example_description/share/ros_gz_example_description/models:${GZ_SIM_RESOURCE_PATH} /usr/bin/cmake /home/natalia/Documents/STUDING/robotix/modul5/ex05/ros_gz_project_template/ros_gz_example_gazebo -DCMAKE_INSTALL_PREFIX=/home/natalia/Documents/STUDING/robotix/modul5/ex05/install/ros_gz_example_gazebo
[2.691s] Invoking command in '/home/natalia/Documents/STUDING/robotix/modul5/ex05/build/ros_gz_example_gazebo': AMENT_PREFIX_PATH=/home/natalia/Documents/STUDING/robotix/modul5/ex05/install/ros_gz_example_description:${AMENT_PREFIX_PATH} CMAKE_PREFIX_PATH=/home/natalia/Documents/STUDING/robotix/modul5/ex05/install/ros_gz_example_description:/opt/ros/jazzy/opt/gz_sim_vendor:/opt/ros/jazzy/opt/gz_sensors_vendor:/opt/ros/jazzy/opt/gz_physics_vendor:/opt/ros/jazzy/opt/sdformat_vendor:/opt/ros/jazzy/opt/gz_gui_vendor:/opt/ros/jazzy/opt/gz_transport_vendor:/opt/ros/jazzy/opt/gz_rendering_vendor:/opt/ros/jazzy/opt/gz_plugin_vendor:/opt/ros/jazzy/opt/gz_fuel_tools_vendor:/opt/ros/jazzy/opt/gz_msgs_vendor:/opt/ros/jazzy/opt/gz_common_vendor:/opt/ros/jazzy/opt/gz_math_vendor:/opt/ros/jazzy/opt/gz_utils_vendor:/opt/ros/jazzy/opt/gz_tools_vendor:/opt/ros/jazzy/opt/gz_ogre_next_vendor:/opt/ros/jazzy/opt/gz_dartsim_vendor:/opt/ros/jazzy/opt/gz_cmake_vendor:/opt/ros/jazzy DEBUGINFOD_URLS=https://debuginfod.ubuntu.com GZ_SIM_RESOURCE_PATH=/home/natalia/Documents/STUDING/robotix/modul5/ex05/install/ros_gz_example_description/share/ros_gz_example_description/models:${GZ_SIM_RESOURCE_PATH} /usr/bin/cmake --build /home/natalia/Documents/STUDING/robotix/modul5/ex05/build/ros_gz_example_gazebo -- -j20 -l20
[2.730s] [ 25%] [32mBuilding CXX object CMakeFiles/BasicSystem.dir/src/BasicSystem.cc.o[0m
[2.730s] [ 50%] [32mBuilding CXX object CMakeFiles/FullSystem.dir/src/FullSystem.cc.o[0m
[3.902s] [ 75%] [32m[1mLinking CXX shared library libBasicSystem.so[0m
[3.982s] [100%] [32m[1mLinking CXX shared library libFullSystem.so[0m
[4.009s] [100%] Built target BasicSystem
[4.082s] [100%] Built target FullSystem
[4.091s] Invoked command in '/home/natalia/Documents/STUDING/robotix/modul5/ex05/build/ros_gz_example_gazebo' returned '0': AMENT_PREFIX_PATH=/home/natalia/Documents/STUDING/robotix/modul5/ex05/install/ros_gz_example_description:${AMENT_PREFIX_PATH} CMAKE_PREFIX_PATH=/home/natalia/Documents/STUDING/robotix/modul5/ex05/install/ros_gz_example_description:/opt/ros/jazzy/opt/gz_sim_vendor:/opt/ros/jazzy/opt/gz_sensors_vendor:/opt/ros/jazzy/opt/gz_physics_vendor:/opt/ros/jazzy/opt/sdformat_vendor:/opt/ros/jazzy/opt/gz_gui_vendor:/opt/ros/jazzy/opt/gz_transport_vendor:/opt/ros/jazzy/opt/gz_rendering_vendor:/opt/ros/jazzy/opt/gz_plugin_vendor:/opt/ros/jazzy/opt/gz_fuel_tools_vendor:/opt/ros/jazzy/opt/gz_msgs_vendor:/opt/ros/jazzy/opt/gz_common_vendor:/opt/ros/jazzy/opt/gz_math_vendor:/opt/ros/jazzy/opt/gz_utils_vendor:/opt/ros/jazzy/opt/gz_tools_vendor:/opt/ros/jazzy/opt/gz_ogre_next_vendor:/opt/ros/jazzy/opt/gz_dartsim_vendor:/opt/ros/jazzy/opt/gz_cmake_vendor:/opt/ros/jazzy DEBUGINFOD_URLS=https://debuginfod.ubuntu.com GZ_SIM_RESOURCE_PATH=/home/natalia/Documents/STUDING/robotix/modul5/ex05/install/ros_gz_example_description/share/ros_gz_example_description/models:${GZ_SIM_RESOURCE_PATH} /usr/bin/cmake --build /home/natalia/Documents/STUDING/robotix/modul5/ex05/build/ros_gz_example_gazebo -- -j20 -l20
[4.092s] Invoking command in '/home/natalia/Documents/STUDING/robotix/modul5/ex05/build/ros_gz_example_gazebo': AMENT_PREFIX_PATH=/home/natalia/Documents/STUDING/robotix/modul5/ex05/install/ros_gz_example_description:${AMENT_PREFIX_PATH} CMAKE_PREFIX_PATH=/home/natalia/Documents/STUDING/robotix/modul5/ex05/install/ros_gz_example_description:/opt/ros/jazzy/opt/gz_sim_vendor:/opt/ros/jazzy/opt/gz_sensors_vendor:/opt/ros/jazzy/opt/gz_physics_vendor:/opt/ros/jazzy/opt/sdformat_vendor:/opt/ros/jazzy/opt/gz_gui_vendor:/opt/ros/jazzy/opt/gz_transport_vendor:/opt/ros/jazzy/opt/gz_rendering_vendor:/opt/ros/jazzy/opt/gz_plugin_vendor:/opt/ros/jazzy/opt/gz_fuel_tools_vendor:/opt/ros/jazzy/opt/gz_msgs_vendor:/opt/ros/jazzy/opt/gz_common_vendor:/opt/ros/jazzy/opt/gz_math_vendor:/opt/ros/jazzy/opt/gz_utils_vendor:/opt/ros/jazzy/opt/gz_tools_vendor:/opt/ros/jazzy/opt/gz_ogre_next_vendor:/opt/ros/jazzy/opt/gz_dartsim_vendor:/opt/ros/jazzy/opt/gz_cmake_vendor:/opt/ros/jazzy DEBUGINFOD_URLS=https://debuginfod.ubuntu.com GZ_SIM_RESOURCE_PATH=/home/natalia/Documents/STUDING/robotix/modul5/ex05/install/ros_gz_example_description/share/ros_gz_example_description/models:${GZ_SIM_RESOURCE_PATH} /usr/bin/cmake --install /home/natalia/Documents/STUDING/robotix/modul5/ex05/build/ros_gz_example_gazebo
[4.097s] -- Install configuration: ""
[4.097s] -- Installing: /home/natalia/Documents/STUDING/robotix/modul5/ex05/install/ros_gz_example_gazebo/lib/ros_gz_example_gazebo/libBasicSystem.so
[4.097s] -- Set non-toolchain portion of runtime path of "/home/natalia/Documents/STUDING/robotix/modul5/ex05/install/ros_gz_example_gazebo/lib/ros_gz_example_gazebo/libBasicSystem.so" to ""
[4.097s] -- Installing: /home/natalia/Documents/STUDING/robotix/modul5/ex05/install/ros_gz_example_gazebo/lib/ros_gz_example_gazebo/libFullSystem.so
[4.098s] -- Set non-toolchain portion of runtime path of "/home/natalia/Documents/STUDING/robotix/modul5/ex05/install/ros_gz_example_gazebo/lib/ros_gz_example_gazebo/libFullSystem.so" to ""
[4.098s] -- Installing: /home/natalia/Documents/STUDING/robotix/modul5/ex05/install/ros_gz_example_gazebo/share/ros_gz_example_gazebo/worlds
[4.098s] -- Installing: /home/natalia/Documents/STUDING/robotix/modul5/ex05/install/ros_gz_example_gazebo/share/ros_gz_example_gazebo/worlds/diff_drive.sdf
[4.098s] -- Installing: /home/natalia/Documents/STUDING/robotix/modul5/ex05/install/ros_gz_example_gazebo/share/ros_gz_example_gazebo/environment/ros_gz_example_gazebo.dsv
[4.098s] -- Installing: /home/natalia/Documents/STUDING/robotix/modul5/ex05/install/ros_gz_example_gazebo/share/ros_gz_example_gazebo/environment/ros_gz_example_gazebo.sh
[4.098s] -- Installing: /home/natalia/Documents/STUDING/robotix/modul5/ex05/install/ros_gz_example_gazebo/share/ament_index/resource_index/package_run_dependencies/ros_gz_example_gazebo
[4.098s] -- Installing: /home/natalia/Documents/STUDING/robotix/modul5/ex05/install/ros_gz_example_gazebo/share/ament_index/resource_index/parent_prefix_path/ros_gz_example_gazebo
[4.098s] -- Installing: /home/natalia/Documents/STUDING/robotix/modul5/ex05/install/ros_gz_example_gazebo/share/ros_gz_example_gazebo/environment/ament_prefix_path.sh
[4.098s] -- Installing: /home/natalia/Documents/STUDING/robotix/modul5/ex05/install/ros_gz_example_gazebo/share/ros_gz_example_gazebo/environment/ament_prefix_path.dsv
[4.098s] -- Installing: /home/natalia/Documents/STUDING/robotix/modul5/ex05/install/ros_gz_example_gazebo/share/ros_gz_example_gazebo/environment/path.sh
[4.098s] -- Installing: /home/natalia/Documents/STUDING/robotix/modul5/ex05/install/ros_gz_example_gazebo/share/ros_gz_example_gazebo/environment/path.dsv
[4.098s] -- Installing: /home/natalia/Documents/STUDING/robotix/modul5/ex05/install/ros_gz_example_gazebo/share/ros_gz_example_gazebo/local_setup.bash
[4.098s] -- Installing: /home/natalia/Documents/STUDING/robotix/modul5/ex05/install/ros_gz_example_gazebo/share/ros_gz_example_gazebo/local_setup.sh
[4.098s] -- Installing: /home/natalia/Documents/STUDING/robotix/modul5/ex05/install/ros_gz_example_gazebo/share/ros_gz_example_gazebo/local_setup.zsh
[4.098s] -- Installing: /home/natalia/Documents/STUDING/robotix/modul5/ex05/install/ros_gz_example_gazebo/share/ros_gz_example_gazebo/local_setup.dsv
[4.098s] -- Installing: /home/natalia/Documents/STUDING/robotix/modul5/ex05/install/ros_gz_example_gazebo/share/ros_gz_example_gazebo/package.dsv
[4.098s] -- Installing: /home/natalia/Documents/STUDING/robotix/modul5/ex05/install/ros_gz_example_gazebo/share/ament_index/resource_index/packages/ros_gz_example_gazebo
[4.098s] -- Installing: /home/natalia/Documents/STUDING/robotix/modul5/ex05/install/ros_gz_example_gazebo/share/ros_gz_example_gazebo/cmake/ros_gz_example_gazeboConfig.cmake
[4.099s] -- Installing: /home/natalia/Documents/STUDING/robotix/modul5/ex05/install/ros_gz_example_gazebo/share/ros_gz_example_gazebo/cmake/ros_gz_example_gazeboConfig-version.cmake
[4.099s] -- Installing: /home/natalia/Documents/STUDING/robotix/modul5/ex05/install/ros_gz_example_gazebo/share/ros_gz_example_gazebo/package.xml
[4.100s] Invoked command in '/home/natalia/Documents/STUDING/robotix/modul5/ex05/build/ros_gz_example_gazebo' returned '0': AMENT_PREFIX_PATH=/home/natalia/Documents/STUDING/robotix/modul5/ex05/install/ros_gz_example_description:${AMENT_PREFIX_PATH} CMAKE_PREFIX_PATH=/home/natalia/Documents/STUDING/robotix/modul5/ex05/install/ros_gz_example_description:/opt/ros/jazzy/opt/gz_sim_vendor:/opt/ros/jazzy/opt/gz_sensors_vendor:/opt/ros/jazzy/opt/gz_physics_vendor:/opt/ros/jazzy/opt/sdformat_vendor:/opt/ros/jazzy/opt/gz_gui_vendor:/opt/ros/jazzy/opt/gz_transport_vendor:/opt/ros/jazzy/opt/gz_rendering_vendor:/opt/ros/jazzy/opt/gz_plugin_vendor:/opt/ros/jazzy/opt/gz_fuel_tools_vendor:/opt/ros/jazzy/opt/gz_msgs_vendor:/opt/ros/jazzy/opt/gz_common_vendor:/opt/ros/jazzy/opt/gz_math_vendor:/opt/ros/jazzy/opt/gz_utils_vendor:/opt/ros/jazzy/opt/gz_tools_vendor:/opt/ros/jazzy/opt/gz_ogre_next_vendor:/opt/ros/jazzy/opt/gz_dartsim_vendor:/opt/ros/jazzy/opt/gz_cmake_vendor:/opt/ros/jazzy DEBUGINFOD_URLS=https://debuginfod.ubuntu.com GZ_SIM_RESOURCE_PATH=/home/natalia/Documents/STUDING/robotix/modul5/ex05/install/ros_gz_example_description/share/ros_gz_example_description/models:${GZ_SIM_RESOURCE_PATH} /usr/bin/cmake --install /home/natalia/Documents/STUDING/robotix/modul5/ex05/build/ros_gz_example_gazebo
