[0.012s] Invoking command in '/home/natalia/Documents/STUDING/robotix/modul5/ex0302/build/ros_gz_example_description': CMAKE_PREFIX_PATH=${CMAKE_PREFIX_PATH}:/opt/ros/jazzy DEBUGINFOD_URLS=https://debuginfod.ubuntu.com /usr/bin/cmake /home/natalia/Documents/STUDING/robotix/modul5/ex0302/ros_gz_project_template/ros_gz_example_description -DCMAKE_INSTALL_PREFIX=/home/natalia/Documents/STUDING/robotix/modul5/ex0302/install/ros_gz_example_description
[0.075s] -- Found ament_cmake: 2.5.4 (/opt/ros/jazzy/share/ament_cmake/cmake)
[0.296s] -- Found ament_lint_auto: 0.17.3 (/opt/ros/jazzy/share/ament_lint_auto/cmake)
[0.369s] -- Configuring done (0.3s)
[0.374s] -- Generating done (0.0s)
[0.375s] -- Build files have been written to: /home/natalia/Documents/STUDING/robotix/modul5/ex0302/build/ros_gz_example_description
[0.379s] Invoked command in '/home/natalia/Documents/STUDING/robotix/modul5/ex0302/build/ros_gz_example_description' returned '0': CMAKE_PREFIX_PATH=${CMAKE_PREFIX_PATH}:/opt/ros/jazzy DEBUGINFOD_URLS=https://debuginfod.ubuntu.com /usr/bin/cmake /home/natalia/Documents/STUDING/robotix/modul5/ex0302/ros_gz_project_template/ros_gz_example_description -DCMAKE_INSTALL_PREFIX=/home/natalia/Documents/STUDING/robotix/modul5/ex0302/install/ros_gz_example_description
[0.380s] Invoking command in '/home/natalia/Documents/STUDING/robotix/modul5/ex0302/build/ros_gz_example_description': CMAKE_PREFIX_PATH=${CMAKE_PREFIX_PATH}:/opt/ros/jazzy DEBUGINFOD_URLS=https://debuginfod.ubuntu.com /usr/bin/cmake --build /home/natalia/Documents/STUDING/robotix/modul5/ex0302/build/ros_gz_example_description -- -j20 -l20
[0.408s] Invoked command in '/home/natalia/Documents/STUDING/robotix/modul5/ex0302/build/ros_gz_example_description' returned '0': CMAKE_PREFIX_PATH=${CMAKE_PREFIX_PATH}:/opt/ros/jazzy DEBUGINFOD_URLS=https://debuginfod.ubuntu.com /usr/bin/cmake --build /home/natalia/Documents/STUDING/robotix/modul5/ex0302/build/ros_gz_example_description -- -j20 -l20
[0.415s] Invoking command in '/home/natalia/Documents/STUDING/robotix/modul5/ex0302/build/ros_gz_example_description': CMAKE_PREFIX_PATH=${CMAKE_PREFIX_PATH}:/opt/ros/jazzy DEBUGINFOD_URLS=https://debuginfod.ubuntu.com /usr/bin/cmake --install /home/natalia/Documents/STUDING/robotix/modul5/ex0302/build/ros_gz_example_description
[0.420s] -- Install configuration: ""
[0.420s] -- Up-to-date: /home/natalia/Documents/STUDING/robotix/modul5/ex0302/install/ros_gz_example_description/share/ros_gz_example_description/models
[0.420s] -- Up-to-date: /home/natalia/Documents/STUDING/robotix/modul5/ex0302/install/ros_gz_example_description/share/ros_gz_example_description/models/diff_drive
[0.420s] -- Up-to-date: /home/natalia/Documents/STUDING/robotix/modul5/ex0302/install/ros_gz_example_description/share/ros_gz_example_description/models/diff_drive/model.config
[0.420s] -- Installing: /home/natalia/Documents/STUDING/robotix/modul5/ex0302/install/ros_gz_example_description/share/ros_gz_example_description/models/diff_drive/model.sdf
[0.420s] -- Up-to-date: /home/natalia/Documents/STUDING/robotix/modul5/ex0302/install/ros_gz_example_description/share/ros_gz_example_description/models/rrbot
[0.420s] -- Up-to-date: /home/natalia/Documents/STUDING/robotix/modul5/ex0302/install/ros_gz_example_description/share/ros_gz_example_description/models/rrbot/model.sdf
[0.420s] -- Up-to-date: /home/natalia/Documents/STUDING/robotix/modul5/ex0302/install/ros_gz_example_description/share/ros_gz_example_description/environment/ros_gz_example_description.dsv
[0.420s] -- Up-to-date: /home/natalia/Documents/STUDING/robotix/modul5/ex0302/install/ros_gz_example_description/share/ros_gz_example_description/environment/ros_gz_example_description.sh
[0.421s] -- Up-to-date: /home/natalia/Documents/STUDING/robotix/modul5/ex0302/install/ros_gz_example_description/share/ament_index/resource_index/package_run_dependencies/ros_gz_example_description
[0.421s] -- Up-to-date: /home/natalia/Documents/STUDING/robotix/modul5/ex0302/install/ros_gz_example_description/share/ament_index/resource_index/parent_prefix_path/ros_gz_example_description
[0.421s] -- Up-to-date: /home/natalia/Documents/STUDING/robotix/modul5/ex0302/install/ros_gz_example_description/share/ros_gz_example_description/environment/ament_prefix_path.sh
[0.421s] -- Up-to-date: /home/natalia/Documents/STUDING/robotix/modul5/ex0302/install/ros_gz_example_description/share/ros_gz_example_description/environment/ament_prefix_path.dsv
[0.421s] -- Up-to-date: /home/natalia/Documents/STUDING/robotix/modul5/ex0302/install/ros_gz_example_description/share/ros_gz_example_description/environment/path.sh
[0.421s] -- Up-to-date: /home/natalia/Documents/STUDING/robotix/modul5/ex0302/install/ros_gz_example_description/share/ros_gz_example_description/environment/path.dsv
[0.421s] -- Up-to-date: /home/natalia/Documents/STUDING/robotix/modul5/ex0302/install/ros_gz_example_description/share/ros_gz_example_description/local_setup.bash
[0.421s] -- Up-to-date: /home/natalia/Documents/STUDING/robotix/modul5/ex0302/install/ros_gz_example_description/share/ros_gz_example_description/local_setup.sh
[0.421s] -- Up-to-date: /home/natalia/Documents/STUDING/robotix/modul5/ex0302/install/ros_gz_example_description/share/ros_gz_example_description/local_setup.zsh
[0.421s] -- Up-to-date: /home/natalia/Documents/STUDING/robotix/modul5/ex0302/install/ros_gz_example_description/share/ros_gz_example_description/local_setup.dsv
[0.421s] -- Installing: /home/natalia/Documents/STUDING/robotix/modul5/ex0302/install/ros_gz_example_description/share/ros_gz_example_description/package.dsv
[0.421s] -- Up-to-date: /home/natalia/Documents/STUDING/robotix/modul5/ex0302/install/ros_gz_example_description/share/ament_index/resource_index/packages/ros_gz_example_description
[0.421s] -- Up-to-date: /home/natalia/Documents/STUDING/robotix/modul5/ex0302/install/ros_gz_example_description/share/ros_gz_example_description/cmake/ros_gz_example_descriptionConfig.cmake
[0.421s] -- Up-to-date: /home/natalia/Documents/STUDING/robotix/modul5/ex0302/install/ros_gz_example_description/share/ros_gz_example_description/cmake/ros_gz_example_descriptionConfig-version.cmake
[0.421s] -- Up-to-date: /home/natalia/Documents/STUDING/robotix/modul5/ex0302/install/ros_gz_example_description/share/ros_gz_example_description/package.xml
[0.422s] Invoked command in '/home/natalia/Documents/STUDING/robotix/modul5/ex0302/build/ros_gz_example_description' returned '0': CMAKE_PREFIX_PATH=${CMAKE_PREFIX_PATH}:/opt/ros/jazzy DEBUGINFOD_URLS=https://debuginfod.ubuntu.com /usr/bin/cmake --install /home/natalia/Documents/STUDING/robotix/modul5/ex0302/build/ros_gz_example_description
