[0.825s] Invoking command in '/home/natalia/Documents/STUDING/robotix/modul4/ex02b/mycarrot': DEBUGINFOD_URLS=https://debuginfod.ubuntu.com PYTHONPATH=/home/natalia/Documents/STUDING/robotix/modul4/ex02b/mycarrot/build/mycarrot/prefix_override:/usr/lib/python3/dist-packages/colcon_core/task/python/colcon_distutils_commands:/home/natalia/Documents/STUDING/robotix/modul4/ex02b/mycarrot/install/mycarrot/lib/python3.12/site-packages:${PYTHONPATH} /usr/bin/python3 -W ignore:setup.py install is deprecated -W ignore:easy_install command is deprecated setup.py egg_info --egg-base build/mycarrot build --build-base /home/natalia/Documents/STUDING/robotix/modul4/ex02b/mycarrot/build/mycarrot/build install --record /home/natalia/Documents/STUDING/robotix/modul4/ex02b/mycarrot/build/mycarrot/install.log --single-version-externally-managed install_data
[1.132s] running egg_info
[1.143s] writing build/mycarrot/mycarrot.egg-info/PKG-INFO
[1.143s] writing dependency_links to build/mycarrot/mycarrot.egg-info/dependency_links.txt
[1.144s] writing entry points to build/mycarrot/mycarrot.egg-info/entry_points.txt
[1.144s] writing requirements to build/mycarrot/mycarrot.egg-info/requires.txt
[1.144s] writing top-level names to build/mycarrot/mycarrot.egg-info/top_level.txt
[1.164s] reading manifest file 'build/mycarrot/mycarrot.egg-info/SOURCES.txt'
[1.164s] adding license file 'LICENSE'
[1.164s] writing manifest file 'build/mycarrot/mycarrot.egg-info/SOURCES.txt'
[1.164s] running build
[1.164s] running build_py
[1.165s] running install
[1.169s] running install_lib
[1.180s] running install_data
[1.180s] copying launch/turtle_tf2_launch.py -> /home/natalia/Documents/STUDING/robotix/modul4/ex02b/mycarrot/install/mycarrot/share/mycarrot/launch
[1.180s] running install_egg_info
[1.191s] removing '/home/natalia/Documents/STUDING/robotix/modul4/ex02b/mycarrot/install/mycarrot/lib/python3.12/site-packages/mycarrot-0.0.0-py3.12.egg-info' (and everything under it)
[1.191s] Copying build/mycarrot/mycarrot.egg-info to /home/natalia/Documents/STUDING/robotix/modul4/ex02b/mycarrot/install/mycarrot/lib/python3.12/site-packages/mycarrot-0.0.0-py3.12.egg-info
[1.191s] running install_scripts
[1.267s] Installing carrot_tf2_broadcaster script to /home/natalia/Documents/STUDING/robotix/modul4/ex02b/mycarrot/install/mycarrot/lib/mycarrot
[1.267s] Installing turtle3_tf2_listener script to /home/natalia/Documents/STUDING/robotix/modul4/ex02b/mycarrot/install/mycarrot/lib/mycarrot
[1.267s] Installing turtle_tf2_broadcaster script to /home/natalia/Documents/STUDING/robotix/modul4/ex02b/mycarrot/install/mycarrot/lib/mycarrot
[1.267s] Installing turtle_tf2_listener script to /home/natalia/Documents/STUDING/robotix/modul4/ex02b/mycarrot/install/mycarrot/lib/mycarrot
[1.267s] writing list of installed files to '/home/natalia/Documents/STUDING/robotix/modul4/ex02b/mycarrot/build/mycarrot/install.log'
[1.285s] Invoked command in '/home/natalia/Documents/STUDING/robotix/modul4/ex02b/mycarrot' returned '0': DEBUGINFOD_URLS=https://debuginfod.ubuntu.com PYTHONPATH=/home/natalia/Documents/STUDING/robotix/modul4/ex02b/mycarrot/build/mycarrot/prefix_override:/usr/lib/python3/dist-packages/colcon_core/task/python/colcon_distutils_commands:/home/natalia/Documents/STUDING/robotix/modul4/ex02b/mycarrot/install/mycarrot/lib/python3.12/site-packages:${PYTHONPATH} /usr/bin/python3 -W ignore:setup.py install is deprecated -W ignore:easy_install command is deprecated setup.py egg_info --egg-base build/mycarrot build --build-base /home/natalia/Documents/STUDING/robotix/modul4/ex02b/mycarrot/build/mycarrot/build install --record /home/natalia/Documents/STUDING/robotix/modul4/ex02b/mycarrot/build/mycarrot/install.log --single-version-externally-managed install_data
