[1.384s] Invoking command in '/home/natalia/Documents/STUDING/robotix/modul4/ex02/mycarrot': DEBUGINFOD_URLS=https://debuginfod.ubuntu.com PYTHONPATH=/home/natalia/Documents/STUDING/robotix/modul4/ex02/build/mycarrot/prefix_override:/usr/lib/python3/dist-packages/colcon_core/task/python/colcon_distutils_commands:/home/natalia/Documents/STUDING/robotix/modul4/ex02/install/mycarrot/lib/python3.12/site-packages:${PYTHONPATH} /usr/bin/python3 -W ignore:setup.py install is deprecated -W ignore:easy_install command is deprecated setup.py egg_info --egg-base ../build/mycarrot build --build-base /home/natalia/Documents/STUDING/robotix/modul4/ex02/build/mycarrot/build install --record /home/natalia/Documents/STUDING/robotix/modul4/ex02/build/mycarrot/install.log --single-version-externally-managed install_data
[1.676s] running egg_info
[1.676s] creating ../build/mycarrot/mycarrot.egg-info
[1.684s] writing ../build/mycarrot/mycarrot.egg-info/PKG-INFO
[1.684s] writing dependency_links to ../build/mycarrot/mycarrot.egg-info/dependency_links.txt
[1.684s] writing entry points to ../build/mycarrot/mycarrot.egg-info/entry_points.txt
[1.684s] writing requirements to ../build/mycarrot/mycarrot.egg-info/requires.txt
[1.684s] writing top-level names to ../build/mycarrot/mycarrot.egg-info/top_level.txt
[1.684s] writing manifest file '../build/mycarrot/mycarrot.egg-info/SOURCES.txt'
[1.702s] reading manifest file '../build/mycarrot/mycarrot.egg-info/SOURCES.txt'
[1.702s] adding license file 'LICENSE'
[1.702s] writing manifest file '../build/mycarrot/mycarrot.egg-info/SOURCES.txt'
[1.703s] running build
[1.703s] running build_py
[1.703s] creating /home/natalia/Documents/STUDING/robotix/modul4/ex02/build/mycarrot/build
[1.703s] creating /home/natalia/Documents/STUDING/robotix/modul4/ex02/build/mycarrot/build/lib
[1.703s] creating /home/natalia/Documents/STUDING/robotix/modul4/ex02/build/mycarrot/build/lib/mycarrot
[1.703s] copying mycarrot/__init__.py -> /home/natalia/Documents/STUDING/robotix/modul4/ex02/build/mycarrot/build/lib/mycarrot
[1.703s] copying mycarrot/turtle_tf2_broadcaster.py -> /home/natalia/Documents/STUDING/robotix/modul4/ex02/build/mycarrot/build/lib/mycarrot
[1.703s] running install
[1.706s] running install_lib
[1.715s] creating /home/natalia/Documents/STUDING/robotix/modul4/ex02/install/mycarrot/lib/python3.12/site-packages/mycarrot
[1.715s] copying /home/natalia/Documents/STUDING/robotix/modul4/ex02/build/mycarrot/build/lib/mycarrot/__init__.py -> /home/natalia/Documents/STUDING/robotix/modul4/ex02/install/mycarrot/lib/python3.12/site-packages/mycarrot
[1.716s] copying /home/natalia/Documents/STUDING/robotix/modul4/ex02/build/mycarrot/build/lib/mycarrot/turtle_tf2_broadcaster.py -> /home/natalia/Documents/STUDING/robotix/modul4/ex02/install/mycarrot/lib/python3.12/site-packages/mycarrot
[1.716s] byte-compiling /home/natalia/Documents/STUDING/robotix/modul4/ex02/install/mycarrot/lib/python3.12/site-packages/mycarrot/__init__.py to __init__.cpython-312.pyc
[1.716s] byte-compiling /home/natalia/Documents/STUDING/robotix/modul4/ex02/install/mycarrot/lib/python3.12/site-packages/mycarrot/turtle_tf2_broadcaster.py to turtle_tf2_broadcaster.cpython-312.pyc
[1.716s] running install_data
[1.716s] creating /home/natalia/Documents/STUDING/robotix/modul4/ex02/install/mycarrot/share/ament_index
[1.716s] creating /home/natalia/Documents/STUDING/robotix/modul4/ex02/install/mycarrot/share/ament_index/resource_index
[1.716s] creating /home/natalia/Documents/STUDING/robotix/modul4/ex02/install/mycarrot/share/ament_index/resource_index/packages
[1.716s] copying resource/mycarrot -> /home/natalia/Documents/STUDING/robotix/modul4/ex02/install/mycarrot/share/ament_index/resource_index/packages
[1.716s] copying package.xml -> /home/natalia/Documents/STUDING/robotix/modul4/ex02/install/mycarrot/share/mycarrot
[1.717s] creating /home/natalia/Documents/STUDING/robotix/modul4/ex02/install/mycarrot/share/mycarrot/launch
[1.717s] copying launch/turtle_tf2_launch.py -> /home/natalia/Documents/STUDING/robotix/modul4/ex02/install/mycarrot/share/mycarrot/launch
[1.717s] running install_egg_info
[1.726s] Copying ../build/mycarrot/mycarrot.egg-info to /home/natalia/Documents/STUDING/robotix/modul4/ex02/install/mycarrot/lib/python3.12/site-packages/mycarrot-0.0.0-py3.12.egg-info
[1.727s] running install_scripts
[1.788s] Installing turtle_tf2_broadcaster script to /home/natalia/Documents/STUDING/robotix/modul4/ex02/install/mycarrot/lib/mycarrot
[1.789s] writing list of installed files to '/home/natalia/Documents/STUDING/robotix/modul4/ex02/build/mycarrot/install.log'
[1.803s] Invoked command in '/home/natalia/Documents/STUDING/robotix/modul4/ex02/mycarrot' returned '0': DEBUGINFOD_URLS=https://debuginfod.ubuntu.com PYTHONPATH=/home/natalia/Documents/STUDING/robotix/modul4/ex02/build/mycarrot/prefix_override:/usr/lib/python3/dist-packages/colcon_core/task/python/colcon_distutils_commands:/home/natalia/Documents/STUDING/robotix/modul4/ex02/install/mycarrot/lib/python3.12/site-packages:${PYTHONPATH} /usr/bin/python3 -W ignore:setup.py install is deprecated -W ignore:easy_install command is deprecated setup.py egg_info --egg-base ../build/mycarrot build --build-base /home/natalia/Documents/STUDING/robotix/modul4/ex02/build/mycarrot/build install --record /home/natalia/Documents/STUDING/robotix/modul4/ex02/build/mycarrot/install.log --single-version-externally-managed install_data
