[0.011s] Invoking command in '/home/natalia/Documents/STUDING/robotix/modul5/ex0302/build/ros_gz_example_gazebo': CMAKE_PREFIX_PATH=/home/natalia/Documents/STUDING/robotix/modul5/ex0302/install/ros_gz_example_description:/home/natalia/Documents/STUDING/robotix/modul5/ex0302/install/ros_gz_example_bringup:/home/natalia/Documents/STUDING/robotix/modul5/ex0302/install/ros_gz_example_gazebo:/home/natalia/Documents/STUDING/robotix/modul5/ex0302/install/ros_gz_example_application:/opt/ros/jazzy/opt/gz_sim_vendor:/opt/ros/jazzy/opt/gz_sensors_vendor:/opt/ros/jazzy/opt/gz_physics_vendor:/opt/ros/jazzy/opt/sdformat_vendor:/opt/ros/jazzy/opt/gz_gui_vendor:/opt/ros/jazzy/opt/gz_transport_vendor:/opt/ros/jazzy/opt/gz_rendering_vendor:/opt/ros/jazzy/opt/gz_plugin_vendor:/opt/ros/jazzy/opt/gz_fuel_tools_vendor:/opt/ros/jazzy/opt/gz_msgs_vendor:/opt/ros/jazzy/opt/gz_common_vendor:/opt/ros/jazzy/opt/gz_math_vendor:/opt/ros/jazzy/opt/gz_utils_vendor:/opt/ros/jazzy/opt/gz_tools_vendor:/opt/ros/jazzy/opt/gz_ogre_next_vendor:/opt/ros/jazzy/opt/gz_dartsim_vendor:/opt/ros/jazzy/opt/gz_cmake_vendor:/opt/ros/jazzy DEBUGINFOD_URLS=https://debuginfod.ubuntu.com GZ_SIM_RESOURCE_PATH=/home/natalia/Documents/STUDING/robotix/modul5/ex0302/install/ros_gz_example_description/share/ros_gz_example_description/models:${GZ_SIM_RESOURCE_PATH} /usr/bin/cmake /home/natalia/Documents/STUDING/robotix/modul5/ex0302/ros_gz_project_template/ros_gz_example_gazebo -DCMAKE_INSTALL_PREFIX=/home/natalia/Documents/STUDING/robotix/modul5/ex0302/install/ros_gz_example_gazebo
[0.022s] -- Found ament_cmake: 2.5.4 (/opt/ros/jazzy/share/ament_cmake/cmake)
[0.192s] -- Found ros_gz_example_description: 0.0.0 (/home/natalia/Documents/STUDING/robotix/modul5/ex0302/install/ros_gz_example_description/share/ros_gz_example_description/cmake)
[0.210s] -- Looking for gz-plugin2 -- found version 2.0.4
[0.210s] -- Searching for dependencies of gz-plugin2
[0.212s] -- Looking for gz-utils2 -- found version 2.2.1
[0.212s] -- Searching for dependencies of gz-utils2
[0.213s] -- Searching for <gz-utils2> component [cli]
[0.214s] -- Looking for gz-utils2-cli -- found version 2.2.1
[0.214s] -- Searching for dependencies of gz-utils2-cli
[0.215s] -- Searching for <gz-plugin2> component [register]
[0.216s] -- Looking for gz-plugin2-register -- found version 2.0.4
[0.216s] -- Searching for dependencies of gz-plugin2-register
[0.218s] -- Looking for gz-common5 -- found version 5.7.1
[0.218s] -- Searching for dependencies of gz-common5
[0.218s] -- Looking for gz-utils2 -- found version 2.2.1
[0.219s] -- Looking for dlfcn.h - found
[0.219s] -- Looking for libdl - found
[0.226s] -- Checking for module 'uuid'
[0.259s] --   Found uuid, version 2.39.3
[0.343s] -- Searching for <gz-common5> component [profiler]
[0.345s] -- Looking for gz-common5-profiler -- found version 5.7.1
[0.346s] -- Searching for dependencies of gz-common5-profiler
[0.349s] -- Looking for gz-sim8 -- found version 8.10.0
[0.350s] -- Searching for dependencies of gz-sim8
[0.351s] -- Looking for sdformat14 -- found version 14.8.0
[0.351s] -- Searching for dependencies of sdformat14
[0.358s] -- Checking for module 'tinyxml2'
[0.396s] --   Found tinyxml2, version 10.0.0
[0.492s] -- Looking for gz-math7 -- found version 7.5.2
[0.492s] -- Searching for dependencies of gz-math7
[0.493s] -- Looking for gz-utils2 -- found version 2.2.1
[0.496s] -- Looking for gz-utils2 -- found version 2.2.1
[0.498s] -- Looking for gz-plugin2 -- found version 2.0.4
[0.498s] -- Searching for dependencies of gz-plugin2
[0.499s] -- Looking for gz-utils2 -- found version 2.2.1
[0.499s] -- Searching for <gz-plugin2> component [loader]
[0.500s] -- Looking for gz-plugin2-loader -- found version 2.0.4
[0.500s] -- Searching for dependencies of gz-plugin2-loader
[0.501s] -- Searching for <gz-plugin2> component [register]
[0.502s] -- Looking for gz-transport13 -- found version 13.5.0
[0.502s] -- Searching for dependencies of gz-transport13
[0.534s] -- Config-file not installed for ZeroMQ -- checking for pkg-config
[0.537s] -- Checking for module 'libzmq >= 4'
[0.552s] --   Found libzmq, version 4.3.5
[0.681s] -- Looking for gz-utils2 -- found version 2.2.1
[0.683s] -- Looking for gz-msgs10 -- found version 10.3.2
[0.684s] -- Searching for dependencies of gz-msgs10
[0.700s] -- Looking for gz-utils2 -- found version 2.2.1
[0.700s] -- Looking for gz-math7 -- found version 7.5.2
[0.711s] -- Searching for <gz-transport13> component [log]
[0.712s] -- Looking for gz-transport13-log -- found version 13.5.0
[0.712s] -- Searching for dependencies of gz-transport13-log
[0.713s] -- Searching for <gz-transport13> component [parameters]
[0.713s] -- Looking for gz-transport13-parameters -- found version 13.5.0
[0.713s] -- Searching for dependencies of gz-transport13-parameters
[0.714s] -- Looking for gz-msgs10 -- found version 10.3.2
[0.715s] -- Looking for gz-common5 -- found version 5.7.1
[0.715s] -- Searching for dependencies of gz-common5
[0.715s] -- Looking for gz-utils2 -- found version 2.2.1
[0.715s] -- Looking for dlfcn.h - found
[0.715s] -- Looking for libdl - found
[0.722s] -- Searching for <gz-common5> component [av]
[0.724s] -- Looking for gz-common5-av -- found version 5.7.1
[0.724s] -- Searching for dependencies of gz-common5-av
[0.731s] -- Checking for module 'libswscale'
[0.761s] --   Found libswscale, version 7.5.100
[0.879s] -- Checking for module 'libavdevice >= 56.4.100'
[0.899s] --   Found libavdevice, version 60.3.100
[1.009s] -- Checking for module 'libavformat'
[1.034s] --   Found libavformat, version 60.16.100
[1.109s] -- Checking for module 'libavcodec'
[1.149s] --   Found libavcodec, version 60.31.102
[1.252s] -- Checking for module 'libavutil'
[1.289s] --   Found libavutil, version 58.29.100
[1.319s] -- Searching for <gz-common5> component [events]
[1.321s] -- Looking for gz-common5-events -- found version 5.7.1
[1.321s] -- Searching for dependencies of gz-common5-events
[1.322s] -- Looking for gz-math7 -- found version 7.5.2
[1.324s] -- Searching for <gz-common5> component [graphics]
[1.325s] -- Looking for gz-common5-graphics -- found version 5.7.1
[1.325s] -- Searching for dependencies of gz-common5-graphics
[1.325s] -- Looking for gz-math7 -- found version 7.5.2
[1.333s] -- Searching for <gz-common5> component [io]
[1.335s] -- Looking for gz-common5-io -- found version 5.7.1
[1.335s] -- Searching for dependencies of gz-common5-io
[1.336s] -- Searching for <gz-common5> component [profiler]
[1.337s] -- Looking for gz-fuel_tools9 -- found version 9.1.1
[1.337s] -- Searching for dependencies of gz-fuel_tools9
[1.397s] -- Checking for module 'jsoncpp'
[1.414s] --   Found jsoncpp, version 1.9.5
[1.516s] -- Checking for module 'yaml-0.1'
[1.537s] --   Found yaml-0.1, version 0.2.5
[1.609s] -- Checking for module 'libzip'
[1.655s] --   Found libzip, version 1.7.3
[1.748s] -- Looking for gz-utils2 -- found version 2.2.1
[1.748s] -- Looking for gz-common5 -- found version 5.7.1
[1.749s] -- Searching for dependencies of gz-common5
[1.749s] -- Looking for gz-utils2 -- found version 2.2.1
[1.749s] -- Looking for dlfcn.h - found
[1.749s] -- Looking for libdl - found
[1.756s] -- Searching for <gz-common5> component [testing]
[1.765s] -- Looking for gz-common5-testing -- found version 5.7.1
[1.765s] -- Searching for dependencies of gz-common5-testing
[1.768s] -- Looking for gz-math7 -- found version 7.5.2
[1.768s] -- Looking for gz-msgs10 -- found version 10.3.2
[1.770s] -- Looking for gz-gui8 -- found version 8.4.0
[1.770s] -- Searching for dependencies of gz-gui8
[1.788s] -- Looking for gz-utils2 -- found version 2.2.1
[1.788s] -- Looking for gz-math7 -- found version 7.5.2
[1.788s] -- Looking for gz-common5 -- found version 5.7.1
[1.788s] -- Looking for gz-plugin2 -- found version 2.0.4
[1.789s] -- Looking for gz-transport13 -- found version 13.5.0
[1.791s] -- Looking for gz-rendering8 -- found version 8.2.2
[1.791s] -- Searching for dependencies of gz-rendering8
[1.791s] -- Looking for gz-math7 -- found version 7.5.2
[1.791s] -- Searching for dependencies of gz-math7
[1.791s] -- Looking for gz-utils2 -- found version 2.2.1
[1.791s] -- Searching for <gz-math7> component [eigen3]
[1.792s] -- Looking for gz-math7-eigen3 -- found version 7.5.2
[1.792s] -- Searching for dependencies of gz-math7-eigen3
[1.797s] -- Looking for gz-common5 -- found version 5.7.1
[1.797s] -- Searching for dependencies of gz-common5
[1.797s] -- Looking for gz-utils2 -- found version 2.2.1
[1.797s] -- Looking for dlfcn.h - found
[1.797s] -- Looking for libdl - found
[1.804s] -- Searching for <gz-common5> component [graphics]
[1.804s] -- Searching for <gz-common5> component [events]
[1.804s] -- Searching for <gz-common5> component [geospatial]
[1.805s] -- Looking for gz-common5-geospatial -- found version 5.7.1
[1.805s] -- Searching for dependencies of gz-common5-geospatial
[1.806s] -- Looking for gz-math7 -- found version 7.5.2
[1.806s] -- Looking for gz-common5 -- found version 5.7.1
[1.808s] -- Looking for gz-plugin2 -- found version 2.0.4
[1.808s] -- Searching for dependencies of gz-plugin2
[1.809s] -- Looking for gz-utils2 -- found version 2.2.1
[1.809s] -- Searching for <gz-plugin2> component [all]
[1.810s] -- Looking for all libraries of gz-plugin2 -- found version 2.0.4
[1.810s] -- Looking for gz-plugin2 -- found version 2.0.4
[1.812s] -- Looking for gz-utils2 -- found version 2.2.1
[1.819s] -- Looking for gz-msgs10 -- found version 10.3.2
[1.877s] -- Looking for gz-physics7 -- found version 7.6.0
[1.877s] -- Searching for dependencies of gz-physics7
[1.878s] -- Looking for gz-common5 -- found version 5.7.1
[1.878s] -- Looking for gz-math7 -- found version 7.5.2
[1.878s] -- Looking for gz-plugin2 -- found version 2.0.4
[1.878s] -- Looking for gz-utils2 -- found version 2.2.1
[1.879s] -- Searching for <gz-physics7> component [heightmap]
[1.880s] -- Looking for gz-physics7-heightmap -- found version 7.6.0
[1.880s] -- Searching for dependencies of gz-physics7-heightmap
[1.880s] -- Looking for gz-common5 -- found version 5.7.1
[1.881s] -- Searching for <gz-physics7> component [mesh]
[1.882s] -- Looking for gz-physics7-mesh -- found version 7.6.0
[1.882s] -- Searching for dependencies of gz-physics7-mesh
[1.882s] -- Looking for gz-common5 -- found version 5.7.1
[1.882s] -- Searching for <gz-physics7> component [sdf]
[1.883s] -- Looking for gz-physics7-sdf -- found version 7.6.0
[1.883s] -- Searching for dependencies of gz-physics7-sdf
[1.883s] -- Looking for sdformat14 -- found version 14.8.0
[1.886s] -- Looking for gz-sensors8 -- found version 8.2.2
[1.886s] -- Searching for dependencies of gz-sensors8
[1.900s] -- Looking for gz-math7 -- found version 7.5.2
[1.900s] -- Looking for gz-common5 -- found version 5.7.1
[1.900s] -- Looking for gz-transport13 -- found version 13.5.0
[1.901s] -- Looking for gz-rendering8 -- found version 8.2.2
[1.901s] -- Looking for gz-msgs10 -- found version 10.3.2
[1.901s] -- Looking for sdformat14 -- found version 14.8.0
[1.902s] -- Searching for <gz-sensors8> component [air_pressure]
[1.904s] -- Looking for gz-sensors8-air_pressure -- found version 8.2.2
[1.904s] -- Searching for dependencies of gz-sensors8-air_pressure
[1.905s] -- Searching for <gz-sensors8> component [air_speed]
[1.906s] -- Looking for gz-sensors8-air_speed -- found version 8.2.2
[1.906s] -- Searching for dependencies of gz-sensors8-air_speed
[1.907s] -- Searching for <gz-sensors8> component [altimeter]
[1.909s] -- Looking for gz-sensors8-altimeter -- found version 8.2.2
[1.909s] -- Searching for dependencies of gz-sensors8-altimeter
[1.910s] -- Searching for <gz-sensors8> component [imu]
[1.910s] -- Looking for gz-sensors8-imu -- found version 8.2.2
[1.910s] -- Searching for dependencies of gz-sensors8-imu
[1.911s] -- Searching for <gz-sensors8> component [force_torque]
[1.912s] -- Looking for gz-sensors8-force_torque -- found version 8.2.2
[1.913s] -- Searching for dependencies of gz-sensors8-force_torque
[1.913s] -- Searching for <gz-sensors8> component [logical_camera]
[1.914s] -- Looking for gz-sensors8-logical_camera -- found version 8.2.2
[1.914s] -- Searching for dependencies of gz-sensors8-logical_camera
[1.916s] -- Searching for <gz-sensors8> component [magnetometer]
[1.916s] -- Looking for gz-sensors8-magnetometer -- found version 8.2.2
[1.916s] -- Searching for dependencies of gz-sensors8-magnetometer
[1.917s] -- Searching for <gz-sensors8> component [navsat]
[1.918s] -- Looking for gz-sensors8-navsat -- found version 8.2.2
[1.918s] -- Searching for dependencies of gz-sensors8-navsat
[1.919s] -- Searching for <gz-sensors8> component [dvl]
[1.920s] -- Looking for gz-sensors8-dvl -- found version 8.2.2
[1.921s] -- Searching for dependencies of gz-sensors8-dvl
[1.921s] -- Looking for gz-sensors8 -- found version 8.2.2
[1.921s] -- Searching for dependencies of gz-sensors8
[1.934s] -- Looking for gz-math7 -- found version 7.5.2
[1.934s] -- Looking for gz-common5 -- found version 5.7.1
[1.935s] -- Looking for gz-transport13 -- found version 13.5.0
[1.935s] -- Looking for gz-rendering8 -- found version 8.2.2
[1.935s] -- Looking for gz-msgs10 -- found version 10.3.2
[1.935s] -- Looking for sdformat14 -- found version 14.8.0
[1.936s] -- Searching for <gz-sensors8> component [rendering]
[1.936s] -- Looking for gz-sensors8-rendering -- found version 8.2.2
[1.936s] -- Searching for dependencies of gz-sensors8-rendering
[1.938s] -- Searching for <gz-sensors8> component [rendering]
[1.938s] -- Searching for <gz-sensors8> component [lidar]
[1.939s] -- Looking for gz-sensors8-lidar -- found version 8.2.2
[1.939s] -- Searching for dependencies of gz-sensors8-lidar
[1.939s] -- Looking for gz-sensors8 -- found version 8.2.2
[1.940s] -- Searching for <gz-sensors8> component [gpu_lidar]
[1.940s] -- Looking for gz-sensors8-gpu_lidar -- found version 8.2.2
[1.940s] -- Searching for dependencies of gz-sensors8-gpu_lidar
[1.941s] -- Looking for gz-sensors8 -- found version 8.2.2
[1.942s] -- Searching for <gz-sensors8> component [camera]
[1.942s] -- Looking for gz-sensors8-camera -- found version 8.2.2
[1.942s] -- Searching for dependencies of gz-sensors8-camera
[1.942s] -- Looking for gz-sensors8 -- found version 8.2.2
[1.944s] -- Searching for <gz-sensors8> component [boundingbox_camera]
[1.945s] -- Looking for gz-sensors8-boundingbox_camera -- found version 8.2.2
[1.945s] -- Searching for dependencies of gz-sensors8-boundingbox_camera
[1.945s] -- Searching for <gz-sensors8> component [segmentation_camera]
[1.946s] -- Looking for gz-sensors8-segmentation_camera -- found version 8.2.2
[1.946s] -- Searching for dependencies of gz-sensors8-segmentation_camera
[1.947s] -- Searching for <gz-sensors8> component [depth_camera]
[1.948s] -- Looking for gz-sensors8-depth_camera -- found version 8.2.2
[1.948s] -- Searching for dependencies of gz-sensors8-depth_camera
[1.948s] -- Looking for gz-sensors8 -- found version 8.2.2
[1.949s] -- Searching for <gz-sensors8> component [rgbd_camera]
[1.949s] -- Looking for gz-sensors8-rgbd_camera -- found version 8.2.2
[1.949s] -- Searching for dependencies of gz-sensors8-rgbd_camera
[1.950s] -- Looking for gz-sensors8 -- found version 8.2.2
[1.950s] -- Searching for <gz-sensors8> component [thermal_camera]
[1.951s] -- Looking for gz-sensors8-thermal_camera -- found version 8.2.2
[1.951s] -- Searching for dependencies of gz-sensors8-thermal_camera
[1.951s] -- Looking for gz-sensors8 -- found version 8.2.2
[1.952s] -- Searching for <gz-sensors8> component [wide_angle_camera]
[1.953s] -- Looking for gz-sensors8-wide_angle_camera -- found version 8.2.2
[1.953s] -- Searching for dependencies of gz-sensors8-wide_angle_camera
[1.954s] -- Looking for gz-rendering8 -- found version 8.2.2
[1.954s] -- Looking for gz-math7 -- found version 7.5.2
[1.954s] -- Looking for gz-utils2 -- found version 2.2.1
[1.968s] -- Compiling against Gazebo Garden
[1.968s] -- Found ament_lint_auto: 0.17.3 (/opt/ros/jazzy/share/ament_lint_auto/cmake)
[2.029s] -- Configuring done (2.0s)
[2.051s] -- Generating done (0.0s)
[2.054s] -- Build files have been written to: /home/natalia/Documents/STUDING/robotix/modul5/ex0302/build/ros_gz_example_gazebo
[2.059s] Invoked command in '/home/natalia/Documents/STUDING/robotix/modul5/ex0302/build/ros_gz_example_gazebo' returned '0': CMAKE_PREFIX_PATH=/home/natalia/Documents/STUDING/robotix/modul5/ex0302/install/ros_gz_example_description:/home/natalia/Documents/STUDING/robotix/modul5/ex0302/install/ros_gz_example_bringup:/home/natalia/Documents/STUDING/robotix/modul5/ex0302/install/ros_gz_example_gazebo:/home/natalia/Documents/STUDING/robotix/modul5/ex0302/install/ros_gz_example_application:/opt/ros/jazzy/opt/gz_sim_vendor:/opt/ros/jazzy/opt/gz_sensors_vendor:/opt/ros/jazzy/opt/gz_physics_vendor:/opt/ros/jazzy/opt/sdformat_vendor:/opt/ros/jazzy/opt/gz_gui_vendor:/opt/ros/jazzy/opt/gz_transport_vendor:/opt/ros/jazzy/opt/gz_rendering_vendor:/opt/ros/jazzy/opt/gz_plugin_vendor:/opt/ros/jazzy/opt/gz_fuel_tools_vendor:/opt/ros/jazzy/opt/gz_msgs_vendor:/opt/ros/jazzy/opt/gz_common_vendor:/opt/ros/jazzy/opt/gz_math_vendor:/opt/ros/jazzy/opt/gz_utils_vendor:/opt/ros/jazzy/opt/gz_tools_vendor:/opt/ros/jazzy/opt/gz_ogre_next_vendor:/opt/ros/jazzy/opt/gz_dartsim_vendor:/opt/ros/jazzy/opt/gz_cmake_vendor:/opt/ros/jazzy DEBUGINFOD_URLS=https://debuginfod.ubuntu.com GZ_SIM_RESOURCE_PATH=/home/natalia/Documents/STUDING/robotix/modul5/ex0302/install/ros_gz_example_description/share/ros_gz_example_description/models:${GZ_SIM_RESOURCE_PATH} /usr/bin/cmake /home/natalia/Documents/STUDING/robotix/modul5/ex0302/ros_gz_project_template/ros_gz_example_gazebo -DCMAKE_INSTALL_PREFIX=/home/natalia/Documents/STUDING/robotix/modul5/ex0302/install/ros_gz_example_gazebo
[2.060s] Invoking command in '/home/natalia/Documents/STUDING/robotix/modul5/ex0302/build/ros_gz_example_gazebo': CMAKE_PREFIX_PATH=/home/natalia/Documents/STUDING/robotix/modul5/ex0302/install/ros_gz_example_description:/home/natalia/Documents/STUDING/robotix/modul5/ex0302/install/ros_gz_example_bringup:/home/natalia/Documents/STUDING/robotix/modul5/ex0302/install/ros_gz_example_gazebo:/home/natalia/Documents/STUDING/robotix/modul5/ex0302/install/ros_gz_example_application:/opt/ros/jazzy/opt/gz_sim_vendor:/opt/ros/jazzy/opt/gz_sensors_vendor:/opt/ros/jazzy/opt/gz_physics_vendor:/opt/ros/jazzy/opt/sdformat_vendor:/opt/ros/jazzy/opt/gz_gui_vendor:/opt/ros/jazzy/opt/gz_transport_vendor:/opt/ros/jazzy/opt/gz_rendering_vendor:/opt/ros/jazzy/opt/gz_plugin_vendor:/opt/ros/jazzy/opt/gz_fuel_tools_vendor:/opt/ros/jazzy/opt/gz_msgs_vendor:/opt/ros/jazzy/opt/gz_common_vendor:/opt/ros/jazzy/opt/gz_math_vendor:/opt/ros/jazzy/opt/gz_utils_vendor:/opt/ros/jazzy/opt/gz_tools_vendor:/opt/ros/jazzy/opt/gz_ogre_next_vendor:/opt/ros/jazzy/opt/gz_dartsim_vendor:/opt/ros/jazzy/opt/gz_cmake_vendor:/opt/ros/jazzy DEBUGINFOD_URLS=https://debuginfod.ubuntu.com GZ_SIM_RESOURCE_PATH=/home/natalia/Documents/STUDING/robotix/modul5/ex0302/install/ros_gz_example_description/share/ros_gz_example_description/models:${GZ_SIM_RESOURCE_PATH} /usr/bin/cmake --build /home/natalia/Documents/STUDING/robotix/modul5/ex0302/build/ros_gz_example_gazebo -- -j20 -l20
[2.127s] [ 50%] Built target BasicSystem
[2.127s] [100%] Built target FullSystem
[2.135s] Invoked command in '/home/natalia/Documents/STUDING/robotix/modul5/ex0302/build/ros_gz_example_gazebo' returned '0': CMAKE_PREFIX_PATH=/home/natalia/Documents/STUDING/robotix/modul5/ex0302/install/ros_gz_example_description:/home/natalia/Documents/STUDING/robotix/modul5/ex0302/install/ros_gz_example_bringup:/home/natalia/Documents/STUDING/robotix/modul5/ex0302/install/ros_gz_example_gazebo:/home/natalia/Documents/STUDING/robotix/modul5/ex0302/install/ros_gz_example_application:/opt/ros/jazzy/opt/gz_sim_vendor:/opt/ros/jazzy/opt/gz_sensors_vendor:/opt/ros/jazzy/opt/gz_physics_vendor:/opt/ros/jazzy/opt/sdformat_vendor:/opt/ros/jazzy/opt/gz_gui_vendor:/opt/ros/jazzy/opt/gz_transport_vendor:/opt/ros/jazzy/opt/gz_rendering_vendor:/opt/ros/jazzy/opt/gz_plugin_vendor:/opt/ros/jazzy/opt/gz_fuel_tools_vendor:/opt/ros/jazzy/opt/gz_msgs_vendor:/opt/ros/jazzy/opt/gz_common_vendor:/opt/ros/jazzy/opt/gz_math_vendor:/opt/ros/jazzy/opt/gz_utils_vendor:/opt/ros/jazzy/opt/gz_tools_vendor:/opt/ros/jazzy/opt/gz_ogre_next_vendor:/opt/ros/jazzy/opt/gz_dartsim_vendor:/opt/ros/jazzy/opt/gz_cmake_vendor:/opt/ros/jazzy DEBUGINFOD_URLS=https://debuginfod.ubuntu.com GZ_SIM_RESOURCE_PATH=/home/natalia/Documents/STUDING/robotix/modul5/ex0302/install/ros_gz_example_description/share/ros_gz_example_description/models:${GZ_SIM_RESOURCE_PATH} /usr/bin/cmake --build /home/natalia/Documents/STUDING/robotix/modul5/ex0302/build/ros_gz_example_gazebo -- -j20 -l20
[2.136s] Invoking command in '/home/natalia/Documents/STUDING/robotix/modul5/ex0302/build/ros_gz_example_gazebo': CMAKE_PREFIX_PATH=/home/natalia/Documents/STUDING/robotix/modul5/ex0302/install/ros_gz_example_description:/home/natalia/Documents/STUDING/robotix/modul5/ex0302/install/ros_gz_example_bringup:/home/natalia/Documents/STUDING/robotix/modul5/ex0302/install/ros_gz_example_gazebo:/home/natalia/Documents/STUDING/robotix/modul5/ex0302/install/ros_gz_example_application:/opt/ros/jazzy/opt/gz_sim_vendor:/opt/ros/jazzy/opt/gz_sensors_vendor:/opt/ros/jazzy/opt/gz_physics_vendor:/opt/ros/jazzy/opt/sdformat_vendor:/opt/ros/jazzy/opt/gz_gui_vendor:/opt/ros/jazzy/opt/gz_transport_vendor:/opt/ros/jazzy/opt/gz_rendering_vendor:/opt/ros/jazzy/opt/gz_plugin_vendor:/opt/ros/jazzy/opt/gz_fuel_tools_vendor:/opt/ros/jazzy/opt/gz_msgs_vendor:/opt/ros/jazzy/opt/gz_common_vendor:/opt/ros/jazzy/opt/gz_math_vendor:/opt/ros/jazzy/opt/gz_utils_vendor:/opt/ros/jazzy/opt/gz_tools_vendor:/opt/ros/jazzy/opt/gz_ogre_next_vendor:/opt/ros/jazzy/opt/gz_dartsim_vendor:/opt/ros/jazzy/opt/gz_cmake_vendor:/opt/ros/jazzy DEBUGINFOD_URLS=https://debuginfod.ubuntu.com GZ_SIM_RESOURCE_PATH=/home/natalia/Documents/STUDING/robotix/modul5/ex0302/install/ros_gz_example_description/share/ros_gz_example_description/models:${GZ_SIM_RESOURCE_PATH} /usr/bin/cmake --install /home/natalia/Documents/STUDING/robotix/modul5/ex0302/build/ros_gz_example_gazebo
[2.141s] -- Install configuration: ""
[2.141s] -- Up-to-date: /home/natalia/Documents/STUDING/robotix/modul5/ex0302/install/ros_gz_example_gazebo/lib/ros_gz_example_gazebo/libBasicSystem.so
[2.141s] -- Up-to-date: /home/natalia/Documents/STUDING/robotix/modul5/ex0302/install/ros_gz_example_gazebo/lib/ros_gz_example_gazebo/libFullSystem.so
[2.141s] -- Up-to-date: /home/natalia/Documents/STUDING/robotix/modul5/ex0302/install/ros_gz_example_gazebo/share/ros_gz_example_gazebo/worlds
[2.142s] -- Up-to-date: /home/natalia/Documents/STUDING/robotix/modul5/ex0302/install/ros_gz_example_gazebo/share/ros_gz_example_gazebo/worlds/diff_drive.sdf
[2.142s] -- Up-to-date: /home/natalia/Documents/STUDING/robotix/modul5/ex0302/install/ros_gz_example_gazebo/share/ros_gz_example_gazebo/environment/ros_gz_example_gazebo.dsv
[2.142s] -- Up-to-date: /home/natalia/Documents/STUDING/robotix/modul5/ex0302/install/ros_gz_example_gazebo/share/ros_gz_example_gazebo/environment/ros_gz_example_gazebo.sh
[2.142s] -- Up-to-date: /home/natalia/Documents/STUDING/robotix/modul5/ex0302/install/ros_gz_example_gazebo/share/ament_index/resource_index/package_run_dependencies/ros_gz_example_gazebo
[2.142s] -- Up-to-date: /home/natalia/Documents/STUDING/robotix/modul5/ex0302/install/ros_gz_example_gazebo/share/ament_index/resource_index/parent_prefix_path/ros_gz_example_gazebo
[2.142s] -- Up-to-date: /home/natalia/Documents/STUDING/robotix/modul5/ex0302/install/ros_gz_example_gazebo/share/ros_gz_example_gazebo/environment/ament_prefix_path.sh
[2.142s] -- Up-to-date: /home/natalia/Documents/STUDING/robotix/modul5/ex0302/install/ros_gz_example_gazebo/share/ros_gz_example_gazebo/environment/ament_prefix_path.dsv
[2.142s] -- Up-to-date: /home/natalia/Documents/STUDING/robotix/modul5/ex0302/install/ros_gz_example_gazebo/share/ros_gz_example_gazebo/environment/path.sh
[2.142s] -- Up-to-date: /home/natalia/Documents/STUDING/robotix/modul5/ex0302/install/ros_gz_example_gazebo/share/ros_gz_example_gazebo/environment/path.dsv
[2.142s] -- Up-to-date: /home/natalia/Documents/STUDING/robotix/modul5/ex0302/install/ros_gz_example_gazebo/share/ros_gz_example_gazebo/local_setup.bash
[2.142s] -- Up-to-date: /home/natalia/Documents/STUDING/robotix/modul5/ex0302/install/ros_gz_example_gazebo/share/ros_gz_example_gazebo/local_setup.sh
[2.142s] -- Up-to-date: /home/natalia/Documents/STUDING/robotix/modul5/ex0302/install/ros_gz_example_gazebo/share/ros_gz_example_gazebo/local_setup.zsh
[2.142s] -- Up-to-date: /home/natalia/Documents/STUDING/robotix/modul5/ex0302/install/ros_gz_example_gazebo/share/ros_gz_example_gazebo/local_setup.dsv
[2.142s] -- Installing: /home/natalia/Documents/STUDING/robotix/modul5/ex0302/install/ros_gz_example_gazebo/share/ros_gz_example_gazebo/package.dsv
[2.142s] -- Up-to-date: /home/natalia/Documents/STUDING/robotix/modul5/ex0302/install/ros_gz_example_gazebo/share/ament_index/resource_index/packages/ros_gz_example_gazebo
[2.143s] -- Up-to-date: /home/natalia/Documents/STUDING/robotix/modul5/ex0302/install/ros_gz_example_gazebo/share/ros_gz_example_gazebo/cmake/ros_gz_example_gazeboConfig.cmake
[2.143s] -- Up-to-date: /home/natalia/Documents/STUDING/robotix/modul5/ex0302/install/ros_gz_example_gazebo/share/ros_gz_example_gazebo/cmake/ros_gz_example_gazeboConfig-version.cmake
[2.143s] -- Up-to-date: /home/natalia/Documents/STUDING/robotix/modul5/ex0302/install/ros_gz_example_gazebo/share/ros_gz_example_gazebo/package.xml
[2.143s] Invoked command in '/home/natalia/Documents/STUDING/robotix/modul5/ex0302/build/ros_gz_example_gazebo' returned '0': CMAKE_PREFIX_PATH=/home/natalia/Documents/STUDING/robotix/modul5/ex0302/install/ros_gz_example_description:/home/natalia/Documents/STUDING/robotix/modul5/ex0302/install/ros_gz_example_bringup:/home/natalia/Documents/STUDING/robotix/modul5/ex0302/install/ros_gz_example_gazebo:/home/natalia/Documents/STUDING/robotix/modul5/ex0302/install/ros_gz_example_application:/opt/ros/jazzy/opt/gz_sim_vendor:/opt/ros/jazzy/opt/gz_sensors_vendor:/opt/ros/jazzy/opt/gz_physics_vendor:/opt/ros/jazzy/opt/sdformat_vendor:/opt/ros/jazzy/opt/gz_gui_vendor:/opt/ros/jazzy/opt/gz_transport_vendor:/opt/ros/jazzy/opt/gz_rendering_vendor:/opt/ros/jazzy/opt/gz_plugin_vendor:/opt/ros/jazzy/opt/gz_fuel_tools_vendor:/opt/ros/jazzy/opt/gz_msgs_vendor:/opt/ros/jazzy/opt/gz_common_vendor:/opt/ros/jazzy/opt/gz_math_vendor:/opt/ros/jazzy/opt/gz_utils_vendor:/opt/ros/jazzy/opt/gz_tools_vendor:/opt/ros/jazzy/opt/gz_ogre_next_vendor:/opt/ros/jazzy/opt/gz_dartsim_vendor:/opt/ros/jazzy/opt/gz_cmake_vendor:/opt/ros/jazzy DEBUGINFOD_URLS=https://debuginfod.ubuntu.com GZ_SIM_RESOURCE_PATH=/home/natalia/Documents/STUDING/robotix/modul5/ex0302/install/ros_gz_example_description/share/ros_gz_example_description/models:${GZ_SIM_RESOURCE_PATH} /usr/bin/cmake --install /home/natalia/Documents/STUDING/robotix/modul5/ex0302/build/ros_gz_example_gazebo
