[0.800s] Invoking command in '/home/natalia/Documents/STUDING/robotix/modul4/ex02/mycarrot': DEBUGINFOD_URLS=https://debuginfod.ubuntu.com PYTHONPATH=/home/natalia/Documents/STUDING/robotix/modul4/ex02/build/mycarrot/prefix_override:/usr/lib/python3/dist-packages/colcon_core/task/python/colcon_distutils_commands:/home/natalia/Documents/STUDING/robotix/modul4/ex02/install/mycarrot/lib/python3.12/site-packages:${PYTHONPATH} /usr/bin/python3 -W ignore:setup.py install is deprecated -W ignore:easy_install command is deprecated setup.py egg_info --egg-base ../build/mycarrot build --build-base /home/natalia/Documents/STUDING/robotix/modul4/ex02/build/mycarrot/build install --record /home/natalia/Documents/STUDING/robotix/modul4/ex02/build/mycarrot/install.log --single-version-externally-managed install_data
[1.080s] running egg_info
[1.089s] writing ../build/mycarrot/mycarrot.egg-info/PKG-INFO
[1.089s] writing dependency_links to ../build/mycarrot/mycarrot.egg-info/dependency_links.txt
[1.089s] writing entry points to ../build/mycarrot/mycarrot.egg-info/entry_points.txt
[1.089s] writing requirements to ../build/mycarrot/mycarrot.egg-info/requires.txt
[1.089s] writing top-level names to ../build/mycarrot/mycarrot.egg-info/top_level.txt
[1.107s] reading manifest file '../build/mycarrot/mycarrot.egg-info/SOURCES.txt'
[1.107s] adding license file 'LICENSE'
[1.108s] writing manifest file '../build/mycarrot/mycarrot.egg-info/SOURCES.txt'
[1.108s] running build
[1.108s] running build_py
[1.108s] running install
[1.111s] running install_lib
[1.121s] running install_data
[1.122s] running install_egg_info
[1.131s] removing '/home/natalia/Documents/STUDING/robotix/modul4/ex02/install/mycarrot/lib/python3.12/site-packages/mycarrot-0.0.0-py3.12.egg-info' (and everything under it)
[1.131s] Copying ../build/mycarrot/mycarrot.egg-info to /home/natalia/Documents/STUDING/robotix/modul4/ex02/install/mycarrot/lib/python3.12/site-packages/mycarrot-0.0.0-py3.12.egg-info
[1.132s] running install_scripts
[1.196s] Installing carrot_tf2_broadcaster script to /home/natalia/Documents/STUDING/robotix/modul4/ex02/install/mycarrot/lib/mycarrot
[1.196s] Installing turtle_tf2_broadcaster script to /home/natalia/Documents/STUDING/robotix/modul4/ex02/install/mycarrot/lib/mycarrot
[1.196s] Installing turtle_tf2_listener script to /home/natalia/Documents/STUDING/robotix/modul4/ex02/install/mycarrot/lib/mycarrot
[1.196s] writing list of installed files to '/home/natalia/Documents/STUDING/robotix/modul4/ex02/build/mycarrot/install.log'
[1.212s] Invoked command in '/home/natalia/Documents/STUDING/robotix/modul4/ex02/mycarrot' returned '0': DEBUGINFOD_URLS=https://debuginfod.ubuntu.com PYTHONPATH=/home/natalia/Documents/STUDING/robotix/modul4/ex02/build/mycarrot/prefix_override:/usr/lib/python3/dist-packages/colcon_core/task/python/colcon_distutils_commands:/home/natalia/Documents/STUDING/robotix/modul4/ex02/install/mycarrot/lib/python3.12/site-packages:${PYTHONPATH} /usr/bin/python3 -W ignore:setup.py install is deprecated -W ignore:easy_install command is deprecated setup.py egg_info --egg-base ../build/mycarrot build --build-base /home/natalia/Documents/STUDING/robotix/modul4/ex02/build/mycarrot/build install --record /home/natalia/Documents/STUDING/robotix/modul4/ex02/build/mycarrot/install.log --single-version-externally-managed install_data
