[0.007s] Invoking command in '/home/natalia/Documents/STUDING/robotix/modul5/ex04/build/ros_gz_example_application': CMAKE_PREFIX_PATH=${CMAKE_PREFIX_PATH}:/opt/ros/jazzy DEBUGINFOD_URLS=https://debuginfod.ubuntu.com /usr/bin/cmake --build /home/natalia/Documents/STUDING/robotix/modul5/ex04/build/ros_gz_example_application -- -j20 -l20
[0.041s] Invoked command in '/home/natalia/Documents/STUDING/robotix/modul5/ex04/build/ros_gz_example_application' returned '0': CMAKE_PREFIX_PATH=${CMAKE_PREFIX_PATH}:/opt/ros/jazzy DEBUGINFOD_URLS=https://debuginfod.ubuntu.com /usr/bin/cmake --build /home/natalia/Documents/STUDING/robotix/modul5/ex04/build/ros_gz_example_application -- -j20 -l20
[0.042s] Invoking command in '/home/natalia/Documents/STUDING/robotix/modul5/ex04/build/ros_gz_example_application': CMAKE_PREFIX_PATH=${CMAKE_PREFIX_PATH}:/opt/ros/jazzy DEBUGINFOD_URLS=https://debuginfod.ubuntu.com /usr/bin/cmake --install /home/natalia/Documents/STUDING/robotix/modul5/ex04/build/ros_gz_example_application
[0.051s] -- Install configuration: ""
[0.051s] -- Up-to-date: /home/natalia/Documents/STUDING/robotix/modul5/ex04/install/ros_gz_example_application/share/ament_index/resource_index/package_run_dependencies/ros_gz_example_application
[0.051s] -- Up-to-date: /home/natalia/Documents/STUDING/robotix/modul5/ex04/install/ros_gz_example_application/share/ament_index/resource_index/parent_prefix_path/ros_gz_example_application
[0.051s] -- Up-to-date: /home/natalia/Documents/STUDING/robotix/modul5/ex04/install/ros_gz_example_application/share/ros_gz_example_application/environment/ament_prefix_path.sh
[0.051s] -- Up-to-date: /home/natalia/Documents/STUDING/robotix/modul5/ex04/install/ros_gz_example_application/share/ros_gz_example_application/environment/ament_prefix_path.dsv
[0.052s] -- Up-to-date: /home/natalia/Documents/STUDING/robotix/modul5/ex04/install/ros_gz_example_application/share/ros_gz_example_application/environment/path.sh
[0.052s] -- Up-to-date: /home/natalia/Documents/STUDING/robotix/modul5/ex04/install/ros_gz_example_application/share/ros_gz_example_application/environment/path.dsv
[0.052s] -- Up-to-date: /home/natalia/Documents/STUDING/robotix/modul5/ex04/install/ros_gz_example_application/share/ros_gz_example_application/local_setup.bash
[0.052s] -- Up-to-date: /home/natalia/Documents/STUDING/robotix/modul5/ex04/install/ros_gz_example_application/share/ros_gz_example_application/local_setup.sh
[0.052s] -- Up-to-date: /home/natalia/Documents/STUDING/robotix/modul5/ex04/install/ros_gz_example_application/share/ros_gz_example_application/local_setup.zsh
[0.053s] -- Up-to-date: /home/natalia/Documents/STUDING/robotix/modul5/ex04/install/ros_gz_example_application/share/ros_gz_example_application/local_setup.dsv
[0.053s] -- Installing: /home/natalia/Documents/STUDING/robotix/modul5/ex04/install/ros_gz_example_application/share/ros_gz_example_application/package.dsv
[0.053s] -- Up-to-date: /home/natalia/Documents/STUDING/robotix/modul5/ex04/install/ros_gz_example_application/share/ament_index/resource_index/packages/ros_gz_example_application
[0.053s] -- Up-to-date: /home/natalia/Documents/STUDING/robotix/modul5/ex04/install/ros_gz_example_application/share/ros_gz_example_application/cmake/ros_gz_example_applicationConfig.cmake
[0.053s] -- Up-to-date: /home/natalia/Documents/STUDING/robotix/modul5/ex04/install/ros_gz_example_application/share/ros_gz_example_application/cmake/ros_gz_example_applicationConfig-version.cmake
[0.054s] -- Up-to-date: /home/natalia/Documents/STUDING/robotix/modul5/ex04/install/ros_gz_example_application/share/ros_gz_example_application/package.xml
[0.054s] Invoked command in '/home/natalia/Documents/STUDING/robotix/modul5/ex04/build/ros_gz_example_application' returned '0': CMAKE_PREFIX_PATH=${CMAKE_PREFIX_PATH}:/opt/ros/jazzy DEBUGINFOD_URLS=https://debuginfod.ubuntu.com /usr/bin/cmake --install /home/natalia/Documents/STUDING/robotix/modul5/ex04/build/ros_gz_example_application
