[0.007s] Invoking command in '/home/natalia/Documents/STUDING/robotix/modul5/ex03/build/sam_bot_description': CMAKE_PREFIX_PATH=${CMAKE_PREFIX_PATH}:/home/natalia/Documents/STUDING/robotix/modul5/ex03/install/ex03_robot_gazebo:/opt/ros/jazzy DEBUGINFOD_URLS=https://debuginfod.ubuntu.com /usr/bin/cmake /home/natalia/Documents/STUDING/robotix/modul5/ex03/sam_bot_description -DCMAKE_INSTALL_PREFIX=/home/natalia/Documents/STUDING/robotix/modul5/ex03/install/sam_bot_description
[0.211s] -- The C compiler identification is GNU 13.3.0
[0.494s] -- The CXX compiler identification is GNU 13.3.0
[0.587s] -- Detecting C compiler ABI info
[1.030s] -- Detecting C compiler ABI info - done
[1.080s] -- Check for working C compiler: /usr/bin/cc - skipped
[1.082s] -- Detecting C compile features
[1.084s] -- Detecting C compile features - done
[1.135s] -- Detecting CXX compiler ABI info
[1.623s] -- Detecting CXX compiler ABI info - done
[1.675s] -- Check for working CXX compiler: /usr/bin/c++ - skipped
[1.677s] -- Detecting CXX compile features
[1.680s] -- Detecting CXX compile features - done
[1.698s] -- Found ament_cmake: 2.5.4 (/opt/ros/jazzy/share/ament_cmake/cmake)
[2.351s] -- Found Python3: /usr/bin/python3 (found version "3.12.3") found components: Interpreter 
[2.508s] -- Found ament_lint_auto: 0.17.3 (/opt/ros/jazzy/share/ament_lint_auto/cmake)
[2.633s] -- Added test 'flake8' to check Python code syntax and style conventions
[2.634s] -- Configured 'flake8' exclude dirs and/or files: 
[2.634s] -- Added test 'lint_cmake' to check CMake code style
[2.634s] -- Added test 'pep257' to check Python code against some of the docstring style conventions in PEP 257
[2.635s] -- Added test 'xmllint' to check XML markup files
[2.636s] -- Configuring done (2.6s)
[2.638s] -- Generating done (0.0s)
[2.639s] -- Build files have been written to: /home/natalia/Documents/STUDING/robotix/modul5/ex03/build/sam_bot_description
[2.644s] Invoked command in '/home/natalia/Documents/STUDING/robotix/modul5/ex03/build/sam_bot_description' returned '0': CMAKE_PREFIX_PATH=${CMAKE_PREFIX_PATH}:/home/natalia/Documents/STUDING/robotix/modul5/ex03/install/ex03_robot_gazebo:/opt/ros/jazzy DEBUGINFOD_URLS=https://debuginfod.ubuntu.com /usr/bin/cmake /home/natalia/Documents/STUDING/robotix/modul5/ex03/sam_bot_description -DCMAKE_INSTALL_PREFIX=/home/natalia/Documents/STUDING/robotix/modul5/ex03/install/sam_bot_description
[2.644s] Invoking command in '/home/natalia/Documents/STUDING/robotix/modul5/ex03/build/sam_bot_description': CMAKE_PREFIX_PATH=${CMAKE_PREFIX_PATH}:/home/natalia/Documents/STUDING/robotix/modul5/ex03/install/ex03_robot_gazebo:/opt/ros/jazzy DEBUGINFOD_URLS=https://debuginfod.ubuntu.com /usr/bin/cmake --build /home/natalia/Documents/STUDING/robotix/modul5/ex03/build/sam_bot_description -- -j20 -l20
[2.797s] Invoked command in '/home/natalia/Documents/STUDING/robotix/modul5/ex03/build/sam_bot_description' returned '0': CMAKE_PREFIX_PATH=${CMAKE_PREFIX_PATH}:/home/natalia/Documents/STUDING/robotix/modul5/ex03/install/ex03_robot_gazebo:/opt/ros/jazzy DEBUGINFOD_URLS=https://debuginfod.ubuntu.com /usr/bin/cmake --build /home/natalia/Documents/STUDING/robotix/modul5/ex03/build/sam_bot_description -- -j20 -l20
[2.847s] Invoking command in '/home/natalia/Documents/STUDING/robotix/modul5/ex03/build/sam_bot_description': CMAKE_PREFIX_PATH=${CMAKE_PREFIX_PATH}:/home/natalia/Documents/STUDING/robotix/modul5/ex03/install/ex03_robot_gazebo:/opt/ros/jazzy DEBUGINFOD_URLS=https://debuginfod.ubuntu.com /usr/bin/cmake --install /home/natalia/Documents/STUDING/robotix/modul5/ex03/build/sam_bot_description
[2.888s] -- Install configuration: ""
[2.888s] -- Installing: /home/natalia/Documents/STUDING/robotix/modul5/ex03/install/sam_bot_description/share/sam_bot_description/src
[2.889s] -- Installing: /home/natalia/Documents/STUDING/robotix/modul5/ex03/install/sam_bot_description/share/sam_bot_description/src/description
[2.890s] -- Installing: /home/natalia/Documents/STUDING/robotix/modul5/ex03/install/sam_bot_description/share/sam_bot_description/src/description/sam_bot_description.urdf
[2.890s] -- Installing: /home/natalia/Documents/STUDING/robotix/modul5/ex03/install/sam_bot_description/share/sam_bot_description/src/description/sam_bot_description.xacro
[2.891s] -- Installing: /home/natalia/Documents/STUDING/robotix/modul5/ex03/install/sam_bot_description/share/sam_bot_description/src/sam_bot_description
[2.891s] -- Installing: /home/natalia/Documents/STUDING/robotix/modul5/ex03/install/sam_bot_description/share/sam_bot_description/launch
[2.891s] -- Installing: /home/natalia/Documents/STUDING/robotix/modul5/ex03/install/sam_bot_description/share/sam_bot_description/launch/display.launch.py
[2.891s] -- Installing: /home/natalia/Documents/STUDING/robotix/modul5/ex03/install/sam_bot_description/share/sam_bot_description/rviz
[2.892s] -- Installing: /home/natalia/Documents/STUDING/robotix/modul5/ex03/install/sam_bot_description/share/sam_bot_description/rviz/config.rviz
[2.892s] -- Installing: /home/natalia/Documents/STUDING/robotix/modul5/ex03/install/sam_bot_description/share/ament_index/resource_index/package_run_dependencies/sam_bot_description
[2.893s] -- Installing: /home/natalia/Documents/STUDING/robotix/modul5/ex03/install/sam_bot_description/share/ament_index/resource_index/parent_prefix_path/sam_bot_description
[2.893s] -- Installing: /home/natalia/Documents/STUDING/robotix/modul5/ex03/install/sam_bot_description/share/sam_bot_description/environment/ament_prefix_path.sh
[2.893s] -- Installing: /home/natalia/Documents/STUDING/robotix/modul5/ex03/install/sam_bot_description/share/sam_bot_description/environment/ament_prefix_path.dsv
[2.894s] -- Installing: /home/natalia/Documents/STUDING/robotix/modul5/ex03/install/sam_bot_description/share/sam_bot_description/environment/path.sh
[2.894s] -- Installing: /home/natalia/Documents/STUDING/robotix/modul5/ex03/install/sam_bot_description/share/sam_bot_description/environment/path.dsv
[2.895s] -- Installing: /home/natalia/Documents/STUDING/robotix/modul5/ex03/install/sam_bot_description/share/sam_bot_description/local_setup.bash
[2.895s] -- Installing: /home/natalia/Documents/STUDING/robotix/modul5/ex03/install/sam_bot_description/share/sam_bot_description/local_setup.sh
[2.895s] -- Installing: /home/natalia/Documents/STUDING/robotix/modul5/ex03/install/sam_bot_description/share/sam_bot_description/local_setup.zsh
[2.895s] -- Installing: /home/natalia/Documents/STUDING/robotix/modul5/ex03/install/sam_bot_description/share/sam_bot_description/local_setup.dsv
[2.896s] -- Installing: /home/natalia/Documents/STUDING/robotix/modul5/ex03/install/sam_bot_description/share/sam_bot_description/package.dsv
[2.896s] -- Installing: /home/natalia/Documents/STUDING/robotix/modul5/ex03/install/sam_bot_description/share/ament_index/resource_index/packages/sam_bot_description
[2.896s] -- Installing: /home/natalia/Documents/STUDING/robotix/modul5/ex03/install/sam_bot_description/share/sam_bot_description/cmake/sam_bot_descriptionConfig.cmake
[2.897s] -- Installing: /home/natalia/Documents/STUDING/robotix/modul5/ex03/install/sam_bot_description/share/sam_bot_description/cmake/sam_bot_descriptionConfig-version.cmake
[2.897s] -- Installing: /home/natalia/Documents/STUDING/robotix/modul5/ex03/install/sam_bot_description/share/sam_bot_description/package.xml
[2.905s] Invoked command in '/home/natalia/Documents/STUDING/robotix/modul5/ex03/build/sam_bot_description' returned '0': CMAKE_PREFIX_PATH=${CMAKE_PREFIX_PATH}:/home/natalia/Documents/STUDING/robotix/modul5/ex03/install/ex03_robot_gazebo:/opt/ros/jazzy DEBUGINFOD_URLS=https://debuginfod.ubuntu.com /usr/bin/cmake --install /home/natalia/Documents/STUDING/robotix/modul5/ex03/build/sam_bot_description
