/home/natalia/Documents/STUDING/robotix/modul4/ex02/install/mycarrot/lib/python3.12/site-packages/mycarrot/turtle_tf2_listener.py
/home/natalia/Documents/STUDING/robotix/modul4/ex02/install/mycarrot/lib/python3.12/site-packages/mycarrot/carrot_tf2_broadcaster.py
/home/natalia/Documents/STUDING/robotix/modul4/ex02/install/mycarrot/lib/python3.12/site-packages/mycarrot/__init__.py
/home/natalia/Documents/STUDING/robotix/modul4/ex02/install/mycarrot/lib/python3.12/site-packages/mycarrot/turtle3_tf2_listener.py
/home/natalia/Documents/STUDING/robotix/modul4/ex02/install/mycarrot/lib/python3.12/site-packages/mycarrot/turtle_tf2_broadcaster.py
/home/natalia/Documents/STUDING/robotix/modul4/ex02/install/mycarrot/lib/python3.12/site-packages/mycarrot/__pycache__/turtle_tf2_listener.cpython-312.pyc
/home/natalia/Documents/STUDING/robotix/modul4/ex02/install/mycarrot/lib/python3.12/site-packages/mycarrot/__pycache__/carrot_tf2_broadcaster.cpython-312.pyc
/home/natalia/Documents/STUDING/robotix/modul4/ex02/install/mycarrot/lib/python3.12/site-packages/mycarrot/__pycache__/__init__.cpython-312.pyc
/home/natalia/Documents/STUDING/robotix/modul4/ex02/install/mycarrot/lib/python3.12/site-packages/mycarrot/__pycache__/turtle3_tf2_listener.cpython-312.pyc
/home/natalia/Documents/STUDING/robotix/modul4/ex02/install/mycarrot/lib/python3.12/site-packages/mycarrot/__pycache__/turtle_tf2_broadcaster.cpython-312.pyc
/home/natalia/Documents/STUDING/robotix/modul4/ex02/install/mycarrot/share/ament_index/resource_index/packages/mycarrot
/home/natalia/Documents/STUDING/robotix/modul4/ex02/install/mycarrot/share/mycarrot/package.xml
/home/natalia/Documents/STUDING/robotix/modul4/ex02/install/mycarrot/share/mycarrot/launch/turtle_tf2_launch.py
/home/natalia/Documents/STUDING/robotix/modul4/ex02/install/mycarrot/lib/python3.12/site-packages/mycarrot-0.0.0-py3.12.egg-info/requires.txt
/home/natalia/Documents/STUDING/robotix/modul4/ex02/install/mycarrot/lib/python3.12/site-packages/mycarrot-0.0.0-py3.12.egg-info/top_level.txt
/home/natalia/Documents/STUDING/robotix/modul4/ex02/install/mycarrot/lib/python3.12/site-packages/mycarrot-0.0.0-py3.12.egg-info/PKG-INFO
/home/natalia/Documents/STUDING/robotix/modul4/ex02/install/mycarrot/lib/python3.12/site-packages/mycarrot-0.0.0-py3.12.egg-info/SOURCES.txt
/home/natalia/Documents/STUDING/robotix/modul4/ex02/install/mycarrot/lib/python3.12/site-packages/mycarrot-0.0.0-py3.12.egg-info/zip-safe
/home/natalia/Documents/STUDING/robotix/modul4/ex02/install/mycarrot/lib/python3.12/site-packages/mycarrot-0.0.0-py3.12.egg-info/entry_points.txt
/home/natalia/Documents/STUDING/robotix/modul4/ex02/install/mycarrot/lib/python3.12/site-packages/mycarrot-0.0.0-py3.12.egg-info/dependency_links.txt
/home/natalia/Documents/STUDING/robotix/modul4/ex02/install/mycarrot/lib/mycarrot/carrot_tf2_broadcaster
/home/natalia/Documents/STUDING/robotix/modul4/ex02/install/mycarrot/lib/mycarrot/turtle3_tf2_listener
/home/natalia/Documents/STUDING/robotix/modul4/ex02/install/mycarrot/lib/mycarrot/turtle_tf2_broadcaster
/home/natalia/Documents/STUDING/robotix/modul4/ex02/install/mycarrot/lib/mycarrot/turtle_tf2_listener
