[0.007s] Invoking command in '/home/natalia/Documents/STUDING/robotix/modul6/ex02/build/ros_gz_example_application': CMAKE_PREFIX_PATH=${CMAKE_PREFIX_PATH}:/opt/ros/jazzy DEBUGINFOD_URLS=https://debuginfod.ubuntu.com /usr/bin/cmake /home/natalia/Documents/STUDING/robotix/modul6/ex02/ros_gz_project_template/ros_gz_example_application -DCMAKE_INSTALL_PREFIX=/home/natalia/Documents/STUDING/robotix/modul6/ex02/install/ros_gz_example_application
[0.165s] -- The C compiler identification is GNU 13.3.0
[0.403s] -- The CXX compiler identification is GNU 13.3.0
[0.462s] -- Detecting C compiler ABI info
[0.898s] -- Detecting C compiler ABI info - done
[0.947s] -- Check for working C compiler: /usr/bin/cc - skipped
[0.948s] -- Detecting C compile features
[0.950s] -- Detecting C compile features - done
[0.996s] -- Detecting CXX compiler ABI info
[1.461s] -- Detecting CXX compiler ABI info - done
[1.486s] -- Check for working CXX compiler: /usr/bin/c++ - skipped
[1.487s] -- Detecting CXX compile features
[1.488s] -- Detecting CXX compile features - done
[1.503s] -- Found ament_cmake: 2.5.4 (/opt/ros/jazzy/share/ament_cmake/cmake)
[2.247s] -- Found Python3: /usr/bin/python3 (found version "3.12.3") found components: Interpreter 
[2.824s] -- Configuring done (2.8s)
[2.827s] -- Generating done (0.0s)
[2.829s] -- Build files have been written to: /home/natalia/Documents/STUDING/robotix/modul6/ex02/build/ros_gz_example_application
[2.836s] Invoked command in '/home/natalia/Documents/STUDING/robotix/modul6/ex02/build/ros_gz_example_application' returned '0': CMAKE_PREFIX_PATH=${CMAKE_PREFIX_PATH}:/opt/ros/jazzy DEBUGINFOD_URLS=https://debuginfod.ubuntu.com /usr/bin/cmake /home/natalia/Documents/STUDING/robotix/modul6/ex02/ros_gz_project_template/ros_gz_example_application -DCMAKE_INSTALL_PREFIX=/home/natalia/Documents/STUDING/robotix/modul6/ex02/install/ros_gz_example_application
[2.839s] Invoking command in '/home/natalia/Documents/STUDING/robotix/modul6/ex02/build/ros_gz_example_application': CMAKE_PREFIX_PATH=${CMAKE_PREFIX_PATH}:/opt/ros/jazzy DEBUGINFOD_URLS=https://debuginfod.ubuntu.com /usr/bin/cmake --build /home/natalia/Documents/STUDING/robotix/modul6/ex02/build/ros_gz_example_application -- -j20 -l20
[2.988s] Invoked command in '/home/natalia/Documents/STUDING/robotix/modul6/ex02/build/ros_gz_example_application' returned '0': CMAKE_PREFIX_PATH=${CMAKE_PREFIX_PATH}:/opt/ros/jazzy DEBUGINFOD_URLS=https://debuginfod.ubuntu.com /usr/bin/cmake --build /home/natalia/Documents/STUDING/robotix/modul6/ex02/build/ros_gz_example_application -- -j20 -l20
[3.034s] Invoking command in '/home/natalia/Documents/STUDING/robotix/modul6/ex02/build/ros_gz_example_application': CMAKE_PREFIX_PATH=${CMAKE_PREFIX_PATH}:/opt/ros/jazzy DEBUGINFOD_URLS=https://debuginfod.ubuntu.com /usr/bin/cmake --install /home/natalia/Documents/STUDING/robotix/modul6/ex02/build/ros_gz_example_application
[3.070s] -- Install configuration: ""
[3.071s] -- Installing: /home/natalia/Documents/STUDING/robotix/modul6/ex02/install/ros_gz_example_application/share/ament_index/resource_index/package_run_dependencies/ros_gz_example_application
[3.072s] -- Installing: /home/natalia/Documents/STUDING/robotix/modul6/ex02/install/ros_gz_example_application/share/ament_index/resource_index/parent_prefix_path/ros_gz_example_application
[3.073s] -- Installing: /home/natalia/Documents/STUDING/robotix/modul6/ex02/install/ros_gz_example_application/share/ros_gz_example_application/environment/ament_prefix_path.sh
[3.073s] -- Installing: /home/natalia/Documents/STUDING/robotix/modul6/ex02/install/ros_gz_example_application/share/ros_gz_example_application/environment/ament_prefix_path.dsv
[3.074s] -- Installing: /home/natalia/Documents/STUDING/robotix/modul6/ex02/install/ros_gz_example_application/share/ros_gz_example_application/environment/path.sh
[3.074s] -- Installing: /home/natalia/Documents/STUDING/robotix/modul6/ex02/install/ros_gz_example_application/share/ros_gz_example_application/environment/path.dsv
[3.074s] -- Installing: /home/natalia/Documents/STUDING/robotix/modul6/ex02/install/ros_gz_example_application/share/ros_gz_example_application/local_setup.bash
[3.075s] -- Installing: /home/natalia/Documents/STUDING/robotix/modul6/ex02/install/ros_gz_example_application/share/ros_gz_example_application/local_setup.sh
[3.075s] -- Installing: /home/natalia/Documents/STUDING/robotix/modul6/ex02/install/ros_gz_example_application/share/ros_gz_example_application/local_setup.zsh
[3.075s] -- Installing: /home/natalia/Documents/STUDING/robotix/modul6/ex02/install/ros_gz_example_application/share/ros_gz_example_application/local_setup.dsv
[3.076s] -- Installing: /home/natalia/Documents/STUDING/robotix/modul6/ex02/install/ros_gz_example_application/share/ros_gz_example_application/package.dsv
[3.076s] -- Installing: /home/natalia/Documents/STUDING/robotix/modul6/ex02/install/ros_gz_example_application/share/ament_index/resource_index/packages/ros_gz_example_application
[3.076s] -- Installing: /home/natalia/Documents/STUDING/robotix/modul6/ex02/install/ros_gz_example_application/share/ros_gz_example_application/cmake/ros_gz_example_applicationConfig.cmake
[3.077s] -- Installing: /home/natalia/Documents/STUDING/robotix/modul6/ex02/install/ros_gz_example_application/share/ros_gz_example_application/cmake/ros_gz_example_applicationConfig-version.cmake
[3.077s] -- Installing: /home/natalia/Documents/STUDING/robotix/modul6/ex02/install/ros_gz_example_application/share/ros_gz_example_application/package.xml
[3.094s] Invoked command in '/home/natalia/Documents/STUDING/robotix/modul6/ex02/build/ros_gz_example_application' returned '0': CMAKE_PREFIX_PATH=${CMAKE_PREFIX_PATH}:/opt/ros/jazzy DEBUGINFOD_URLS=https://debuginfod.ubuntu.com /usr/bin/cmake --install /home/natalia/Documents/STUDING/robotix/modul6/ex02/build/ros_gz_example_application
