[0.058s] DEBUG:colcon:Command line arguments: ['/usr/bin/colcon', 'build']
[0.058s] DEBUG:colcon:Parsed command line arguments: Namespace(log_base=None, log_level=None, verb_name='build', build_base='build', install_base='install', merge_install=False, symlink_install=False, test_result_base=None, continue_on_error=False, executor='parallel', parallel_workers=20, event_handlers=None, ignore_user_meta=False, metas=['./colcon.meta'], base_paths=['.'], packages_ignore=None, packages_ignore_regex=None, paths=None, packages_up_to=None, packages_up_to_regex=None, packages_above=None, packages_above_and_dependencies=None, packages_above_depth=None, packages_select_by_dep=None, packages_skip_by_dep=None, packages_skip_up_to=None, packages_select_build_failed=False, packages_skip_build_finished=False, packages_select_test_failures=False, packages_skip_test_passed=False, packages_select=None, packages_skip=None, packages_select_regex=None, packages_skip_regex=None, packages_start=None, packages_end=None, allow_overriding=[], cmake_args=None, cmake_target=None, cmake_target_skip_unavailable=False, cmake_clean_cache=False, cmake_clean_first=False, cmake_force_configure=False, ament_cmake_args=None, catkin_cmake_args=None, catkin_skip_building_tests=False, mixin_files=None, mixin=None, verb_parser=<colcon_mixin.mixin.mixin_argument.MixinArgumentDecorator object at 0x7d6102ca1280>, verb_extension=<colcon_core.verb.build.BuildVerb object at 0x7d6102ca1220>, main=<bound method BuildVerb.main of <colcon_core.verb.build.BuildVerb object at 0x7d6102ca1220>>, mixin_verb=('build',))
[0.080s] Level 1:colcon.colcon_core.package_discovery:discover_packages(colcon_meta) check parameters
[0.080s] Level 1:colcon.colcon_core.package_discovery:discover_packages(recursive) check parameters
[0.080s] Level 1:colcon.colcon_core.package_discovery:discover_packages(ignore) check parameters
[0.080s] Level 1:colcon.colcon_core.package_discovery:discover_packages(path) check parameters
[0.080s] Level 1:colcon.colcon_core.package_discovery:discover_packages(colcon_meta) discover
[0.080s] Level 1:colcon.colcon_core.package_discovery:discover_packages(recursive) discover
[0.080s] INFO:colcon.colcon_core.package_discovery:Crawling recursively for packages in '/home/natalia/Documents/STUDING/robotix/modul3/ex05'
[0.080s] Level 1:colcon.colcon_core.package_identification:_identify(.) by extensions ['ignore', 'ignore_ament_install']
[0.080s] Level 1:colcon.colcon_core.package_identification:_identify(.) by extension 'ignore'
[0.080s] Level 1:colcon.colcon_core.package_identification:_identify(.) by extension 'ignore_ament_install'
[0.080s] Level 1:colcon.colcon_core.package_identification:_identify(.) by extensions ['colcon_pkg']
[0.080s] Level 1:colcon.colcon_core.package_identification:_identify(.) by extension 'colcon_pkg'
[0.080s] Level 1:colcon.colcon_core.package_identification:_identify(.) by extensions ['colcon_meta']
[0.080s] Level 1:colcon.colcon_core.package_identification:_identify(.) by extension 'colcon_meta'
[0.080s] Level 1:colcon.colcon_core.package_identification:_identify(.) by extensions ['ros']
[0.080s] Level 1:colcon.colcon_core.package_identification:_identify(.) by extension 'ros'
[0.095s] Level 1:colcon.colcon_core.package_identification:_identify(.) by extensions ['cmake', 'python']
[0.095s] Level 1:colcon.colcon_core.package_identification:_identify(.) by extension 'cmake'
[0.095s] Level 1:colcon.colcon_core.package_identification:_identify(.) by extension 'python'
[0.095s] Level 1:colcon.colcon_core.package_identification:_identify(.) by extensions ['python_setup_py']
[0.095s] Level 1:colcon.colcon_core.package_identification:_identify(.) by extension 'python_setup_py'
[0.095s] Level 1:colcon.colcon_core.package_identification:_identify(action_cleaning_robot) by extensions ['ignore', 'ignore_ament_install']
[0.095s] Level 1:colcon.colcon_core.package_identification:_identify(action_cleaning_robot) by extension 'ignore'
[0.095s] Level 1:colcon.colcon_core.package_identification:_identify(action_cleaning_robot) by extension 'ignore_ament_install'
[0.095s] Level 1:colcon.colcon_core.package_identification:_identify(action_cleaning_robot) by extensions ['colcon_pkg']
[0.095s] Level 1:colcon.colcon_core.package_identification:_identify(action_cleaning_robot) by extension 'colcon_pkg'
[0.095s] Level 1:colcon.colcon_core.package_identification:_identify(action_cleaning_robot) by extensions ['colcon_meta']
[0.095s] Level 1:colcon.colcon_core.package_identification:_identify(action_cleaning_robot) by extension 'colcon_meta'
[0.095s] Level 1:colcon.colcon_core.package_identification:_identify(action_cleaning_robot) by extensions ['ros']
[0.095s] Level 1:colcon.colcon_core.package_identification:_identify(action_cleaning_robot) by extension 'ros'
[0.096s] DEBUG:colcon.colcon_core.package_identification:Package 'action_cleaning_robot' with type 'ros.ament_cmake' and name 'action_cleaning_robot'
[0.096s] Level 1:colcon.colcon_core.package_identification:_identify(build) by extensions ['ignore', 'ignore_ament_install']
[0.097s] Level 1:colcon.colcon_core.package_identification:_identify(build) by extension 'ignore'
[0.097s] Level 1:colcon.colcon_core.package_identification:_identify(build) ignored
[0.097s] Level 1:colcon.colcon_core.package_identification:_identify(install) by extensions ['ignore', 'ignore_ament_install']
[0.097s] Level 1:colcon.colcon_core.package_identification:_identify(install) by extension 'ignore'
[0.097s] Level 1:colcon.colcon_core.package_identification:_identify(install) ignored
[0.097s] Level 1:colcon.colcon_core.package_identification:_identify(log) by extensions ['ignore', 'ignore_ament_install']
[0.097s] Level 1:colcon.colcon_core.package_identification:_identify(log) by extension 'ignore'
[0.097s] Level 1:colcon.colcon_core.package_identification:_identify(log) ignored
[0.097s] Level 1:colcon.colcon_core.package_discovery:discover_packages(recursive) using defaults
[0.097s] Level 1:colcon.colcon_core.package_discovery:discover_packages(ignore) discover
[0.097s] Level 1:colcon.colcon_core.package_discovery:discover_packages(ignore) using defaults
[0.097s] Level 1:colcon.colcon_core.package_discovery:discover_packages(path) discover
[0.097s] Level 1:colcon.colcon_core.package_discovery:discover_packages(path) using defaults
[0.107s] Level 1:colcon.colcon_core.package_discovery:discover_packages(prefix_path) check parameters
[0.107s] Level 1:colcon.colcon_core.package_discovery:discover_packages(prefix_path) discover
[0.107s] DEBUG:colcon.colcon_installed_package_information.package_discovery:Found 1 installed packages in /home/natalia/Documents/STUDING/robotix/modul3/ex05/install
[0.108s] DEBUG:colcon.colcon_installed_package_information.package_discovery:Found 286 installed packages in /opt/ros/jazzy
[0.109s] Level 1:colcon.colcon_core.package_discovery:discover_packages(prefix_path) using defaults
[0.129s] Level 5:colcon.colcon_core.verb:set package 'action_cleaning_robot' build argument 'cmake_args' from command line to 'None'
[0.129s] Level 5:colcon.colcon_core.verb:set package 'action_cleaning_robot' build argument 'cmake_target' from command line to 'None'
[0.129s] Level 5:colcon.colcon_core.verb:set package 'action_cleaning_robot' build argument 'cmake_target_skip_unavailable' from command line to 'False'
[0.129s] Level 5:colcon.colcon_core.verb:set package 'action_cleaning_robot' build argument 'cmake_clean_cache' from command line to 'False'
[0.129s] Level 5:colcon.colcon_core.verb:set package 'action_cleaning_robot' build argument 'cmake_clean_first' from command line to 'False'
[0.129s] Level 5:colcon.colcon_core.verb:set package 'action_cleaning_robot' build argument 'cmake_force_configure' from command line to 'False'
[0.129s] Level 5:colcon.colcon_core.verb:set package 'action_cleaning_robot' build argument 'ament_cmake_args' from command line to 'None'
[0.129s] Level 5:colcon.colcon_core.verb:set package 'action_cleaning_robot' build argument 'catkin_cmake_args' from command line to 'None'
[0.129s] Level 5:colcon.colcon_core.verb:set package 'action_cleaning_robot' build argument 'catkin_skip_building_tests' from command line to 'False'
[0.129s] DEBUG:colcon.colcon_core.verb:Building package 'action_cleaning_robot' with the following arguments: {'ament_cmake_args': None, 'build_base': '/home/natalia/Documents/STUDING/robotix/modul3/ex05/build/action_cleaning_robot', 'catkin_cmake_args': None, 'catkin_skip_building_tests': False, 'cmake_args': None, 'cmake_clean_cache': False, 'cmake_clean_first': False, 'cmake_force_configure': False, 'cmake_target': None, 'cmake_target_skip_unavailable': False, 'install_base': '/home/natalia/Documents/STUDING/robotix/modul3/ex05/install/action_cleaning_robot', 'merge_install': False, 'path': '/home/natalia/Documents/STUDING/robotix/modul3/ex05/action_cleaning_robot', 'symlink_install': False, 'test_result_base': None}
[0.129s] INFO:colcon.colcon_core.executor:Executing jobs using 'parallel' executor
[0.129s] DEBUG:colcon.colcon_parallel_executor.executor.parallel:run_until_complete
[0.130s] INFO:colcon.colcon_ros.task.ament_cmake.build:Building ROS package in '/home/natalia/Documents/STUDING/robotix/modul3/ex05/action_cleaning_robot' with build type 'ament_cmake'
[0.130s] INFO:colcon.colcon_cmake.task.cmake.build:Building CMake package in '/home/natalia/Documents/STUDING/robotix/modul3/ex05/action_cleaning_robot'
[0.131s] INFO:colcon.colcon_core.plugin_system:Skipping extension 'colcon_core.shell.bat': Not used on non-Windows systems
[0.131s] INFO:colcon.colcon_core.shell:Skip shell extension 'powershell' for command environment: Not usable outside of PowerShell
[0.131s] DEBUG:colcon.colcon_core.shell:Skip shell extension 'dsv' for command environment
[0.137s] DEBUG:colcon.colcon_core.event_handler.log_command:Invoking command in '/home/natalia/Documents/STUDING/robotix/modul3/ex05/build/action_cleaning_robot': CMAKE_PREFIX_PATH=${CMAKE_PREFIX_PATH}:/opt/ros/jazzy DEBUGINFOD_URLS=https://debuginfod.ubuntu.com /usr/bin/cmake --build /home/natalia/Documents/STUDING/robotix/modul3/ex05/build/action_cleaning_robot -- -j20 -l20
[0.753s] DEBUG:colcon.colcon_core.event_handler.log_command:Invoked command in '/home/natalia/Documents/STUDING/robotix/modul3/ex05/build/action_cleaning_robot' returned '0': CMAKE_PREFIX_PATH=${CMAKE_PREFIX_PATH}:/opt/ros/jazzy DEBUGINFOD_URLS=https://debuginfod.ubuntu.com /usr/bin/cmake --build /home/natalia/Documents/STUDING/robotix/modul3/ex05/build/action_cleaning_robot -- -j20 -l20
[0.817s] DEBUG:colcon.colcon_core.event_handler.log_command:Invoking command in '/home/natalia/Documents/STUDING/robotix/modul3/ex05/build/action_cleaning_robot': CMAKE_PREFIX_PATH=${CMAKE_PREFIX_PATH}:/opt/ros/jazzy DEBUGINFOD_URLS=https://debuginfod.ubuntu.com /usr/bin/cmake --install /home/natalia/Documents/STUDING/robotix/modul3/ex05/build/action_cleaning_robot
[1.042s] Level 1:colcon.colcon_core.environment:create_environment_scripts_only(action_cleaning_robot)
[1.044s] DEBUG:colcon.colcon_core.event_handler.log_command:Invoked command in '/home/natalia/Documents/STUDING/robotix/modul3/ex05/build/action_cleaning_robot' returned '0': CMAKE_PREFIX_PATH=${CMAKE_PREFIX_PATH}:/opt/ros/jazzy DEBUGINFOD_URLS=https://debuginfod.ubuntu.com /usr/bin/cmake --install /home/natalia/Documents/STUDING/robotix/modul3/ex05/build/action_cleaning_robot
[1.050s] Level 1:colcon.colcon_core.environment:checking '/home/natalia/Documents/STUDING/robotix/modul3/ex05/install/action_cleaning_robot' for CMake module files
[1.052s] Level 1:colcon.colcon_core.environment:checking '/home/natalia/Documents/STUDING/robotix/modul3/ex05/install/action_cleaning_robot' for CMake config files
[1.052s] Level 1:colcon.colcon_core.shell:create_environment_hook('action_cleaning_robot', 'cmake_prefix_path')
[1.052s] INFO:colcon.colcon_core.shell:Creating environment hook '/home/natalia/Documents/STUDING/robotix/modul3/ex05/install/action_cleaning_robot/share/action_cleaning_robot/hook/cmake_prefix_path.ps1'
[1.053s] INFO:colcon.colcon_core.shell:Creating environment descriptor '/home/natalia/Documents/STUDING/robotix/modul3/ex05/install/action_cleaning_robot/share/action_cleaning_robot/hook/cmake_prefix_path.dsv'
[1.054s] INFO:colcon.colcon_core.shell:Creating environment hook '/home/natalia/Documents/STUDING/robotix/modul3/ex05/install/action_cleaning_robot/share/action_cleaning_robot/hook/cmake_prefix_path.sh'
[1.056s] Level 1:colcon.colcon_core.environment:checking '/home/natalia/Documents/STUDING/robotix/modul3/ex05/install/action_cleaning_robot/lib'
[1.056s] Level 1:colcon.colcon_core.shell:create_environment_hook('action_cleaning_robot', 'ld_library_path_lib')
[1.056s] INFO:colcon.colcon_core.shell:Creating environment hook '/home/natalia/Documents/STUDING/robotix/modul3/ex05/install/action_cleaning_robot/share/action_cleaning_robot/hook/ld_library_path_lib.ps1'
[1.057s] INFO:colcon.colcon_core.shell:Creating environment descriptor '/home/natalia/Documents/STUDING/robotix/modul3/ex05/install/action_cleaning_robot/share/action_cleaning_robot/hook/ld_library_path_lib.dsv'
[1.058s] INFO:colcon.colcon_core.shell:Creating environment hook '/home/natalia/Documents/STUDING/robotix/modul3/ex05/install/action_cleaning_robot/share/action_cleaning_robot/hook/ld_library_path_lib.sh'
[1.058s] Level 1:colcon.colcon_core.environment:checking '/home/natalia/Documents/STUDING/robotix/modul3/ex05/install/action_cleaning_robot/bin'
[1.058s] Level 1:colcon.colcon_core.environment:checking '/home/natalia/Documents/STUDING/robotix/modul3/ex05/install/action_cleaning_robot/lib/pkgconfig/action_cleaning_robot.pc'
[1.059s] Level 1:colcon.colcon_core.environment:checking '/home/natalia/Documents/STUDING/robotix/modul3/ex05/install/action_cleaning_robot/lib/python3.12/site-packages'
[1.059s] Level 1:colcon.colcon_core.shell:create_environment_hook('action_cleaning_robot', 'pythonpath')
[1.059s] INFO:colcon.colcon_core.shell:Creating environment hook '/home/natalia/Documents/STUDING/robotix/modul3/ex05/install/action_cleaning_robot/share/action_cleaning_robot/hook/pythonpath.ps1'
[1.060s] INFO:colcon.colcon_core.shell:Creating environment descriptor '/home/natalia/Documents/STUDING/robotix/modul3/ex05/install/action_cleaning_robot/share/action_cleaning_robot/hook/pythonpath.dsv'
[1.061s] INFO:colcon.colcon_core.shell:Creating environment hook '/home/natalia/Documents/STUDING/robotix/modul3/ex05/install/action_cleaning_robot/share/action_cleaning_robot/hook/pythonpath.sh'
[1.062s] Level 1:colcon.colcon_core.environment:checking '/home/natalia/Documents/STUDING/robotix/modul3/ex05/install/action_cleaning_robot/bin'
[1.063s] INFO:colcon.colcon_core.shell:Creating package script '/home/natalia/Documents/STUDING/robotix/modul3/ex05/install/action_cleaning_robot/share/action_cleaning_robot/package.ps1'
[1.065s] INFO:colcon.colcon_core.shell:Creating package descriptor '/home/natalia/Documents/STUDING/robotix/modul3/ex05/install/action_cleaning_robot/share/action_cleaning_robot/package.dsv'
[1.067s] INFO:colcon.colcon_core.shell:Creating package script '/home/natalia/Documents/STUDING/robotix/modul3/ex05/install/action_cleaning_robot/share/action_cleaning_robot/package.sh'
[1.070s] INFO:colcon.colcon_core.shell:Creating package script '/home/natalia/Documents/STUDING/robotix/modul3/ex05/install/action_cleaning_robot/share/action_cleaning_robot/package.bash'
[1.072s] INFO:colcon.colcon_core.shell:Creating package script '/home/natalia/Documents/STUDING/robotix/modul3/ex05/install/action_cleaning_robot/share/action_cleaning_robot/package.zsh'
[1.075s] Level 1:colcon.colcon_core.environment:create_file_with_runtime_dependencies(/home/natalia/Documents/STUDING/robotix/modul3/ex05/install/action_cleaning_robot/share/colcon-core/packages/action_cleaning_robot)
[1.077s] Level 1:colcon.colcon_core.environment:create_environment_scripts_only(action_cleaning_robot)
[1.078s] Level 1:colcon.colcon_core.environment:checking '/home/natalia/Documents/STUDING/robotix/modul3/ex05/install/action_cleaning_robot' for CMake module files
[1.081s] Level 1:colcon.colcon_core.environment:checking '/home/natalia/Documents/STUDING/robotix/modul3/ex05/install/action_cleaning_robot' for CMake config files
[1.082s] Level 1:colcon.colcon_core.shell:create_environment_hook('action_cleaning_robot', 'cmake_prefix_path')
[1.083s] INFO:colcon.colcon_core.shell:Creating environment hook '/home/natalia/Documents/STUDING/robotix/modul3/ex05/install/action_cleaning_robot/share/action_cleaning_robot/hook/cmake_prefix_path.ps1'
[1.085s] INFO:colcon.colcon_core.shell:Creating environment descriptor '/home/natalia/Documents/STUDING/robotix/modul3/ex05/install/action_cleaning_robot/share/action_cleaning_robot/hook/cmake_prefix_path.dsv'
[1.087s] INFO:colcon.colcon_core.shell:Creating environment hook '/home/natalia/Documents/STUDING/robotix/modul3/ex05/install/action_cleaning_robot/share/action_cleaning_robot/hook/cmake_prefix_path.sh'
[1.090s] Level 1:colcon.colcon_core.environment:checking '/home/natalia/Documents/STUDING/robotix/modul3/ex05/install/action_cleaning_robot/lib'
[1.091s] Level 1:colcon.colcon_core.shell:create_environment_hook('action_cleaning_robot', 'ld_library_path_lib')
[1.092s] INFO:colcon.colcon_core.shell:Creating environment hook '/home/natalia/Documents/STUDING/robotix/modul3/ex05/install/action_cleaning_robot/share/action_cleaning_robot/hook/ld_library_path_lib.ps1'
[1.094s] INFO:colcon.colcon_core.shell:Creating environment descriptor '/home/natalia/Documents/STUDING/robotix/modul3/ex05/install/action_cleaning_robot/share/action_cleaning_robot/hook/ld_library_path_lib.dsv'
[1.096s] INFO:colcon.colcon_core.shell:Creating environment hook '/home/natalia/Documents/STUDING/robotix/modul3/ex05/install/action_cleaning_robot/share/action_cleaning_robot/hook/ld_library_path_lib.sh'
[1.098s] Level 1:colcon.colcon_core.environment:checking '/home/natalia/Documents/STUDING/robotix/modul3/ex05/install/action_cleaning_robot/bin'
[1.098s] Level 1:colcon.colcon_core.environment:checking '/home/natalia/Documents/STUDING/robotix/modul3/ex05/install/action_cleaning_robot/lib/pkgconfig/action_cleaning_robot.pc'
[1.099s] Level 1:colcon.colcon_core.environment:checking '/home/natalia/Documents/STUDING/robotix/modul3/ex05/install/action_cleaning_robot/lib/python3.12/site-packages'
[1.100s] Level 1:colcon.colcon_core.shell:create_environment_hook('action_cleaning_robot', 'pythonpath')
[1.101s] INFO:colcon.colcon_core.shell:Creating environment hook '/home/natalia/Documents/STUDING/robotix/modul3/ex05/install/action_cleaning_robot/share/action_cleaning_robot/hook/pythonpath.ps1'
[1.104s] INFO:colcon.colcon_core.shell:Creating environment descriptor '/home/natalia/Documents/STUDING/robotix/modul3/ex05/install/action_cleaning_robot/share/action_cleaning_robot/hook/pythonpath.dsv'
[1.106s] INFO:colcon.colcon_core.shell:Creating environment hook '/home/natalia/Documents/STUDING/robotix/modul3/ex05/install/action_cleaning_robot/share/action_cleaning_robot/hook/pythonpath.sh'
[1.110s] Level 1:colcon.colcon_core.environment:checking '/home/natalia/Documents/STUDING/robotix/modul3/ex05/install/action_cleaning_robot/bin'
[1.111s] INFO:colcon.colcon_core.shell:Creating package script '/home/natalia/Documents/STUDING/robotix/modul3/ex05/install/action_cleaning_robot/share/action_cleaning_robot/package.ps1'
[1.114s] INFO:colcon.colcon_core.shell:Creating package descriptor '/home/natalia/Documents/STUDING/robotix/modul3/ex05/install/action_cleaning_robot/share/action_cleaning_robot/package.dsv'
[1.117s] INFO:colcon.colcon_core.shell:Creating package script '/home/natalia/Documents/STUDING/robotix/modul3/ex05/install/action_cleaning_robot/share/action_cleaning_robot/package.sh'
[1.119s] INFO:colcon.colcon_core.shell:Creating package script '/home/natalia/Documents/STUDING/robotix/modul3/ex05/install/action_cleaning_robot/share/action_cleaning_robot/package.bash'
[1.121s] INFO:colcon.colcon_core.shell:Creating package script '/home/natalia/Documents/STUDING/robotix/modul3/ex05/install/action_cleaning_robot/share/action_cleaning_robot/package.zsh'
[1.123s] Level 1:colcon.colcon_core.environment:create_file_with_runtime_dependencies(/home/natalia/Documents/STUDING/robotix/modul3/ex05/install/action_cleaning_robot/share/colcon-core/packages/action_cleaning_robot)
[1.124s] DEBUG:colcon.colcon_parallel_executor.executor.parallel:closing loop
[1.124s] DEBUG:colcon.colcon_parallel_executor.executor.parallel:loop closed
[1.124s] DEBUG:colcon.colcon_parallel_executor.executor.parallel:run_until_complete finished with '0'
[1.124s] DEBUG:colcon.colcon_core.event_reactor:joining thread
[1.152s] INFO:colcon.colcon_core.plugin_system:Skipping extension 'colcon_notification.desktop_notification.terminal_notifier': Not used on non-Darwin systems
[1.153s] INFO:colcon.colcon_core.plugin_system:Skipping extension 'colcon_notification.desktop_notification.win32': Not used on non-Windows systems
[1.153s] INFO:colcon.colcon_notification.desktop_notification:Sending desktop notification using 'notify2'
[1.216s] DEBUG:colcon.colcon_core.event_reactor:joined thread
[1.218s] INFO:colcon.colcon_core.shell:Creating prefix script '/home/natalia/Documents/STUDING/robotix/modul3/ex05/install/local_setup.ps1'
[1.225s] INFO:colcon.colcon_core.shell:Creating prefix util module '/home/natalia/Documents/STUDING/robotix/modul3/ex05/install/_local_setup_util_ps1.py'
[1.234s] INFO:colcon.colcon_core.shell:Creating prefix chain script '/home/natalia/Documents/STUDING/robotix/modul3/ex05/install/setup.ps1'
[1.239s] INFO:colcon.colcon_core.shell:Creating prefix script '/home/natalia/Documents/STUDING/robotix/modul3/ex05/install/local_setup.sh'
[1.242s] INFO:colcon.colcon_core.shell:Creating prefix util module '/home/natalia/Documents/STUDING/robotix/modul3/ex05/install/_local_setup_util_sh.py'
[1.248s] INFO:colcon.colcon_core.shell:Creating prefix chain script '/home/natalia/Documents/STUDING/robotix/modul3/ex05/install/setup.sh'
[1.255s] INFO:colcon.colcon_core.shell:Creating prefix script '/home/natalia/Documents/STUDING/robotix/modul3/ex05/install/local_setup.bash'
[1.259s] INFO:colcon.colcon_core.shell:Creating prefix chain script '/home/natalia/Documents/STUDING/robotix/modul3/ex05/install/setup.bash'
[1.263s] INFO:colcon.colcon_core.shell:Creating prefix script '/home/natalia/Documents/STUDING/robotix/modul3/ex05/install/local_setup.zsh'
[1.265s] INFO:colcon.colcon_core.shell:Creating prefix chain script '/home/natalia/Documents/STUDING/robotix/modul3/ex05/install/setup.zsh'
