[0.012s] Invoking command in '/home/natalia/Documents/STUDING/robotix/modul6/ex05/build/robot_description': CMAKE_PREFIX_PATH=${CMAKE_PREFIX_PATH}:/opt/ros/jazzy DEBUGINFOD_URLS=https://debuginfod.ubuntu.com /usr/bin/cmake --build /home/natalia/Documents/STUDING/robotix/modul6/ex05/build/robot_description -- -j20 -l20
[0.204s] Invoked command in '/home/natalia/Documents/STUDING/robotix/modul6/ex05/build/robot_description' returned '0': CMAKE_PREFIX_PATH=${CMAKE_PREFIX_PATH}:/opt/ros/jazzy DEBUGINFOD_URLS=https://debuginfod.ubuntu.com /usr/bin/cmake --build /home/natalia/Documents/STUDING/robotix/modul6/ex05/build/robot_description -- -j20 -l20
[0.208s] Invoking command in '/home/natalia/Documents/STUDING/robotix/modul6/ex05/build/robot_description': CMAKE_PREFIX_PATH=${CMAKE_PREFIX_PATH}:/opt/ros/jazzy DEBUGINFOD_URLS=https://debuginfod.ubuntu.com /usr/bin/cmake --install /home/natalia/Documents/STUDING/robotix/modul6/ex05/build/robot_description
[0.261s] -- Install configuration: ""
[0.261s] -- Up-to-date: /home/natalia/Documents/STUDING/robotix/modul6/ex05/install/robot_description/share/robot_description//urdf
[0.264s] -- Up-to-date: /home/natalia/Documents/STUDING/robotix/modul6/ex05/install/robot_description/share/robot_description//urdf/lidar.urdf.xacro
[0.267s] -- Up-to-date: /home/natalia/Documents/STUDING/robotix/modul6/ex05/install/robot_description/share/robot_description//urdf/robot.urdf.xacro
[0.267s] -- Up-to-date: /home/natalia/Documents/STUDING/robotix/modul6/ex05/install/robot_description/share/robot_description//urdf/depth.urdf.xacro
[0.267s] -- Up-to-date: /home/natalia/Documents/STUDING/robotix/modul6/ex05/install/robot_description/share/robot_description//urdf/gazebo.urdf.xacro
[0.268s] -- Up-to-date: /home/natalia/Documents/STUDING/robotix/modul6/ex05/install/robot_description/share/robot_description//urdf/d455.stl
[0.269s] -- Up-to-date: /home/natalia/Documents/STUDING/robotix/modul6/ex05/install/robot_description/share/ament_index/resource_index/package_run_dependencies/robot_description
[0.270s] -- Up-to-date: /home/natalia/Documents/STUDING/robotix/modul6/ex05/install/robot_description/share/ament_index/resource_index/parent_prefix_path/robot_description
[0.271s] -- Up-to-date: /home/natalia/Documents/STUDING/robotix/modul6/ex05/install/robot_description/share/robot_description/environment/ament_prefix_path.sh
[0.271s] -- Up-to-date: /home/natalia/Documents/STUDING/robotix/modul6/ex05/install/robot_description/share/robot_description/environment/ament_prefix_path.dsv
[0.272s] -- Up-to-date: /home/natalia/Documents/STUDING/robotix/modul6/ex05/install/robot_description/share/robot_description/environment/path.sh
[0.272s] -- Up-to-date: /home/natalia/Documents/STUDING/robotix/modul6/ex05/install/robot_description/share/robot_description/environment/path.dsv
[0.272s] -- Up-to-date: /home/natalia/Documents/STUDING/robotix/modul6/ex05/install/robot_description/share/robot_description/local_setup.bash
[0.272s] -- Up-to-date: /home/natalia/Documents/STUDING/robotix/modul6/ex05/install/robot_description/share/robot_description/local_setup.sh
[0.273s] -- Up-to-date: /home/natalia/Documents/STUDING/robotix/modul6/ex05/install/robot_description/share/robot_description/local_setup.zsh
[0.276s] -- Up-to-date: /home/natalia/Documents/STUDING/robotix/modul6/ex05/install/robot_description/share/robot_description/local_setup.dsv
[0.277s] -- Installing: /home/natalia/Documents/STUDING/robotix/modul6/ex05/install/robot_description/share/robot_description/package.dsv
[0.278s] -- Up-to-date: /home/natalia/Documents/STUDING/robotix/modul6/ex05/install/robot_description/share/ament_index/resource_index/packages/robot_description
[0.279s] -- Up-to-date: /home/natalia/Documents/STUDING/robotix/modul6/ex05/install/robot_description/share/robot_description/cmake/robot_descriptionConfig.cmake
[0.280s] -- Up-to-date: /home/natalia/Documents/STUDING/robotix/modul6/ex05/install/robot_description/share/robot_description/cmake/robot_descriptionConfig-version.cmake
[0.281s] -- Up-to-date: /home/natalia/Documents/STUDING/robotix/modul6/ex05/install/robot_description/share/robot_description/package.xml
[0.322s] Invoked command in '/home/natalia/Documents/STUDING/robotix/modul6/ex05/build/robot_description' returned '0': CMAKE_PREFIX_PATH=${CMAKE_PREFIX_PATH}:/opt/ros/jazzy DEBUGINFOD_URLS=https://debuginfod.ubuntu.com /usr/bin/cmake --install /home/natalia/Documents/STUDING/robotix/modul6/ex05/build/robot_description
