[0.057s] DEBUG:colcon:Command line arguments: ['/usr/bin/colcon', 'build']
[0.057s] DEBUG:colcon:Parsed command line arguments: Namespace(log_base=None, log_level=None, verb_name='build', build_base='build', install_base='install', merge_install=False, symlink_install=False, test_result_base=None, continue_on_error=False, executor='parallel', parallel_workers=20, event_handlers=None, ignore_user_meta=False, metas=['./colcon.meta'], base_paths=['.'], packages_ignore=None, packages_ignore_regex=None, paths=None, packages_up_to=None, packages_up_to_regex=None, packages_above=None, packages_above_and_dependencies=None, packages_above_depth=None, packages_select_by_dep=None, packages_skip_by_dep=None, packages_skip_up_to=None, packages_select_build_failed=False, packages_skip_build_finished=False, packages_select_test_failures=False, packages_skip_test_passed=False, packages_select=None, packages_skip=None, packages_select_regex=None, packages_skip_regex=None, packages_start=None, packages_end=None, allow_overriding=[], cmake_args=None, cmake_target=None, cmake_target_skip_unavailable=False, cmake_clean_cache=False, cmake_clean_first=False, cmake_force_configure=False, ament_cmake_args=None, catkin_cmake_args=None, catkin_skip_building_tests=False, mixin_files=None, mixin=None, verb_parser=<colcon_mixin.mixin.mixin_argument.MixinArgumentDecorator object at 0x7c02c8d9d8e0>, verb_extension=<colcon_core.verb.build.BuildVerb object at 0x7c02c8d9d760>, main=<bound method BuildVerb.main of <colcon_core.verb.build.BuildVerb object at 0x7c02c8d9d760>>, mixin_verb=('build',))
[0.078s] Level 1:colcon.colcon_core.package_discovery:discover_packages(colcon_meta) check parameters
[0.078s] Level 1:colcon.colcon_core.package_discovery:discover_packages(recursive) check parameters
[0.078s] Level 1:colcon.colcon_core.package_discovery:discover_packages(ignore) check parameters
[0.078s] Level 1:colcon.colcon_core.package_discovery:discover_packages(path) check parameters
[0.078s] Level 1:colcon.colcon_core.package_discovery:discover_packages(colcon_meta) discover
[0.078s] Level 1:colcon.colcon_core.package_discovery:discover_packages(recursive) discover
[0.078s] INFO:colcon.colcon_core.package_discovery:Crawling recursively for packages in '/home/natalia/Documents/STUDING/robotix/modul6/ex03'
[0.078s] Level 1:colcon.colcon_core.package_identification:_identify(.) by extensions ['ignore', 'ignore_ament_install']
[0.078s] Level 1:colcon.colcon_core.package_identification:_identify(.) by extension 'ignore'
[0.078s] Level 1:colcon.colcon_core.package_identification:_identify(.) by extension 'ignore_ament_install'
[0.078s] Level 1:colcon.colcon_core.package_identification:_identify(.) by extensions ['colcon_pkg']
[0.078s] Level 1:colcon.colcon_core.package_identification:_identify(.) by extension 'colcon_pkg'
[0.078s] Level 1:colcon.colcon_core.package_identification:_identify(.) by extensions ['colcon_meta']
[0.078s] Level 1:colcon.colcon_core.package_identification:_identify(.) by extension 'colcon_meta'
[0.078s] Level 1:colcon.colcon_core.package_identification:_identify(.) by extensions ['ros']
[0.078s] Level 1:colcon.colcon_core.package_identification:_identify(.) by extension 'ros'
[0.093s] Level 1:colcon.colcon_core.package_identification:_identify(.) by extensions ['cmake', 'python']
[0.093s] Level 1:colcon.colcon_core.package_identification:_identify(.) by extension 'cmake'
[0.093s] Level 1:colcon.colcon_core.package_identification:_identify(.) by extension 'python'
[0.093s] Level 1:colcon.colcon_core.package_identification:_identify(.) by extensions ['python_setup_py']
[0.093s] Level 1:colcon.colcon_core.package_identification:_identify(.) by extension 'python_setup_py'
[0.093s] Level 1:colcon.colcon_core.package_identification:_identify(build) by extensions ['ignore', 'ignore_ament_install']
[0.093s] Level 1:colcon.colcon_core.package_identification:_identify(build) by extension 'ignore'
[0.093s] Level 1:colcon.colcon_core.package_identification:_identify(build) ignored
[0.093s] Level 1:colcon.colcon_core.package_identification:_identify(install) by extensions ['ignore', 'ignore_ament_install']
[0.093s] Level 1:colcon.colcon_core.package_identification:_identify(install) by extension 'ignore'
[0.093s] Level 1:colcon.colcon_core.package_identification:_identify(install) ignored
[0.093s] Level 1:colcon.colcon_core.package_identification:_identify(log) by extensions ['ignore', 'ignore_ament_install']
[0.093s] Level 1:colcon.colcon_core.package_identification:_identify(log) by extension 'ignore'
[0.093s] Level 1:colcon.colcon_core.package_identification:_identify(log) ignored
[0.093s] Level 1:colcon.colcon_core.package_identification:_identify(ros_gz_project_template) by extensions ['ignore', 'ignore_ament_install']
[0.093s] Level 1:colcon.colcon_core.package_identification:_identify(ros_gz_project_template) by extension 'ignore'
[0.093s] Level 1:colcon.colcon_core.package_identification:_identify(ros_gz_project_template) by extension 'ignore_ament_install'
[0.093s] Level 1:colcon.colcon_core.package_identification:_identify(ros_gz_project_template) by extensions ['colcon_pkg']
[0.093s] Level 1:colcon.colcon_core.package_identification:_identify(ros_gz_project_template) by extension 'colcon_pkg'
[0.093s] Level 1:colcon.colcon_core.package_identification:_identify(ros_gz_project_template) by extensions ['colcon_meta']
[0.093s] Level 1:colcon.colcon_core.package_identification:_identify(ros_gz_project_template) by extension 'colcon_meta'
[0.093s] Level 1:colcon.colcon_core.package_identification:_identify(ros_gz_project_template) by extensions ['ros']
[0.093s] Level 1:colcon.colcon_core.package_identification:_identify(ros_gz_project_template) by extension 'ros'
[0.093s] Level 1:colcon.colcon_core.package_identification:_identify(ros_gz_project_template) by extensions ['cmake', 'python']
[0.093s] Level 1:colcon.colcon_core.package_identification:_identify(ros_gz_project_template) by extension 'cmake'
[0.093s] Level 1:colcon.colcon_core.package_identification:_identify(ros_gz_project_template) by extension 'python'
[0.093s] Level 1:colcon.colcon_core.package_identification:_identify(ros_gz_project_template) by extensions ['python_setup_py']
[0.093s] Level 1:colcon.colcon_core.package_identification:_identify(ros_gz_project_template) by extension 'python_setup_py'
[0.093s] Level 1:colcon.colcon_core.package_identification:_identify(ros_gz_project_template/ros_gz_example_application) by extensions ['ignore', 'ignore_ament_install']
[0.093s] Level 1:colcon.colcon_core.package_identification:_identify(ros_gz_project_template/ros_gz_example_application) by extension 'ignore'
[0.093s] Level 1:colcon.colcon_core.package_identification:_identify(ros_gz_project_template/ros_gz_example_application) by extension 'ignore_ament_install'
[0.093s] Level 1:colcon.colcon_core.package_identification:_identify(ros_gz_project_template/ros_gz_example_application) by extensions ['colcon_pkg']
[0.093s] Level 1:colcon.colcon_core.package_identification:_identify(ros_gz_project_template/ros_gz_example_application) by extension 'colcon_pkg'
[0.094s] Level 1:colcon.colcon_core.package_identification:_identify(ros_gz_project_template/ros_gz_example_application) by extensions ['colcon_meta']
[0.094s] Level 1:colcon.colcon_core.package_identification:_identify(ros_gz_project_template/ros_gz_example_application) by extension 'colcon_meta'
[0.094s] Level 1:colcon.colcon_core.package_identification:_identify(ros_gz_project_template/ros_gz_example_application) by extensions ['ros']
[0.094s] Level 1:colcon.colcon_core.package_identification:_identify(ros_gz_project_template/ros_gz_example_application) by extension 'ros'
[0.095s] DEBUG:colcon.colcon_core.package_identification:Package 'ros_gz_project_template/ros_gz_example_application' with type 'ros.ament_cmake' and name 'ros_gz_example_application'
[0.095s] Level 1:colcon.colcon_core.package_identification:_identify(ros_gz_project_template/ros_gz_example_bringup) by extensions ['ignore', 'ignore_ament_install']
[0.095s] Level 1:colcon.colcon_core.package_identification:_identify(ros_gz_project_template/ros_gz_example_bringup) by extension 'ignore'
[0.095s] Level 1:colcon.colcon_core.package_identification:_identify(ros_gz_project_template/ros_gz_example_bringup) by extension 'ignore_ament_install'
[0.095s] Level 1:colcon.colcon_core.package_identification:_identify(ros_gz_project_template/ros_gz_example_bringup) by extensions ['colcon_pkg']
[0.095s] Level 1:colcon.colcon_core.package_identification:_identify(ros_gz_project_template/ros_gz_example_bringup) by extension 'colcon_pkg'
[0.095s] Level 1:colcon.colcon_core.package_identification:_identify(ros_gz_project_template/ros_gz_example_bringup) by extensions ['colcon_meta']
[0.095s] Level 1:colcon.colcon_core.package_identification:_identify(ros_gz_project_template/ros_gz_example_bringup) by extension 'colcon_meta'
[0.095s] Level 1:colcon.colcon_core.package_identification:_identify(ros_gz_project_template/ros_gz_example_bringup) by extensions ['ros']
[0.095s] Level 1:colcon.colcon_core.package_identification:_identify(ros_gz_project_template/ros_gz_example_bringup) by extension 'ros'
[0.095s] DEBUG:colcon.colcon_core.package_identification:Package 'ros_gz_project_template/ros_gz_example_bringup' with type 'ros.ament_cmake' and name 'ros_gz_example_bringup'
[0.095s] Level 1:colcon.colcon_core.package_identification:_identify(ros_gz_project_template/ros_gz_example_description) by extensions ['ignore', 'ignore_ament_install']
[0.096s] Level 1:colcon.colcon_core.package_identification:_identify(ros_gz_project_template/ros_gz_example_description) by extension 'ignore'
[0.096s] Level 1:colcon.colcon_core.package_identification:_identify(ros_gz_project_template/ros_gz_example_description) by extension 'ignore_ament_install'
[0.096s] Level 1:colcon.colcon_core.package_identification:_identify(ros_gz_project_template/ros_gz_example_description) by extensions ['colcon_pkg']
[0.096s] Level 1:colcon.colcon_core.package_identification:_identify(ros_gz_project_template/ros_gz_example_description) by extension 'colcon_pkg'
[0.096s] Level 1:colcon.colcon_core.package_identification:_identify(ros_gz_project_template/ros_gz_example_description) by extensions ['colcon_meta']
[0.096s] Level 1:colcon.colcon_core.package_identification:_identify(ros_gz_project_template/ros_gz_example_description) by extension 'colcon_meta'
[0.096s] Level 1:colcon.colcon_core.package_identification:_identify(ros_gz_project_template/ros_gz_example_description) by extensions ['ros']
[0.096s] Level 1:colcon.colcon_core.package_identification:_identify(ros_gz_project_template/ros_gz_example_description) by extension 'ros'
[0.096s] DEBUG:colcon.colcon_core.package_identification:Package 'ros_gz_project_template/ros_gz_example_description' with type 'ros.ament_cmake' and name 'ros_gz_example_description'
[0.096s] Level 1:colcon.colcon_core.package_identification:_identify(ros_gz_project_template/ros_gz_example_gazebo) by extensions ['ignore', 'ignore_ament_install']
[0.096s] Level 1:colcon.colcon_core.package_identification:_identify(ros_gz_project_template/ros_gz_example_gazebo) by extension 'ignore'
[0.096s] Level 1:colcon.colcon_core.package_identification:_identify(ros_gz_project_template/ros_gz_example_gazebo) by extension 'ignore_ament_install'
[0.096s] Level 1:colcon.colcon_core.package_identification:_identify(ros_gz_project_template/ros_gz_example_gazebo) by extensions ['colcon_pkg']
[0.096s] Level 1:colcon.colcon_core.package_identification:_identify(ros_gz_project_template/ros_gz_example_gazebo) by extension 'colcon_pkg'
[0.096s] Level 1:colcon.colcon_core.package_identification:_identify(ros_gz_project_template/ros_gz_example_gazebo) by extensions ['colcon_meta']
[0.096s] Level 1:colcon.colcon_core.package_identification:_identify(ros_gz_project_template/ros_gz_example_gazebo) by extension 'colcon_meta'
[0.096s] Level 1:colcon.colcon_core.package_identification:_identify(ros_gz_project_template/ros_gz_example_gazebo) by extensions ['ros']
[0.096s] Level 1:colcon.colcon_core.package_identification:_identify(ros_gz_project_template/ros_gz_example_gazebo) by extension 'ros'
[0.096s] DEBUG:colcon.colcon_core.package_identification:Package 'ros_gz_project_template/ros_gz_example_gazebo' with type 'ros.ament_cmake' and name 'ros_gz_example_gazebo'
[0.096s] Level 1:colcon.colcon_core.package_discovery:discover_packages(recursive) using defaults
[0.096s] Level 1:colcon.colcon_core.package_discovery:discover_packages(ignore) discover
[0.096s] Level 1:colcon.colcon_core.package_discovery:discover_packages(ignore) using defaults
[0.096s] Level 1:colcon.colcon_core.package_discovery:discover_packages(path) discover
[0.096s] Level 1:colcon.colcon_core.package_discovery:discover_packages(path) using defaults
[0.106s] Level 1:colcon.colcon_core.package_discovery:discover_packages(prefix_path) check parameters
[0.106s] Level 1:colcon.colcon_core.package_discovery:discover_packages(prefix_path) discover
[0.108s] DEBUG:colcon.colcon_installed_package_information.package_discovery:Found 367 installed packages in /opt/ros/jazzy
[0.108s] Level 1:colcon.colcon_core.package_discovery:discover_packages(prefix_path) using defaults
[0.131s] Level 5:colcon.colcon_core.verb:set package 'ros_gz_example_application' build argument 'cmake_args' from command line to 'None'
[0.131s] Level 5:colcon.colcon_core.verb:set package 'ros_gz_example_application' build argument 'cmake_target' from command line to 'None'
[0.132s] Level 5:colcon.colcon_core.verb:set package 'ros_gz_example_application' build argument 'cmake_target_skip_unavailable' from command line to 'False'
[0.132s] Level 5:colcon.colcon_core.verb:set package 'ros_gz_example_application' build argument 'cmake_clean_cache' from command line to 'False'
[0.132s] Level 5:colcon.colcon_core.verb:set package 'ros_gz_example_application' build argument 'cmake_clean_first' from command line to 'False'
[0.132s] Level 5:colcon.colcon_core.verb:set package 'ros_gz_example_application' build argument 'cmake_force_configure' from command line to 'False'
[0.132s] Level 5:colcon.colcon_core.verb:set package 'ros_gz_example_application' build argument 'ament_cmake_args' from command line to 'None'
[0.132s] Level 5:colcon.colcon_core.verb:set package 'ros_gz_example_application' build argument 'catkin_cmake_args' from command line to 'None'
[0.132s] Level 5:colcon.colcon_core.verb:set package 'ros_gz_example_application' build argument 'catkin_skip_building_tests' from command line to 'False'
[0.132s] DEBUG:colcon.colcon_core.verb:Building package 'ros_gz_example_application' with the following arguments: {'ament_cmake_args': None, 'build_base': '/home/natalia/Documents/STUDING/robotix/modul6/ex03/build/ros_gz_example_application', 'catkin_cmake_args': None, 'catkin_skip_building_tests': False, 'cmake_args': None, 'cmake_clean_cache': False, 'cmake_clean_first': False, 'cmake_force_configure': False, 'cmake_target': None, 'cmake_target_skip_unavailable': False, 'install_base': '/home/natalia/Documents/STUDING/robotix/modul6/ex03/install/ros_gz_example_application', 'merge_install': False, 'path': '/home/natalia/Documents/STUDING/robotix/modul6/ex03/ros_gz_project_template/ros_gz_example_application', 'symlink_install': False, 'test_result_base': None}
[0.132s] Level 5:colcon.colcon_core.verb:set package 'ros_gz_example_description' build argument 'cmake_args' from command line to 'None'
[0.132s] Level 5:colcon.colcon_core.verb:set package 'ros_gz_example_description' build argument 'cmake_target' from command line to 'None'
[0.132s] Level 5:colcon.colcon_core.verb:set package 'ros_gz_example_description' build argument 'cmake_target_skip_unavailable' from command line to 'False'
[0.132s] Level 5:colcon.colcon_core.verb:set package 'ros_gz_example_description' build argument 'cmake_clean_cache' from command line to 'False'
[0.132s] Level 5:colcon.colcon_core.verb:set package 'ros_gz_example_description' build argument 'cmake_clean_first' from command line to 'False'
[0.132s] Level 5:colcon.colcon_core.verb:set package 'ros_gz_example_description' build argument 'cmake_force_configure' from command line to 'False'
[0.132s] Level 5:colcon.colcon_core.verb:set package 'ros_gz_example_description' build argument 'ament_cmake_args' from command line to 'None'
[0.132s] Level 5:colcon.colcon_core.verb:set package 'ros_gz_example_description' build argument 'catkin_cmake_args' from command line to 'None'
[0.132s] Level 5:colcon.colcon_core.verb:set package 'ros_gz_example_description' build argument 'catkin_skip_building_tests' from command line to 'False'
[0.132s] DEBUG:colcon.colcon_core.verb:Building package 'ros_gz_example_description' with the following arguments: {'ament_cmake_args': None, 'build_base': '/home/natalia/Documents/STUDING/robotix/modul6/ex03/build/ros_gz_example_description', 'catkin_cmake_args': None, 'catkin_skip_building_tests': False, 'cmake_args': None, 'cmake_clean_cache': False, 'cmake_clean_first': False, 'cmake_force_configure': False, 'cmake_target': None, 'cmake_target_skip_unavailable': False, 'install_base': '/home/natalia/Documents/STUDING/robotix/modul6/ex03/install/ros_gz_example_description', 'merge_install': False, 'path': '/home/natalia/Documents/STUDING/robotix/modul6/ex03/ros_gz_project_template/ros_gz_example_description', 'symlink_install': False, 'test_result_base': None}
[0.132s] Level 5:colcon.colcon_core.verb:set package 'ros_gz_example_gazebo' build argument 'cmake_args' from command line to 'None'
[0.132s] Level 5:colcon.colcon_core.verb:set package 'ros_gz_example_gazebo' build argument 'cmake_target' from command line to 'None'
[0.132s] Level 5:colcon.colcon_core.verb:set package 'ros_gz_example_gazebo' build argument 'cmake_target_skip_unavailable' from command line to 'False'
[0.132s] Level 5:colcon.colcon_core.verb:set package 'ros_gz_example_gazebo' build argument 'cmake_clean_cache' from command line to 'False'
[0.132s] Level 5:colcon.colcon_core.verb:set package 'ros_gz_example_gazebo' build argument 'cmake_clean_first' from command line to 'False'
[0.132s] Level 5:colcon.colcon_core.verb:set package 'ros_gz_example_gazebo' build argument 'cmake_force_configure' from command line to 'False'
[0.132s] Level 5:colcon.colcon_core.verb:set package 'ros_gz_example_gazebo' build argument 'ament_cmake_args' from command line to 'None'
[0.132s] Level 5:colcon.colcon_core.verb:set package 'ros_gz_example_gazebo' build argument 'catkin_cmake_args' from command line to 'None'
[0.132s] Level 5:colcon.colcon_core.verb:set package 'ros_gz_example_gazebo' build argument 'catkin_skip_building_tests' from command line to 'False'
[0.132s] DEBUG:colcon.colcon_core.verb:Building package 'ros_gz_example_gazebo' with the following arguments: {'ament_cmake_args': None, 'build_base': '/home/natalia/Documents/STUDING/robotix/modul6/ex03/build/ros_gz_example_gazebo', 'catkin_cmake_args': None, 'catkin_skip_building_tests': False, 'cmake_args': None, 'cmake_clean_cache': False, 'cmake_clean_first': False, 'cmake_force_configure': False, 'cmake_target': None, 'cmake_target_skip_unavailable': False, 'install_base': '/home/natalia/Documents/STUDING/robotix/modul6/ex03/install/ros_gz_example_gazebo', 'merge_install': False, 'path': '/home/natalia/Documents/STUDING/robotix/modul6/ex03/ros_gz_project_template/ros_gz_example_gazebo', 'symlink_install': False, 'test_result_base': None}
[0.132s] Level 5:colcon.colcon_core.verb:set package 'ros_gz_example_bringup' build argument 'cmake_args' from command line to 'None'
[0.132s] Level 5:colcon.colcon_core.verb:set package 'ros_gz_example_bringup' build argument 'cmake_target' from command line to 'None'
[0.132s] Level 5:colcon.colcon_core.verb:set package 'ros_gz_example_bringup' build argument 'cmake_target_skip_unavailable' from command line to 'False'
[0.132s] Level 5:colcon.colcon_core.verb:set package 'ros_gz_example_bringup' build argument 'cmake_clean_cache' from command line to 'False'
[0.132s] Level 5:colcon.colcon_core.verb:set package 'ros_gz_example_bringup' build argument 'cmake_clean_first' from command line to 'False'
[0.132s] Level 5:colcon.colcon_core.verb:set package 'ros_gz_example_bringup' build argument 'cmake_force_configure' from command line to 'False'
[0.132s] Level 5:colcon.colcon_core.verb:set package 'ros_gz_example_bringup' build argument 'ament_cmake_args' from command line to 'None'
[0.132s] Level 5:colcon.colcon_core.verb:set package 'ros_gz_example_bringup' build argument 'catkin_cmake_args' from command line to 'None'
[0.132s] Level 5:colcon.colcon_core.verb:set package 'ros_gz_example_bringup' build argument 'catkin_skip_building_tests' from command line to 'False'
[0.132s] DEBUG:colcon.colcon_core.verb:Building package 'ros_gz_example_bringup' with the following arguments: {'ament_cmake_args': None, 'build_base': '/home/natalia/Documents/STUDING/robotix/modul6/ex03/build/ros_gz_example_bringup', 'catkin_cmake_args': None, 'catkin_skip_building_tests': False, 'cmake_args': None, 'cmake_clean_cache': False, 'cmake_clean_first': False, 'cmake_force_configure': False, 'cmake_target': None, 'cmake_target_skip_unavailable': False, 'install_base': '/home/natalia/Documents/STUDING/robotix/modul6/ex03/install/ros_gz_example_bringup', 'merge_install': False, 'path': '/home/natalia/Documents/STUDING/robotix/modul6/ex03/ros_gz_project_template/ros_gz_example_bringup', 'symlink_install': False, 'test_result_base': None}
[0.132s] INFO:colcon.colcon_core.executor:Executing jobs using 'parallel' executor
[0.133s] DEBUG:colcon.colcon_parallel_executor.executor.parallel:run_until_complete
[0.133s] INFO:colcon.colcon_ros.task.ament_cmake.build:Building ROS package in '/home/natalia/Documents/STUDING/robotix/modul6/ex03/ros_gz_project_template/ros_gz_example_description' with build type 'ament_cmake'
[0.133s] INFO:colcon.colcon_cmake.task.cmake.build:Building CMake package in '/home/natalia/Documents/STUDING/robotix/modul6/ex03/ros_gz_project_template/ros_gz_example_description'
[0.134s] INFO:colcon.colcon_core.plugin_system:Skipping extension 'colcon_core.shell.bat': Not used on non-Windows systems
[0.134s] INFO:colcon.colcon_core.shell:Skip shell extension 'powershell' for command environment: Not usable outside of PowerShell
[0.134s] DEBUG:colcon.colcon_core.shell:Skip shell extension 'dsv' for command environment
[0.136s] INFO:colcon.colcon_ros.task.ament_cmake.build:Building ROS package in '/home/natalia/Documents/STUDING/robotix/modul6/ex03/ros_gz_project_template/ros_gz_example_application' with build type 'ament_cmake'
[0.136s] INFO:colcon.colcon_cmake.task.cmake.build:Building CMake package in '/home/natalia/Documents/STUDING/robotix/modul6/ex03/ros_gz_project_template/ros_gz_example_application'
[0.136s] INFO:colcon.colcon_core.shell:Skip shell extension 'powershell' for command environment: Not usable outside of PowerShell
[0.136s] DEBUG:colcon.colcon_core.shell:Skip shell extension 'dsv' for command environment
[0.140s] DEBUG:colcon.colcon_core.event_handler.log_command:Invoking command in '/home/natalia/Documents/STUDING/robotix/modul6/ex03/build/ros_gz_example_description': CMAKE_PREFIX_PATH=${CMAKE_PREFIX_PATH}:/opt/ros/jazzy DEBUGINFOD_URLS=https://debuginfod.ubuntu.com /usr/bin/cmake /home/natalia/Documents/STUDING/robotix/modul6/ex03/ros_gz_project_template/ros_gz_example_description -DCMAKE_INSTALL_PREFIX=/home/natalia/Documents/STUDING/robotix/modul6/ex03/install/ros_gz_example_description
[0.142s] DEBUG:colcon.colcon_core.event_handler.log_command:Invoking command in '/home/natalia/Documents/STUDING/robotix/modul6/ex03/build/ros_gz_example_application': CMAKE_PREFIX_PATH=${CMAKE_PREFIX_PATH}:/opt/ros/jazzy DEBUGINFOD_URLS=https://debuginfod.ubuntu.com /usr/bin/cmake /home/natalia/Documents/STUDING/robotix/modul6/ex03/ros_gz_project_template/ros_gz_example_application -DCMAKE_INSTALL_PREFIX=/home/natalia/Documents/STUDING/robotix/modul6/ex03/install/ros_gz_example_application
[3.207s] DEBUG:colcon.colcon_core.event_handler.log_command:Invoked command in '/home/natalia/Documents/STUDING/robotix/modul6/ex03/build/ros_gz_example_application' returned '0': CMAKE_PREFIX_PATH=${CMAKE_PREFIX_PATH}:/opt/ros/jazzy DEBUGINFOD_URLS=https://debuginfod.ubuntu.com /usr/bin/cmake /home/natalia/Documents/STUDING/robotix/modul6/ex03/ros_gz_project_template/ros_gz_example_application -DCMAKE_INSTALL_PREFIX=/home/natalia/Documents/STUDING/robotix/modul6/ex03/install/ros_gz_example_application
[3.208s] DEBUG:colcon.colcon_core.event_handler.log_command:Invoking command in '/home/natalia/Documents/STUDING/robotix/modul6/ex03/build/ros_gz_example_application': CMAKE_PREFIX_PATH=${CMAKE_PREFIX_PATH}:/opt/ros/jazzy DEBUGINFOD_URLS=https://debuginfod.ubuntu.com /usr/bin/cmake --build /home/natalia/Documents/STUDING/robotix/modul6/ex03/build/ros_gz_example_application -- -j20 -l20
[3.209s] DEBUG:colcon.colcon_core.event_handler.log_command:Invoked command in '/home/natalia/Documents/STUDING/robotix/modul6/ex03/build/ros_gz_example_description' returned '0': CMAKE_PREFIX_PATH=${CMAKE_PREFIX_PATH}:/opt/ros/jazzy DEBUGINFOD_URLS=https://debuginfod.ubuntu.com /usr/bin/cmake /home/natalia/Documents/STUDING/robotix/modul6/ex03/ros_gz_project_template/ros_gz_example_description -DCMAKE_INSTALL_PREFIX=/home/natalia/Documents/STUDING/robotix/modul6/ex03/install/ros_gz_example_description
[3.210s] DEBUG:colcon.colcon_core.event_handler.log_command:Invoking command in '/home/natalia/Documents/STUDING/robotix/modul6/ex03/build/ros_gz_example_description': CMAKE_PREFIX_PATH=${CMAKE_PREFIX_PATH}:/opt/ros/jazzy DEBUGINFOD_URLS=https://debuginfod.ubuntu.com /usr/bin/cmake --build /home/natalia/Documents/STUDING/robotix/modul6/ex03/build/ros_gz_example_description -- -j20 -l20
[3.359s] DEBUG:colcon.colcon_core.event_handler.log_command:Invoked command in '/home/natalia/Documents/STUDING/robotix/modul6/ex03/build/ros_gz_example_application' returned '0': CMAKE_PREFIX_PATH=${CMAKE_PREFIX_PATH}:/opt/ros/jazzy DEBUGINFOD_URLS=https://debuginfod.ubuntu.com /usr/bin/cmake --build /home/natalia/Documents/STUDING/robotix/modul6/ex03/build/ros_gz_example_application -- -j20 -l20
[3.408s] DEBUG:colcon.colcon_core.event_handler.log_command:Invoking command in '/home/natalia/Documents/STUDING/robotix/modul6/ex03/build/ros_gz_example_application': CMAKE_PREFIX_PATH=${CMAKE_PREFIX_PATH}:/opt/ros/jazzy DEBUGINFOD_URLS=https://debuginfod.ubuntu.com /usr/bin/cmake --install /home/natalia/Documents/STUDING/robotix/modul6/ex03/build/ros_gz_example_application
[3.414s] DEBUG:colcon.colcon_core.event_handler.log_command:Invoked command in '/home/natalia/Documents/STUDING/robotix/modul6/ex03/build/ros_gz_example_description' returned '0': CMAKE_PREFIX_PATH=${CMAKE_PREFIX_PATH}:/opt/ros/jazzy DEBUGINFOD_URLS=https://debuginfod.ubuntu.com /usr/bin/cmake --build /home/natalia/Documents/STUDING/robotix/modul6/ex03/build/ros_gz_example_description -- -j20 -l20
[3.423s] DEBUG:colcon.colcon_core.event_handler.log_command:Invoking command in '/home/natalia/Documents/STUDING/robotix/modul6/ex03/build/ros_gz_example_description': CMAKE_PREFIX_PATH=${CMAKE_PREFIX_PATH}:/opt/ros/jazzy DEBUGINFOD_URLS=https://debuginfod.ubuntu.com /usr/bin/cmake --install /home/natalia/Documents/STUDING/robotix/modul6/ex03/build/ros_gz_example_description
[3.463s] Level 1:colcon.colcon_core.environment:create_environment_scripts_only(ros_gz_example_application)
[3.464s] DEBUG:colcon.colcon_core.event_handler.log_command:Invoked command in '/home/natalia/Documents/STUDING/robotix/modul6/ex03/build/ros_gz_example_application' returned '0': CMAKE_PREFIX_PATH=${CMAKE_PREFIX_PATH}:/opt/ros/jazzy DEBUGINFOD_URLS=https://debuginfod.ubuntu.com /usr/bin/cmake --install /home/natalia/Documents/STUDING/robotix/modul6/ex03/build/ros_gz_example_application
[3.485s] Level 1:colcon.colcon_core.environment:checking '/home/natalia/Documents/STUDING/robotix/modul6/ex03/install/ros_gz_example_application' for CMake module files
[3.488s] Level 1:colcon.colcon_core.environment:checking '/home/natalia/Documents/STUDING/robotix/modul6/ex03/install/ros_gz_example_application' for CMake config files
[3.488s] Level 1:colcon.colcon_core.shell:create_environment_hook('ros_gz_example_application', 'cmake_prefix_path')
[3.489s] INFO:colcon.colcon_core.shell:Creating environment hook '/home/natalia/Documents/STUDING/robotix/modul6/ex03/install/ros_gz_example_application/share/ros_gz_example_application/hook/cmake_prefix_path.ps1'
[3.492s] INFO:colcon.colcon_core.shell:Creating environment descriptor '/home/natalia/Documents/STUDING/robotix/modul6/ex03/install/ros_gz_example_application/share/ros_gz_example_application/hook/cmake_prefix_path.dsv'
[3.493s] INFO:colcon.colcon_core.shell:Creating environment hook '/home/natalia/Documents/STUDING/robotix/modul6/ex03/install/ros_gz_example_application/share/ros_gz_example_application/hook/cmake_prefix_path.sh'
[3.497s] Level 1:colcon.colcon_core.environment:checking '/home/natalia/Documents/STUDING/robotix/modul6/ex03/install/ros_gz_example_application/bin'
[3.497s] Level 1:colcon.colcon_core.environment:checking '/home/natalia/Documents/STUDING/robotix/modul6/ex03/install/ros_gz_example_application/lib/pkgconfig/ros_gz_example_application.pc'
[3.499s] Level 1:colcon.colcon_core.environment:checking '/home/natalia/Documents/STUDING/robotix/modul6/ex03/install/ros_gz_example_application/lib/python3.12/site-packages'
[3.500s] Level 1:colcon.colcon_core.environment:checking '/home/natalia/Documents/STUDING/robotix/modul6/ex03/install/ros_gz_example_application/bin'
[3.501s] INFO:colcon.colcon_core.shell:Creating package script '/home/natalia/Documents/STUDING/robotix/modul6/ex03/install/ros_gz_example_application/share/ros_gz_example_application/package.ps1'
[3.504s] INFO:colcon.colcon_core.shell:Creating package descriptor '/home/natalia/Documents/STUDING/robotix/modul6/ex03/install/ros_gz_example_application/share/ros_gz_example_application/package.dsv'
[3.506s] INFO:colcon.colcon_core.shell:Creating package script '/home/natalia/Documents/STUDING/robotix/modul6/ex03/install/ros_gz_example_application/share/ros_gz_example_application/package.sh'
[3.509s] INFO:colcon.colcon_core.shell:Creating package script '/home/natalia/Documents/STUDING/robotix/modul6/ex03/install/ros_gz_example_application/share/ros_gz_example_application/package.bash'
[3.511s] INFO:colcon.colcon_core.shell:Creating package script '/home/natalia/Documents/STUDING/robotix/modul6/ex03/install/ros_gz_example_application/share/ros_gz_example_application/package.zsh'
[3.513s] Level 1:colcon.colcon_core.environment:create_file_with_runtime_dependencies(/home/natalia/Documents/STUDING/robotix/modul6/ex03/install/ros_gz_example_application/share/colcon-core/packages/ros_gz_example_application)
[3.516s] Level 1:colcon.colcon_core.environment:create_environment_scripts_only(ros_gz_example_application)
[3.517s] Level 1:colcon.colcon_core.environment:checking '/home/natalia/Documents/STUDING/robotix/modul6/ex03/install/ros_gz_example_application' for CMake module files
[3.519s] Level 1:colcon.colcon_core.environment:checking '/home/natalia/Documents/STUDING/robotix/modul6/ex03/install/ros_gz_example_application' for CMake config files
[3.520s] Level 1:colcon.colcon_core.shell:create_environment_hook('ros_gz_example_application', 'cmake_prefix_path')
[3.521s] INFO:colcon.colcon_core.shell:Creating environment hook '/home/natalia/Documents/STUDING/robotix/modul6/ex03/install/ros_gz_example_application/share/ros_gz_example_application/hook/cmake_prefix_path.ps1'
[3.523s] INFO:colcon.colcon_core.shell:Creating environment descriptor '/home/natalia/Documents/STUDING/robotix/modul6/ex03/install/ros_gz_example_application/share/ros_gz_example_application/hook/cmake_prefix_path.dsv'
[3.524s] INFO:colcon.colcon_core.shell:Creating environment hook '/home/natalia/Documents/STUDING/robotix/modul6/ex03/install/ros_gz_example_application/share/ros_gz_example_application/hook/cmake_prefix_path.sh'
[3.527s] Level 1:colcon.colcon_core.environment:checking '/home/natalia/Documents/STUDING/robotix/modul6/ex03/install/ros_gz_example_application/bin'
[3.527s] Level 1:colcon.colcon_core.environment:checking '/home/natalia/Documents/STUDING/robotix/modul6/ex03/install/ros_gz_example_application/lib/pkgconfig/ros_gz_example_application.pc'
[3.528s] Level 1:colcon.colcon_core.environment:checking '/home/natalia/Documents/STUDING/robotix/modul6/ex03/install/ros_gz_example_application/lib/python3.12/site-packages'
[3.530s] Level 1:colcon.colcon_core.environment:checking '/home/natalia/Documents/STUDING/robotix/modul6/ex03/install/ros_gz_example_application/bin'
[3.531s] INFO:colcon.colcon_core.shell:Creating package script '/home/natalia/Documents/STUDING/robotix/modul6/ex03/install/ros_gz_example_application/share/ros_gz_example_application/package.ps1'
[3.533s] INFO:colcon.colcon_core.shell:Creating package descriptor '/home/natalia/Documents/STUDING/robotix/modul6/ex03/install/ros_gz_example_application/share/ros_gz_example_application/package.dsv'
[3.535s] INFO:colcon.colcon_core.shell:Creating package script '/home/natalia/Documents/STUDING/robotix/modul6/ex03/install/ros_gz_example_application/share/ros_gz_example_application/package.sh'
[3.536s] INFO:colcon.colcon_core.shell:Creating package script '/home/natalia/Documents/STUDING/robotix/modul6/ex03/install/ros_gz_example_application/share/ros_gz_example_application/package.bash'
[3.538s] INFO:colcon.colcon_core.shell:Creating package script '/home/natalia/Documents/STUDING/robotix/modul6/ex03/install/ros_gz_example_application/share/ros_gz_example_application/package.zsh'
[3.539s] Level 1:colcon.colcon_core.environment:create_file_with_runtime_dependencies(/home/natalia/Documents/STUDING/robotix/modul6/ex03/install/ros_gz_example_application/share/colcon-core/packages/ros_gz_example_application)
[3.545s] Level 1:colcon.colcon_core.environment:create_environment_scripts_only(ros_gz_example_description)
[3.546s] Level 1:colcon.colcon_core.environment:checking '/home/natalia/Documents/STUDING/robotix/modul6/ex03/install/ros_gz_example_description' for CMake module files
[3.549s] DEBUG:colcon.colcon_core.event_handler.log_command:Invoked command in '/home/natalia/Documents/STUDING/robotix/modul6/ex03/build/ros_gz_example_description' returned '0': CMAKE_PREFIX_PATH=${CMAKE_PREFIX_PATH}:/opt/ros/jazzy DEBUGINFOD_URLS=https://debuginfod.ubuntu.com /usr/bin/cmake --install /home/natalia/Documents/STUDING/robotix/modul6/ex03/build/ros_gz_example_description
[3.551s] Level 1:colcon.colcon_core.environment:checking '/home/natalia/Documents/STUDING/robotix/modul6/ex03/install/ros_gz_example_description' for CMake config files
[3.552s] Level 1:colcon.colcon_core.shell:create_environment_hook('ros_gz_example_description', 'cmake_prefix_path')
[3.552s] INFO:colcon.colcon_core.shell:Creating environment hook '/home/natalia/Documents/STUDING/robotix/modul6/ex03/install/ros_gz_example_description/share/ros_gz_example_description/hook/cmake_prefix_path.ps1'
[3.554s] INFO:colcon.colcon_core.shell:Creating environment descriptor '/home/natalia/Documents/STUDING/robotix/modul6/ex03/install/ros_gz_example_description/share/ros_gz_example_description/hook/cmake_prefix_path.dsv'
[3.556s] INFO:colcon.colcon_core.shell:Creating environment hook '/home/natalia/Documents/STUDING/robotix/modul6/ex03/install/ros_gz_example_description/share/ros_gz_example_description/hook/cmake_prefix_path.sh'
[3.559s] Level 1:colcon.colcon_core.environment:checking '/home/natalia/Documents/STUDING/robotix/modul6/ex03/install/ros_gz_example_description/bin'
[3.559s] Level 1:colcon.colcon_core.environment:checking '/home/natalia/Documents/STUDING/robotix/modul6/ex03/install/ros_gz_example_description/lib/pkgconfig/ros_gz_example_description.pc'
[3.561s] Level 1:colcon.colcon_core.environment:checking '/home/natalia/Documents/STUDING/robotix/modul6/ex03/install/ros_gz_example_description/lib/python3.12/site-packages'
[3.562s] Level 1:colcon.colcon_core.environment:checking '/home/natalia/Documents/STUDING/robotix/modul6/ex03/install/ros_gz_example_description/bin'
[3.563s] INFO:colcon.colcon_core.shell:Creating package script '/home/natalia/Documents/STUDING/robotix/modul6/ex03/install/ros_gz_example_description/share/ros_gz_example_description/package.ps1'
[3.565s] INFO:colcon.colcon_core.shell:Creating package descriptor '/home/natalia/Documents/STUDING/robotix/modul6/ex03/install/ros_gz_example_description/share/ros_gz_example_description/package.dsv'
[3.567s] INFO:colcon.colcon_core.shell:Creating package script '/home/natalia/Documents/STUDING/robotix/modul6/ex03/install/ros_gz_example_description/share/ros_gz_example_description/package.sh'
[3.568s] INFO:colcon.colcon_core.shell:Creating package script '/home/natalia/Documents/STUDING/robotix/modul6/ex03/install/ros_gz_example_description/share/ros_gz_example_description/package.bash'
[3.569s] INFO:colcon.colcon_core.shell:Creating package script '/home/natalia/Documents/STUDING/robotix/modul6/ex03/install/ros_gz_example_description/share/ros_gz_example_description/package.zsh'
[3.571s] Level 1:colcon.colcon_core.environment:create_file_with_runtime_dependencies(/home/natalia/Documents/STUDING/robotix/modul6/ex03/install/ros_gz_example_description/share/colcon-core/packages/ros_gz_example_description)
[3.573s] Level 1:colcon.colcon_core.environment:create_environment_scripts_only(ros_gz_example_description)
[3.573s] Level 1:colcon.colcon_core.environment:checking '/home/natalia/Documents/STUDING/robotix/modul6/ex03/install/ros_gz_example_description' for CMake module files
[3.575s] Level 1:colcon.colcon_core.environment:checking '/home/natalia/Documents/STUDING/robotix/modul6/ex03/install/ros_gz_example_description' for CMake config files
[3.576s] Level 1:colcon.colcon_core.shell:create_environment_hook('ros_gz_example_description', 'cmake_prefix_path')
[3.577s] INFO:colcon.colcon_core.shell:Creating environment hook '/home/natalia/Documents/STUDING/robotix/modul6/ex03/install/ros_gz_example_description/share/ros_gz_example_description/hook/cmake_prefix_path.ps1'
[3.579s] INFO:colcon.colcon_core.shell:Creating environment descriptor '/home/natalia/Documents/STUDING/robotix/modul6/ex03/install/ros_gz_example_description/share/ros_gz_example_description/hook/cmake_prefix_path.dsv'
[3.580s] INFO:colcon.colcon_core.shell:Creating environment hook '/home/natalia/Documents/STUDING/robotix/modul6/ex03/install/ros_gz_example_description/share/ros_gz_example_description/hook/cmake_prefix_path.sh'
[3.582s] Level 1:colcon.colcon_core.environment:checking '/home/natalia/Documents/STUDING/robotix/modul6/ex03/install/ros_gz_example_description/bin'
[3.582s] Level 1:colcon.colcon_core.environment:checking '/home/natalia/Documents/STUDING/robotix/modul6/ex03/install/ros_gz_example_description/lib/pkgconfig/ros_gz_example_description.pc'
[3.583s] Level 1:colcon.colcon_core.environment:checking '/home/natalia/Documents/STUDING/robotix/modul6/ex03/install/ros_gz_example_description/lib/python3.12/site-packages'
[3.584s] Level 1:colcon.colcon_core.environment:checking '/home/natalia/Documents/STUDING/robotix/modul6/ex03/install/ros_gz_example_description/bin'
[3.585s] INFO:colcon.colcon_core.shell:Creating package script '/home/natalia/Documents/STUDING/robotix/modul6/ex03/install/ros_gz_example_description/share/ros_gz_example_description/package.ps1'
[3.587s] INFO:colcon.colcon_core.shell:Creating package descriptor '/home/natalia/Documents/STUDING/robotix/modul6/ex03/install/ros_gz_example_description/share/ros_gz_example_description/package.dsv'
[3.588s] INFO:colcon.colcon_core.shell:Creating package script '/home/natalia/Documents/STUDING/robotix/modul6/ex03/install/ros_gz_example_description/share/ros_gz_example_description/package.sh'
[3.589s] INFO:colcon.colcon_core.shell:Creating package script '/home/natalia/Documents/STUDING/robotix/modul6/ex03/install/ros_gz_example_description/share/ros_gz_example_description/package.bash'
[3.591s] INFO:colcon.colcon_core.shell:Creating package script '/home/natalia/Documents/STUDING/robotix/modul6/ex03/install/ros_gz_example_description/share/ros_gz_example_description/package.zsh'
[3.592s] Level 1:colcon.colcon_core.environment:create_file_with_runtime_dependencies(/home/natalia/Documents/STUDING/robotix/modul6/ex03/install/ros_gz_example_description/share/colcon-core/packages/ros_gz_example_description)
[3.592s] INFO:colcon.colcon_ros.task.ament_cmake.build:Building ROS package in '/home/natalia/Documents/STUDING/robotix/modul6/ex03/ros_gz_project_template/ros_gz_example_gazebo' with build type 'ament_cmake'
[3.593s] INFO:colcon.colcon_cmake.task.cmake.build:Building CMake package in '/home/natalia/Documents/STUDING/robotix/modul6/ex03/ros_gz_project_template/ros_gz_example_gazebo'
[3.593s] INFO:colcon.colcon_core.shell:Skip shell extension 'powershell' for command environment: Not usable outside of PowerShell
[3.593s] DEBUG:colcon.colcon_core.shell:Skip shell extension 'dsv' for command environment
[3.635s] DEBUG:colcon.colcon_core.event_handler.log_command:Invoking command in '/home/natalia/Documents/STUDING/robotix/modul6/ex03/build/ros_gz_example_gazebo': AMENT_PREFIX_PATH=/home/natalia/Documents/STUDING/robotix/modul6/ex03/install/ros_gz_example_description:${AMENT_PREFIX_PATH} CMAKE_PREFIX_PATH=/home/natalia/Documents/STUDING/robotix/modul6/ex03/install/ros_gz_example_description:/opt/ros/jazzy/opt/gz_sim_vendor:/opt/ros/jazzy/opt/gz_sensors_vendor:/opt/ros/jazzy/opt/gz_physics_vendor:/opt/ros/jazzy/opt/sdformat_vendor:/opt/ros/jazzy/opt/gz_gui_vendor:/opt/ros/jazzy/opt/gz_transport_vendor:/opt/ros/jazzy/opt/gz_rendering_vendor:/opt/ros/jazzy/opt/gz_plugin_vendor:/opt/ros/jazzy/opt/gz_fuel_tools_vendor:/opt/ros/jazzy/opt/gz_msgs_vendor:/opt/ros/jazzy/opt/gz_common_vendor:/opt/ros/jazzy/opt/gz_math_vendor:/opt/ros/jazzy/opt/gz_utils_vendor:/opt/ros/jazzy/opt/gz_tools_vendor:/opt/ros/jazzy/opt/gz_ogre_next_vendor:/opt/ros/jazzy/opt/gz_dartsim_vendor:/opt/ros/jazzy/opt/gz_cmake_vendor:/opt/ros/jazzy DEBUGINFOD_URLS=https://debuginfod.ubuntu.com GZ_SIM_RESOURCE_PATH=/home/natalia/Documents/STUDING/robotix/modul6/ex03/install/ros_gz_example_description/share/ros_gz_example_description/models:${GZ_SIM_RESOURCE_PATH} /usr/bin/cmake /home/natalia/Documents/STUDING/robotix/modul6/ex03/ros_gz_project_template/ros_gz_example_gazebo -DCMAKE_INSTALL_PREFIX=/home/natalia/Documents/STUDING/robotix/modul6/ex03/install/ros_gz_example_gazebo
[12.851s] DEBUG:colcon.colcon_core.event_handler.log_command:Invoked command in '/home/natalia/Documents/STUDING/robotix/modul6/ex03/build/ros_gz_example_gazebo' returned '0': AMENT_PREFIX_PATH=/home/natalia/Documents/STUDING/robotix/modul6/ex03/install/ros_gz_example_description:${AMENT_PREFIX_PATH} CMAKE_PREFIX_PATH=/home/natalia/Documents/STUDING/robotix/modul6/ex03/install/ros_gz_example_description:/opt/ros/jazzy/opt/gz_sim_vendor:/opt/ros/jazzy/opt/gz_sensors_vendor:/opt/ros/jazzy/opt/gz_physics_vendor:/opt/ros/jazzy/opt/sdformat_vendor:/opt/ros/jazzy/opt/gz_gui_vendor:/opt/ros/jazzy/opt/gz_transport_vendor:/opt/ros/jazzy/opt/gz_rendering_vendor:/opt/ros/jazzy/opt/gz_plugin_vendor:/opt/ros/jazzy/opt/gz_fuel_tools_vendor:/opt/ros/jazzy/opt/gz_msgs_vendor:/opt/ros/jazzy/opt/gz_common_vendor:/opt/ros/jazzy/opt/gz_math_vendor:/opt/ros/jazzy/opt/gz_utils_vendor:/opt/ros/jazzy/opt/gz_tools_vendor:/opt/ros/jazzy/opt/gz_ogre_next_vendor:/opt/ros/jazzy/opt/gz_dartsim_vendor:/opt/ros/jazzy/opt/gz_cmake_vendor:/opt/ros/jazzy DEBUGINFOD_URLS=https://debuginfod.ubuntu.com GZ_SIM_RESOURCE_PATH=/home/natalia/Documents/STUDING/robotix/modul6/ex03/install/ros_gz_example_description/share/ros_gz_example_description/models:${GZ_SIM_RESOURCE_PATH} /usr/bin/cmake /home/natalia/Documents/STUDING/robotix/modul6/ex03/ros_gz_project_template/ros_gz_example_gazebo -DCMAKE_INSTALL_PREFIX=/home/natalia/Documents/STUDING/robotix/modul6/ex03/install/ros_gz_example_gazebo
[12.853s] DEBUG:colcon.colcon_core.event_handler.log_command:Invoking command in '/home/natalia/Documents/STUDING/robotix/modul6/ex03/build/ros_gz_example_gazebo': AMENT_PREFIX_PATH=/home/natalia/Documents/STUDING/robotix/modul6/ex03/install/ros_gz_example_description:${AMENT_PREFIX_PATH} CMAKE_PREFIX_PATH=/home/natalia/Documents/STUDING/robotix/modul6/ex03/install/ros_gz_example_description:/opt/ros/jazzy/opt/gz_sim_vendor:/opt/ros/jazzy/opt/gz_sensors_vendor:/opt/ros/jazzy/opt/gz_physics_vendor:/opt/ros/jazzy/opt/sdformat_vendor:/opt/ros/jazzy/opt/gz_gui_vendor:/opt/ros/jazzy/opt/gz_transport_vendor:/opt/ros/jazzy/opt/gz_rendering_vendor:/opt/ros/jazzy/opt/gz_plugin_vendor:/opt/ros/jazzy/opt/gz_fuel_tools_vendor:/opt/ros/jazzy/opt/gz_msgs_vendor:/opt/ros/jazzy/opt/gz_common_vendor:/opt/ros/jazzy/opt/gz_math_vendor:/opt/ros/jazzy/opt/gz_utils_vendor:/opt/ros/jazzy/opt/gz_tools_vendor:/opt/ros/jazzy/opt/gz_ogre_next_vendor:/opt/ros/jazzy/opt/gz_dartsim_vendor:/opt/ros/jazzy/opt/gz_cmake_vendor:/opt/ros/jazzy DEBUGINFOD_URLS=https://debuginfod.ubuntu.com GZ_SIM_RESOURCE_PATH=/home/natalia/Documents/STUDING/robotix/modul6/ex03/install/ros_gz_example_description/share/ros_gz_example_description/models:${GZ_SIM_RESOURCE_PATH} /usr/bin/cmake --build /home/natalia/Documents/STUDING/robotix/modul6/ex03/build/ros_gz_example_gazebo -- -j20 -l20
[15.705s] DEBUG:colcon.colcon_core.event_handler.log_command:Invoked command in '/home/natalia/Documents/STUDING/robotix/modul6/ex03/build/ros_gz_example_gazebo' returned '0': AMENT_PREFIX_PATH=/home/natalia/Documents/STUDING/robotix/modul6/ex03/install/ros_gz_example_description:${AMENT_PREFIX_PATH} CMAKE_PREFIX_PATH=/home/natalia/Documents/STUDING/robotix/modul6/ex03/install/ros_gz_example_description:/opt/ros/jazzy/opt/gz_sim_vendor:/opt/ros/jazzy/opt/gz_sensors_vendor:/opt/ros/jazzy/opt/gz_physics_vendor:/opt/ros/jazzy/opt/sdformat_vendor:/opt/ros/jazzy/opt/gz_gui_vendor:/opt/ros/jazzy/opt/gz_transport_vendor:/opt/ros/jazzy/opt/gz_rendering_vendor:/opt/ros/jazzy/opt/gz_plugin_vendor:/opt/ros/jazzy/opt/gz_fuel_tools_vendor:/opt/ros/jazzy/opt/gz_msgs_vendor:/opt/ros/jazzy/opt/gz_common_vendor:/opt/ros/jazzy/opt/gz_math_vendor:/opt/ros/jazzy/opt/gz_utils_vendor:/opt/ros/jazzy/opt/gz_tools_vendor:/opt/ros/jazzy/opt/gz_ogre_next_vendor:/opt/ros/jazzy/opt/gz_dartsim_vendor:/opt/ros/jazzy/opt/gz_cmake_vendor:/opt/ros/jazzy DEBUGINFOD_URLS=https://debuginfod.ubuntu.com GZ_SIM_RESOURCE_PATH=/home/natalia/Documents/STUDING/robotix/modul6/ex03/install/ros_gz_example_description/share/ros_gz_example_description/models:${GZ_SIM_RESOURCE_PATH} /usr/bin/cmake --build /home/natalia/Documents/STUDING/robotix/modul6/ex03/build/ros_gz_example_gazebo -- -j20 -l20
[15.714s] DEBUG:colcon.colcon_core.event_handler.log_command:Invoking command in '/home/natalia/Documents/STUDING/robotix/modul6/ex03/build/ros_gz_example_gazebo': AMENT_PREFIX_PATH=/home/natalia/Documents/STUDING/robotix/modul6/ex03/install/ros_gz_example_description:${AMENT_PREFIX_PATH} CMAKE_PREFIX_PATH=/home/natalia/Documents/STUDING/robotix/modul6/ex03/install/ros_gz_example_description:/opt/ros/jazzy/opt/gz_sim_vendor:/opt/ros/jazzy/opt/gz_sensors_vendor:/opt/ros/jazzy/opt/gz_physics_vendor:/opt/ros/jazzy/opt/sdformat_vendor:/opt/ros/jazzy/opt/gz_gui_vendor:/opt/ros/jazzy/opt/gz_transport_vendor:/opt/ros/jazzy/opt/gz_rendering_vendor:/opt/ros/jazzy/opt/gz_plugin_vendor:/opt/ros/jazzy/opt/gz_fuel_tools_vendor:/opt/ros/jazzy/opt/gz_msgs_vendor:/opt/ros/jazzy/opt/gz_common_vendor:/opt/ros/jazzy/opt/gz_math_vendor:/opt/ros/jazzy/opt/gz_utils_vendor:/opt/ros/jazzy/opt/gz_tools_vendor:/opt/ros/jazzy/opt/gz_ogre_next_vendor:/opt/ros/jazzy/opt/gz_dartsim_vendor:/opt/ros/jazzy/opt/gz_cmake_vendor:/opt/ros/jazzy DEBUGINFOD_URLS=https://debuginfod.ubuntu.com GZ_SIM_RESOURCE_PATH=/home/natalia/Documents/STUDING/robotix/modul6/ex03/install/ros_gz_example_description/share/ros_gz_example_description/models:${GZ_SIM_RESOURCE_PATH} /usr/bin/cmake --install /home/natalia/Documents/STUDING/robotix/modul6/ex03/build/ros_gz_example_gazebo
[15.773s] Level 1:colcon.colcon_core.environment:create_environment_scripts_only(ros_gz_example_gazebo)
[15.774s] DEBUG:colcon.colcon_core.event_handler.log_command:Invoked command in '/home/natalia/Documents/STUDING/robotix/modul6/ex03/build/ros_gz_example_gazebo' returned '0': AMENT_PREFIX_PATH=/home/natalia/Documents/STUDING/robotix/modul6/ex03/install/ros_gz_example_description:${AMENT_PREFIX_PATH} CMAKE_PREFIX_PATH=/home/natalia/Documents/STUDING/robotix/modul6/ex03/install/ros_gz_example_description:/opt/ros/jazzy/opt/gz_sim_vendor:/opt/ros/jazzy/opt/gz_sensors_vendor:/opt/ros/jazzy/opt/gz_physics_vendor:/opt/ros/jazzy/opt/sdformat_vendor:/opt/ros/jazzy/opt/gz_gui_vendor:/opt/ros/jazzy/opt/gz_transport_vendor:/opt/ros/jazzy/opt/gz_rendering_vendor:/opt/ros/jazzy/opt/gz_plugin_vendor:/opt/ros/jazzy/opt/gz_fuel_tools_vendor:/opt/ros/jazzy/opt/gz_msgs_vendor:/opt/ros/jazzy/opt/gz_common_vendor:/opt/ros/jazzy/opt/gz_math_vendor:/opt/ros/jazzy/opt/gz_utils_vendor:/opt/ros/jazzy/opt/gz_tools_vendor:/opt/ros/jazzy/opt/gz_ogre_next_vendor:/opt/ros/jazzy/opt/gz_dartsim_vendor:/opt/ros/jazzy/opt/gz_cmake_vendor:/opt/ros/jazzy DEBUGINFOD_URLS=https://debuginfod.ubuntu.com GZ_SIM_RESOURCE_PATH=/home/natalia/Documents/STUDING/robotix/modul6/ex03/install/ros_gz_example_description/share/ros_gz_example_description/models:${GZ_SIM_RESOURCE_PATH} /usr/bin/cmake --install /home/natalia/Documents/STUDING/robotix/modul6/ex03/build/ros_gz_example_gazebo
[15.775s] Level 1:colcon.colcon_core.environment:checking '/home/natalia/Documents/STUDING/robotix/modul6/ex03/install/ros_gz_example_gazebo' for CMake module files
[15.778s] Level 1:colcon.colcon_core.environment:checking '/home/natalia/Documents/STUDING/robotix/modul6/ex03/install/ros_gz_example_gazebo' for CMake config files
[15.778s] Level 1:colcon.colcon_core.shell:create_environment_hook('ros_gz_example_gazebo', 'cmake_prefix_path')
[15.779s] INFO:colcon.colcon_core.shell:Creating environment hook '/home/natalia/Documents/STUDING/robotix/modul6/ex03/install/ros_gz_example_gazebo/share/ros_gz_example_gazebo/hook/cmake_prefix_path.ps1'
[15.781s] INFO:colcon.colcon_core.shell:Creating environment descriptor '/home/natalia/Documents/STUDING/robotix/modul6/ex03/install/ros_gz_example_gazebo/share/ros_gz_example_gazebo/hook/cmake_prefix_path.dsv'
[15.783s] INFO:colcon.colcon_core.shell:Creating environment hook '/home/natalia/Documents/STUDING/robotix/modul6/ex03/install/ros_gz_example_gazebo/share/ros_gz_example_gazebo/hook/cmake_prefix_path.sh'
[15.786s] Level 1:colcon.colcon_core.environment:checking '/home/natalia/Documents/STUDING/robotix/modul6/ex03/install/ros_gz_example_gazebo/lib'
[15.787s] Level 1:colcon.colcon_core.environment:checking '/home/natalia/Documents/STUDING/robotix/modul6/ex03/install/ros_gz_example_gazebo/bin'
[15.787s] Level 1:colcon.colcon_core.environment:checking '/home/natalia/Documents/STUDING/robotix/modul6/ex03/install/ros_gz_example_gazebo/lib/pkgconfig/ros_gz_example_gazebo.pc'
[15.788s] Level 1:colcon.colcon_core.environment:checking '/home/natalia/Documents/STUDING/robotix/modul6/ex03/install/ros_gz_example_gazebo/lib/python3.12/site-packages'
[15.790s] Level 1:colcon.colcon_core.environment:checking '/home/natalia/Documents/STUDING/robotix/modul6/ex03/install/ros_gz_example_gazebo/bin'
[15.791s] INFO:colcon.colcon_core.shell:Creating package script '/home/natalia/Documents/STUDING/robotix/modul6/ex03/install/ros_gz_example_gazebo/share/ros_gz_example_gazebo/package.ps1'
[15.793s] INFO:colcon.colcon_core.shell:Creating package descriptor '/home/natalia/Documents/STUDING/robotix/modul6/ex03/install/ros_gz_example_gazebo/share/ros_gz_example_gazebo/package.dsv'
[15.795s] INFO:colcon.colcon_core.shell:Creating package script '/home/natalia/Documents/STUDING/robotix/modul6/ex03/install/ros_gz_example_gazebo/share/ros_gz_example_gazebo/package.sh'
[15.797s] INFO:colcon.colcon_core.shell:Creating package script '/home/natalia/Documents/STUDING/robotix/modul6/ex03/install/ros_gz_example_gazebo/share/ros_gz_example_gazebo/package.bash'
[15.798s] INFO:colcon.colcon_core.shell:Creating package script '/home/natalia/Documents/STUDING/robotix/modul6/ex03/install/ros_gz_example_gazebo/share/ros_gz_example_gazebo/package.zsh'
[15.800s] Level 1:colcon.colcon_core.environment:create_file_with_runtime_dependencies(/home/natalia/Documents/STUDING/robotix/modul6/ex03/install/ros_gz_example_gazebo/share/colcon-core/packages/ros_gz_example_gazebo)
[15.803s] Level 1:colcon.colcon_core.environment:create_environment_scripts_only(ros_gz_example_gazebo)
[15.803s] Level 1:colcon.colcon_core.environment:checking '/home/natalia/Documents/STUDING/robotix/modul6/ex03/install/ros_gz_example_gazebo' for CMake module files
[15.805s] Level 1:colcon.colcon_core.environment:checking '/home/natalia/Documents/STUDING/robotix/modul6/ex03/install/ros_gz_example_gazebo' for CMake config files
[15.806s] Level 1:colcon.colcon_core.shell:create_environment_hook('ros_gz_example_gazebo', 'cmake_prefix_path')
[15.807s] INFO:colcon.colcon_core.shell:Creating environment hook '/home/natalia/Documents/STUDING/robotix/modul6/ex03/install/ros_gz_example_gazebo/share/ros_gz_example_gazebo/hook/cmake_prefix_path.ps1'
[15.809s] INFO:colcon.colcon_core.shell:Creating environment descriptor '/home/natalia/Documents/STUDING/robotix/modul6/ex03/install/ros_gz_example_gazebo/share/ros_gz_example_gazebo/hook/cmake_prefix_path.dsv'
[15.810s] INFO:colcon.colcon_core.shell:Creating environment hook '/home/natalia/Documents/STUDING/robotix/modul6/ex03/install/ros_gz_example_gazebo/share/ros_gz_example_gazebo/hook/cmake_prefix_path.sh'
[15.813s] Level 1:colcon.colcon_core.environment:checking '/home/natalia/Documents/STUDING/robotix/modul6/ex03/install/ros_gz_example_gazebo/lib'
[15.813s] Level 1:colcon.colcon_core.environment:checking '/home/natalia/Documents/STUDING/robotix/modul6/ex03/install/ros_gz_example_gazebo/bin'
[15.814s] Level 1:colcon.colcon_core.environment:checking '/home/natalia/Documents/STUDING/robotix/modul6/ex03/install/ros_gz_example_gazebo/lib/pkgconfig/ros_gz_example_gazebo.pc'
[15.815s] Level 1:colcon.colcon_core.environment:checking '/home/natalia/Documents/STUDING/robotix/modul6/ex03/install/ros_gz_example_gazebo/lib/python3.12/site-packages'
[15.816s] Level 1:colcon.colcon_core.environment:checking '/home/natalia/Documents/STUDING/robotix/modul6/ex03/install/ros_gz_example_gazebo/bin'
[15.817s] INFO:colcon.colcon_core.shell:Creating package script '/home/natalia/Documents/STUDING/robotix/modul6/ex03/install/ros_gz_example_gazebo/share/ros_gz_example_gazebo/package.ps1'
[15.819s] INFO:colcon.colcon_core.shell:Creating package descriptor '/home/natalia/Documents/STUDING/robotix/modul6/ex03/install/ros_gz_example_gazebo/share/ros_gz_example_gazebo/package.dsv'
[15.821s] INFO:colcon.colcon_core.shell:Creating package script '/home/natalia/Documents/STUDING/robotix/modul6/ex03/install/ros_gz_example_gazebo/share/ros_gz_example_gazebo/package.sh'
[15.823s] INFO:colcon.colcon_core.shell:Creating package script '/home/natalia/Documents/STUDING/robotix/modul6/ex03/install/ros_gz_example_gazebo/share/ros_gz_example_gazebo/package.bash'
[15.826s] INFO:colcon.colcon_core.shell:Creating package script '/home/natalia/Documents/STUDING/robotix/modul6/ex03/install/ros_gz_example_gazebo/share/ros_gz_example_gazebo/package.zsh'
[15.828s] Level 1:colcon.colcon_core.environment:create_file_with_runtime_dependencies(/home/natalia/Documents/STUDING/robotix/modul6/ex03/install/ros_gz_example_gazebo/share/colcon-core/packages/ros_gz_example_gazebo)
[15.829s] INFO:colcon.colcon_ros.task.ament_cmake.build:Building ROS package in '/home/natalia/Documents/STUDING/robotix/modul6/ex03/ros_gz_project_template/ros_gz_example_bringup' with build type 'ament_cmake'
[15.829s] INFO:colcon.colcon_cmake.task.cmake.build:Building CMake package in '/home/natalia/Documents/STUDING/robotix/modul6/ex03/ros_gz_project_template/ros_gz_example_bringup'
[15.830s] INFO:colcon.colcon_core.shell:Skip shell extension 'powershell' for command environment: Not usable outside of PowerShell
[15.830s] DEBUG:colcon.colcon_core.shell:Skip shell extension 'dsv' for command environment
[15.883s] DEBUG:colcon.colcon_core.event_handler.log_command:Invoking command in '/home/natalia/Documents/STUDING/robotix/modul6/ex03/build/ros_gz_example_bringup': AMENT_PREFIX_PATH=/home/natalia/Documents/STUDING/robotix/modul6/ex03/install/ros_gz_example_gazebo:/home/natalia/Documents/STUDING/robotix/modul6/ex03/install/ros_gz_example_description:${AMENT_PREFIX_PATH} CMAKE_PREFIX_PATH=/home/natalia/Documents/STUDING/robotix/modul6/ex03/install/ros_gz_example_gazebo:/home/natalia/Documents/STUDING/robotix/modul6/ex03/install/ros_gz_example_description:/opt/ros/jazzy/opt/gz_sim_vendor:/opt/ros/jazzy/opt/gz_sensors_vendor:/opt/ros/jazzy/opt/gz_physics_vendor:/opt/ros/jazzy/opt/sdformat_vendor:/opt/ros/jazzy/opt/gz_gui_vendor:/opt/ros/jazzy/opt/gz_transport_vendor:/opt/ros/jazzy/opt/gz_rendering_vendor:/opt/ros/jazzy/opt/gz_plugin_vendor:/opt/ros/jazzy/opt/gz_fuel_tools_vendor:/opt/ros/jazzy/opt/gz_msgs_vendor:/opt/ros/jazzy/opt/gz_common_vendor:/opt/ros/jazzy/opt/gz_math_vendor:/opt/ros/jazzy/opt/gz_utils_vendor:/opt/ros/jazzy/opt/gz_tools_vendor:/opt/ros/jazzy/opt/gz_ogre_next_vendor:/opt/ros/jazzy/opt/gz_dartsim_vendor:/opt/ros/jazzy/opt/gz_cmake_vendor:/opt/ros/jazzy DEBUGINFOD_URLS=https://debuginfod.ubuntu.com GZ_SIM_PLUGIN_PATH=/home/natalia/Documents/STUDING/robotix/modul6/ex03/install/ros_gz_example_gazebo/lib/ros_gz_example_gazebo GZ_SIM_RESOURCE_PATH=/home/natalia/Documents/STUDING/robotix/modul6/ex03/install/ros_gz_example_gazebo/share/ros_gz_example_gazebo/worlds:/home/natalia/Documents/STUDING/robotix/modul6/ex03/install/ros_gz_example_description/share/ros_gz_example_description/models:${GZ_SIM_RESOURCE_PATH} /usr/bin/cmake /home/natalia/Documents/STUDING/robotix/modul6/ex03/ros_gz_project_template/ros_gz_example_bringup -DCMAKE_INSTALL_PREFIX=/home/natalia/Documents/STUDING/robotix/modul6/ex03/install/ros_gz_example_bringup
[17.916s] DEBUG:colcon.colcon_core.event_handler.log_command:Invoked command in '/home/natalia/Documents/STUDING/robotix/modul6/ex03/build/ros_gz_example_bringup' returned '0': AMENT_PREFIX_PATH=/home/natalia/Documents/STUDING/robotix/modul6/ex03/install/ros_gz_example_gazebo:/home/natalia/Documents/STUDING/robotix/modul6/ex03/install/ros_gz_example_description:${AMENT_PREFIX_PATH} CMAKE_PREFIX_PATH=/home/natalia/Documents/STUDING/robotix/modul6/ex03/install/ros_gz_example_gazebo:/home/natalia/Documents/STUDING/robotix/modul6/ex03/install/ros_gz_example_description:/opt/ros/jazzy/opt/gz_sim_vendor:/opt/ros/jazzy/opt/gz_sensors_vendor:/opt/ros/jazzy/opt/gz_physics_vendor:/opt/ros/jazzy/opt/sdformat_vendor:/opt/ros/jazzy/opt/gz_gui_vendor:/opt/ros/jazzy/opt/gz_transport_vendor:/opt/ros/jazzy/opt/gz_rendering_vendor:/opt/ros/jazzy/opt/gz_plugin_vendor:/opt/ros/jazzy/opt/gz_fuel_tools_vendor:/opt/ros/jazzy/opt/gz_msgs_vendor:/opt/ros/jazzy/opt/gz_common_vendor:/opt/ros/jazzy/opt/gz_math_vendor:/opt/ros/jazzy/opt/gz_utils_vendor:/opt/ros/jazzy/opt/gz_tools_vendor:/opt/ros/jazzy/opt/gz_ogre_next_vendor:/opt/ros/jazzy/opt/gz_dartsim_vendor:/opt/ros/jazzy/opt/gz_cmake_vendor:/opt/ros/jazzy DEBUGINFOD_URLS=https://debuginfod.ubuntu.com GZ_SIM_PLUGIN_PATH=/home/natalia/Documents/STUDING/robotix/modul6/ex03/install/ros_gz_example_gazebo/lib/ros_gz_example_gazebo GZ_SIM_RESOURCE_PATH=/home/natalia/Documents/STUDING/robotix/modul6/ex03/install/ros_gz_example_gazebo/share/ros_gz_example_gazebo/worlds:/home/natalia/Documents/STUDING/robotix/modul6/ex03/install/ros_gz_example_description/share/ros_gz_example_description/models:${GZ_SIM_RESOURCE_PATH} /usr/bin/cmake /home/natalia/Documents/STUDING/robotix/modul6/ex03/ros_gz_project_template/ros_gz_example_bringup -DCMAKE_INSTALL_PREFIX=/home/natalia/Documents/STUDING/robotix/modul6/ex03/install/ros_gz_example_bringup
[17.916s] DEBUG:colcon.colcon_core.event_handler.log_command:Invoking command in '/home/natalia/Documents/STUDING/robotix/modul6/ex03/build/ros_gz_example_bringup': AMENT_PREFIX_PATH=/home/natalia/Documents/STUDING/robotix/modul6/ex03/install/ros_gz_example_gazebo:/home/natalia/Documents/STUDING/robotix/modul6/ex03/install/ros_gz_example_description:${AMENT_PREFIX_PATH} CMAKE_PREFIX_PATH=/home/natalia/Documents/STUDING/robotix/modul6/ex03/install/ros_gz_example_gazebo:/home/natalia/Documents/STUDING/robotix/modul6/ex03/install/ros_gz_example_description:/opt/ros/jazzy/opt/gz_sim_vendor:/opt/ros/jazzy/opt/gz_sensors_vendor:/opt/ros/jazzy/opt/gz_physics_vendor:/opt/ros/jazzy/opt/sdformat_vendor:/opt/ros/jazzy/opt/gz_gui_vendor:/opt/ros/jazzy/opt/gz_transport_vendor:/opt/ros/jazzy/opt/gz_rendering_vendor:/opt/ros/jazzy/opt/gz_plugin_vendor:/opt/ros/jazzy/opt/gz_fuel_tools_vendor:/opt/ros/jazzy/opt/gz_msgs_vendor:/opt/ros/jazzy/opt/gz_common_vendor:/opt/ros/jazzy/opt/gz_math_vendor:/opt/ros/jazzy/opt/gz_utils_vendor:/opt/ros/jazzy/opt/gz_tools_vendor:/opt/ros/jazzy/opt/gz_ogre_next_vendor:/opt/ros/jazzy/opt/gz_dartsim_vendor:/opt/ros/jazzy/opt/gz_cmake_vendor:/opt/ros/jazzy DEBUGINFOD_URLS=https://debuginfod.ubuntu.com GZ_SIM_PLUGIN_PATH=/home/natalia/Documents/STUDING/robotix/modul6/ex03/install/ros_gz_example_gazebo/lib/ros_gz_example_gazebo GZ_SIM_RESOURCE_PATH=/home/natalia/Documents/STUDING/robotix/modul6/ex03/install/ros_gz_example_gazebo/share/ros_gz_example_gazebo/worlds:/home/natalia/Documents/STUDING/robotix/modul6/ex03/install/ros_gz_example_description/share/ros_gz_example_description/models:${GZ_SIM_RESOURCE_PATH} /usr/bin/cmake --build /home/natalia/Documents/STUDING/robotix/modul6/ex03/build/ros_gz_example_bringup -- -j20 -l20
[17.947s] DEBUG:colcon.colcon_core.event_handler.log_command:Invoked command in '/home/natalia/Documents/STUDING/robotix/modul6/ex03/build/ros_gz_example_bringup' returned '0': AMENT_PREFIX_PATH=/home/natalia/Documents/STUDING/robotix/modul6/ex03/install/ros_gz_example_gazebo:/home/natalia/Documents/STUDING/robotix/modul6/ex03/install/ros_gz_example_description:${AMENT_PREFIX_PATH} CMAKE_PREFIX_PATH=/home/natalia/Documents/STUDING/robotix/modul6/ex03/install/ros_gz_example_gazebo:/home/natalia/Documents/STUDING/robotix/modul6/ex03/install/ros_gz_example_description:/opt/ros/jazzy/opt/gz_sim_vendor:/opt/ros/jazzy/opt/gz_sensors_vendor:/opt/ros/jazzy/opt/gz_physics_vendor:/opt/ros/jazzy/opt/sdformat_vendor:/opt/ros/jazzy/opt/gz_gui_vendor:/opt/ros/jazzy/opt/gz_transport_vendor:/opt/ros/jazzy/opt/gz_rendering_vendor:/opt/ros/jazzy/opt/gz_plugin_vendor:/opt/ros/jazzy/opt/gz_fuel_tools_vendor:/opt/ros/jazzy/opt/gz_msgs_vendor:/opt/ros/jazzy/opt/gz_common_vendor:/opt/ros/jazzy/opt/gz_math_vendor:/opt/ros/jazzy/opt/gz_utils_vendor:/opt/ros/jazzy/opt/gz_tools_vendor:/opt/ros/jazzy/opt/gz_ogre_next_vendor:/opt/ros/jazzy/opt/gz_dartsim_vendor:/opt/ros/jazzy/opt/gz_cmake_vendor:/opt/ros/jazzy DEBUGINFOD_URLS=https://debuginfod.ubuntu.com GZ_SIM_PLUGIN_PATH=/home/natalia/Documents/STUDING/robotix/modul6/ex03/install/ros_gz_example_gazebo/lib/ros_gz_example_gazebo GZ_SIM_RESOURCE_PATH=/home/natalia/Documents/STUDING/robotix/modul6/ex03/install/ros_gz_example_gazebo/share/ros_gz_example_gazebo/worlds:/home/natalia/Documents/STUDING/robotix/modul6/ex03/install/ros_gz_example_description/share/ros_gz_example_description/models:${GZ_SIM_RESOURCE_PATH} /usr/bin/cmake --build /home/natalia/Documents/STUDING/robotix/modul6/ex03/build/ros_gz_example_bringup -- -j20 -l20
[17.947s] DEBUG:colcon.colcon_core.event_handler.log_command:Invoking command in '/home/natalia/Documents/STUDING/robotix/modul6/ex03/build/ros_gz_example_bringup': AMENT_PREFIX_PATH=/home/natalia/Documents/STUDING/robotix/modul6/ex03/install/ros_gz_example_gazebo:/home/natalia/Documents/STUDING/robotix/modul6/ex03/install/ros_gz_example_description:${AMENT_PREFIX_PATH} CMAKE_PREFIX_PATH=/home/natalia/Documents/STUDING/robotix/modul6/ex03/install/ros_gz_example_gazebo:/home/natalia/Documents/STUDING/robotix/modul6/ex03/install/ros_gz_example_description:/opt/ros/jazzy/opt/gz_sim_vendor:/opt/ros/jazzy/opt/gz_sensors_vendor:/opt/ros/jazzy/opt/gz_physics_vendor:/opt/ros/jazzy/opt/sdformat_vendor:/opt/ros/jazzy/opt/gz_gui_vendor:/opt/ros/jazzy/opt/gz_transport_vendor:/opt/ros/jazzy/opt/gz_rendering_vendor:/opt/ros/jazzy/opt/gz_plugin_vendor:/opt/ros/jazzy/opt/gz_fuel_tools_vendor:/opt/ros/jazzy/opt/gz_msgs_vendor:/opt/ros/jazzy/opt/gz_common_vendor:/opt/ros/jazzy/opt/gz_math_vendor:/opt/ros/jazzy/opt/gz_utils_vendor:/opt/ros/jazzy/opt/gz_tools_vendor:/opt/ros/jazzy/opt/gz_ogre_next_vendor:/opt/ros/jazzy/opt/gz_dartsim_vendor:/opt/ros/jazzy/opt/gz_cmake_vendor:/opt/ros/jazzy DEBUGINFOD_URLS=https://debuginfod.ubuntu.com GZ_SIM_PLUGIN_PATH=/home/natalia/Documents/STUDING/robotix/modul6/ex03/install/ros_gz_example_gazebo/lib/ros_gz_example_gazebo GZ_SIM_RESOURCE_PATH=/home/natalia/Documents/STUDING/robotix/modul6/ex03/install/ros_gz_example_gazebo/share/ros_gz_example_gazebo/worlds:/home/natalia/Documents/STUDING/robotix/modul6/ex03/install/ros_gz_example_description/share/ros_gz_example_description/models:${GZ_SIM_RESOURCE_PATH} /usr/bin/cmake --install /home/natalia/Documents/STUDING/robotix/modul6/ex03/build/ros_gz_example_bringup
[17.955s] Level 1:colcon.colcon_core.environment:create_environment_scripts_only(ros_gz_example_bringup)
[17.955s] DEBUG:colcon.colcon_core.event_handler.log_command:Invoked command in '/home/natalia/Documents/STUDING/robotix/modul6/ex03/build/ros_gz_example_bringup' returned '0': AMENT_PREFIX_PATH=/home/natalia/Documents/STUDING/robotix/modul6/ex03/install/ros_gz_example_gazebo:/home/natalia/Documents/STUDING/robotix/modul6/ex03/install/ros_gz_example_description:${AMENT_PREFIX_PATH} CMAKE_PREFIX_PATH=/home/natalia/Documents/STUDING/robotix/modul6/ex03/install/ros_gz_example_gazebo:/home/natalia/Documents/STUDING/robotix/modul6/ex03/install/ros_gz_example_description:/opt/ros/jazzy/opt/gz_sim_vendor:/opt/ros/jazzy/opt/gz_sensors_vendor:/opt/ros/jazzy/opt/gz_physics_vendor:/opt/ros/jazzy/opt/sdformat_vendor:/opt/ros/jazzy/opt/gz_gui_vendor:/opt/ros/jazzy/opt/gz_transport_vendor:/opt/ros/jazzy/opt/gz_rendering_vendor:/opt/ros/jazzy/opt/gz_plugin_vendor:/opt/ros/jazzy/opt/gz_fuel_tools_vendor:/opt/ros/jazzy/opt/gz_msgs_vendor:/opt/ros/jazzy/opt/gz_common_vendor:/opt/ros/jazzy/opt/gz_math_vendor:/opt/ros/jazzy/opt/gz_utils_vendor:/opt/ros/jazzy/opt/gz_tools_vendor:/opt/ros/jazzy/opt/gz_ogre_next_vendor:/opt/ros/jazzy/opt/gz_dartsim_vendor:/opt/ros/jazzy/opt/gz_cmake_vendor:/opt/ros/jazzy DEBUGINFOD_URLS=https://debuginfod.ubuntu.com GZ_SIM_PLUGIN_PATH=/home/natalia/Documents/STUDING/robotix/modul6/ex03/install/ros_gz_example_gazebo/lib/ros_gz_example_gazebo GZ_SIM_RESOURCE_PATH=/home/natalia/Documents/STUDING/robotix/modul6/ex03/install/ros_gz_example_gazebo/share/ros_gz_example_gazebo/worlds:/home/natalia/Documents/STUDING/robotix/modul6/ex03/install/ros_gz_example_description/share/ros_gz_example_description/models:${GZ_SIM_RESOURCE_PATH} /usr/bin/cmake --install /home/natalia/Documents/STUDING/robotix/modul6/ex03/build/ros_gz_example_bringup
[17.955s] Level 1:colcon.colcon_core.environment:checking '/home/natalia/Documents/STUDING/robotix/modul6/ex03/install/ros_gz_example_bringup' for CMake module files
[17.956s] Level 1:colcon.colcon_core.environment:checking '/home/natalia/Documents/STUDING/robotix/modul6/ex03/install/ros_gz_example_bringup' for CMake config files
[17.956s] Level 1:colcon.colcon_core.shell:create_environment_hook('ros_gz_example_bringup', 'cmake_prefix_path')
[17.956s] INFO:colcon.colcon_core.shell:Creating environment hook '/home/natalia/Documents/STUDING/robotix/modul6/ex03/install/ros_gz_example_bringup/share/ros_gz_example_bringup/hook/cmake_prefix_path.ps1'
[17.956s] INFO:colcon.colcon_core.shell:Creating environment descriptor '/home/natalia/Documents/STUDING/robotix/modul6/ex03/install/ros_gz_example_bringup/share/ros_gz_example_bringup/hook/cmake_prefix_path.dsv'
[17.956s] INFO:colcon.colcon_core.shell:Creating environment hook '/home/natalia/Documents/STUDING/robotix/modul6/ex03/install/ros_gz_example_bringup/share/ros_gz_example_bringup/hook/cmake_prefix_path.sh'
[17.956s] Level 1:colcon.colcon_core.environment:checking '/home/natalia/Documents/STUDING/robotix/modul6/ex03/install/ros_gz_example_bringup/bin'
[17.956s] Level 1:colcon.colcon_core.environment:checking '/home/natalia/Documents/STUDING/robotix/modul6/ex03/install/ros_gz_example_bringup/lib/pkgconfig/ros_gz_example_bringup.pc'
[17.957s] Level 1:colcon.colcon_core.environment:checking '/home/natalia/Documents/STUDING/robotix/modul6/ex03/install/ros_gz_example_bringup/lib/python3.12/site-packages'
[17.957s] Level 1:colcon.colcon_core.environment:checking '/home/natalia/Documents/STUDING/robotix/modul6/ex03/install/ros_gz_example_bringup/bin'
[17.957s] INFO:colcon.colcon_core.shell:Creating package script '/home/natalia/Documents/STUDING/robotix/modul6/ex03/install/ros_gz_example_bringup/share/ros_gz_example_bringup/package.ps1'
[17.957s] INFO:colcon.colcon_core.shell:Creating package descriptor '/home/natalia/Documents/STUDING/robotix/modul6/ex03/install/ros_gz_example_bringup/share/ros_gz_example_bringup/package.dsv'
[17.957s] INFO:colcon.colcon_core.shell:Creating package script '/home/natalia/Documents/STUDING/robotix/modul6/ex03/install/ros_gz_example_bringup/share/ros_gz_example_bringup/package.sh'
[17.957s] INFO:colcon.colcon_core.shell:Creating package script '/home/natalia/Documents/STUDING/robotix/modul6/ex03/install/ros_gz_example_bringup/share/ros_gz_example_bringup/package.bash'
[17.958s] INFO:colcon.colcon_core.shell:Creating package script '/home/natalia/Documents/STUDING/robotix/modul6/ex03/install/ros_gz_example_bringup/share/ros_gz_example_bringup/package.zsh'
[17.958s] Level 1:colcon.colcon_core.environment:create_file_with_runtime_dependencies(/home/natalia/Documents/STUDING/robotix/modul6/ex03/install/ros_gz_example_bringup/share/colcon-core/packages/ros_gz_example_bringup)
[17.958s] Level 1:colcon.colcon_core.environment:create_environment_scripts_only(ros_gz_example_bringup)
[17.958s] Level 1:colcon.colcon_core.environment:checking '/home/natalia/Documents/STUDING/robotix/modul6/ex03/install/ros_gz_example_bringup' for CMake module files
[17.958s] Level 1:colcon.colcon_core.environment:checking '/home/natalia/Documents/STUDING/robotix/modul6/ex03/install/ros_gz_example_bringup' for CMake config files
[17.958s] Level 1:colcon.colcon_core.shell:create_environment_hook('ros_gz_example_bringup', 'cmake_prefix_path')
[17.958s] INFO:colcon.colcon_core.shell:Creating environment hook '/home/natalia/Documents/STUDING/robotix/modul6/ex03/install/ros_gz_example_bringup/share/ros_gz_example_bringup/hook/cmake_prefix_path.ps1'
[17.959s] INFO:colcon.colcon_core.shell:Creating environment descriptor '/home/natalia/Documents/STUDING/robotix/modul6/ex03/install/ros_gz_example_bringup/share/ros_gz_example_bringup/hook/cmake_prefix_path.dsv'
[17.959s] INFO:colcon.colcon_core.shell:Creating environment hook '/home/natalia/Documents/STUDING/robotix/modul6/ex03/install/ros_gz_example_bringup/share/ros_gz_example_bringup/hook/cmake_prefix_path.sh'
[17.959s] Level 1:colcon.colcon_core.environment:checking '/home/natalia/Documents/STUDING/robotix/modul6/ex03/install/ros_gz_example_bringup/bin'
[17.959s] Level 1:colcon.colcon_core.environment:checking '/home/natalia/Documents/STUDING/robotix/modul6/ex03/install/ros_gz_example_bringup/lib/pkgconfig/ros_gz_example_bringup.pc'
[17.959s] Level 1:colcon.colcon_core.environment:checking '/home/natalia/Documents/STUDING/robotix/modul6/ex03/install/ros_gz_example_bringup/lib/python3.12/site-packages'
[17.959s] Level 1:colcon.colcon_core.environment:checking '/home/natalia/Documents/STUDING/robotix/modul6/ex03/install/ros_gz_example_bringup/bin'
[17.959s] INFO:colcon.colcon_core.shell:Creating package script '/home/natalia/Documents/STUDING/robotix/modul6/ex03/install/ros_gz_example_bringup/share/ros_gz_example_bringup/package.ps1'
[17.960s] INFO:colcon.colcon_core.shell:Creating package descriptor '/home/natalia/Documents/STUDING/robotix/modul6/ex03/install/ros_gz_example_bringup/share/ros_gz_example_bringup/package.dsv'
[17.960s] INFO:colcon.colcon_core.shell:Creating package script '/home/natalia/Documents/STUDING/robotix/modul6/ex03/install/ros_gz_example_bringup/share/ros_gz_example_bringup/package.sh'
[17.960s] INFO:colcon.colcon_core.shell:Creating package script '/home/natalia/Documents/STUDING/robotix/modul6/ex03/install/ros_gz_example_bringup/share/ros_gz_example_bringup/package.bash'
[17.960s] INFO:colcon.colcon_core.shell:Creating package script '/home/natalia/Documents/STUDING/robotix/modul6/ex03/install/ros_gz_example_bringup/share/ros_gz_example_bringup/package.zsh'
[17.960s] Level 1:colcon.colcon_core.environment:create_file_with_runtime_dependencies(/home/natalia/Documents/STUDING/robotix/modul6/ex03/install/ros_gz_example_bringup/share/colcon-core/packages/ros_gz_example_bringup)
[17.960s] DEBUG:colcon.colcon_parallel_executor.executor.parallel:closing loop
[17.961s] DEBUG:colcon.colcon_parallel_executor.executor.parallel:loop closed
[17.961s] DEBUG:colcon.colcon_parallel_executor.executor.parallel:run_until_complete finished with '0'
[17.961s] DEBUG:colcon.colcon_core.event_reactor:joining thread
[17.964s] INFO:colcon.colcon_core.plugin_system:Skipping extension 'colcon_notification.desktop_notification.terminal_notifier': Not used on non-Darwin systems
[17.964s] INFO:colcon.colcon_core.plugin_system:Skipping extension 'colcon_notification.desktop_notification.win32': Not used on non-Windows systems
[17.964s] INFO:colcon.colcon_notification.desktop_notification:Sending desktop notification using 'notify2'
[17.978s] DEBUG:colcon.colcon_core.event_reactor:joined thread
[17.979s] INFO:colcon.colcon_core.shell:Creating prefix script '/home/natalia/Documents/STUDING/robotix/modul6/ex03/install/local_setup.ps1'
[17.980s] INFO:colcon.colcon_core.shell:Creating prefix util module '/home/natalia/Documents/STUDING/robotix/modul6/ex03/install/_local_setup_util_ps1.py'
[17.982s] INFO:colcon.colcon_core.shell:Creating prefix chain script '/home/natalia/Documents/STUDING/robotix/modul6/ex03/install/setup.ps1'
[17.983s] INFO:colcon.colcon_core.shell:Creating prefix script '/home/natalia/Documents/STUDING/robotix/modul6/ex03/install/local_setup.sh'
[17.984s] INFO:colcon.colcon_core.shell:Creating prefix util module '/home/natalia/Documents/STUDING/robotix/modul6/ex03/install/_local_setup_util_sh.py'
[17.985s] INFO:colcon.colcon_core.shell:Creating prefix chain script '/home/natalia/Documents/STUDING/robotix/modul6/ex03/install/setup.sh'
[17.987s] INFO:colcon.colcon_core.shell:Creating prefix script '/home/natalia/Documents/STUDING/robotix/modul6/ex03/install/local_setup.bash'
[17.987s] INFO:colcon.colcon_core.shell:Creating prefix chain script '/home/natalia/Documents/STUDING/robotix/modul6/ex03/install/setup.bash'
[17.989s] INFO:colcon.colcon_core.shell:Creating prefix script '/home/natalia/Documents/STUDING/robotix/modul6/ex03/install/local_setup.zsh'
[17.990s] INFO:colcon.colcon_core.shell:Creating prefix chain script '/home/natalia/Documents/STUDING/robotix/modul6/ex03/install/setup.zsh'
