[0.007s] Invoking command in '/home/natalia/Documents/STUDING/robotix/modul6/ex03/build/ros_gz_example_description': CMAKE_PREFIX_PATH=${CMAKE_PREFIX_PATH}:/opt/ros/jazzy DEBUGINFOD_URLS=https://debuginfod.ubuntu.com /usr/bin/cmake /home/natalia/Documents/STUDING/robotix/modul6/ex03/ros_gz_project_template/ros_gz_example_description -DCMAKE_INSTALL_PREFIX=/home/natalia/Documents/STUDING/robotix/modul6/ex03/install/ros_gz_example_description
[0.332s] -- The C compiler identification is GNU 13.3.0
[0.683s] -- The CXX compiler identification is GNU 13.3.0
[0.743s] -- Detecting C compiler ABI info
[1.189s] -- Detecting C compiler ABI info - done
[1.239s] -- Check for working C compiler: /usr/bin/cc - skipped
[1.249s] -- Detecting C compile features
[1.252s] -- Detecting C compile features - done
[1.308s] -- Detecting CXX compiler ABI info
[1.768s] -- Detecting CXX compiler ABI info - done
[1.814s] -- Check for working CXX compiler: /usr/bin/c++ - skipped
[1.814s] -- Detecting CXX compile features
[1.817s] -- Detecting CXX compile features - done
[1.838s] -- Found ament_cmake: 2.5.4 (/opt/ros/jazzy/share/ament_cmake/cmake)
[2.358s] -- Found Python3: /usr/bin/python3 (found version "3.12.3") found components: Interpreter 
[2.879s] -- Found ament_lint_auto: 0.17.3 (/opt/ros/jazzy/share/ament_lint_auto/cmake)
[3.060s] -- Configuring done (3.0s)
[3.064s] -- Generating done (0.0s)
[3.066s] -- Build files have been written to: /home/natalia/Documents/STUDING/robotix/modul6/ex03/build/ros_gz_example_description
[3.076s] Invoked command in '/home/natalia/Documents/STUDING/robotix/modul6/ex03/build/ros_gz_example_description' returned '0': CMAKE_PREFIX_PATH=${CMAKE_PREFIX_PATH}:/opt/ros/jazzy DEBUGINFOD_URLS=https://debuginfod.ubuntu.com /usr/bin/cmake /home/natalia/Documents/STUDING/robotix/modul6/ex03/ros_gz_project_template/ros_gz_example_description -DCMAKE_INSTALL_PREFIX=/home/natalia/Documents/STUDING/robotix/modul6/ex03/install/ros_gz_example_description
[3.076s] Invoking command in '/home/natalia/Documents/STUDING/robotix/modul6/ex03/build/ros_gz_example_description': CMAKE_PREFIX_PATH=${CMAKE_PREFIX_PATH}:/opt/ros/jazzy DEBUGINFOD_URLS=https://debuginfod.ubuntu.com /usr/bin/cmake --build /home/natalia/Documents/STUDING/robotix/modul6/ex03/build/ros_gz_example_description -- -j20 -l20
[3.280s] Invoked command in '/home/natalia/Documents/STUDING/robotix/modul6/ex03/build/ros_gz_example_description' returned '0': CMAKE_PREFIX_PATH=${CMAKE_PREFIX_PATH}:/opt/ros/jazzy DEBUGINFOD_URLS=https://debuginfod.ubuntu.com /usr/bin/cmake --build /home/natalia/Documents/STUDING/robotix/modul6/ex03/build/ros_gz_example_description -- -j20 -l20
[3.288s] Invoking command in '/home/natalia/Documents/STUDING/robotix/modul6/ex03/build/ros_gz_example_description': CMAKE_PREFIX_PATH=${CMAKE_PREFIX_PATH}:/opt/ros/jazzy DEBUGINFOD_URLS=https://debuginfod.ubuntu.com /usr/bin/cmake --install /home/natalia/Documents/STUDING/robotix/modul6/ex03/build/ros_gz_example_description
[3.325s] -- Install configuration: ""
[3.327s] -- Installing: /home/natalia/Documents/STUDING/robotix/modul6/ex03/install/ros_gz_example_description/share/ros_gz_example_description/models
[3.328s] -- Installing: /home/natalia/Documents/STUDING/robotix/modul6/ex03/install/ros_gz_example_description/share/ros_gz_example_description/models/diff_drive
[3.328s] -- Installing: /home/natalia/Documents/STUDING/robotix/modul6/ex03/install/ros_gz_example_description/share/ros_gz_example_description/models/diff_drive/model.config
[3.336s] -- Installing: /home/natalia/Documents/STUDING/robotix/modul6/ex03/install/ros_gz_example_description/share/ros_gz_example_description/models/diff_drive/model.sdf
[3.337s] -- Installing: /home/natalia/Documents/STUDING/robotix/modul6/ex03/install/ros_gz_example_description/share/ros_gz_example_description/models/rrbot
[3.338s] -- Installing: /home/natalia/Documents/STUDING/robotix/modul6/ex03/install/ros_gz_example_description/share/ros_gz_example_description/models/rrbot/model.sdf
[3.338s] -- Installing: /home/natalia/Documents/STUDING/robotix/modul6/ex03/install/ros_gz_example_description/share/ros_gz_example_description/environment/ros_gz_example_description.dsv
[3.339s] -- Installing: /home/natalia/Documents/STUDING/robotix/modul6/ex03/install/ros_gz_example_description/share/ros_gz_example_description/environment/ros_gz_example_description.sh
[3.339s] -- Installing: /home/natalia/Documents/STUDING/robotix/modul6/ex03/install/ros_gz_example_description/share/ament_index/resource_index/package_run_dependencies/ros_gz_example_description
[3.339s] -- Installing: /home/natalia/Documents/STUDING/robotix/modul6/ex03/install/ros_gz_example_description/share/ament_index/resource_index/parent_prefix_path/ros_gz_example_description
[3.340s] -- Installing: /home/natalia/Documents/STUDING/robotix/modul6/ex03/install/ros_gz_example_description/share/ros_gz_example_description/environment/ament_prefix_path.sh
[3.340s] -- Installing: /home/natalia/Documents/STUDING/robotix/modul6/ex03/install/ros_gz_example_description/share/ros_gz_example_description/environment/ament_prefix_path.dsv
[3.340s] -- Installing: /home/natalia/Documents/STUDING/robotix/modul6/ex03/install/ros_gz_example_description/share/ros_gz_example_description/environment/path.sh
[3.341s] -- Installing: /home/natalia/Documents/STUDING/robotix/modul6/ex03/install/ros_gz_example_description/share/ros_gz_example_description/environment/path.dsv
[3.341s] -- Installing: /home/natalia/Documents/STUDING/robotix/modul6/ex03/install/ros_gz_example_description/share/ros_gz_example_description/local_setup.bash
[3.341s] -- Installing: /home/natalia/Documents/STUDING/robotix/modul6/ex03/install/ros_gz_example_description/share/ros_gz_example_description/local_setup.sh
[3.342s] -- Installing: /home/natalia/Documents/STUDING/robotix/modul6/ex03/install/ros_gz_example_description/share/ros_gz_example_description/local_setup.zsh
[3.342s] -- Installing: /home/natalia/Documents/STUDING/robotix/modul6/ex03/install/ros_gz_example_description/share/ros_gz_example_description/local_setup.dsv
[3.343s] -- Installing: /home/natalia/Documents/STUDING/robotix/modul6/ex03/install/ros_gz_example_description/share/ros_gz_example_description/package.dsv
[3.344s] -- Installing: /home/natalia/Documents/STUDING/robotix/modul6/ex03/install/ros_gz_example_description/share/ament_index/resource_index/packages/ros_gz_example_description
[3.344s] -- Installing: /home/natalia/Documents/STUDING/robotix/modul6/ex03/install/ros_gz_example_description/share/ros_gz_example_description/cmake/ros_gz_example_descriptionConfig.cmake
[3.344s] -- Installing: /home/natalia/Documents/STUDING/robotix/modul6/ex03/install/ros_gz_example_description/share/ros_gz_example_description/cmake/ros_gz_example_descriptionConfig-version.cmake
[3.345s] -- Installing: /home/natalia/Documents/STUDING/robotix/modul6/ex03/install/ros_gz_example_description/share/ros_gz_example_description/package.xml
[3.416s] Invoked command in '/home/natalia/Documents/STUDING/robotix/modul6/ex03/build/ros_gz_example_description' returned '0': CMAKE_PREFIX_PATH=${CMAKE_PREFIX_PATH}:/opt/ros/jazzy DEBUGINFOD_URLS=https://debuginfod.ubuntu.com /usr/bin/cmake --install /home/natalia/Documents/STUDING/robotix/modul6/ex03/build/ros_gz_example_description
