[0.010s] Invoking command in '/home/natalia/Documents/STUDING/robotix/modul6/ex05/build/robot_app': CMAKE_PREFIX_PATH=${CMAKE_PREFIX_PATH}:/opt/ros/jazzy DEBUGINFOD_URLS=https://debuginfod.ubuntu.com /usr/bin/cmake --build /home/natalia/Documents/STUDING/robotix/modul6/ex05/build/robot_app -- -j20 -l20
[0.071s] Invoked command in '/home/natalia/Documents/STUDING/robotix/modul6/ex05/build/robot_app' returned '0': CMAKE_PREFIX_PATH=${CMAKE_PREFIX_PATH}:/opt/ros/jazzy DEBUGINFOD_URLS=https://debuginfod.ubuntu.com /usr/bin/cmake --build /home/natalia/Documents/STUDING/robotix/modul6/ex05/build/robot_app -- -j20 -l20
[0.098s] Invoking command in '/home/natalia/Documents/STUDING/robotix/modul6/ex05/build/robot_app': CMAKE_PREFIX_PATH=${CMAKE_PREFIX_PATH}:/opt/ros/jazzy DEBUGINFOD_URLS=https://debuginfod.ubuntu.com /usr/bin/cmake --install /home/natalia/Documents/STUDING/robotix/modul6/ex05/build/robot_app
[0.134s] -- Install configuration: ""
[0.134s] -- Up-to-date: /home/natalia/Documents/STUDING/robotix/modul6/ex05/install/robot_app/share/ament_index/resource_index/package_run_dependencies/robot_app
[0.135s] -- Up-to-date: /home/natalia/Documents/STUDING/robotix/modul6/ex05/install/robot_app/share/ament_index/resource_index/parent_prefix_path/robot_app
[0.135s] -- Up-to-date: /home/natalia/Documents/STUDING/robotix/modul6/ex05/install/robot_app/share/robot_app/environment/ament_prefix_path.sh
[0.136s] -- Up-to-date: /home/natalia/Documents/STUDING/robotix/modul6/ex05/install/robot_app/share/robot_app/environment/ament_prefix_path.dsv
[0.136s] -- Up-to-date: /home/natalia/Documents/STUDING/robotix/modul6/ex05/install/robot_app/share/robot_app/environment/path.sh
[0.136s] -- Up-to-date: /home/natalia/Documents/STUDING/robotix/modul6/ex05/install/robot_app/share/robot_app/environment/path.dsv
[0.137s] -- Up-to-date: /home/natalia/Documents/STUDING/robotix/modul6/ex05/install/robot_app/share/robot_app/local_setup.bash
[0.137s] -- Up-to-date: /home/natalia/Documents/STUDING/robotix/modul6/ex05/install/robot_app/share/robot_app/local_setup.sh
[0.137s] -- Up-to-date: /home/natalia/Documents/STUDING/robotix/modul6/ex05/install/robot_app/share/robot_app/local_setup.zsh
[0.138s] -- Up-to-date: /home/natalia/Documents/STUDING/robotix/modul6/ex05/install/robot_app/share/robot_app/local_setup.dsv
[0.138s] -- Up-to-date: /home/natalia/Documents/STUDING/robotix/modul6/ex05/install/robot_app/share/robot_app/package.dsv
[0.138s] -- Up-to-date: /home/natalia/Documents/STUDING/robotix/modul6/ex05/install/robot_app/share/ament_index/resource_index/packages/robot_app
[0.139s] -- Up-to-date: /home/natalia/Documents/STUDING/robotix/modul6/ex05/install/robot_app/share/robot_app/cmake/robot_appConfig.cmake
[0.139s] -- Up-to-date: /home/natalia/Documents/STUDING/robotix/modul6/ex05/install/robot_app/share/robot_app/cmake/robot_appConfig-version.cmake
[0.140s] -- Up-to-date: /home/natalia/Documents/STUDING/robotix/modul6/ex05/install/robot_app/share/robot_app/package.xml
[0.143s] Invoked command in '/home/natalia/Documents/STUDING/robotix/modul6/ex05/build/robot_app' returned '0': CMAKE_PREFIX_PATH=${CMAKE_PREFIX_PATH}:/opt/ros/jazzy DEBUGINFOD_URLS=https://debuginfod.ubuntu.com /usr/bin/cmake --install /home/natalia/Documents/STUDING/robotix/modul6/ex05/build/robot_app
