[0.062s] DEBUG:colcon:Command line arguments: ['/usr/bin/colcon', 'build']
[0.062s] DEBUG:colcon:Parsed command line arguments: Namespace(log_base=None, log_level=None, verb_name='build', build_base='build', install_base='install', merge_install=False, symlink_install=False, test_result_base=None, continue_on_error=False, executor='parallel', parallel_workers=20, event_handlers=None, ignore_user_meta=False, metas=['./colcon.meta'], base_paths=['.'], packages_ignore=None, packages_ignore_regex=None, paths=None, packages_up_to=None, packages_up_to_regex=None, packages_above=None, packages_above_and_dependencies=None, packages_above_depth=None, packages_select_by_dep=None, packages_skip_by_dep=None, packages_skip_up_to=None, packages_select_build_failed=False, packages_skip_build_finished=False, packages_select_test_failures=False, packages_skip_test_passed=False, packages_select=None, packages_skip=None, packages_select_regex=None, packages_skip_regex=None, packages_start=None, packages_end=None, allow_overriding=[], cmake_args=None, cmake_target=None, cmake_target_skip_unavailable=False, cmake_clean_cache=False, cmake_clean_first=False, cmake_force_configure=False, ament_cmake_args=None, catkin_cmake_args=None, catkin_skip_building_tests=False, mixin_files=None, mixin=None, verb_parser=<colcon_mixin.mixin.mixin_argument.MixinArgumentDecorator object at 0x7ce90257da90>, verb_extension=<colcon_core.verb.build.BuildVerb object at 0x7ce90257d8e0>, main=<bound method BuildVerb.main of <colcon_core.verb.build.BuildVerb object at 0x7ce90257d8e0>>, mixin_verb=('build',))
[0.087s] Level 1:colcon.colcon_core.package_discovery:discover_packages(colcon_meta) check parameters
[0.087s] Level 1:colcon.colcon_core.package_discovery:discover_packages(recursive) check parameters
[0.087s] Level 1:colcon.colcon_core.package_discovery:discover_packages(ignore) check parameters
[0.087s] Level 1:colcon.colcon_core.package_discovery:discover_packages(path) check parameters
[0.087s] Level 1:colcon.colcon_core.package_discovery:discover_packages(colcon_meta) discover
[0.087s] Level 1:colcon.colcon_core.package_discovery:discover_packages(recursive) discover
[0.087s] INFO:colcon.colcon_core.package_discovery:Crawling recursively for packages in '/home/natalia/Documents/STUDING/robotix/modul6/ex02'
[0.087s] Level 1:colcon.colcon_core.package_identification:_identify(.) by extensions ['ignore', 'ignore_ament_install']
[0.087s] Level 1:colcon.colcon_core.package_identification:_identify(.) by extension 'ignore'
[0.087s] Level 1:colcon.colcon_core.package_identification:_identify(.) by extension 'ignore_ament_install'
[0.087s] Level 1:colcon.colcon_core.package_identification:_identify(.) by extensions ['colcon_pkg']
[0.087s] Level 1:colcon.colcon_core.package_identification:_identify(.) by extension 'colcon_pkg'
[0.087s] Level 1:colcon.colcon_core.package_identification:_identify(.) by extensions ['colcon_meta']
[0.087s] Level 1:colcon.colcon_core.package_identification:_identify(.) by extension 'colcon_meta'
[0.087s] Level 1:colcon.colcon_core.package_identification:_identify(.) by extensions ['ros']
[0.087s] Level 1:colcon.colcon_core.package_identification:_identify(.) by extension 'ros'
[0.103s] Level 1:colcon.colcon_core.package_identification:_identify(.) by extensions ['cmake', 'python']
[0.103s] Level 1:colcon.colcon_core.package_identification:_identify(.) by extension 'cmake'
[0.103s] Level 1:colcon.colcon_core.package_identification:_identify(.) by extension 'python'
[0.103s] Level 1:colcon.colcon_core.package_identification:_identify(.) by extensions ['python_setup_py']
[0.103s] Level 1:colcon.colcon_core.package_identification:_identify(.) by extension 'python_setup_py'
[0.103s] Level 1:colcon.colcon_core.package_identification:_identify(build) by extensions ['ignore', 'ignore_ament_install']
[0.103s] Level 1:colcon.colcon_core.package_identification:_identify(build) by extension 'ignore'
[0.103s] Level 1:colcon.colcon_core.package_identification:_identify(build) ignored
[0.103s] Level 1:colcon.colcon_core.package_identification:_identify(install) by extensions ['ignore', 'ignore_ament_install']
[0.103s] Level 1:colcon.colcon_core.package_identification:_identify(install) by extension 'ignore'
[0.103s] Level 1:colcon.colcon_core.package_identification:_identify(install) ignored
[0.103s] Level 1:colcon.colcon_core.package_identification:_identify(log) by extensions ['ignore', 'ignore_ament_install']
[0.103s] Level 1:colcon.colcon_core.package_identification:_identify(log) by extension 'ignore'
[0.103s] Level 1:colcon.colcon_core.package_identification:_identify(log) ignored
[0.103s] Level 1:colcon.colcon_core.package_identification:_identify(ros_gz_project_template) by extensions ['ignore', 'ignore_ament_install']
[0.103s] Level 1:colcon.colcon_core.package_identification:_identify(ros_gz_project_template) by extension 'ignore'
[0.103s] Level 1:colcon.colcon_core.package_identification:_identify(ros_gz_project_template) by extension 'ignore_ament_install'
[0.103s] Level 1:colcon.colcon_core.package_identification:_identify(ros_gz_project_template) by extensions ['colcon_pkg']
[0.103s] Level 1:colcon.colcon_core.package_identification:_identify(ros_gz_project_template) by extension 'colcon_pkg'
[0.104s] Level 1:colcon.colcon_core.package_identification:_identify(ros_gz_project_template) by extensions ['colcon_meta']
[0.104s] Level 1:colcon.colcon_core.package_identification:_identify(ros_gz_project_template) by extension 'colcon_meta'
[0.104s] Level 1:colcon.colcon_core.package_identification:_identify(ros_gz_project_template) by extensions ['ros']
[0.104s] Level 1:colcon.colcon_core.package_identification:_identify(ros_gz_project_template) by extension 'ros'
[0.104s] Level 1:colcon.colcon_core.package_identification:_identify(ros_gz_project_template) by extensions ['cmake', 'python']
[0.104s] Level 1:colcon.colcon_core.package_identification:_identify(ros_gz_project_template) by extension 'cmake'
[0.104s] Level 1:colcon.colcon_core.package_identification:_identify(ros_gz_project_template) by extension 'python'
[0.104s] Level 1:colcon.colcon_core.package_identification:_identify(ros_gz_project_template) by extensions ['python_setup_py']
[0.104s] Level 1:colcon.colcon_core.package_identification:_identify(ros_gz_project_template) by extension 'python_setup_py'
[0.104s] Level 1:colcon.colcon_core.package_identification:_identify(ros_gz_project_template/ros_gz_example_application) by extensions ['ignore', 'ignore_ament_install']
[0.104s] Level 1:colcon.colcon_core.package_identification:_identify(ros_gz_project_template/ros_gz_example_application) by extension 'ignore'
[0.104s] Level 1:colcon.colcon_core.package_identification:_identify(ros_gz_project_template/ros_gz_example_application) by extension 'ignore_ament_install'
[0.104s] Level 1:colcon.colcon_core.package_identification:_identify(ros_gz_project_template/ros_gz_example_application) by extensions ['colcon_pkg']
[0.104s] Level 1:colcon.colcon_core.package_identification:_identify(ros_gz_project_template/ros_gz_example_application) by extension 'colcon_pkg'
[0.104s] Level 1:colcon.colcon_core.package_identification:_identify(ros_gz_project_template/ros_gz_example_application) by extensions ['colcon_meta']
[0.104s] Level 1:colcon.colcon_core.package_identification:_identify(ros_gz_project_template/ros_gz_example_application) by extension 'colcon_meta'
[0.104s] Level 1:colcon.colcon_core.package_identification:_identify(ros_gz_project_template/ros_gz_example_application) by extensions ['ros']
[0.104s] Level 1:colcon.colcon_core.package_identification:_identify(ros_gz_project_template/ros_gz_example_application) by extension 'ros'
[0.105s] DEBUG:colcon.colcon_core.package_identification:Package 'ros_gz_project_template/ros_gz_example_application' with type 'ros.ament_cmake' and name 'ros_gz_example_application'
[0.105s] Level 1:colcon.colcon_core.package_identification:_identify(ros_gz_project_template/ros_gz_example_bringup) by extensions ['ignore', 'ignore_ament_install']
[0.105s] Level 1:colcon.colcon_core.package_identification:_identify(ros_gz_project_template/ros_gz_example_bringup) by extension 'ignore'
[0.105s] Level 1:colcon.colcon_core.package_identification:_identify(ros_gz_project_template/ros_gz_example_bringup) by extension 'ignore_ament_install'
[0.105s] Level 1:colcon.colcon_core.package_identification:_identify(ros_gz_project_template/ros_gz_example_bringup) by extensions ['colcon_pkg']
[0.105s] Level 1:colcon.colcon_core.package_identification:_identify(ros_gz_project_template/ros_gz_example_bringup) by extension 'colcon_pkg'
[0.105s] Level 1:colcon.colcon_core.package_identification:_identify(ros_gz_project_template/ros_gz_example_bringup) by extensions ['colcon_meta']
[0.105s] Level 1:colcon.colcon_core.package_identification:_identify(ros_gz_project_template/ros_gz_example_bringup) by extension 'colcon_meta'
[0.105s] Level 1:colcon.colcon_core.package_identification:_identify(ros_gz_project_template/ros_gz_example_bringup) by extensions ['ros']
[0.105s] Level 1:colcon.colcon_core.package_identification:_identify(ros_gz_project_template/ros_gz_example_bringup) by extension 'ros'
[0.106s] DEBUG:colcon.colcon_core.package_identification:Package 'ros_gz_project_template/ros_gz_example_bringup' with type 'ros.ament_cmake' and name 'ros_gz_example_bringup'
[0.106s] Level 1:colcon.colcon_core.package_identification:_identify(ros_gz_project_template/ros_gz_example_description) by extensions ['ignore', 'ignore_ament_install']
[0.106s] Level 1:colcon.colcon_core.package_identification:_identify(ros_gz_project_template/ros_gz_example_description) by extension 'ignore'
[0.106s] Level 1:colcon.colcon_core.package_identification:_identify(ros_gz_project_template/ros_gz_example_description) by extension 'ignore_ament_install'
[0.106s] Level 1:colcon.colcon_core.package_identification:_identify(ros_gz_project_template/ros_gz_example_description) by extensions ['colcon_pkg']
[0.106s] Level 1:colcon.colcon_core.package_identification:_identify(ros_gz_project_template/ros_gz_example_description) by extension 'colcon_pkg'
[0.106s] Level 1:colcon.colcon_core.package_identification:_identify(ros_gz_project_template/ros_gz_example_description) by extensions ['colcon_meta']
[0.106s] Level 1:colcon.colcon_core.package_identification:_identify(ros_gz_project_template/ros_gz_example_description) by extension 'colcon_meta'
[0.106s] Level 1:colcon.colcon_core.package_identification:_identify(ros_gz_project_template/ros_gz_example_description) by extensions ['ros']
[0.106s] Level 1:colcon.colcon_core.package_identification:_identify(ros_gz_project_template/ros_gz_example_description) by extension 'ros'
[0.106s] DEBUG:colcon.colcon_core.package_identification:Package 'ros_gz_project_template/ros_gz_example_description' with type 'ros.ament_cmake' and name 'ros_gz_example_description'
[0.106s] Level 1:colcon.colcon_core.package_identification:_identify(ros_gz_project_template/ros_gz_example_gazebo) by extensions ['ignore', 'ignore_ament_install']
[0.106s] Level 1:colcon.colcon_core.package_identification:_identify(ros_gz_project_template/ros_gz_example_gazebo) by extension 'ignore'
[0.106s] Level 1:colcon.colcon_core.package_identification:_identify(ros_gz_project_template/ros_gz_example_gazebo) by extension 'ignore_ament_install'
[0.107s] Level 1:colcon.colcon_core.package_identification:_identify(ros_gz_project_template/ros_gz_example_gazebo) by extensions ['colcon_pkg']
[0.107s] Level 1:colcon.colcon_core.package_identification:_identify(ros_gz_project_template/ros_gz_example_gazebo) by extension 'colcon_pkg'
[0.107s] Level 1:colcon.colcon_core.package_identification:_identify(ros_gz_project_template/ros_gz_example_gazebo) by extensions ['colcon_meta']
[0.107s] Level 1:colcon.colcon_core.package_identification:_identify(ros_gz_project_template/ros_gz_example_gazebo) by extension 'colcon_meta'
[0.107s] Level 1:colcon.colcon_core.package_identification:_identify(ros_gz_project_template/ros_gz_example_gazebo) by extensions ['ros']
[0.107s] Level 1:colcon.colcon_core.package_identification:_identify(ros_gz_project_template/ros_gz_example_gazebo) by extension 'ros'
[0.107s] DEBUG:colcon.colcon_core.package_identification:Package 'ros_gz_project_template/ros_gz_example_gazebo' with type 'ros.ament_cmake' and name 'ros_gz_example_gazebo'
[0.107s] Level 1:colcon.colcon_core.package_discovery:discover_packages(recursive) using defaults
[0.107s] Level 1:colcon.colcon_core.package_discovery:discover_packages(ignore) discover
[0.107s] Level 1:colcon.colcon_core.package_discovery:discover_packages(ignore) using defaults
[0.107s] Level 1:colcon.colcon_core.package_discovery:discover_packages(path) discover
[0.107s] Level 1:colcon.colcon_core.package_discovery:discover_packages(path) using defaults
[0.118s] Level 1:colcon.colcon_core.package_discovery:discover_packages(prefix_path) check parameters
[0.118s] Level 1:colcon.colcon_core.package_discovery:discover_packages(prefix_path) discover
[0.120s] DEBUG:colcon.colcon_installed_package_information.package_discovery:Found 367 installed packages in /opt/ros/jazzy
[0.121s] Level 1:colcon.colcon_core.package_discovery:discover_packages(prefix_path) using defaults
[0.148s] Level 5:colcon.colcon_core.verb:set package 'ros_gz_example_application' build argument 'cmake_args' from command line to 'None'
[0.148s] Level 5:colcon.colcon_core.verb:set package 'ros_gz_example_application' build argument 'cmake_target' from command line to 'None'
[0.148s] Level 5:colcon.colcon_core.verb:set package 'ros_gz_example_application' build argument 'cmake_target_skip_unavailable' from command line to 'False'
[0.148s] Level 5:colcon.colcon_core.verb:set package 'ros_gz_example_application' build argument 'cmake_clean_cache' from command line to 'False'
[0.148s] Level 5:colcon.colcon_core.verb:set package 'ros_gz_example_application' build argument 'cmake_clean_first' from command line to 'False'
[0.148s] Level 5:colcon.colcon_core.verb:set package 'ros_gz_example_application' build argument 'cmake_force_configure' from command line to 'False'
[0.148s] Level 5:colcon.colcon_core.verb:set package 'ros_gz_example_application' build argument 'ament_cmake_args' from command line to 'None'
[0.148s] Level 5:colcon.colcon_core.verb:set package 'ros_gz_example_application' build argument 'catkin_cmake_args' from command line to 'None'
[0.148s] Level 5:colcon.colcon_core.verb:set package 'ros_gz_example_application' build argument 'catkin_skip_building_tests' from command line to 'False'
[0.148s] DEBUG:colcon.colcon_core.verb:Building package 'ros_gz_example_application' with the following arguments: {'ament_cmake_args': None, 'build_base': '/home/natalia/Documents/STUDING/robotix/modul6/ex02/build/ros_gz_example_application', 'catkin_cmake_args': None, 'catkin_skip_building_tests': False, 'cmake_args': None, 'cmake_clean_cache': False, 'cmake_clean_first': False, 'cmake_force_configure': False, 'cmake_target': None, 'cmake_target_skip_unavailable': False, 'install_base': '/home/natalia/Documents/STUDING/robotix/modul6/ex02/install/ros_gz_example_application', 'merge_install': False, 'path': '/home/natalia/Documents/STUDING/robotix/modul6/ex02/ros_gz_project_template/ros_gz_example_application', 'symlink_install': False, 'test_result_base': None}
[0.148s] Level 5:colcon.colcon_core.verb:set package 'ros_gz_example_description' build argument 'cmake_args' from command line to 'None'
[0.148s] Level 5:colcon.colcon_core.verb:set package 'ros_gz_example_description' build argument 'cmake_target' from command line to 'None'
[0.148s] Level 5:colcon.colcon_core.verb:set package 'ros_gz_example_description' build argument 'cmake_target_skip_unavailable' from command line to 'False'
[0.148s] Level 5:colcon.colcon_core.verb:set package 'ros_gz_example_description' build argument 'cmake_clean_cache' from command line to 'False'
[0.148s] Level 5:colcon.colcon_core.verb:set package 'ros_gz_example_description' build argument 'cmake_clean_first' from command line to 'False'
[0.148s] Level 5:colcon.colcon_core.verb:set package 'ros_gz_example_description' build argument 'cmake_force_configure' from command line to 'False'
[0.148s] Level 5:colcon.colcon_core.verb:set package 'ros_gz_example_description' build argument 'ament_cmake_args' from command line to 'None'
[0.148s] Level 5:colcon.colcon_core.verb:set package 'ros_gz_example_description' build argument 'catkin_cmake_args' from command line to 'None'
[0.148s] Level 5:colcon.colcon_core.verb:set package 'ros_gz_example_description' build argument 'catkin_skip_building_tests' from command line to 'False'
[0.148s] DEBUG:colcon.colcon_core.verb:Building package 'ros_gz_example_description' with the following arguments: {'ament_cmake_args': None, 'build_base': '/home/natalia/Documents/STUDING/robotix/modul6/ex02/build/ros_gz_example_description', 'catkin_cmake_args': None, 'catkin_skip_building_tests': False, 'cmake_args': None, 'cmake_clean_cache': False, 'cmake_clean_first': False, 'cmake_force_configure': False, 'cmake_target': None, 'cmake_target_skip_unavailable': False, 'install_base': '/home/natalia/Documents/STUDING/robotix/modul6/ex02/install/ros_gz_example_description', 'merge_install': False, 'path': '/home/natalia/Documents/STUDING/robotix/modul6/ex02/ros_gz_project_template/ros_gz_example_description', 'symlink_install': False, 'test_result_base': None}
[0.148s] Level 5:colcon.colcon_core.verb:set package 'ros_gz_example_gazebo' build argument 'cmake_args' from command line to 'None'
[0.148s] Level 5:colcon.colcon_core.verb:set package 'ros_gz_example_gazebo' build argument 'cmake_target' from command line to 'None'
[0.148s] Level 5:colcon.colcon_core.verb:set package 'ros_gz_example_gazebo' build argument 'cmake_target_skip_unavailable' from command line to 'False'
[0.148s] Level 5:colcon.colcon_core.verb:set package 'ros_gz_example_gazebo' build argument 'cmake_clean_cache' from command line to 'False'
[0.148s] Level 5:colcon.colcon_core.verb:set package 'ros_gz_example_gazebo' build argument 'cmake_clean_first' from command line to 'False'
[0.148s] Level 5:colcon.colcon_core.verb:set package 'ros_gz_example_gazebo' build argument 'cmake_force_configure' from command line to 'False'
[0.148s] Level 5:colcon.colcon_core.verb:set package 'ros_gz_example_gazebo' build argument 'ament_cmake_args' from command line to 'None'
[0.148s] Level 5:colcon.colcon_core.verb:set package 'ros_gz_example_gazebo' build argument 'catkin_cmake_args' from command line to 'None'
[0.148s] Level 5:colcon.colcon_core.verb:set package 'ros_gz_example_gazebo' build argument 'catkin_skip_building_tests' from command line to 'False'
[0.148s] DEBUG:colcon.colcon_core.verb:Building package 'ros_gz_example_gazebo' with the following arguments: {'ament_cmake_args': None, 'build_base': '/home/natalia/Documents/STUDING/robotix/modul6/ex02/build/ros_gz_example_gazebo', 'catkin_cmake_args': None, 'catkin_skip_building_tests': False, 'cmake_args': None, 'cmake_clean_cache': False, 'cmake_clean_first': False, 'cmake_force_configure': False, 'cmake_target': None, 'cmake_target_skip_unavailable': False, 'install_base': '/home/natalia/Documents/STUDING/robotix/modul6/ex02/install/ros_gz_example_gazebo', 'merge_install': False, 'path': '/home/natalia/Documents/STUDING/robotix/modul6/ex02/ros_gz_project_template/ros_gz_example_gazebo', 'symlink_install': False, 'test_result_base': None}
[0.149s] Level 5:colcon.colcon_core.verb:set package 'ros_gz_example_bringup' build argument 'cmake_args' from command line to 'None'
[0.149s] Level 5:colcon.colcon_core.verb:set package 'ros_gz_example_bringup' build argument 'cmake_target' from command line to 'None'
[0.149s] Level 5:colcon.colcon_core.verb:set package 'ros_gz_example_bringup' build argument 'cmake_target_skip_unavailable' from command line to 'False'
[0.149s] Level 5:colcon.colcon_core.verb:set package 'ros_gz_example_bringup' build argument 'cmake_clean_cache' from command line to 'False'
[0.149s] Level 5:colcon.colcon_core.verb:set package 'ros_gz_example_bringup' build argument 'cmake_clean_first' from command line to 'False'
[0.149s] Level 5:colcon.colcon_core.verb:set package 'ros_gz_example_bringup' build argument 'cmake_force_configure' from command line to 'False'
[0.149s] Level 5:colcon.colcon_core.verb:set package 'ros_gz_example_bringup' build argument 'ament_cmake_args' from command line to 'None'
[0.149s] Level 5:colcon.colcon_core.verb:set package 'ros_gz_example_bringup' build argument 'catkin_cmake_args' from command line to 'None'
[0.149s] Level 5:colcon.colcon_core.verb:set package 'ros_gz_example_bringup' build argument 'catkin_skip_building_tests' from command line to 'False'
[0.149s] DEBUG:colcon.colcon_core.verb:Building package 'ros_gz_example_bringup' with the following arguments: {'ament_cmake_args': None, 'build_base': '/home/natalia/Documents/STUDING/robotix/modul6/ex02/build/ros_gz_example_bringup', 'catkin_cmake_args': None, 'catkin_skip_building_tests': False, 'cmake_args': None, 'cmake_clean_cache': False, 'cmake_clean_first': False, 'cmake_force_configure': False, 'cmake_target': None, 'cmake_target_skip_unavailable': False, 'install_base': '/home/natalia/Documents/STUDING/robotix/modul6/ex02/install/ros_gz_example_bringup', 'merge_install': False, 'path': '/home/natalia/Documents/STUDING/robotix/modul6/ex02/ros_gz_project_template/ros_gz_example_bringup', 'symlink_install': False, 'test_result_base': None}
[0.149s] INFO:colcon.colcon_core.executor:Executing jobs using 'parallel' executor
[0.149s] DEBUG:colcon.colcon_parallel_executor.executor.parallel:run_until_complete
[0.150s] INFO:colcon.colcon_ros.task.ament_cmake.build:Building ROS package in '/home/natalia/Documents/STUDING/robotix/modul6/ex02/ros_gz_project_template/ros_gz_example_description' with build type 'ament_cmake'
[0.150s] INFO:colcon.colcon_cmake.task.cmake.build:Building CMake package in '/home/natalia/Documents/STUDING/robotix/modul6/ex02/ros_gz_project_template/ros_gz_example_description'
[0.151s] INFO:colcon.colcon_core.plugin_system:Skipping extension 'colcon_core.shell.bat': Not used on non-Windows systems
[0.151s] INFO:colcon.colcon_core.shell:Skip shell extension 'powershell' for command environment: Not usable outside of PowerShell
[0.151s] DEBUG:colcon.colcon_core.shell:Skip shell extension 'dsv' for command environment
[0.155s] INFO:colcon.colcon_ros.task.ament_cmake.build:Building ROS package in '/home/natalia/Documents/STUDING/robotix/modul6/ex02/ros_gz_project_template/ros_gz_example_application' with build type 'ament_cmake'
[0.155s] INFO:colcon.colcon_cmake.task.cmake.build:Building CMake package in '/home/natalia/Documents/STUDING/robotix/modul6/ex02/ros_gz_project_template/ros_gz_example_application'
[0.155s] INFO:colcon.colcon_core.shell:Skip shell extension 'powershell' for command environment: Not usable outside of PowerShell
[0.155s] DEBUG:colcon.colcon_core.shell:Skip shell extension 'dsv' for command environment
[0.160s] DEBUG:colcon.colcon_core.event_handler.log_command:Invoking command in '/home/natalia/Documents/STUDING/robotix/modul6/ex02/build/ros_gz_example_description': CMAKE_PREFIX_PATH=${CMAKE_PREFIX_PATH}:/opt/ros/jazzy DEBUGINFOD_URLS=https://debuginfod.ubuntu.com /usr/bin/cmake /home/natalia/Documents/STUDING/robotix/modul6/ex02/ros_gz_project_template/ros_gz_example_description -DCMAKE_INSTALL_PREFIX=/home/natalia/Documents/STUDING/robotix/modul6/ex02/install/ros_gz_example_description
[0.163s] DEBUG:colcon.colcon_core.event_handler.log_command:Invoking command in '/home/natalia/Documents/STUDING/robotix/modul6/ex02/build/ros_gz_example_application': CMAKE_PREFIX_PATH=${CMAKE_PREFIX_PATH}:/opt/ros/jazzy DEBUGINFOD_URLS=https://debuginfod.ubuntu.com /usr/bin/cmake /home/natalia/Documents/STUDING/robotix/modul6/ex02/ros_gz_project_template/ros_gz_example_application -DCMAKE_INSTALL_PREFIX=/home/natalia/Documents/STUDING/robotix/modul6/ex02/install/ros_gz_example_application
[2.992s] DEBUG:colcon.colcon_core.event_handler.log_command:Invoked command in '/home/natalia/Documents/STUDING/robotix/modul6/ex02/build/ros_gz_example_application' returned '0': CMAKE_PREFIX_PATH=${CMAKE_PREFIX_PATH}:/opt/ros/jazzy DEBUGINFOD_URLS=https://debuginfod.ubuntu.com /usr/bin/cmake /home/natalia/Documents/STUDING/robotix/modul6/ex02/ros_gz_project_template/ros_gz_example_application -DCMAKE_INSTALL_PREFIX=/home/natalia/Documents/STUDING/robotix/modul6/ex02/install/ros_gz_example_application
[2.994s] DEBUG:colcon.colcon_core.event_handler.log_command:Invoking command in '/home/natalia/Documents/STUDING/robotix/modul6/ex02/build/ros_gz_example_application': CMAKE_PREFIX_PATH=${CMAKE_PREFIX_PATH}:/opt/ros/jazzy DEBUGINFOD_URLS=https://debuginfod.ubuntu.com /usr/bin/cmake --build /home/natalia/Documents/STUDING/robotix/modul6/ex02/build/ros_gz_example_application -- -j20 -l20
[2.996s] DEBUG:colcon.colcon_core.event_handler.log_command:Invoked command in '/home/natalia/Documents/STUDING/robotix/modul6/ex02/build/ros_gz_example_description' returned '0': CMAKE_PREFIX_PATH=${CMAKE_PREFIX_PATH}:/opt/ros/jazzy DEBUGINFOD_URLS=https://debuginfod.ubuntu.com /usr/bin/cmake /home/natalia/Documents/STUDING/robotix/modul6/ex02/ros_gz_project_template/ros_gz_example_description -DCMAKE_INSTALL_PREFIX=/home/natalia/Documents/STUDING/robotix/modul6/ex02/install/ros_gz_example_description
[2.997s] DEBUG:colcon.colcon_core.event_handler.log_command:Invoking command in '/home/natalia/Documents/STUDING/robotix/modul6/ex02/build/ros_gz_example_description': CMAKE_PREFIX_PATH=${CMAKE_PREFIX_PATH}:/opt/ros/jazzy DEBUGINFOD_URLS=https://debuginfod.ubuntu.com /usr/bin/cmake --build /home/natalia/Documents/STUDING/robotix/modul6/ex02/build/ros_gz_example_description -- -j20 -l20
[3.143s] DEBUG:colcon.colcon_core.event_handler.log_command:Invoked command in '/home/natalia/Documents/STUDING/robotix/modul6/ex02/build/ros_gz_example_application' returned '0': CMAKE_PREFIX_PATH=${CMAKE_PREFIX_PATH}:/opt/ros/jazzy DEBUGINFOD_URLS=https://debuginfod.ubuntu.com /usr/bin/cmake --build /home/natalia/Documents/STUDING/robotix/modul6/ex02/build/ros_gz_example_application -- -j20 -l20
[3.190s] DEBUG:colcon.colcon_core.event_handler.log_command:Invoking command in '/home/natalia/Documents/STUDING/robotix/modul6/ex02/build/ros_gz_example_application': CMAKE_PREFIX_PATH=${CMAKE_PREFIX_PATH}:/opt/ros/jazzy DEBUGINFOD_URLS=https://debuginfod.ubuntu.com /usr/bin/cmake --install /home/natalia/Documents/STUDING/robotix/modul6/ex02/build/ros_gz_example_application
[3.195s] DEBUG:colcon.colcon_core.event_handler.log_command:Invoked command in '/home/natalia/Documents/STUDING/robotix/modul6/ex02/build/ros_gz_example_description' returned '0': CMAKE_PREFIX_PATH=${CMAKE_PREFIX_PATH}:/opt/ros/jazzy DEBUGINFOD_URLS=https://debuginfod.ubuntu.com /usr/bin/cmake --build /home/natalia/Documents/STUDING/robotix/modul6/ex02/build/ros_gz_example_description -- -j20 -l20
[3.200s] DEBUG:colcon.colcon_core.event_handler.log_command:Invoking command in '/home/natalia/Documents/STUDING/robotix/modul6/ex02/build/ros_gz_example_description': CMAKE_PREFIX_PATH=${CMAKE_PREFIX_PATH}:/opt/ros/jazzy DEBUGINFOD_URLS=https://debuginfod.ubuntu.com /usr/bin/cmake --install /home/natalia/Documents/STUDING/robotix/modul6/ex02/build/ros_gz_example_description
[3.247s] Level 1:colcon.colcon_core.environment:create_environment_scripts_only(ros_gz_example_application)
[3.249s] DEBUG:colcon.colcon_core.event_handler.log_command:Invoked command in '/home/natalia/Documents/STUDING/robotix/modul6/ex02/build/ros_gz_example_application' returned '0': CMAKE_PREFIX_PATH=${CMAKE_PREFIX_PATH}:/opt/ros/jazzy DEBUGINFOD_URLS=https://debuginfod.ubuntu.com /usr/bin/cmake --install /home/natalia/Documents/STUDING/robotix/modul6/ex02/build/ros_gz_example_application
[3.260s] Level 1:colcon.colcon_core.environment:checking '/home/natalia/Documents/STUDING/robotix/modul6/ex02/install/ros_gz_example_application' for CMake module files
[3.262s] Level 1:colcon.colcon_core.environment:checking '/home/natalia/Documents/STUDING/robotix/modul6/ex02/install/ros_gz_example_application' for CMake config files
[3.263s] Level 1:colcon.colcon_core.shell:create_environment_hook('ros_gz_example_application', 'cmake_prefix_path')
[3.264s] INFO:colcon.colcon_core.shell:Creating environment hook '/home/natalia/Documents/STUDING/robotix/modul6/ex02/install/ros_gz_example_application/share/ros_gz_example_application/hook/cmake_prefix_path.ps1'
[3.267s] INFO:colcon.colcon_core.shell:Creating environment descriptor '/home/natalia/Documents/STUDING/robotix/modul6/ex02/install/ros_gz_example_application/share/ros_gz_example_application/hook/cmake_prefix_path.dsv'
[3.269s] INFO:colcon.colcon_core.shell:Creating environment hook '/home/natalia/Documents/STUDING/robotix/modul6/ex02/install/ros_gz_example_application/share/ros_gz_example_application/hook/cmake_prefix_path.sh'
[3.273s] Level 1:colcon.colcon_core.environment:checking '/home/natalia/Documents/STUDING/robotix/modul6/ex02/install/ros_gz_example_application/bin'
[3.273s] Level 1:colcon.colcon_core.environment:checking '/home/natalia/Documents/STUDING/robotix/modul6/ex02/install/ros_gz_example_application/lib/pkgconfig/ros_gz_example_application.pc'
[3.275s] Level 1:colcon.colcon_core.environment:checking '/home/natalia/Documents/STUDING/robotix/modul6/ex02/install/ros_gz_example_application/lib/python3.12/site-packages'
[3.276s] Level 1:colcon.colcon_core.environment:checking '/home/natalia/Documents/STUDING/robotix/modul6/ex02/install/ros_gz_example_application/bin'
[3.277s] INFO:colcon.colcon_core.shell:Creating package script '/home/natalia/Documents/STUDING/robotix/modul6/ex02/install/ros_gz_example_application/share/ros_gz_example_application/package.ps1'
[3.280s] INFO:colcon.colcon_core.shell:Creating package descriptor '/home/natalia/Documents/STUDING/robotix/modul6/ex02/install/ros_gz_example_application/share/ros_gz_example_application/package.dsv'
[3.283s] INFO:colcon.colcon_core.shell:Creating package script '/home/natalia/Documents/STUDING/robotix/modul6/ex02/install/ros_gz_example_application/share/ros_gz_example_application/package.sh'
[3.286s] INFO:colcon.colcon_core.shell:Creating package script '/home/natalia/Documents/STUDING/robotix/modul6/ex02/install/ros_gz_example_application/share/ros_gz_example_application/package.bash'
[3.289s] INFO:colcon.colcon_core.shell:Creating package script '/home/natalia/Documents/STUDING/robotix/modul6/ex02/install/ros_gz_example_application/share/ros_gz_example_application/package.zsh'
[3.291s] Level 1:colcon.colcon_core.environment:create_file_with_runtime_dependencies(/home/natalia/Documents/STUDING/robotix/modul6/ex02/install/ros_gz_example_application/share/colcon-core/packages/ros_gz_example_application)
[3.294s] Level 1:colcon.colcon_core.environment:create_environment_scripts_only(ros_gz_example_application)
[3.295s] Level 1:colcon.colcon_core.environment:checking '/home/natalia/Documents/STUDING/robotix/modul6/ex02/install/ros_gz_example_application' for CMake module files
[3.297s] Level 1:colcon.colcon_core.environment:checking '/home/natalia/Documents/STUDING/robotix/modul6/ex02/install/ros_gz_example_application' for CMake config files
[3.298s] Level 1:colcon.colcon_core.shell:create_environment_hook('ros_gz_example_application', 'cmake_prefix_path')
[3.298s] INFO:colcon.colcon_core.shell:Creating environment hook '/home/natalia/Documents/STUDING/robotix/modul6/ex02/install/ros_gz_example_application/share/ros_gz_example_application/hook/cmake_prefix_path.ps1'
[3.300s] INFO:colcon.colcon_core.shell:Creating environment descriptor '/home/natalia/Documents/STUDING/robotix/modul6/ex02/install/ros_gz_example_application/share/ros_gz_example_application/hook/cmake_prefix_path.dsv'
[3.301s] INFO:colcon.colcon_core.shell:Creating environment hook '/home/natalia/Documents/STUDING/robotix/modul6/ex02/install/ros_gz_example_application/share/ros_gz_example_application/hook/cmake_prefix_path.sh'
[3.304s] Level 1:colcon.colcon_core.environment:checking '/home/natalia/Documents/STUDING/robotix/modul6/ex02/install/ros_gz_example_application/bin'
[3.304s] Level 1:colcon.colcon_core.environment:checking '/home/natalia/Documents/STUDING/robotix/modul6/ex02/install/ros_gz_example_application/lib/pkgconfig/ros_gz_example_application.pc'
[3.305s] Level 1:colcon.colcon_core.environment:checking '/home/natalia/Documents/STUDING/robotix/modul6/ex02/install/ros_gz_example_application/lib/python3.12/site-packages'
[3.307s] Level 1:colcon.colcon_core.environment:checking '/home/natalia/Documents/STUDING/robotix/modul6/ex02/install/ros_gz_example_application/bin'
[3.308s] INFO:colcon.colcon_core.shell:Creating package script '/home/natalia/Documents/STUDING/robotix/modul6/ex02/install/ros_gz_example_application/share/ros_gz_example_application/package.ps1'
[3.310s] INFO:colcon.colcon_core.shell:Creating package descriptor '/home/natalia/Documents/STUDING/robotix/modul6/ex02/install/ros_gz_example_application/share/ros_gz_example_application/package.dsv'
[3.312s] INFO:colcon.colcon_core.shell:Creating package script '/home/natalia/Documents/STUDING/robotix/modul6/ex02/install/ros_gz_example_application/share/ros_gz_example_application/package.sh'
[3.314s] INFO:colcon.colcon_core.shell:Creating package script '/home/natalia/Documents/STUDING/robotix/modul6/ex02/install/ros_gz_example_application/share/ros_gz_example_application/package.bash'
[3.315s] INFO:colcon.colcon_core.shell:Creating package script '/home/natalia/Documents/STUDING/robotix/modul6/ex02/install/ros_gz_example_application/share/ros_gz_example_application/package.zsh'
[3.317s] Level 1:colcon.colcon_core.environment:create_file_with_runtime_dependencies(/home/natalia/Documents/STUDING/robotix/modul6/ex02/install/ros_gz_example_application/share/colcon-core/packages/ros_gz_example_application)
[3.322s] Level 1:colcon.colcon_core.environment:create_environment_scripts_only(ros_gz_example_description)
[3.323s] Level 1:colcon.colcon_core.environment:checking '/home/natalia/Documents/STUDING/robotix/modul6/ex02/install/ros_gz_example_description' for CMake module files
[3.327s] DEBUG:colcon.colcon_core.event_handler.log_command:Invoked command in '/home/natalia/Documents/STUDING/robotix/modul6/ex02/build/ros_gz_example_description' returned '0': CMAKE_PREFIX_PATH=${CMAKE_PREFIX_PATH}:/opt/ros/jazzy DEBUGINFOD_URLS=https://debuginfod.ubuntu.com /usr/bin/cmake --install /home/natalia/Documents/STUDING/robotix/modul6/ex02/build/ros_gz_example_description
[3.328s] Level 1:colcon.colcon_core.environment:checking '/home/natalia/Documents/STUDING/robotix/modul6/ex02/install/ros_gz_example_description' for CMake config files
[3.329s] Level 1:colcon.colcon_core.shell:create_environment_hook('ros_gz_example_description', 'cmake_prefix_path')
[3.330s] INFO:colcon.colcon_core.shell:Creating environment hook '/home/natalia/Documents/STUDING/robotix/modul6/ex02/install/ros_gz_example_description/share/ros_gz_example_description/hook/cmake_prefix_path.ps1'
[3.332s] INFO:colcon.colcon_core.shell:Creating environment descriptor '/home/natalia/Documents/STUDING/robotix/modul6/ex02/install/ros_gz_example_description/share/ros_gz_example_description/hook/cmake_prefix_path.dsv'
[3.333s] INFO:colcon.colcon_core.shell:Creating environment hook '/home/natalia/Documents/STUDING/robotix/modul6/ex02/install/ros_gz_example_description/share/ros_gz_example_description/hook/cmake_prefix_path.sh'
[3.335s] Level 1:colcon.colcon_core.environment:checking '/home/natalia/Documents/STUDING/robotix/modul6/ex02/install/ros_gz_example_description/bin'
[3.335s] Level 1:colcon.colcon_core.environment:checking '/home/natalia/Documents/STUDING/robotix/modul6/ex02/install/ros_gz_example_description/lib/pkgconfig/ros_gz_example_description.pc'
[3.337s] Level 1:colcon.colcon_core.environment:checking '/home/natalia/Documents/STUDING/robotix/modul6/ex02/install/ros_gz_example_description/lib/python3.12/site-packages'
[3.338s] Level 1:colcon.colcon_core.environment:checking '/home/natalia/Documents/STUDING/robotix/modul6/ex02/install/ros_gz_example_description/bin'
[3.339s] INFO:colcon.colcon_core.shell:Creating package script '/home/natalia/Documents/STUDING/robotix/modul6/ex02/install/ros_gz_example_description/share/ros_gz_example_description/package.ps1'
[3.341s] INFO:colcon.colcon_core.shell:Creating package descriptor '/home/natalia/Documents/STUDING/robotix/modul6/ex02/install/ros_gz_example_description/share/ros_gz_example_description/package.dsv'
[3.343s] INFO:colcon.colcon_core.shell:Creating package script '/home/natalia/Documents/STUDING/robotix/modul6/ex02/install/ros_gz_example_description/share/ros_gz_example_description/package.sh'
[3.344s] INFO:colcon.colcon_core.shell:Creating package script '/home/natalia/Documents/STUDING/robotix/modul6/ex02/install/ros_gz_example_description/share/ros_gz_example_description/package.bash'
[3.346s] INFO:colcon.colcon_core.shell:Creating package script '/home/natalia/Documents/STUDING/robotix/modul6/ex02/install/ros_gz_example_description/share/ros_gz_example_description/package.zsh'
[3.347s] Level 1:colcon.colcon_core.environment:create_file_with_runtime_dependencies(/home/natalia/Documents/STUDING/robotix/modul6/ex02/install/ros_gz_example_description/share/colcon-core/packages/ros_gz_example_description)
[3.349s] Level 1:colcon.colcon_core.environment:create_environment_scripts_only(ros_gz_example_description)
[3.350s] Level 1:colcon.colcon_core.environment:checking '/home/natalia/Documents/STUDING/robotix/modul6/ex02/install/ros_gz_example_description' for CMake module files
[3.352s] Level 1:colcon.colcon_core.environment:checking '/home/natalia/Documents/STUDING/robotix/modul6/ex02/install/ros_gz_example_description' for CMake config files
[3.353s] Level 1:colcon.colcon_core.shell:create_environment_hook('ros_gz_example_description', 'cmake_prefix_path')
[3.353s] INFO:colcon.colcon_core.shell:Creating environment hook '/home/natalia/Documents/STUDING/robotix/modul6/ex02/install/ros_gz_example_description/share/ros_gz_example_description/hook/cmake_prefix_path.ps1'
[3.355s] INFO:colcon.colcon_core.shell:Creating environment descriptor '/home/natalia/Documents/STUDING/robotix/modul6/ex02/install/ros_gz_example_description/share/ros_gz_example_description/hook/cmake_prefix_path.dsv'
[3.356s] INFO:colcon.colcon_core.shell:Creating environment hook '/home/natalia/Documents/STUDING/robotix/modul6/ex02/install/ros_gz_example_description/share/ros_gz_example_description/hook/cmake_prefix_path.sh'
[3.359s] Level 1:colcon.colcon_core.environment:checking '/home/natalia/Documents/STUDING/robotix/modul6/ex02/install/ros_gz_example_description/bin'
[3.359s] Level 1:colcon.colcon_core.environment:checking '/home/natalia/Documents/STUDING/robotix/modul6/ex02/install/ros_gz_example_description/lib/pkgconfig/ros_gz_example_description.pc'
[3.360s] Level 1:colcon.colcon_core.environment:checking '/home/natalia/Documents/STUDING/robotix/modul6/ex02/install/ros_gz_example_description/lib/python3.12/site-packages'
[3.362s] Level 1:colcon.colcon_core.environment:checking '/home/natalia/Documents/STUDING/robotix/modul6/ex02/install/ros_gz_example_description/bin'
[3.363s] INFO:colcon.colcon_core.shell:Creating package script '/home/natalia/Documents/STUDING/robotix/modul6/ex02/install/ros_gz_example_description/share/ros_gz_example_description/package.ps1'
[3.365s] INFO:colcon.colcon_core.shell:Creating package descriptor '/home/natalia/Documents/STUDING/robotix/modul6/ex02/install/ros_gz_example_description/share/ros_gz_example_description/package.dsv'
[3.367s] INFO:colcon.colcon_core.shell:Creating package script '/home/natalia/Documents/STUDING/robotix/modul6/ex02/install/ros_gz_example_description/share/ros_gz_example_description/package.sh'
[3.369s] INFO:colcon.colcon_core.shell:Creating package script '/home/natalia/Documents/STUDING/robotix/modul6/ex02/install/ros_gz_example_description/share/ros_gz_example_description/package.bash'
[3.371s] INFO:colcon.colcon_core.shell:Creating package script '/home/natalia/Documents/STUDING/robotix/modul6/ex02/install/ros_gz_example_description/share/ros_gz_example_description/package.zsh'
[3.373s] Level 1:colcon.colcon_core.environment:create_file_with_runtime_dependencies(/home/natalia/Documents/STUDING/robotix/modul6/ex02/install/ros_gz_example_description/share/colcon-core/packages/ros_gz_example_description)
[3.374s] INFO:colcon.colcon_ros.task.ament_cmake.build:Building ROS package in '/home/natalia/Documents/STUDING/robotix/modul6/ex02/ros_gz_project_template/ros_gz_example_gazebo' with build type 'ament_cmake'
[3.374s] INFO:colcon.colcon_cmake.task.cmake.build:Building CMake package in '/home/natalia/Documents/STUDING/robotix/modul6/ex02/ros_gz_project_template/ros_gz_example_gazebo'
[3.375s] INFO:colcon.colcon_core.shell:Skip shell extension 'powershell' for command environment: Not usable outside of PowerShell
[3.375s] DEBUG:colcon.colcon_core.shell:Skip shell extension 'dsv' for command environment
[3.418s] DEBUG:colcon.colcon_core.event_handler.log_command:Invoking command in '/home/natalia/Documents/STUDING/robotix/modul6/ex02/build/ros_gz_example_gazebo': AMENT_PREFIX_PATH=/home/natalia/Documents/STUDING/robotix/modul6/ex02/install/ros_gz_example_description:${AMENT_PREFIX_PATH} CMAKE_PREFIX_PATH=/home/natalia/Documents/STUDING/robotix/modul6/ex02/install/ros_gz_example_description:/opt/ros/jazzy/opt/gz_sim_vendor:/opt/ros/jazzy/opt/gz_sensors_vendor:/opt/ros/jazzy/opt/gz_physics_vendor:/opt/ros/jazzy/opt/sdformat_vendor:/opt/ros/jazzy/opt/gz_gui_vendor:/opt/ros/jazzy/opt/gz_transport_vendor:/opt/ros/jazzy/opt/gz_rendering_vendor:/opt/ros/jazzy/opt/gz_plugin_vendor:/opt/ros/jazzy/opt/gz_fuel_tools_vendor:/opt/ros/jazzy/opt/gz_msgs_vendor:/opt/ros/jazzy/opt/gz_common_vendor:/opt/ros/jazzy/opt/gz_math_vendor:/opt/ros/jazzy/opt/gz_utils_vendor:/opt/ros/jazzy/opt/gz_tools_vendor:/opt/ros/jazzy/opt/gz_ogre_next_vendor:/opt/ros/jazzy/opt/gz_dartsim_vendor:/opt/ros/jazzy/opt/gz_cmake_vendor:/opt/ros/jazzy DEBUGINFOD_URLS=https://debuginfod.ubuntu.com GZ_SIM_RESOURCE_PATH=/home/natalia/Documents/STUDING/robotix/modul6/ex02/install/ros_gz_example_description/share/ros_gz_example_description/models:${GZ_SIM_RESOURCE_PATH} /usr/bin/cmake /home/natalia/Documents/STUDING/robotix/modul6/ex02/ros_gz_project_template/ros_gz_example_gazebo -DCMAKE_INSTALL_PREFIX=/home/natalia/Documents/STUDING/robotix/modul6/ex02/install/ros_gz_example_gazebo
[12.442s] DEBUG:colcon.colcon_core.event_handler.log_command:Invoked command in '/home/natalia/Documents/STUDING/robotix/modul6/ex02/build/ros_gz_example_gazebo' returned '0': AMENT_PREFIX_PATH=/home/natalia/Documents/STUDING/robotix/modul6/ex02/install/ros_gz_example_description:${AMENT_PREFIX_PATH} CMAKE_PREFIX_PATH=/home/natalia/Documents/STUDING/robotix/modul6/ex02/install/ros_gz_example_description:/opt/ros/jazzy/opt/gz_sim_vendor:/opt/ros/jazzy/opt/gz_sensors_vendor:/opt/ros/jazzy/opt/gz_physics_vendor:/opt/ros/jazzy/opt/sdformat_vendor:/opt/ros/jazzy/opt/gz_gui_vendor:/opt/ros/jazzy/opt/gz_transport_vendor:/opt/ros/jazzy/opt/gz_rendering_vendor:/opt/ros/jazzy/opt/gz_plugin_vendor:/opt/ros/jazzy/opt/gz_fuel_tools_vendor:/opt/ros/jazzy/opt/gz_msgs_vendor:/opt/ros/jazzy/opt/gz_common_vendor:/opt/ros/jazzy/opt/gz_math_vendor:/opt/ros/jazzy/opt/gz_utils_vendor:/opt/ros/jazzy/opt/gz_tools_vendor:/opt/ros/jazzy/opt/gz_ogre_next_vendor:/opt/ros/jazzy/opt/gz_dartsim_vendor:/opt/ros/jazzy/opt/gz_cmake_vendor:/opt/ros/jazzy DEBUGINFOD_URLS=https://debuginfod.ubuntu.com GZ_SIM_RESOURCE_PATH=/home/natalia/Documents/STUDING/robotix/modul6/ex02/install/ros_gz_example_description/share/ros_gz_example_description/models:${GZ_SIM_RESOURCE_PATH} /usr/bin/cmake /home/natalia/Documents/STUDING/robotix/modul6/ex02/ros_gz_project_template/ros_gz_example_gazebo -DCMAKE_INSTALL_PREFIX=/home/natalia/Documents/STUDING/robotix/modul6/ex02/install/ros_gz_example_gazebo
[12.445s] DEBUG:colcon.colcon_core.event_handler.log_command:Invoking command in '/home/natalia/Documents/STUDING/robotix/modul6/ex02/build/ros_gz_example_gazebo': AMENT_PREFIX_PATH=/home/natalia/Documents/STUDING/robotix/modul6/ex02/install/ros_gz_example_description:${AMENT_PREFIX_PATH} CMAKE_PREFIX_PATH=/home/natalia/Documents/STUDING/robotix/modul6/ex02/install/ros_gz_example_description:/opt/ros/jazzy/opt/gz_sim_vendor:/opt/ros/jazzy/opt/gz_sensors_vendor:/opt/ros/jazzy/opt/gz_physics_vendor:/opt/ros/jazzy/opt/sdformat_vendor:/opt/ros/jazzy/opt/gz_gui_vendor:/opt/ros/jazzy/opt/gz_transport_vendor:/opt/ros/jazzy/opt/gz_rendering_vendor:/opt/ros/jazzy/opt/gz_plugin_vendor:/opt/ros/jazzy/opt/gz_fuel_tools_vendor:/opt/ros/jazzy/opt/gz_msgs_vendor:/opt/ros/jazzy/opt/gz_common_vendor:/opt/ros/jazzy/opt/gz_math_vendor:/opt/ros/jazzy/opt/gz_utils_vendor:/opt/ros/jazzy/opt/gz_tools_vendor:/opt/ros/jazzy/opt/gz_ogre_next_vendor:/opt/ros/jazzy/opt/gz_dartsim_vendor:/opt/ros/jazzy/opt/gz_cmake_vendor:/opt/ros/jazzy DEBUGINFOD_URLS=https://debuginfod.ubuntu.com GZ_SIM_RESOURCE_PATH=/home/natalia/Documents/STUDING/robotix/modul6/ex02/install/ros_gz_example_description/share/ros_gz_example_description/models:${GZ_SIM_RESOURCE_PATH} /usr/bin/cmake --build /home/natalia/Documents/STUDING/robotix/modul6/ex02/build/ros_gz_example_gazebo -- -j20 -l20
[15.179s] DEBUG:colcon.colcon_core.event_handler.log_command:Invoked command in '/home/natalia/Documents/STUDING/robotix/modul6/ex02/build/ros_gz_example_gazebo' returned '0': AMENT_PREFIX_PATH=/home/natalia/Documents/STUDING/robotix/modul6/ex02/install/ros_gz_example_description:${AMENT_PREFIX_PATH} CMAKE_PREFIX_PATH=/home/natalia/Documents/STUDING/robotix/modul6/ex02/install/ros_gz_example_description:/opt/ros/jazzy/opt/gz_sim_vendor:/opt/ros/jazzy/opt/gz_sensors_vendor:/opt/ros/jazzy/opt/gz_physics_vendor:/opt/ros/jazzy/opt/sdformat_vendor:/opt/ros/jazzy/opt/gz_gui_vendor:/opt/ros/jazzy/opt/gz_transport_vendor:/opt/ros/jazzy/opt/gz_rendering_vendor:/opt/ros/jazzy/opt/gz_plugin_vendor:/opt/ros/jazzy/opt/gz_fuel_tools_vendor:/opt/ros/jazzy/opt/gz_msgs_vendor:/opt/ros/jazzy/opt/gz_common_vendor:/opt/ros/jazzy/opt/gz_math_vendor:/opt/ros/jazzy/opt/gz_utils_vendor:/opt/ros/jazzy/opt/gz_tools_vendor:/opt/ros/jazzy/opt/gz_ogre_next_vendor:/opt/ros/jazzy/opt/gz_dartsim_vendor:/opt/ros/jazzy/opt/gz_cmake_vendor:/opt/ros/jazzy DEBUGINFOD_URLS=https://debuginfod.ubuntu.com GZ_SIM_RESOURCE_PATH=/home/natalia/Documents/STUDING/robotix/modul6/ex02/install/ros_gz_example_description/share/ros_gz_example_description/models:${GZ_SIM_RESOURCE_PATH} /usr/bin/cmake --build /home/natalia/Documents/STUDING/robotix/modul6/ex02/build/ros_gz_example_gazebo -- -j20 -l20
[15.186s] DEBUG:colcon.colcon_core.event_handler.log_command:Invoking command in '/home/natalia/Documents/STUDING/robotix/modul6/ex02/build/ros_gz_example_gazebo': AMENT_PREFIX_PATH=/home/natalia/Documents/STUDING/robotix/modul6/ex02/install/ros_gz_example_description:${AMENT_PREFIX_PATH} CMAKE_PREFIX_PATH=/home/natalia/Documents/STUDING/robotix/modul6/ex02/install/ros_gz_example_description:/opt/ros/jazzy/opt/gz_sim_vendor:/opt/ros/jazzy/opt/gz_sensors_vendor:/opt/ros/jazzy/opt/gz_physics_vendor:/opt/ros/jazzy/opt/sdformat_vendor:/opt/ros/jazzy/opt/gz_gui_vendor:/opt/ros/jazzy/opt/gz_transport_vendor:/opt/ros/jazzy/opt/gz_rendering_vendor:/opt/ros/jazzy/opt/gz_plugin_vendor:/opt/ros/jazzy/opt/gz_fuel_tools_vendor:/opt/ros/jazzy/opt/gz_msgs_vendor:/opt/ros/jazzy/opt/gz_common_vendor:/opt/ros/jazzy/opt/gz_math_vendor:/opt/ros/jazzy/opt/gz_utils_vendor:/opt/ros/jazzy/opt/gz_tools_vendor:/opt/ros/jazzy/opt/gz_ogre_next_vendor:/opt/ros/jazzy/opt/gz_dartsim_vendor:/opt/ros/jazzy/opt/gz_cmake_vendor:/opt/ros/jazzy DEBUGINFOD_URLS=https://debuginfod.ubuntu.com GZ_SIM_RESOURCE_PATH=/home/natalia/Documents/STUDING/robotix/modul6/ex02/install/ros_gz_example_description/share/ros_gz_example_description/models:${GZ_SIM_RESOURCE_PATH} /usr/bin/cmake --install /home/natalia/Documents/STUDING/robotix/modul6/ex02/build/ros_gz_example_gazebo
[15.244s] Level 1:colcon.colcon_core.environment:create_environment_scripts_only(ros_gz_example_gazebo)
[15.245s] Level 1:colcon.colcon_core.environment:checking '/home/natalia/Documents/STUDING/robotix/modul6/ex02/install/ros_gz_example_gazebo' for CMake module files
[15.247s] DEBUG:colcon.colcon_core.event_handler.log_command:Invoked command in '/home/natalia/Documents/STUDING/robotix/modul6/ex02/build/ros_gz_example_gazebo' returned '0': AMENT_PREFIX_PATH=/home/natalia/Documents/STUDING/robotix/modul6/ex02/install/ros_gz_example_description:${AMENT_PREFIX_PATH} CMAKE_PREFIX_PATH=/home/natalia/Documents/STUDING/robotix/modul6/ex02/install/ros_gz_example_description:/opt/ros/jazzy/opt/gz_sim_vendor:/opt/ros/jazzy/opt/gz_sensors_vendor:/opt/ros/jazzy/opt/gz_physics_vendor:/opt/ros/jazzy/opt/sdformat_vendor:/opt/ros/jazzy/opt/gz_gui_vendor:/opt/ros/jazzy/opt/gz_transport_vendor:/opt/ros/jazzy/opt/gz_rendering_vendor:/opt/ros/jazzy/opt/gz_plugin_vendor:/opt/ros/jazzy/opt/gz_fuel_tools_vendor:/opt/ros/jazzy/opt/gz_msgs_vendor:/opt/ros/jazzy/opt/gz_common_vendor:/opt/ros/jazzy/opt/gz_math_vendor:/opt/ros/jazzy/opt/gz_utils_vendor:/opt/ros/jazzy/opt/gz_tools_vendor:/opt/ros/jazzy/opt/gz_ogre_next_vendor:/opt/ros/jazzy/opt/gz_dartsim_vendor:/opt/ros/jazzy/opt/gz_cmake_vendor:/opt/ros/jazzy DEBUGINFOD_URLS=https://debuginfod.ubuntu.com GZ_SIM_RESOURCE_PATH=/home/natalia/Documents/STUDING/robotix/modul6/ex02/install/ros_gz_example_description/share/ros_gz_example_description/models:${GZ_SIM_RESOURCE_PATH} /usr/bin/cmake --install /home/natalia/Documents/STUDING/robotix/modul6/ex02/build/ros_gz_example_gazebo
[15.249s] Level 1:colcon.colcon_core.environment:checking '/home/natalia/Documents/STUDING/robotix/modul6/ex02/install/ros_gz_example_gazebo' for CMake config files
[15.250s] Level 1:colcon.colcon_core.shell:create_environment_hook('ros_gz_example_gazebo', 'cmake_prefix_path')
[15.250s] INFO:colcon.colcon_core.shell:Creating environment hook '/home/natalia/Documents/STUDING/robotix/modul6/ex02/install/ros_gz_example_gazebo/share/ros_gz_example_gazebo/hook/cmake_prefix_path.ps1'
[15.252s] INFO:colcon.colcon_core.shell:Creating environment descriptor '/home/natalia/Documents/STUDING/robotix/modul6/ex02/install/ros_gz_example_gazebo/share/ros_gz_example_gazebo/hook/cmake_prefix_path.dsv'
[15.253s] INFO:colcon.colcon_core.shell:Creating environment hook '/home/natalia/Documents/STUDING/robotix/modul6/ex02/install/ros_gz_example_gazebo/share/ros_gz_example_gazebo/hook/cmake_prefix_path.sh'
[15.256s] Level 1:colcon.colcon_core.environment:checking '/home/natalia/Documents/STUDING/robotix/modul6/ex02/install/ros_gz_example_gazebo/lib'
[15.257s] Level 1:colcon.colcon_core.environment:checking '/home/natalia/Documents/STUDING/robotix/modul6/ex02/install/ros_gz_example_gazebo/bin'
[15.257s] Level 1:colcon.colcon_core.environment:checking '/home/natalia/Documents/STUDING/robotix/modul6/ex02/install/ros_gz_example_gazebo/lib/pkgconfig/ros_gz_example_gazebo.pc'
[15.258s] Level 1:colcon.colcon_core.environment:checking '/home/natalia/Documents/STUDING/robotix/modul6/ex02/install/ros_gz_example_gazebo/lib/python3.12/site-packages'
[15.260s] Level 1:colcon.colcon_core.environment:checking '/home/natalia/Documents/STUDING/robotix/modul6/ex02/install/ros_gz_example_gazebo/bin'
[15.261s] INFO:colcon.colcon_core.shell:Creating package script '/home/natalia/Documents/STUDING/robotix/modul6/ex02/install/ros_gz_example_gazebo/share/ros_gz_example_gazebo/package.ps1'
[15.263s] INFO:colcon.colcon_core.shell:Creating package descriptor '/home/natalia/Documents/STUDING/robotix/modul6/ex02/install/ros_gz_example_gazebo/share/ros_gz_example_gazebo/package.dsv'
[15.264s] INFO:colcon.colcon_core.shell:Creating package script '/home/natalia/Documents/STUDING/robotix/modul6/ex02/install/ros_gz_example_gazebo/share/ros_gz_example_gazebo/package.sh'
[15.266s] INFO:colcon.colcon_core.shell:Creating package script '/home/natalia/Documents/STUDING/robotix/modul6/ex02/install/ros_gz_example_gazebo/share/ros_gz_example_gazebo/package.bash'
[15.267s] INFO:colcon.colcon_core.shell:Creating package script '/home/natalia/Documents/STUDING/robotix/modul6/ex02/install/ros_gz_example_gazebo/share/ros_gz_example_gazebo/package.zsh'
[15.268s] Level 1:colcon.colcon_core.environment:create_file_with_runtime_dependencies(/home/natalia/Documents/STUDING/robotix/modul6/ex02/install/ros_gz_example_gazebo/share/colcon-core/packages/ros_gz_example_gazebo)
[15.270s] Level 1:colcon.colcon_core.environment:create_environment_scripts_only(ros_gz_example_gazebo)
[15.271s] Level 1:colcon.colcon_core.environment:checking '/home/natalia/Documents/STUDING/robotix/modul6/ex02/install/ros_gz_example_gazebo' for CMake module files
[15.273s] Level 1:colcon.colcon_core.environment:checking '/home/natalia/Documents/STUDING/robotix/modul6/ex02/install/ros_gz_example_gazebo' for CMake config files
[15.274s] Level 1:colcon.colcon_core.shell:create_environment_hook('ros_gz_example_gazebo', 'cmake_prefix_path')
[15.275s] INFO:colcon.colcon_core.shell:Creating environment hook '/home/natalia/Documents/STUDING/robotix/modul6/ex02/install/ros_gz_example_gazebo/share/ros_gz_example_gazebo/hook/cmake_prefix_path.ps1'
[15.276s] INFO:colcon.colcon_core.shell:Creating environment descriptor '/home/natalia/Documents/STUDING/robotix/modul6/ex02/install/ros_gz_example_gazebo/share/ros_gz_example_gazebo/hook/cmake_prefix_path.dsv'
[15.278s] INFO:colcon.colcon_core.shell:Creating environment hook '/home/natalia/Documents/STUDING/robotix/modul6/ex02/install/ros_gz_example_gazebo/share/ros_gz_example_gazebo/hook/cmake_prefix_path.sh'
[15.280s] Level 1:colcon.colcon_core.environment:checking '/home/natalia/Documents/STUDING/robotix/modul6/ex02/install/ros_gz_example_gazebo/lib'
[15.281s] Level 1:colcon.colcon_core.environment:checking '/home/natalia/Documents/STUDING/robotix/modul6/ex02/install/ros_gz_example_gazebo/bin'
[15.281s] Level 1:colcon.colcon_core.environment:checking '/home/natalia/Documents/STUDING/robotix/modul6/ex02/install/ros_gz_example_gazebo/lib/pkgconfig/ros_gz_example_gazebo.pc'
[15.282s] Level 1:colcon.colcon_core.environment:checking '/home/natalia/Documents/STUDING/robotix/modul6/ex02/install/ros_gz_example_gazebo/lib/python3.12/site-packages'
[15.284s] Level 1:colcon.colcon_core.environment:checking '/home/natalia/Documents/STUDING/robotix/modul6/ex02/install/ros_gz_example_gazebo/bin'
[15.284s] INFO:colcon.colcon_core.shell:Creating package script '/home/natalia/Documents/STUDING/robotix/modul6/ex02/install/ros_gz_example_gazebo/share/ros_gz_example_gazebo/package.ps1'
[15.287s] INFO:colcon.colcon_core.shell:Creating package descriptor '/home/natalia/Documents/STUDING/robotix/modul6/ex02/install/ros_gz_example_gazebo/share/ros_gz_example_gazebo/package.dsv'
[15.289s] INFO:colcon.colcon_core.shell:Creating package script '/home/natalia/Documents/STUDING/robotix/modul6/ex02/install/ros_gz_example_gazebo/share/ros_gz_example_gazebo/package.sh'
[15.290s] INFO:colcon.colcon_core.shell:Creating package script '/home/natalia/Documents/STUDING/robotix/modul6/ex02/install/ros_gz_example_gazebo/share/ros_gz_example_gazebo/package.bash'
[15.292s] INFO:colcon.colcon_core.shell:Creating package script '/home/natalia/Documents/STUDING/robotix/modul6/ex02/install/ros_gz_example_gazebo/share/ros_gz_example_gazebo/package.zsh'
[15.293s] Level 1:colcon.colcon_core.environment:create_file_with_runtime_dependencies(/home/natalia/Documents/STUDING/robotix/modul6/ex02/install/ros_gz_example_gazebo/share/colcon-core/packages/ros_gz_example_gazebo)
[15.294s] INFO:colcon.colcon_ros.task.ament_cmake.build:Building ROS package in '/home/natalia/Documents/STUDING/robotix/modul6/ex02/ros_gz_project_template/ros_gz_example_bringup' with build type 'ament_cmake'
[15.295s] INFO:colcon.colcon_cmake.task.cmake.build:Building CMake package in '/home/natalia/Documents/STUDING/robotix/modul6/ex02/ros_gz_project_template/ros_gz_example_bringup'
[15.295s] INFO:colcon.colcon_core.shell:Skip shell extension 'powershell' for command environment: Not usable outside of PowerShell
[15.295s] DEBUG:colcon.colcon_core.shell:Skip shell extension 'dsv' for command environment
[15.345s] DEBUG:colcon.colcon_core.event_handler.log_command:Invoking command in '/home/natalia/Documents/STUDING/robotix/modul6/ex02/build/ros_gz_example_bringup': AMENT_PREFIX_PATH=/home/natalia/Documents/STUDING/robotix/modul6/ex02/install/ros_gz_example_gazebo:/home/natalia/Documents/STUDING/robotix/modul6/ex02/install/ros_gz_example_description:${AMENT_PREFIX_PATH} CMAKE_PREFIX_PATH=/home/natalia/Documents/STUDING/robotix/modul6/ex02/install/ros_gz_example_gazebo:/home/natalia/Documents/STUDING/robotix/modul6/ex02/install/ros_gz_example_description:/opt/ros/jazzy/opt/gz_sim_vendor:/opt/ros/jazzy/opt/gz_sensors_vendor:/opt/ros/jazzy/opt/gz_physics_vendor:/opt/ros/jazzy/opt/sdformat_vendor:/opt/ros/jazzy/opt/gz_gui_vendor:/opt/ros/jazzy/opt/gz_transport_vendor:/opt/ros/jazzy/opt/gz_rendering_vendor:/opt/ros/jazzy/opt/gz_plugin_vendor:/opt/ros/jazzy/opt/gz_fuel_tools_vendor:/opt/ros/jazzy/opt/gz_msgs_vendor:/opt/ros/jazzy/opt/gz_common_vendor:/opt/ros/jazzy/opt/gz_math_vendor:/opt/ros/jazzy/opt/gz_utils_vendor:/opt/ros/jazzy/opt/gz_tools_vendor:/opt/ros/jazzy/opt/gz_ogre_next_vendor:/opt/ros/jazzy/opt/gz_dartsim_vendor:/opt/ros/jazzy/opt/gz_cmake_vendor:/opt/ros/jazzy DEBUGINFOD_URLS=https://debuginfod.ubuntu.com GZ_SIM_PLUGIN_PATH=/home/natalia/Documents/STUDING/robotix/modul6/ex02/install/ros_gz_example_gazebo/lib/ros_gz_example_gazebo GZ_SIM_RESOURCE_PATH=/home/natalia/Documents/STUDING/robotix/modul6/ex02/install/ros_gz_example_gazebo/share/ros_gz_example_gazebo/worlds:/home/natalia/Documents/STUDING/robotix/modul6/ex02/install/ros_gz_example_description/share/ros_gz_example_description/models:${GZ_SIM_RESOURCE_PATH} /usr/bin/cmake /home/natalia/Documents/STUDING/robotix/modul6/ex02/ros_gz_project_template/ros_gz_example_bringup -DCMAKE_INSTALL_PREFIX=/home/natalia/Documents/STUDING/robotix/modul6/ex02/install/ros_gz_example_bringup
[18.543s] DEBUG:colcon.colcon_core.event_handler.log_command:Invoked command in '/home/natalia/Documents/STUDING/robotix/modul6/ex02/build/ros_gz_example_bringup' returned '0': AMENT_PREFIX_PATH=/home/natalia/Documents/STUDING/robotix/modul6/ex02/install/ros_gz_example_gazebo:/home/natalia/Documents/STUDING/robotix/modul6/ex02/install/ros_gz_example_description:${AMENT_PREFIX_PATH} CMAKE_PREFIX_PATH=/home/natalia/Documents/STUDING/robotix/modul6/ex02/install/ros_gz_example_gazebo:/home/natalia/Documents/STUDING/robotix/modul6/ex02/install/ros_gz_example_description:/opt/ros/jazzy/opt/gz_sim_vendor:/opt/ros/jazzy/opt/gz_sensors_vendor:/opt/ros/jazzy/opt/gz_physics_vendor:/opt/ros/jazzy/opt/sdformat_vendor:/opt/ros/jazzy/opt/gz_gui_vendor:/opt/ros/jazzy/opt/gz_transport_vendor:/opt/ros/jazzy/opt/gz_rendering_vendor:/opt/ros/jazzy/opt/gz_plugin_vendor:/opt/ros/jazzy/opt/gz_fuel_tools_vendor:/opt/ros/jazzy/opt/gz_msgs_vendor:/opt/ros/jazzy/opt/gz_common_vendor:/opt/ros/jazzy/opt/gz_math_vendor:/opt/ros/jazzy/opt/gz_utils_vendor:/opt/ros/jazzy/opt/gz_tools_vendor:/opt/ros/jazzy/opt/gz_ogre_next_vendor:/opt/ros/jazzy/opt/gz_dartsim_vendor:/opt/ros/jazzy/opt/gz_cmake_vendor:/opt/ros/jazzy DEBUGINFOD_URLS=https://debuginfod.ubuntu.com GZ_SIM_PLUGIN_PATH=/home/natalia/Documents/STUDING/robotix/modul6/ex02/install/ros_gz_example_gazebo/lib/ros_gz_example_gazebo GZ_SIM_RESOURCE_PATH=/home/natalia/Documents/STUDING/robotix/modul6/ex02/install/ros_gz_example_gazebo/share/ros_gz_example_gazebo/worlds:/home/natalia/Documents/STUDING/robotix/modul6/ex02/install/ros_gz_example_description/share/ros_gz_example_description/models:${GZ_SIM_RESOURCE_PATH} /usr/bin/cmake /home/natalia/Documents/STUDING/robotix/modul6/ex02/ros_gz_project_template/ros_gz_example_bringup -DCMAKE_INSTALL_PREFIX=/home/natalia/Documents/STUDING/robotix/modul6/ex02/install/ros_gz_example_bringup
[18.549s] DEBUG:colcon.colcon_core.event_handler.log_command:Invoking command in '/home/natalia/Documents/STUDING/robotix/modul6/ex02/build/ros_gz_example_bringup': AMENT_PREFIX_PATH=/home/natalia/Documents/STUDING/robotix/modul6/ex02/install/ros_gz_example_gazebo:/home/natalia/Documents/STUDING/robotix/modul6/ex02/install/ros_gz_example_description:${AMENT_PREFIX_PATH} CMAKE_PREFIX_PATH=/home/natalia/Documents/STUDING/robotix/modul6/ex02/install/ros_gz_example_gazebo:/home/natalia/Documents/STUDING/robotix/modul6/ex02/install/ros_gz_example_description:/opt/ros/jazzy/opt/gz_sim_vendor:/opt/ros/jazzy/opt/gz_sensors_vendor:/opt/ros/jazzy/opt/gz_physics_vendor:/opt/ros/jazzy/opt/sdformat_vendor:/opt/ros/jazzy/opt/gz_gui_vendor:/opt/ros/jazzy/opt/gz_transport_vendor:/opt/ros/jazzy/opt/gz_rendering_vendor:/opt/ros/jazzy/opt/gz_plugin_vendor:/opt/ros/jazzy/opt/gz_fuel_tools_vendor:/opt/ros/jazzy/opt/gz_msgs_vendor:/opt/ros/jazzy/opt/gz_common_vendor:/opt/ros/jazzy/opt/gz_math_vendor:/opt/ros/jazzy/opt/gz_utils_vendor:/opt/ros/jazzy/opt/gz_tools_vendor:/opt/ros/jazzy/opt/gz_ogre_next_vendor:/opt/ros/jazzy/opt/gz_dartsim_vendor:/opt/ros/jazzy/opt/gz_cmake_vendor:/opt/ros/jazzy DEBUGINFOD_URLS=https://debuginfod.ubuntu.com GZ_SIM_PLUGIN_PATH=/home/natalia/Documents/STUDING/robotix/modul6/ex02/install/ros_gz_example_gazebo/lib/ros_gz_example_gazebo GZ_SIM_RESOURCE_PATH=/home/natalia/Documents/STUDING/robotix/modul6/ex02/install/ros_gz_example_gazebo/share/ros_gz_example_gazebo/worlds:/home/natalia/Documents/STUDING/robotix/modul6/ex02/install/ros_gz_example_description/share/ros_gz_example_description/models:${GZ_SIM_RESOURCE_PATH} /usr/bin/cmake --build /home/natalia/Documents/STUDING/robotix/modul6/ex02/build/ros_gz_example_bringup -- -j20 -l20
[18.745s] DEBUG:colcon.colcon_core.event_handler.log_command:Invoked command in '/home/natalia/Documents/STUDING/robotix/modul6/ex02/build/ros_gz_example_bringup' returned '0': AMENT_PREFIX_PATH=/home/natalia/Documents/STUDING/robotix/modul6/ex02/install/ros_gz_example_gazebo:/home/natalia/Documents/STUDING/robotix/modul6/ex02/install/ros_gz_example_description:${AMENT_PREFIX_PATH} CMAKE_PREFIX_PATH=/home/natalia/Documents/STUDING/robotix/modul6/ex02/install/ros_gz_example_gazebo:/home/natalia/Documents/STUDING/robotix/modul6/ex02/install/ros_gz_example_description:/opt/ros/jazzy/opt/gz_sim_vendor:/opt/ros/jazzy/opt/gz_sensors_vendor:/opt/ros/jazzy/opt/gz_physics_vendor:/opt/ros/jazzy/opt/sdformat_vendor:/opt/ros/jazzy/opt/gz_gui_vendor:/opt/ros/jazzy/opt/gz_transport_vendor:/opt/ros/jazzy/opt/gz_rendering_vendor:/opt/ros/jazzy/opt/gz_plugin_vendor:/opt/ros/jazzy/opt/gz_fuel_tools_vendor:/opt/ros/jazzy/opt/gz_msgs_vendor:/opt/ros/jazzy/opt/gz_common_vendor:/opt/ros/jazzy/opt/gz_math_vendor:/opt/ros/jazzy/opt/gz_utils_vendor:/opt/ros/jazzy/opt/gz_tools_vendor:/opt/ros/jazzy/opt/gz_ogre_next_vendor:/opt/ros/jazzy/opt/gz_dartsim_vendor:/opt/ros/jazzy/opt/gz_cmake_vendor:/opt/ros/jazzy DEBUGINFOD_URLS=https://debuginfod.ubuntu.com GZ_SIM_PLUGIN_PATH=/home/natalia/Documents/STUDING/robotix/modul6/ex02/install/ros_gz_example_gazebo/lib/ros_gz_example_gazebo GZ_SIM_RESOURCE_PATH=/home/natalia/Documents/STUDING/robotix/modul6/ex02/install/ros_gz_example_gazebo/share/ros_gz_example_gazebo/worlds:/home/natalia/Documents/STUDING/robotix/modul6/ex02/install/ros_gz_example_description/share/ros_gz_example_description/models:${GZ_SIM_RESOURCE_PATH} /usr/bin/cmake --build /home/natalia/Documents/STUDING/robotix/modul6/ex02/build/ros_gz_example_bringup -- -j20 -l20
[18.747s] DEBUG:colcon.colcon_core.event_handler.log_command:Invoking command in '/home/natalia/Documents/STUDING/robotix/modul6/ex02/build/ros_gz_example_bringup': AMENT_PREFIX_PATH=/home/natalia/Documents/STUDING/robotix/modul6/ex02/install/ros_gz_example_gazebo:/home/natalia/Documents/STUDING/robotix/modul6/ex02/install/ros_gz_example_description:${AMENT_PREFIX_PATH} CMAKE_PREFIX_PATH=/home/natalia/Documents/STUDING/robotix/modul6/ex02/install/ros_gz_example_gazebo:/home/natalia/Documents/STUDING/robotix/modul6/ex02/install/ros_gz_example_description:/opt/ros/jazzy/opt/gz_sim_vendor:/opt/ros/jazzy/opt/gz_sensors_vendor:/opt/ros/jazzy/opt/gz_physics_vendor:/opt/ros/jazzy/opt/sdformat_vendor:/opt/ros/jazzy/opt/gz_gui_vendor:/opt/ros/jazzy/opt/gz_transport_vendor:/opt/ros/jazzy/opt/gz_rendering_vendor:/opt/ros/jazzy/opt/gz_plugin_vendor:/opt/ros/jazzy/opt/gz_fuel_tools_vendor:/opt/ros/jazzy/opt/gz_msgs_vendor:/opt/ros/jazzy/opt/gz_common_vendor:/opt/ros/jazzy/opt/gz_math_vendor:/opt/ros/jazzy/opt/gz_utils_vendor:/opt/ros/jazzy/opt/gz_tools_vendor:/opt/ros/jazzy/opt/gz_ogre_next_vendor:/opt/ros/jazzy/opt/gz_dartsim_vendor:/opt/ros/jazzy/opt/gz_cmake_vendor:/opt/ros/jazzy DEBUGINFOD_URLS=https://debuginfod.ubuntu.com GZ_SIM_PLUGIN_PATH=/home/natalia/Documents/STUDING/robotix/modul6/ex02/install/ros_gz_example_gazebo/lib/ros_gz_example_gazebo GZ_SIM_RESOURCE_PATH=/home/natalia/Documents/STUDING/robotix/modul6/ex02/install/ros_gz_example_gazebo/share/ros_gz_example_gazebo/worlds:/home/natalia/Documents/STUDING/robotix/modul6/ex02/install/ros_gz_example_description/share/ros_gz_example_description/models:${GZ_SIM_RESOURCE_PATH} /usr/bin/cmake --install /home/natalia/Documents/STUDING/robotix/modul6/ex02/build/ros_gz_example_bringup
[18.794s] Level 1:colcon.colcon_core.environment:create_environment_scripts_only(ros_gz_example_bringup)
[18.796s] Level 1:colcon.colcon_core.environment:checking '/home/natalia/Documents/STUDING/robotix/modul6/ex02/install/ros_gz_example_bringup' for CMake module files
[18.799s] DEBUG:colcon.colcon_core.event_handler.log_command:Invoked command in '/home/natalia/Documents/STUDING/robotix/modul6/ex02/build/ros_gz_example_bringup' returned '0': AMENT_PREFIX_PATH=/home/natalia/Documents/STUDING/robotix/modul6/ex02/install/ros_gz_example_gazebo:/home/natalia/Documents/STUDING/robotix/modul6/ex02/install/ros_gz_example_description:${AMENT_PREFIX_PATH} CMAKE_PREFIX_PATH=/home/natalia/Documents/STUDING/robotix/modul6/ex02/install/ros_gz_example_gazebo:/home/natalia/Documents/STUDING/robotix/modul6/ex02/install/ros_gz_example_description:/opt/ros/jazzy/opt/gz_sim_vendor:/opt/ros/jazzy/opt/gz_sensors_vendor:/opt/ros/jazzy/opt/gz_physics_vendor:/opt/ros/jazzy/opt/sdformat_vendor:/opt/ros/jazzy/opt/gz_gui_vendor:/opt/ros/jazzy/opt/gz_transport_vendor:/opt/ros/jazzy/opt/gz_rendering_vendor:/opt/ros/jazzy/opt/gz_plugin_vendor:/opt/ros/jazzy/opt/gz_fuel_tools_vendor:/opt/ros/jazzy/opt/gz_msgs_vendor:/opt/ros/jazzy/opt/gz_common_vendor:/opt/ros/jazzy/opt/gz_math_vendor:/opt/ros/jazzy/opt/gz_utils_vendor:/opt/ros/jazzy/opt/gz_tools_vendor:/opt/ros/jazzy/opt/gz_ogre_next_vendor:/opt/ros/jazzy/opt/gz_dartsim_vendor:/opt/ros/jazzy/opt/gz_cmake_vendor:/opt/ros/jazzy DEBUGINFOD_URLS=https://debuginfod.ubuntu.com GZ_SIM_PLUGIN_PATH=/home/natalia/Documents/STUDING/robotix/modul6/ex02/install/ros_gz_example_gazebo/lib/ros_gz_example_gazebo GZ_SIM_RESOURCE_PATH=/home/natalia/Documents/STUDING/robotix/modul6/ex02/install/ros_gz_example_gazebo/share/ros_gz_example_gazebo/worlds:/home/natalia/Documents/STUDING/robotix/modul6/ex02/install/ros_gz_example_description/share/ros_gz_example_description/models:${GZ_SIM_RESOURCE_PATH} /usr/bin/cmake --install /home/natalia/Documents/STUDING/robotix/modul6/ex02/build/ros_gz_example_bringup
[18.801s] Level 1:colcon.colcon_core.environment:checking '/home/natalia/Documents/STUDING/robotix/modul6/ex02/install/ros_gz_example_bringup' for CMake config files
[18.802s] Level 1:colcon.colcon_core.shell:create_environment_hook('ros_gz_example_bringup', 'cmake_prefix_path')
[18.803s] INFO:colcon.colcon_core.shell:Creating environment hook '/home/natalia/Documents/STUDING/robotix/modul6/ex02/install/ros_gz_example_bringup/share/ros_gz_example_bringup/hook/cmake_prefix_path.ps1'
[18.805s] INFO:colcon.colcon_core.shell:Creating environment descriptor '/home/natalia/Documents/STUDING/robotix/modul6/ex02/install/ros_gz_example_bringup/share/ros_gz_example_bringup/hook/cmake_prefix_path.dsv'
[18.806s] INFO:colcon.colcon_core.shell:Creating environment hook '/home/natalia/Documents/STUDING/robotix/modul6/ex02/install/ros_gz_example_bringup/share/ros_gz_example_bringup/hook/cmake_prefix_path.sh'
[18.808s] Level 1:colcon.colcon_core.environment:checking '/home/natalia/Documents/STUDING/robotix/modul6/ex02/install/ros_gz_example_bringup/bin'
[18.809s] Level 1:colcon.colcon_core.environment:checking '/home/natalia/Documents/STUDING/robotix/modul6/ex02/install/ros_gz_example_bringup/lib/pkgconfig/ros_gz_example_bringup.pc'
[18.810s] Level 1:colcon.colcon_core.environment:checking '/home/natalia/Documents/STUDING/robotix/modul6/ex02/install/ros_gz_example_bringup/lib/python3.12/site-packages'
[18.811s] Level 1:colcon.colcon_core.environment:checking '/home/natalia/Documents/STUDING/robotix/modul6/ex02/install/ros_gz_example_bringup/bin'
[18.812s] INFO:colcon.colcon_core.shell:Creating package script '/home/natalia/Documents/STUDING/robotix/modul6/ex02/install/ros_gz_example_bringup/share/ros_gz_example_bringup/package.ps1'
[18.814s] INFO:colcon.colcon_core.shell:Creating package descriptor '/home/natalia/Documents/STUDING/robotix/modul6/ex02/install/ros_gz_example_bringup/share/ros_gz_example_bringup/package.dsv'
[18.816s] INFO:colcon.colcon_core.shell:Creating package script '/home/natalia/Documents/STUDING/robotix/modul6/ex02/install/ros_gz_example_bringup/share/ros_gz_example_bringup/package.sh'
[18.817s] INFO:colcon.colcon_core.shell:Creating package script '/home/natalia/Documents/STUDING/robotix/modul6/ex02/install/ros_gz_example_bringup/share/ros_gz_example_bringup/package.bash'
[18.819s] INFO:colcon.colcon_core.shell:Creating package script '/home/natalia/Documents/STUDING/robotix/modul6/ex02/install/ros_gz_example_bringup/share/ros_gz_example_bringup/package.zsh'
[18.820s] Level 1:colcon.colcon_core.environment:create_file_with_runtime_dependencies(/home/natalia/Documents/STUDING/robotix/modul6/ex02/install/ros_gz_example_bringup/share/colcon-core/packages/ros_gz_example_bringup)
[18.822s] Level 1:colcon.colcon_core.environment:create_environment_scripts_only(ros_gz_example_bringup)
[18.823s] Level 1:colcon.colcon_core.environment:checking '/home/natalia/Documents/STUDING/robotix/modul6/ex02/install/ros_gz_example_bringup' for CMake module files
[18.825s] Level 1:colcon.colcon_core.environment:checking '/home/natalia/Documents/STUDING/robotix/modul6/ex02/install/ros_gz_example_bringup' for CMake config files
[18.826s] Level 1:colcon.colcon_core.shell:create_environment_hook('ros_gz_example_bringup', 'cmake_prefix_path')
[18.826s] INFO:colcon.colcon_core.shell:Creating environment hook '/home/natalia/Documents/STUDING/robotix/modul6/ex02/install/ros_gz_example_bringup/share/ros_gz_example_bringup/hook/cmake_prefix_path.ps1'
[18.828s] INFO:colcon.colcon_core.shell:Creating environment descriptor '/home/natalia/Documents/STUDING/robotix/modul6/ex02/install/ros_gz_example_bringup/share/ros_gz_example_bringup/hook/cmake_prefix_path.dsv'
[18.830s] INFO:colcon.colcon_core.shell:Creating environment hook '/home/natalia/Documents/STUDING/robotix/modul6/ex02/install/ros_gz_example_bringup/share/ros_gz_example_bringup/hook/cmake_prefix_path.sh'
[18.833s] Level 1:colcon.colcon_core.environment:checking '/home/natalia/Documents/STUDING/robotix/modul6/ex02/install/ros_gz_example_bringup/bin'
[18.833s] Level 1:colcon.colcon_core.environment:checking '/home/natalia/Documents/STUDING/robotix/modul6/ex02/install/ros_gz_example_bringup/lib/pkgconfig/ros_gz_example_bringup.pc'
[18.834s] Level 1:colcon.colcon_core.environment:checking '/home/natalia/Documents/STUDING/robotix/modul6/ex02/install/ros_gz_example_bringup/lib/python3.12/site-packages'
[18.836s] Level 1:colcon.colcon_core.environment:checking '/home/natalia/Documents/STUDING/robotix/modul6/ex02/install/ros_gz_example_bringup/bin'
[18.837s] INFO:colcon.colcon_core.shell:Creating package script '/home/natalia/Documents/STUDING/robotix/modul6/ex02/install/ros_gz_example_bringup/share/ros_gz_example_bringup/package.ps1'
[18.839s] INFO:colcon.colcon_core.shell:Creating package descriptor '/home/natalia/Documents/STUDING/robotix/modul6/ex02/install/ros_gz_example_bringup/share/ros_gz_example_bringup/package.dsv'
[18.841s] INFO:colcon.colcon_core.shell:Creating package script '/home/natalia/Documents/STUDING/robotix/modul6/ex02/install/ros_gz_example_bringup/share/ros_gz_example_bringup/package.sh'
[18.843s] INFO:colcon.colcon_core.shell:Creating package script '/home/natalia/Documents/STUDING/robotix/modul6/ex02/install/ros_gz_example_bringup/share/ros_gz_example_bringup/package.bash'
[18.844s] INFO:colcon.colcon_core.shell:Creating package script '/home/natalia/Documents/STUDING/robotix/modul6/ex02/install/ros_gz_example_bringup/share/ros_gz_example_bringup/package.zsh'
[18.846s] Level 1:colcon.colcon_core.environment:create_file_with_runtime_dependencies(/home/natalia/Documents/STUDING/robotix/modul6/ex02/install/ros_gz_example_bringup/share/colcon-core/packages/ros_gz_example_bringup)
[18.847s] DEBUG:colcon.colcon_parallel_executor.executor.parallel:closing loop
[18.847s] DEBUG:colcon.colcon_parallel_executor.executor.parallel:loop closed
[18.847s] DEBUG:colcon.colcon_parallel_executor.executor.parallel:run_until_complete finished with '0'
[18.848s] DEBUG:colcon.colcon_core.event_reactor:joining thread
[18.876s] INFO:colcon.colcon_core.plugin_system:Skipping extension 'colcon_notification.desktop_notification.terminal_notifier': Not used on non-Darwin systems
[18.876s] INFO:colcon.colcon_core.plugin_system:Skipping extension 'colcon_notification.desktop_notification.win32': Not used on non-Windows systems
[18.877s] INFO:colcon.colcon_notification.desktop_notification:Sending desktop notification using 'notify2'
[18.936s] DEBUG:colcon.colcon_core.event_reactor:joined thread
[18.938s] INFO:colcon.colcon_core.shell:Creating prefix script '/home/natalia/Documents/STUDING/robotix/modul6/ex02/install/local_setup.ps1'
[18.943s] INFO:colcon.colcon_core.shell:Creating prefix util module '/home/natalia/Documents/STUDING/robotix/modul6/ex02/install/_local_setup_util_ps1.py'
[18.947s] INFO:colcon.colcon_core.shell:Creating prefix chain script '/home/natalia/Documents/STUDING/robotix/modul6/ex02/install/setup.ps1'
[18.951s] INFO:colcon.colcon_core.shell:Creating prefix script '/home/natalia/Documents/STUDING/robotix/modul6/ex02/install/local_setup.sh'
[18.953s] INFO:colcon.colcon_core.shell:Creating prefix util module '/home/natalia/Documents/STUDING/robotix/modul6/ex02/install/_local_setup_util_sh.py'
[18.955s] INFO:colcon.colcon_core.shell:Creating prefix chain script '/home/natalia/Documents/STUDING/robotix/modul6/ex02/install/setup.sh'
[18.959s] INFO:colcon.colcon_core.shell:Creating prefix script '/home/natalia/Documents/STUDING/robotix/modul6/ex02/install/local_setup.bash'
[18.960s] INFO:colcon.colcon_core.shell:Creating prefix chain script '/home/natalia/Documents/STUDING/robotix/modul6/ex02/install/setup.bash'
[18.964s] INFO:colcon.colcon_core.shell:Creating prefix script '/home/natalia/Documents/STUDING/robotix/modul6/ex02/install/local_setup.zsh'
[18.965s] INFO:colcon.colcon_core.shell:Creating prefix chain script '/home/natalia/Documents/STUDING/robotix/modul6/ex02/install/setup.zsh'
