[0.008s] Invoking command in '/home/natalia/Documents/STUDING/robotix/modul6/ex04/build/ros_gz_example_description': CMAKE_PREFIX_PATH=${CMAKE_PREFIX_PATH}:/opt/ros/jazzy DEBUGINFOD_URLS=https://debuginfod.ubuntu.com /usr/bin/cmake --build /home/natalia/Documents/STUDING/robotix/modul6/ex04/build/ros_gz_example_description -- -j20 -l20
[0.106s] Invoked command in '/home/natalia/Documents/STUDING/robotix/modul6/ex04/build/ros_gz_example_description' returned '0': CMAKE_PREFIX_PATH=${CMAKE_PREFIX_PATH}:/opt/ros/jazzy DEBUGINFOD_URLS=https://debuginfod.ubuntu.com /usr/bin/cmake --build /home/natalia/Documents/STUDING/robotix/modul6/ex04/build/ros_gz_example_description -- -j20 -l20
[0.153s] Invoking command in '/home/natalia/Documents/STUDING/robotix/modul6/ex04/build/ros_gz_example_description': CMAKE_PREFIX_PATH=${CMAKE_PREFIX_PATH}:/opt/ros/jazzy DEBUGINFOD_URLS=https://debuginfod.ubuntu.com /usr/bin/cmake --install /home/natalia/Documents/STUDING/robotix/modul6/ex04/build/ros_gz_example_description
[0.192s] -- Install configuration: ""
[0.193s] -- Up-to-date: /home/natalia/Documents/STUDING/robotix/modul6/ex04/install/ros_gz_example_description/share/ros_gz_example_description/models
[0.194s] -- Up-to-date: /home/natalia/Documents/STUDING/robotix/modul6/ex04/install/ros_gz_example_description/share/ros_gz_example_description/models/diff_drive
[0.195s] -- Up-to-date: /home/natalia/Documents/STUDING/robotix/modul6/ex04/install/ros_gz_example_description/share/ros_gz_example_description/models/diff_drive/model.config
[0.196s] -- Up-to-date: /home/natalia/Documents/STUDING/robotix/modul6/ex04/install/ros_gz_example_description/share/ros_gz_example_description/models/diff_drive/model.sdf
[0.196s] -- Up-to-date: /home/natalia/Documents/STUDING/robotix/modul6/ex04/install/ros_gz_example_description/share/ros_gz_example_description/models/rrbot
[0.197s] -- Up-to-date: /home/natalia/Documents/STUDING/robotix/modul6/ex04/install/ros_gz_example_description/share/ros_gz_example_description/models/rrbot/model.sdf
[0.199s] -- Up-to-date: /home/natalia/Documents/STUDING/robotix/modul6/ex04/install/ros_gz_example_description/share/ros_gz_example_description/environment/ros_gz_example_description.dsv
[0.199s] -- Up-to-date: /home/natalia/Documents/STUDING/robotix/modul6/ex04/install/ros_gz_example_description/share/ros_gz_example_description/environment/ros_gz_example_description.sh
[0.200s] -- Up-to-date: /home/natalia/Documents/STUDING/robotix/modul6/ex04/install/ros_gz_example_description/share/ament_index/resource_index/package_run_dependencies/ros_gz_example_description
[0.200s] -- Up-to-date: /home/natalia/Documents/STUDING/robotix/modul6/ex04/install/ros_gz_example_description/share/ament_index/resource_index/parent_prefix_path/ros_gz_example_description
[0.201s] -- Up-to-date: /home/natalia/Documents/STUDING/robotix/modul6/ex04/install/ros_gz_example_description/share/ros_gz_example_description/environment/ament_prefix_path.sh
[0.202s] -- Up-to-date: /home/natalia/Documents/STUDING/robotix/modul6/ex04/install/ros_gz_example_description/share/ros_gz_example_description/environment/ament_prefix_path.dsv
[0.202s] -- Up-to-date: /home/natalia/Documents/STUDING/robotix/modul6/ex04/install/ros_gz_example_description/share/ros_gz_example_description/environment/path.sh
[0.202s] -- Up-to-date: /home/natalia/Documents/STUDING/robotix/modul6/ex04/install/ros_gz_example_description/share/ros_gz_example_description/environment/path.dsv
[0.203s] -- Up-to-date: /home/natalia/Documents/STUDING/robotix/modul6/ex04/install/ros_gz_example_description/share/ros_gz_example_description/local_setup.bash
[0.203s] -- Up-to-date: /home/natalia/Documents/STUDING/robotix/modul6/ex04/install/ros_gz_example_description/share/ros_gz_example_description/local_setup.sh
[0.203s] -- Up-to-date: /home/natalia/Documents/STUDING/robotix/modul6/ex04/install/ros_gz_example_description/share/ros_gz_example_description/local_setup.zsh
[0.204s] -- Up-to-date: /home/natalia/Documents/STUDING/robotix/modul6/ex04/install/ros_gz_example_description/share/ros_gz_example_description/local_setup.dsv
[0.204s] -- Installing: /home/natalia/Documents/STUDING/robotix/modul6/ex04/install/ros_gz_example_description/share/ros_gz_example_description/package.dsv
[0.204s] -- Up-to-date: /home/natalia/Documents/STUDING/robotix/modul6/ex04/install/ros_gz_example_description/share/ament_index/resource_index/packages/ros_gz_example_description
[0.205s] -- Up-to-date: /home/natalia/Documents/STUDING/robotix/modul6/ex04/install/ros_gz_example_description/share/ros_gz_example_description/cmake/ros_gz_example_descriptionConfig.cmake
[0.205s] -- Up-to-date: /home/natalia/Documents/STUDING/robotix/modul6/ex04/install/ros_gz_example_description/share/ros_gz_example_description/cmake/ros_gz_example_descriptionConfig-version.cmake
[0.205s] -- Up-to-date: /home/natalia/Documents/STUDING/robotix/modul6/ex04/install/ros_gz_example_description/share/ros_gz_example_description/package.xml
[0.216s] Invoked command in '/home/natalia/Documents/STUDING/robotix/modul6/ex04/build/ros_gz_example_description' returned '0': CMAKE_PREFIX_PATH=${CMAKE_PREFIX_PATH}:/opt/ros/jazzy DEBUGINFOD_URLS=https://debuginfod.ubuntu.com /usr/bin/cmake --install /home/natalia/Documents/STUDING/robotix/modul6/ex04/build/ros_gz_example_description
