[0.007s] Invoking command in '/home/natalia/Documents/STUDING/robotix/modul5/ex03/build/sam_bot_description': CMAKE_PREFIX_PATH=${CMAKE_PREFIX_PATH}:/home/natalia/Documents/STUDING/robotix/modul5/ex03/install/ex03_robot_gazebo:/opt/ros/jazzy DEBUGINFOD_URLS=https://debuginfod.ubuntu.com /usr/bin/cmake --build /home/natalia/Documents/STUDING/robotix/modul5/ex03/build/sam_bot_description -- -j20 -l20
[0.121s] Invoked command in '/home/natalia/Documents/STUDING/robotix/modul5/ex03/build/sam_bot_description' returned '0': CMAKE_PREFIX_PATH=${CMAKE_PREFIX_PATH}:/home/natalia/Documents/STUDING/robotix/modul5/ex03/install/ex03_robot_gazebo:/opt/ros/jazzy DEBUGINFOD_URLS=https://debuginfod.ubuntu.com /usr/bin/cmake --build /home/natalia/Documents/STUDING/robotix/modul5/ex03/build/sam_bot_description -- -j20 -l20
[0.169s] Invoking command in '/home/natalia/Documents/STUDING/robotix/modul5/ex03/build/sam_bot_description': CMAKE_PREFIX_PATH=${CMAKE_PREFIX_PATH}:/home/natalia/Documents/STUDING/robotix/modul5/ex03/install/ex03_robot_gazebo:/opt/ros/jazzy DEBUGINFOD_URLS=https://debuginfod.ubuntu.com /usr/bin/cmake --install /home/natalia/Documents/STUDING/robotix/modul5/ex03/build/sam_bot_description
[0.207s] -- Install configuration: ""
[0.207s] -- Up-to-date: /home/natalia/Documents/STUDING/robotix/modul5/ex03/install/sam_bot_description/share/sam_bot_description/src
[0.208s] -- Up-to-date: /home/natalia/Documents/STUDING/robotix/modul5/ex03/install/sam_bot_description/share/sam_bot_description/src/description
[0.208s] -- Up-to-date: /home/natalia/Documents/STUDING/robotix/modul5/ex03/install/sam_bot_description/share/sam_bot_description/src/description/sam_bot_description.urdf
[0.209s] -- Up-to-date: /home/natalia/Documents/STUDING/robotix/modul5/ex03/install/sam_bot_description/share/sam_bot_description/src/description/sam_bot_description.xacro
[0.209s] -- Up-to-date: /home/natalia/Documents/STUDING/robotix/modul5/ex03/install/sam_bot_description/share/sam_bot_description/src/sam_bot_description
[0.209s] -- Up-to-date: /home/natalia/Documents/STUDING/robotix/modul5/ex03/install/sam_bot_description/share/sam_bot_description/launch
[0.210s] -- Up-to-date: /home/natalia/Documents/STUDING/robotix/modul5/ex03/install/sam_bot_description/share/sam_bot_description/launch/display.launch.py
[0.210s] -- Up-to-date: /home/natalia/Documents/STUDING/robotix/modul5/ex03/install/sam_bot_description/share/sam_bot_description/rviz
[0.210s] -- Up-to-date: /home/natalia/Documents/STUDING/robotix/modul5/ex03/install/sam_bot_description/share/sam_bot_description/rviz/config.rviz
[0.211s] -- Up-to-date: /home/natalia/Documents/STUDING/robotix/modul5/ex03/install/sam_bot_description/share/ament_index/resource_index/package_run_dependencies/sam_bot_description
[0.211s] -- Up-to-date: /home/natalia/Documents/STUDING/robotix/modul5/ex03/install/sam_bot_description/share/ament_index/resource_index/parent_prefix_path/sam_bot_description
[0.211s] -- Up-to-date: /home/natalia/Documents/STUDING/robotix/modul5/ex03/install/sam_bot_description/share/sam_bot_description/environment/ament_prefix_path.sh
[0.212s] -- Up-to-date: /home/natalia/Documents/STUDING/robotix/modul5/ex03/install/sam_bot_description/share/sam_bot_description/environment/ament_prefix_path.dsv
[0.212s] -- Up-to-date: /home/natalia/Documents/STUDING/robotix/modul5/ex03/install/sam_bot_description/share/sam_bot_description/environment/path.sh
[0.212s] -- Up-to-date: /home/natalia/Documents/STUDING/robotix/modul5/ex03/install/sam_bot_description/share/sam_bot_description/environment/path.dsv
[0.213s] -- Up-to-date: /home/natalia/Documents/STUDING/robotix/modul5/ex03/install/sam_bot_description/share/sam_bot_description/local_setup.bash
[0.214s] -- Up-to-date: /home/natalia/Documents/STUDING/robotix/modul5/ex03/install/sam_bot_description/share/sam_bot_description/local_setup.sh
[0.214s] -- Up-to-date: /home/natalia/Documents/STUDING/robotix/modul5/ex03/install/sam_bot_description/share/sam_bot_description/local_setup.zsh
[0.215s] -- Up-to-date: /home/natalia/Documents/STUDING/robotix/modul5/ex03/install/sam_bot_description/share/sam_bot_description/local_setup.dsv
[0.216s] -- Installing: /home/natalia/Documents/STUDING/robotix/modul5/ex03/install/sam_bot_description/share/sam_bot_description/package.dsv
[0.216s] -- Up-to-date: /home/natalia/Documents/STUDING/robotix/modul5/ex03/install/sam_bot_description/share/ament_index/resource_index/packages/sam_bot_description
[0.216s] -- Up-to-date: /home/natalia/Documents/STUDING/robotix/modul5/ex03/install/sam_bot_description/share/sam_bot_description/cmake/sam_bot_descriptionConfig.cmake
[0.217s] -- Up-to-date: /home/natalia/Documents/STUDING/robotix/modul5/ex03/install/sam_bot_description/share/sam_bot_description/cmake/sam_bot_descriptionConfig-version.cmake
[0.217s] -- Up-to-date: /home/natalia/Documents/STUDING/robotix/modul5/ex03/install/sam_bot_description/share/sam_bot_description/package.xml
[0.220s] Invoked command in '/home/natalia/Documents/STUDING/robotix/modul5/ex03/build/sam_bot_description' returned '0': CMAKE_PREFIX_PATH=${CMAKE_PREFIX_PATH}:/home/natalia/Documents/STUDING/robotix/modul5/ex03/install/ex03_robot_gazebo:/opt/ros/jazzy DEBUGINFOD_URLS=https://debuginfod.ubuntu.com /usr/bin/cmake --install /home/natalia/Documents/STUDING/robotix/modul5/ex03/build/sam_bot_description
