[0.006s] Invoking command in '/home/natalia/Documents/STUDING/robotix/modul5/ex04/build/ros_gz_example_bringup': CMAKE_PREFIX_PATH=/home/natalia/Documents/STUDING/robotix/modul5/ex04/install/ros_gz_example_gazebo:/home/natalia/Documents/STUDING/robotix/modul5/ex04/install/ros_gz_example_description:/home/natalia/Documents/STUDING/robotix/modul5/ex04/install/ros_gz_example_bringup:/home/natalia/Documents/STUDING/robotix/modul5/ex04/install/ros_gz_example_application:/opt/ros/jazzy/opt/gz_sim_vendor:/opt/ros/jazzy/opt/gz_sensors_vendor:/opt/ros/jazzy/opt/gz_physics_vendor:/opt/ros/jazzy/opt/sdformat_vendor:/opt/ros/jazzy/opt/gz_gui_vendor:/opt/ros/jazzy/opt/gz_transport_vendor:/opt/ros/jazzy/opt/gz_rendering_vendor:/opt/ros/jazzy/opt/gz_plugin_vendor:/opt/ros/jazzy/opt/gz_fuel_tools_vendor:/opt/ros/jazzy/opt/gz_msgs_vendor:/opt/ros/jazzy/opt/gz_common_vendor:/opt/ros/jazzy/opt/gz_math_vendor:/opt/ros/jazzy/opt/gz_utils_vendor:/opt/ros/jazzy/opt/gz_tools_vendor:/opt/ros/jazzy/opt/gz_ogre_next_vendor:/opt/ros/jazzy/opt/gz_dartsim_vendor:/opt/ros/jazzy/opt/gz_cmake_vendor:/opt/ros/jazzy DEBUGINFOD_URLS=https://debuginfod.ubuntu.com GZ_SIM_PLUGIN_PATH=/home/natalia/Documents/STUDING/robotix/modul5/ex04/install/ros_gz_example_gazebo/lib/ros_gz_example_gazebo GZ_SIM_RESOURCE_PATH=/home/natalia/Documents/STUDING/robotix/modul5/ex04/install/ros_gz_example_description/share/ros_gz_example_description/models:${GZ_SIM_RESOURCE_PATH} /usr/bin/cmake --build /home/natalia/Documents/STUDING/robotix/modul5/ex04/build/ros_gz_example_bringup -- -j20 -l20
[0.028s] -- Found ament_cmake: 2.5.4 (/opt/ros/jazzy/share/ament_cmake/cmake)
[0.169s] -- Found ros_gz_example_description: 0.0.0 (/home/natalia/Documents/STUDING/robotix/modul5/ex04/install/ros_gz_example_description/share/ros_gz_example_description/cmake)
[0.169s] -- Found ros_gz_example_gazebo: 0.0.0 (/home/natalia/Documents/STUDING/robotix/modul5/ex04/install/ros_gz_example_gazebo/share/ros_gz_example_gazebo/cmake)
[0.169s] -- Found ament_lint_auto: 0.17.3 (/opt/ros/jazzy/share/ament_lint_auto/cmake)
[0.266s] -- Added test 'copyright' to check source files copyright and LICENSE
[0.268s] -- Added test 'flake8' to check Python code syntax and style conventions
[0.268s] -- Configured 'flake8' exclude dirs and/or files: 
[0.269s] -- Added test 'lint_cmake' to check CMake code style
[0.271s] -- Added test 'pep257' to check Python code against some of the docstring style conventions in PEP 257
[0.272s] -- Added test 'xmllint' to check XML markup files
[0.273s] -- Configuring done (0.2s)
[0.275s] -- Generating done (0.0s)
[0.276s] -- Build files have been written to: /home/natalia/Documents/STUDING/robotix/modul5/ex04/build/ros_gz_example_bringup
[0.290s] Invoked command in '/home/natalia/Documents/STUDING/robotix/modul5/ex04/build/ros_gz_example_bringup' returned '0': CMAKE_PREFIX_PATH=/home/natalia/Documents/STUDING/robotix/modul5/ex04/install/ros_gz_example_gazebo:/home/natalia/Documents/STUDING/robotix/modul5/ex04/install/ros_gz_example_description:/home/natalia/Documents/STUDING/robotix/modul5/ex04/install/ros_gz_example_bringup:/home/natalia/Documents/STUDING/robotix/modul5/ex04/install/ros_gz_example_application:/opt/ros/jazzy/opt/gz_sim_vendor:/opt/ros/jazzy/opt/gz_sensors_vendor:/opt/ros/jazzy/opt/gz_physics_vendor:/opt/ros/jazzy/opt/sdformat_vendor:/opt/ros/jazzy/opt/gz_gui_vendor:/opt/ros/jazzy/opt/gz_transport_vendor:/opt/ros/jazzy/opt/gz_rendering_vendor:/opt/ros/jazzy/opt/gz_plugin_vendor:/opt/ros/jazzy/opt/gz_fuel_tools_vendor:/opt/ros/jazzy/opt/gz_msgs_vendor:/opt/ros/jazzy/opt/gz_common_vendor:/opt/ros/jazzy/opt/gz_math_vendor:/opt/ros/jazzy/opt/gz_utils_vendor:/opt/ros/jazzy/opt/gz_tools_vendor:/opt/ros/jazzy/opt/gz_ogre_next_vendor:/opt/ros/jazzy/opt/gz_dartsim_vendor:/opt/ros/jazzy/opt/gz_cmake_vendor:/opt/ros/jazzy DEBUGINFOD_URLS=https://debuginfod.ubuntu.com GZ_SIM_PLUGIN_PATH=/home/natalia/Documents/STUDING/robotix/modul5/ex04/install/ros_gz_example_gazebo/lib/ros_gz_example_gazebo GZ_SIM_RESOURCE_PATH=/home/natalia/Documents/STUDING/robotix/modul5/ex04/install/ros_gz_example_description/share/ros_gz_example_description/models:${GZ_SIM_RESOURCE_PATH} /usr/bin/cmake --build /home/natalia/Documents/STUDING/robotix/modul5/ex04/build/ros_gz_example_bringup -- -j20 -l20
[0.291s] Invoking command in '/home/natalia/Documents/STUDING/robotix/modul5/ex04/build/ros_gz_example_bringup': CMAKE_PREFIX_PATH=/home/natalia/Documents/STUDING/robotix/modul5/ex04/install/ros_gz_example_gazebo:/home/natalia/Documents/STUDING/robotix/modul5/ex04/install/ros_gz_example_description:/home/natalia/Documents/STUDING/robotix/modul5/ex04/install/ros_gz_example_bringup:/home/natalia/Documents/STUDING/robotix/modul5/ex04/install/ros_gz_example_application:/opt/ros/jazzy/opt/gz_sim_vendor:/opt/ros/jazzy/opt/gz_sensors_vendor:/opt/ros/jazzy/opt/gz_physics_vendor:/opt/ros/jazzy/opt/sdformat_vendor:/opt/ros/jazzy/opt/gz_gui_vendor:/opt/ros/jazzy/opt/gz_transport_vendor:/opt/ros/jazzy/opt/gz_rendering_vendor:/opt/ros/jazzy/opt/gz_plugin_vendor:/opt/ros/jazzy/opt/gz_fuel_tools_vendor:/opt/ros/jazzy/opt/gz_msgs_vendor:/opt/ros/jazzy/opt/gz_common_vendor:/opt/ros/jazzy/opt/gz_math_vendor:/opt/ros/jazzy/opt/gz_utils_vendor:/opt/ros/jazzy/opt/gz_tools_vendor:/opt/ros/jazzy/opt/gz_ogre_next_vendor:/opt/ros/jazzy/opt/gz_dartsim_vendor:/opt/ros/jazzy/opt/gz_cmake_vendor:/opt/ros/jazzy DEBUGINFOD_URLS=https://debuginfod.ubuntu.com GZ_SIM_PLUGIN_PATH=/home/natalia/Documents/STUDING/robotix/modul5/ex04/install/ros_gz_example_gazebo/lib/ros_gz_example_gazebo GZ_SIM_RESOURCE_PATH=/home/natalia/Documents/STUDING/robotix/modul5/ex04/install/ros_gz_example_description/share/ros_gz_example_description/models:${GZ_SIM_RESOURCE_PATH} /usr/bin/cmake --install /home/natalia/Documents/STUDING/robotix/modul5/ex04/build/ros_gz_example_bringup
[0.298s] -- Install configuration: ""
[0.298s] -- Installing: /home/natalia/Documents/STUDING/robotix/modul5/ex04/install/ros_gz_example_bringup/lib/ros_gz_example_bringup/circle_movement.py
[0.299s] -- Up-to-date: /home/natalia/Documents/STUDING/robotix/modul5/ex04/install/ros_gz_example_bringup/share/ros_gz_example_bringup/launch
[0.299s] -- Up-to-date: /home/natalia/Documents/STUDING/robotix/modul5/ex04/install/ros_gz_example_bringup/share/ros_gz_example_bringup/launch/rrbot_setup.launch.py
[0.299s] -- Installing: /home/natalia/Documents/STUDING/robotix/modul5/ex04/install/ros_gz_example_bringup/share/ros_gz_example_bringup/launch/circle_movement.launch.py
[0.299s] -- Up-to-date: /home/natalia/Documents/STUDING/robotix/modul5/ex04/install/ros_gz_example_bringup/share/ros_gz_example_bringup/launch/diff_drive.launch.py
[0.299s] -- Up-to-date: /home/natalia/Documents/STUDING/robotix/modul5/ex04/install/ros_gz_example_bringup/share/ros_gz_example_bringup/config
[0.299s] -- Up-to-date: /home/natalia/Documents/STUDING/robotix/modul5/ex04/install/ros_gz_example_bringup/share/ros_gz_example_bringup/config/ros_gz_example_bridge.yaml
[0.299s] -- Up-to-date: /home/natalia/Documents/STUDING/robotix/modul5/ex04/install/ros_gz_example_bringup/share/ros_gz_example_bringup/config/rrbot.rviz
[0.299s] -- Up-to-date: /home/natalia/Documents/STUDING/robotix/modul5/ex04/install/ros_gz_example_bringup/share/ros_gz_example_bringup/config/diff_drive.rviz
[0.299s] -- Installing: /home/natalia/Documents/STUDING/robotix/modul5/ex04/install/ros_gz_example_bringup/share/ament_index/resource_index/package_run_dependencies/ros_gz_example_bringup
[0.299s] -- Installing: /home/natalia/Documents/STUDING/robotix/modul5/ex04/install/ros_gz_example_bringup/share/ament_index/resource_index/parent_prefix_path/ros_gz_example_bringup
[0.299s] -- Up-to-date: /home/natalia/Documents/STUDING/robotix/modul5/ex04/install/ros_gz_example_bringup/share/ros_gz_example_bringup/environment/ament_prefix_path.sh
[0.299s] -- Up-to-date: /home/natalia/Documents/STUDING/robotix/modul5/ex04/install/ros_gz_example_bringup/share/ros_gz_example_bringup/environment/ament_prefix_path.dsv
[0.299s] -- Up-to-date: /home/natalia/Documents/STUDING/robotix/modul5/ex04/install/ros_gz_example_bringup/share/ros_gz_example_bringup/environment/path.sh
[0.299s] -- Up-to-date: /home/natalia/Documents/STUDING/robotix/modul5/ex04/install/ros_gz_example_bringup/share/ros_gz_example_bringup/environment/path.dsv
[0.299s] -- Up-to-date: /home/natalia/Documents/STUDING/robotix/modul5/ex04/install/ros_gz_example_bringup/share/ros_gz_example_bringup/local_setup.bash
[0.299s] -- Up-to-date: /home/natalia/Documents/STUDING/robotix/modul5/ex04/install/ros_gz_example_bringup/share/ros_gz_example_bringup/local_setup.sh
[0.299s] -- Up-to-date: /home/natalia/Documents/STUDING/robotix/modul5/ex04/install/ros_gz_example_bringup/share/ros_gz_example_bringup/local_setup.zsh
[0.299s] -- Up-to-date: /home/natalia/Documents/STUDING/robotix/modul5/ex04/install/ros_gz_example_bringup/share/ros_gz_example_bringup/local_setup.dsv
[0.300s] -- Installing: /home/natalia/Documents/STUDING/robotix/modul5/ex04/install/ros_gz_example_bringup/share/ros_gz_example_bringup/package.dsv
[0.300s] -- Up-to-date: /home/natalia/Documents/STUDING/robotix/modul5/ex04/install/ros_gz_example_bringup/share/ament_index/resource_index/packages/ros_gz_example_bringup
[0.300s] -- Up-to-date: /home/natalia/Documents/STUDING/robotix/modul5/ex04/install/ros_gz_example_bringup/share/ros_gz_example_bringup/cmake/ros_gz_example_bringupConfig.cmake
[0.300s] -- Up-to-date: /home/natalia/Documents/STUDING/robotix/modul5/ex04/install/ros_gz_example_bringup/share/ros_gz_example_bringup/cmake/ros_gz_example_bringupConfig-version.cmake
[0.300s] -- Installing: /home/natalia/Documents/STUDING/robotix/modul5/ex04/install/ros_gz_example_bringup/share/ros_gz_example_bringup/package.xml
[0.301s] Invoked command in '/home/natalia/Documents/STUDING/robotix/modul5/ex04/build/ros_gz_example_bringup' returned '0': CMAKE_PREFIX_PATH=/home/natalia/Documents/STUDING/robotix/modul5/ex04/install/ros_gz_example_gazebo:/home/natalia/Documents/STUDING/robotix/modul5/ex04/install/ros_gz_example_description:/home/natalia/Documents/STUDING/robotix/modul5/ex04/install/ros_gz_example_bringup:/home/natalia/Documents/STUDING/robotix/modul5/ex04/install/ros_gz_example_application:/opt/ros/jazzy/opt/gz_sim_vendor:/opt/ros/jazzy/opt/gz_sensors_vendor:/opt/ros/jazzy/opt/gz_physics_vendor:/opt/ros/jazzy/opt/sdformat_vendor:/opt/ros/jazzy/opt/gz_gui_vendor:/opt/ros/jazzy/opt/gz_transport_vendor:/opt/ros/jazzy/opt/gz_rendering_vendor:/opt/ros/jazzy/opt/gz_plugin_vendor:/opt/ros/jazzy/opt/gz_fuel_tools_vendor:/opt/ros/jazzy/opt/gz_msgs_vendor:/opt/ros/jazzy/opt/gz_common_vendor:/opt/ros/jazzy/opt/gz_math_vendor:/opt/ros/jazzy/opt/gz_utils_vendor:/opt/ros/jazzy/opt/gz_tools_vendor:/opt/ros/jazzy/opt/gz_ogre_next_vendor:/opt/ros/jazzy/opt/gz_dartsim_vendor:/opt/ros/jazzy/opt/gz_cmake_vendor:/opt/ros/jazzy DEBUGINFOD_URLS=https://debuginfod.ubuntu.com GZ_SIM_PLUGIN_PATH=/home/natalia/Documents/STUDING/robotix/modul5/ex04/install/ros_gz_example_gazebo/lib/ros_gz_example_gazebo GZ_SIM_RESOURCE_PATH=/home/natalia/Documents/STUDING/robotix/modul5/ex04/install/ros_gz_example_description/share/ros_gz_example_description/models:${GZ_SIM_RESOURCE_PATH} /usr/bin/cmake --install /home/natalia/Documents/STUDING/robotix/modul5/ex04/build/ros_gz_example_bringup
