[0.007s] Invoking command in '/home/natalia/Documents/STUDING/robotix/modul5/ex03/build/sam_bot_description': CMAKE_PREFIX_PATH=${CMAKE_PREFIX_PATH}:/opt/ros/jazzy DEBUGINFOD_URLS=https://debuginfod.ubuntu.com /usr/bin/cmake --build /home/natalia/Documents/STUDING/robotix/modul5/ex03/build/sam_bot_description -- -j20 -l20
[0.028s] -- Found ament_cmake: 2.5.4 (/opt/ros/jazzy/share/ament_cmake/cmake)
[0.235s] -- Found ament_lint_auto: 0.17.3 (/opt/ros/jazzy/share/ament_lint_auto/cmake)
[0.321s] -- Added test 'flake8' to check Python code syntax and style conventions
[0.321s] -- Configured 'flake8' exclude dirs and/or files: 
[0.322s] -- Added test 'lint_cmake' to check CMake code style
[0.323s] -- Added test 'pep257' to check Python code against some of the docstring style conventions in PEP 257
[0.325s] -- Added test 'xmllint' to check XML markup files
[0.325s] -- Configuring done (0.3s)
[0.327s] -- Generating done (0.0s)
[0.328s] -- Build files have been written to: /home/natalia/Documents/STUDING/robotix/modul5/ex03/build/sam_bot_description
[0.346s] Invoked command in '/home/natalia/Documents/STUDING/robotix/modul5/ex03/build/sam_bot_description' returned '0': CMAKE_PREFIX_PATH=${CMAKE_PREFIX_PATH}:/opt/ros/jazzy DEBUGINFOD_URLS=https://debuginfod.ubuntu.com /usr/bin/cmake --build /home/natalia/Documents/STUDING/robotix/modul5/ex03/build/sam_bot_description -- -j20 -l20
[0.354s] Invoking command in '/home/natalia/Documents/STUDING/robotix/modul5/ex03/build/sam_bot_description': CMAKE_PREFIX_PATH=${CMAKE_PREFIX_PATH}:/opt/ros/jazzy DEBUGINFOD_URLS=https://debuginfod.ubuntu.com /usr/bin/cmake --install /home/natalia/Documents/STUDING/robotix/modul5/ex03/build/sam_bot_description
[0.360s] -- Install configuration: ""
[0.360s] -- Up-to-date: /home/natalia/Documents/STUDING/robotix/modul5/ex03/install/sam_bot_description/share/sam_bot_description/src
[0.360s] -- Up-to-date: /home/natalia/Documents/STUDING/robotix/modul5/ex03/install/sam_bot_description/share/sam_bot_description/src/description
[0.361s] -- Up-to-date: /home/natalia/Documents/STUDING/robotix/modul5/ex03/install/sam_bot_description/share/sam_bot_description/src/description/sam_bot_description.urdf
[0.361s] -- Installing: /home/natalia/Documents/STUDING/robotix/modul5/ex03/install/sam_bot_description/share/sam_bot_description/src/description/sam_bot_description.xacro
[0.361s] [31mCMake Error at cmake_install.cmake:46 (file):
[0.361s]   file INSTALL cannot find
[0.361s]   "/home/natalia/Documents/STUDING/robotix/modul5/ex03/sam_bot_description/rviz":
[0.361s]   No such file or directory.
[0.361s] 
[0.361s] [0m
[0.361s] -- Up-to-date: /home/natalia/Documents/STUDING/robotix/modul5/ex03/install/sam_bot_description/share/sam_bot_description/src/sam_bot_description
[0.361s] -- Up-to-date: /home/natalia/Documents/STUDING/robotix/modul5/ex03/install/sam_bot_description/share/sam_bot_description/launch
[0.361s] -- Installing: /home/natalia/Documents/STUDING/robotix/modul5/ex03/install/sam_bot_description/share/sam_bot_description/launch/display.launch.py
[0.362s] Invoked command in '/home/natalia/Documents/STUDING/robotix/modul5/ex03/build/sam_bot_description' returned '1': CMAKE_PREFIX_PATH=${CMAKE_PREFIX_PATH}:/opt/ros/jazzy DEBUGINFOD_URLS=https://debuginfod.ubuntu.com /usr/bin/cmake --install /home/natalia/Documents/STUDING/robotix/modul5/ex03/build/sam_bot_description
