running egg_info
creating ../build/action_cleaning_robot/action_cleaning_robot.egg-info
writing ../build/action_cleaning_robot/action_cleaning_robot.egg-info/PKG-INFO
writing dependency_links to ../build/action_cleaning_robot/action_cleaning_robot.egg-info/dependency_links.txt
writing entry points to ../build/action_cleaning_robot/action_cleaning_robot.egg-info/entry_points.txt
writing requirements to ../build/action_cleaning_robot/action_cleaning_robot.egg-info/requires.txt
writing top-level names to ../build/action_cleaning_robot/action_cleaning_robot.egg-info/top_level.txt
writing manifest file '../build/action_cleaning_robot/action_cleaning_robot.egg-info/SOURCES.txt'
reading manifest file '../build/action_cleaning_robot/action_cleaning_robot.egg-info/SOURCES.txt'
writing manifest file '../build/action_cleaning_robot/action_cleaning_robot.egg-info/SOURCES.txt'
running build
running build_py
creating /home/natalia/Documents/STUDING/robotix/modul3/ex05/build/action_cleaning_robot/build
creating /home/natalia/Documents/STUDING/robotix/modul3/ex05/build/action_cleaning_robot/build/lib
creating /home/natalia/Documents/STUDING/robotix/modul3/ex05/build/action_cleaning_robot/build/lib/action_cleaning_robot
copying action_cleaning_robot/cleaning_action_client.py -> /home/natalia/Documents/STUDING/robotix/modul3/ex05/build/action_cleaning_robot/build/lib/action_cleaning_robot
copying action_cleaning_robot/__init__.py -> /home/natalia/Documents/STUDING/robotix/modul3/ex05/build/action_cleaning_robot/build/lib/action_cleaning_robot
copying action_cleaning_robot/cleaning_action_server.py -> /home/natalia/Documents/STUDING/robotix/modul3/ex05/build/action_cleaning_robot/build/lib/action_cleaning_robot
running install
running install_lib
creating /home/natalia/Documents/STUDING/robotix/modul3/ex05/install/action_cleaning_robot/lib/python3.12/site-packages/action_cleaning_robot
copying /home/natalia/Documents/STUDING/robotix/modul3/ex05/build/action_cleaning_robot/build/lib/action_cleaning_robot/cleaning_action_client.py -> /home/natalia/Documents/STUDING/robotix/modul3/ex05/install/action_cleaning_robot/lib/python3.12/site-packages/action_cleaning_robot
copying /home/natalia/Documents/STUDING/robotix/modul3/ex05/build/action_cleaning_robot/build/lib/action_cleaning_robot/__init__.py -> /home/natalia/Documents/STUDING/robotix/modul3/ex05/install/action_cleaning_robot/lib/python3.12/site-packages/action_cleaning_robot
copying /home/natalia/Documents/STUDING/robotix/modul3/ex05/build/action_cleaning_robot/build/lib/action_cleaning_robot/cleaning_action_server.py -> /home/natalia/Documents/STUDING/robotix/modul3/ex05/install/action_cleaning_robot/lib/python3.12/site-packages/action_cleaning_robot
byte-compiling /home/natalia/Documents/STUDING/robotix/modul3/ex05/install/action_cleaning_robot/lib/python3.12/site-packages/action_cleaning_robot/cleaning_action_client.py to cleaning_action_client.cpython-312.pyc
byte-compiling /home/natalia/Documents/STUDING/robotix/modul3/ex05/install/action_cleaning_robot/lib/python3.12/site-packages/action_cleaning_robot/__init__.py to __init__.cpython-312.pyc
byte-compiling /home/natalia/Documents/STUDING/robotix/modul3/ex05/install/action_cleaning_robot/lib/python3.12/site-packages/action_cleaning_robot/cleaning_action_server.py to cleaning_action_server.cpython-312.pyc
running install_data
creating /home/natalia/Documents/STUDING/robotix/modul3/ex05/install/action_cleaning_robot/share/ament_index
creating /home/natalia/Documents/STUDING/robotix/modul3/ex05/install/action_cleaning_robot/share/ament_index/resource_index
creating /home/natalia/Documents/STUDING/robotix/modul3/ex05/install/action_cleaning_robot/share/ament_index/resource_index/packages
copying resource/action_cleaning_robot -> /home/natalia/Documents/STUDING/robotix/modul3/ex05/install/action_cleaning_robot/share/ament_index/resource_index/packages
copying package.xml -> /home/natalia/Documents/STUDING/robotix/modul3/ex05/install/action_cleaning_robot/share/action_cleaning_robot
creating /home/natalia/Documents/STUDING/robotix/modul3/ex05/install/action_cleaning_robot/share/action_cleaning_robot/action
running install_egg_info
Copying ../build/action_cleaning_robot/action_cleaning_robot.egg-info to /home/natalia/Documents/STUDING/robotix/modul3/ex05/install/action_cleaning_robot/lib/python3.12/site-packages/action_cleaning_robot-0.0.0-py3.12.egg-info
running install_scripts
Installing cleaning_action_client script to /home/natalia/Documents/STUDING/robotix/modul3/ex05/install/action_cleaning_robot/lib/action_cleaning_robot
Installing cleaning_action_server script to /home/natalia/Documents/STUDING/robotix/modul3/ex05/install/action_cleaning_robot/lib/action_cleaning_robot
writing list of installed files to '/home/natalia/Documents/STUDING/robotix/modul3/ex05/build/action_cleaning_robot/install.log'
