[0.536s] Invoking command in '/home/natalia/Documents/STUDING/robotix/modul3/ex05/action_cleaning_robot': DEBUGINFOD_URLS=https://debuginfod.ubuntu.com PYTHONPATH=/home/natalia/Documents/STUDING/robotix/modul3/ex05/build/action_cleaning_robot/prefix_override:/usr/lib/python3/dist-packages/colcon_core/task/python/colcon_distutils_commands:/home/natalia/Documents/STUDING/robotix/modul3/ex05/install/action_cleaning_robot/lib/python3.12/site-packages:${PYTHONPATH} /usr/bin/python3 -W ignore:setup.py install is deprecated -W ignore:easy_install command is deprecated setup.py egg_info --egg-base ../build/action_cleaning_robot build --build-base /home/natalia/Documents/STUDING/robotix/modul3/ex05/build/action_cleaning_robot/build install --record /home/natalia/Documents/STUDING/robotix/modul3/ex05/build/action_cleaning_robot/install.log --single-version-externally-managed install_data
[0.697s] running egg_info
[0.697s] creating ../build/action_cleaning_robot/action_cleaning_robot.egg-info
[0.706s] writing ../build/action_cleaning_robot/action_cleaning_robot.egg-info/PKG-INFO
[0.706s] writing dependency_links to ../build/action_cleaning_robot/action_cleaning_robot.egg-info/dependency_links.txt
[0.707s] writing entry points to ../build/action_cleaning_robot/action_cleaning_robot.egg-info/entry_points.txt
[0.707s] writing requirements to ../build/action_cleaning_robot/action_cleaning_robot.egg-info/requires.txt
[0.707s] writing top-level names to ../build/action_cleaning_robot/action_cleaning_robot.egg-info/top_level.txt
[0.707s] writing manifest file '../build/action_cleaning_robot/action_cleaning_robot.egg-info/SOURCES.txt'
[0.725s] reading manifest file '../build/action_cleaning_robot/action_cleaning_robot.egg-info/SOURCES.txt'
[0.725s] writing manifest file '../build/action_cleaning_robot/action_cleaning_robot.egg-info/SOURCES.txt'
[0.725s] running build
[0.725s] running build_py
[0.725s] creating /home/natalia/Documents/STUDING/robotix/modul3/ex05/build/action_cleaning_robot/build
[0.725s] creating /home/natalia/Documents/STUDING/robotix/modul3/ex05/build/action_cleaning_robot/build/lib
[0.725s] creating /home/natalia/Documents/STUDING/robotix/modul3/ex05/build/action_cleaning_robot/build/lib/action_cleaning_robot
[0.725s] copying action_cleaning_robot/cleaning_action_client.py -> /home/natalia/Documents/STUDING/robotix/modul3/ex05/build/action_cleaning_robot/build/lib/action_cleaning_robot
[0.725s] copying action_cleaning_robot/__init__.py -> /home/natalia/Documents/STUDING/robotix/modul3/ex05/build/action_cleaning_robot/build/lib/action_cleaning_robot
[0.725s] copying action_cleaning_robot/cleaning_action_server.py -> /home/natalia/Documents/STUDING/robotix/modul3/ex05/build/action_cleaning_robot/build/lib/action_cleaning_robot
[0.725s] running install
[0.729s] running install_lib
[0.738s] creating /home/natalia/Documents/STUDING/robotix/modul3/ex05/install/action_cleaning_robot/lib/python3.12/site-packages/action_cleaning_robot
[0.738s] copying /home/natalia/Documents/STUDING/robotix/modul3/ex05/build/action_cleaning_robot/build/lib/action_cleaning_robot/cleaning_action_client.py -> /home/natalia/Documents/STUDING/robotix/modul3/ex05/install/action_cleaning_robot/lib/python3.12/site-packages/action_cleaning_robot
[0.738s] copying /home/natalia/Documents/STUDING/robotix/modul3/ex05/build/action_cleaning_robot/build/lib/action_cleaning_robot/__init__.py -> /home/natalia/Documents/STUDING/robotix/modul3/ex05/install/action_cleaning_robot/lib/python3.12/site-packages/action_cleaning_robot
[0.738s] copying /home/natalia/Documents/STUDING/robotix/modul3/ex05/build/action_cleaning_robot/build/lib/action_cleaning_robot/cleaning_action_server.py -> /home/natalia/Documents/STUDING/robotix/modul3/ex05/install/action_cleaning_robot/lib/python3.12/site-packages/action_cleaning_robot
[0.738s] byte-compiling /home/natalia/Documents/STUDING/robotix/modul3/ex05/install/action_cleaning_robot/lib/python3.12/site-packages/action_cleaning_robot/cleaning_action_client.py to cleaning_action_client.cpython-312.pyc
[0.739s] byte-compiling /home/natalia/Documents/STUDING/robotix/modul3/ex05/install/action_cleaning_robot/lib/python3.12/site-packages/action_cleaning_robot/__init__.py to __init__.cpython-312.pyc
[0.739s] byte-compiling /home/natalia/Documents/STUDING/robotix/modul3/ex05/install/action_cleaning_robot/lib/python3.12/site-packages/action_cleaning_robot/cleaning_action_server.py to cleaning_action_server.cpython-312.pyc
[0.740s] running install_data
[0.740s] creating /home/natalia/Documents/STUDING/robotix/modul3/ex05/install/action_cleaning_robot/share/ament_index
[0.741s] creating /home/natalia/Documents/STUDING/robotix/modul3/ex05/install/action_cleaning_robot/share/ament_index/resource_index
[0.741s] creating /home/natalia/Documents/STUDING/robotix/modul3/ex05/install/action_cleaning_robot/share/ament_index/resource_index/packages
[0.741s] copying resource/action_cleaning_robot -> /home/natalia/Documents/STUDING/robotix/modul3/ex05/install/action_cleaning_robot/share/ament_index/resource_index/packages
[0.741s] copying package.xml -> /home/natalia/Documents/STUDING/robotix/modul3/ex05/install/action_cleaning_robot/share/action_cleaning_robot
[0.741s] creating /home/natalia/Documents/STUDING/robotix/modul3/ex05/install/action_cleaning_robot/share/action_cleaning_robot/action
[0.741s] running install_egg_info
[0.750s] Copying ../build/action_cleaning_robot/action_cleaning_robot.egg-info to /home/natalia/Documents/STUDING/robotix/modul3/ex05/install/action_cleaning_robot/lib/python3.12/site-packages/action_cleaning_robot-0.0.0-py3.12.egg-info
[0.750s] running install_scripts
[0.813s] Installing cleaning_action_client script to /home/natalia/Documents/STUDING/robotix/modul3/ex05/install/action_cleaning_robot/lib/action_cleaning_robot
[0.813s] Installing cleaning_action_server script to /home/natalia/Documents/STUDING/robotix/modul3/ex05/install/action_cleaning_robot/lib/action_cleaning_robot
[0.813s] writing list of installed files to '/home/natalia/Documents/STUDING/robotix/modul3/ex05/build/action_cleaning_robot/install.log'
[0.828s] Invoked command in '/home/natalia/Documents/STUDING/robotix/modul3/ex05/action_cleaning_robot' returned '0': DEBUGINFOD_URLS=https://debuginfod.ubuntu.com PYTHONPATH=/home/natalia/Documents/STUDING/robotix/modul3/ex05/build/action_cleaning_robot/prefix_override:/usr/lib/python3/dist-packages/colcon_core/task/python/colcon_distutils_commands:/home/natalia/Documents/STUDING/robotix/modul3/ex05/install/action_cleaning_robot/lib/python3.12/site-packages:${PYTHONPATH} /usr/bin/python3 -W ignore:setup.py install is deprecated -W ignore:easy_install command is deprecated setup.py egg_info --egg-base ../build/action_cleaning_robot build --build-base /home/natalia/Documents/STUDING/robotix/modul3/ex05/build/action_cleaning_robot/build install --record /home/natalia/Documents/STUDING/robotix/modul3/ex05/build/action_cleaning_robot/install.log --single-version-externally-managed install_data
