[0.013s] Invoking command in '/home/natalia/Documents/STUDING/robotix/modul3/ex05/build/action_cleaning_robot': CMAKE_PREFIX_PATH=${CMAKE_PREFIX_PATH}:/opt/ros/jazzy DEBUGINFOD_URLS=https://debuginfod.ubuntu.com /usr/bin/cmake --build /home/natalia/Documents/STUDING/robotix/modul3/ex05/build/action_cleaning_robot -- -j20 -l20
[0.127s] -- Found rosidl_default_generators: 1.6.0 (/opt/ros/jazzy/share/rosidl_default_generators/cmake)
[0.213s] -- Found Python3: /usr/bin/python3 (found version "3.12.3") found components: Interpreter 
[0.420s] -- Using all available rosidl_typesupport_c: rosidl_typesupport_fastrtps_c;rosidl_typesupport_introspection_c
[0.580s] -- Using all available rosidl_typesupport_cpp: rosidl_typesupport_fastrtps_cpp;rosidl_typesupport_introspection_cpp
[0.608s] -- Found rosidl_adapter: 4.6.6 (/opt/ros/jazzy/share/rosidl_adapter/cmake)
[1.653s] -- Found ament_cmake_ros: 0.12.0 (/opt/ros/jazzy/share/ament_cmake_ros/cmake)
[2.112s] -- Using all available rosidl_typesupport_c: rosidl_typesupport_fastrtps_c;rosidl_typesupport_introspection_c
[2.764s] -- Using all available rosidl_typesupport_cpp: rosidl_typesupport_fastrtps_cpp;rosidl_typesupport_introspection_cpp
[2.770s] -- Found python_cmake_module: 0.11.1 (/opt/ros/jazzy/share/python_cmake_module/cmake)
[3.490s] -- Found Python3: /usr/bin/python3 (found version "3.12.3") found components: Interpreter Development NumPy Development.Module Development.Embed 
[3.497s] -- Found ament_lint_auto: 0.17.3 (/opt/ros/jazzy/share/ament_lint_auto/cmake)
[3.502s] -- Added test 'flake8' to check Python code syntax and style conventions
[3.502s] -- Configured 'flake8' exclude dirs and/or files: 
[3.503s] -- Added test 'lint_cmake' to check CMake code style
[3.503s] -- Added test 'pep257' to check Python code against some of the docstring style conventions in PEP 257
[3.504s] -- Added test 'xmllint' to check XML markup files
[3.505s] -- Configuring done (3.4s)
[3.528s] -- Generating done (0.0s)
[3.537s] -- Build files have been written to: /home/natalia/Documents/STUDING/robotix/modul3/ex05/build/action_cleaning_robot
[3.599s] [  2%] Built target action_cleaning_robot__rosidl_generator_type_description
[3.641s] [  2%] Built target ament_cmake_python_copy_action_cleaning_robot
[3.697s] [  5%] Built target action_cleaning_robot__cpp
[3.708s] [ 20%] Built target action_cleaning_robot__rosidl_generator_c
[3.820s] [ 29%] Built target action_cleaning_robot__rosidl_typesupport_cpp
[3.826s] [ 38%] Built target action_cleaning_robot__rosidl_typesupport_introspection_cpp
[3.826s] [ 47%] Built target action_cleaning_robot__rosidl_typesupport_fastrtps_c
[3.832s] [ 55%] Built target action_cleaning_robot__rosidl_typesupport_introspection_c
[3.838s] [ 64%] Built target action_cleaning_robot__rosidl_typesupport_fastrtps_cpp
[3.839s] [ 73%] Built target action_cleaning_robot__rosidl_typesupport_c
[3.930s] [ 73%] Built target action_cleaning_robot
[3.973s] [ 76%] Built target action_cleaning_robot__py
[3.995s] [ 82%] Built target action_cleaning_robot__rosidl_generator_py
[4.018s] [ 88%] Built target action_cleaning_robot_s__rosidl_typesupport_fastrtps_c
[4.021s] [ 94%] Built target action_cleaning_robot_s__rosidl_typesupport_introspection_c
[4.021s] [100%] Built target action_cleaning_robot_s__rosidl_typesupport_c
[4.065s] running egg_info
[4.075s] writing action_cleaning_robot.egg-info/PKG-INFO
[4.075s] writing dependency_links to action_cleaning_robot.egg-info/dependency_links.txt
[4.075s] writing top-level names to action_cleaning_robot.egg-info/top_level.txt
[4.104s] reading manifest file 'action_cleaning_robot.egg-info/SOURCES.txt'
[4.104s] writing manifest file 'action_cleaning_robot.egg-info/SOURCES.txt'
[4.124s] [100%] Built target ament_cmake_python_build_action_cleaning_robot_egg
[4.147s] Invoked command in '/home/natalia/Documents/STUDING/robotix/modul3/ex05/build/action_cleaning_robot' returned '0': CMAKE_PREFIX_PATH=${CMAKE_PREFIX_PATH}:/opt/ros/jazzy DEBUGINFOD_URLS=https://debuginfod.ubuntu.com /usr/bin/cmake --build /home/natalia/Documents/STUDING/robotix/modul3/ex05/build/action_cleaning_robot -- -j20 -l20
[4.181s] Invoking command in '/home/natalia/Documents/STUDING/robotix/modul3/ex05/build/action_cleaning_robot': CMAKE_PREFIX_PATH=${CMAKE_PREFIX_PATH}:/opt/ros/jazzy DEBUGINFOD_URLS=https://debuginfod.ubuntu.com /usr/bin/cmake --install /home/natalia/Documents/STUDING/robotix/modul3/ex05/build/action_cleaning_robot
[4.221s] -- Install configuration: ""
[4.221s] -- Up-to-date: /home/natalia/Documents/STUDING/robotix/modul3/ex05/install/action_cleaning_robot/share/ament_index/resource_index/rosidl_interfaces/action_cleaning_robot
[4.223s] -- Up-to-date: /home/natalia/Documents/STUDING/robotix/modul3/ex05/install/action_cleaning_robot/share/action_cleaning_robot/action/CleaningTask.json
[4.224s] -- Up-to-date: /home/natalia/Documents/STUDING/robotix/modul3/ex05/install/action_cleaning_robot/include/action_cleaning_robot/action_cleaning_robot
[4.224s] -- Up-to-date: /home/natalia/Documents/STUDING/robotix/modul3/ex05/install/action_cleaning_robot/include/action_cleaning_robot/action_cleaning_robot/action
[4.225s] -- Up-to-date: /home/natalia/Documents/STUDING/robotix/modul3/ex05/install/action_cleaning_robot/include/action_cleaning_robot/action_cleaning_robot/action/cleaning_task.h
[4.226s] -- Up-to-date: /home/natalia/Documents/STUDING/robotix/modul3/ex05/install/action_cleaning_robot/include/action_cleaning_robot/action_cleaning_robot/action/detail
[4.226s] -- Up-to-date: /home/natalia/Documents/STUDING/robotix/modul3/ex05/install/action_cleaning_robot/include/action_cleaning_robot/action_cleaning_robot/action/detail/cleaning_task__functions.h
[4.227s] -- Up-to-date: /home/natalia/Documents/STUDING/robotix/modul3/ex05/install/action_cleaning_robot/include/action_cleaning_robot/action_cleaning_robot/action/detail/cleaning_task__struct.h
[4.227s] -- Up-to-date: /home/natalia/Documents/STUDING/robotix/modul3/ex05/install/action_cleaning_robot/include/action_cleaning_robot/action_cleaning_robot/action/detail/cleaning_task__functions.c
[4.227s] -- Up-to-date: /home/natalia/Documents/STUDING/robotix/modul3/ex05/install/action_cleaning_robot/include/action_cleaning_robot/action_cleaning_robot/action/detail/cleaning_task__type_support.h
[4.228s] -- Up-to-date: /home/natalia/Documents/STUDING/robotix/modul3/ex05/install/action_cleaning_robot/include/action_cleaning_robot/action_cleaning_robot/action/detail/cleaning_task__type_support.c
[4.229s] -- Up-to-date: /home/natalia/Documents/STUDING/robotix/modul3/ex05/install/action_cleaning_robot/include/action_cleaning_robot/action_cleaning_robot/action/detail/cleaning_task__description.c
[4.229s] -- Up-to-date: /home/natalia/Documents/STUDING/robotix/modul3/ex05/install/action_cleaning_robot/include/action_cleaning_robot/action_cleaning_robot/msg
[4.229s] -- Up-to-date: /home/natalia/Documents/STUDING/robotix/modul3/ex05/install/action_cleaning_robot/include/action_cleaning_robot/action_cleaning_robot/msg/rosidl_generator_c__visibility_control.h
[4.230s] -- Up-to-date: /home/natalia/Documents/STUDING/robotix/modul3/ex05/install/action_cleaning_robot/share/action_cleaning_robot/environment/library_path.sh
[4.230s] -- Up-to-date: /home/natalia/Documents/STUDING/robotix/modul3/ex05/install/action_cleaning_robot/share/action_cleaning_robot/environment/library_path.dsv
[4.230s] -- Up-to-date: /home/natalia/Documents/STUDING/robotix/modul3/ex05/install/action_cleaning_robot/lib/libaction_cleaning_robot__rosidl_generator_c.so
[4.231s] -- Up-to-date: /home/natalia/Documents/STUDING/robotix/modul3/ex05/install/action_cleaning_robot/include/action_cleaning_robot/action_cleaning_robot
[4.231s] -- Up-to-date: /home/natalia/Documents/STUDING/robotix/modul3/ex05/install/action_cleaning_robot/include/action_cleaning_robot/action_cleaning_robot/action
[4.231s] -- Up-to-date: /home/natalia/Documents/STUDING/robotix/modul3/ex05/install/action_cleaning_robot/include/action_cleaning_robot/action_cleaning_robot/action/detail
[4.232s] -- Up-to-date: /home/natalia/Documents/STUDING/robotix/modul3/ex05/install/action_cleaning_robot/include/action_cleaning_robot/action_cleaning_robot/action/detail/cleaning_task__rosidl_typesupport_fastrtps_c.h
[4.232s] -- Up-to-date: /home/natalia/Documents/STUDING/robotix/modul3/ex05/install/action_cleaning_robot/include/action_cleaning_robot/action_cleaning_robot/msg
[4.233s] -- Up-to-date: /home/natalia/Documents/STUDING/robotix/modul3/ex05/install/action_cleaning_robot/include/action_cleaning_robot/action_cleaning_robot/msg/rosidl_typesupport_fastrtps_c__visibility_control.h
[4.233s] -- Up-to-date: /home/natalia/Documents/STUDING/robotix/modul3/ex05/install/action_cleaning_robot/lib/libaction_cleaning_robot__rosidl_typesupport_fastrtps_c.so
[4.233s] -- Up-to-date: /home/natalia/Documents/STUDING/robotix/modul3/ex05/install/action_cleaning_robot/include/action_cleaning_robot/action_cleaning_robot
[4.233s] -- Up-to-date: /home/natalia/Documents/STUDING/robotix/modul3/ex05/install/action_cleaning_robot/include/action_cleaning_robot/action_cleaning_robot/action
[4.234s] -- Up-to-date: /home/natalia/Documents/STUDING/robotix/modul3/ex05/install/action_cleaning_robot/include/action_cleaning_robot/action_cleaning_robot/action/detail
[4.234s] -- Up-to-date: /home/natalia/Documents/STUDING/robotix/modul3/ex05/install/action_cleaning_robot/include/action_cleaning_robot/action_cleaning_robot/action/detail/cleaning_task__rosidl_typesupport_introspection_c.h
[4.234s] -- Up-to-date: /home/natalia/Documents/STUDING/robotix/modul3/ex05/install/action_cleaning_robot/include/action_cleaning_robot/action_cleaning_robot/action/detail/cleaning_task__type_support.c
[4.235s] -- Up-to-date: /home/natalia/Documents/STUDING/robotix/modul3/ex05/install/action_cleaning_robot/include/action_cleaning_robot/action_cleaning_robot/msg
[4.235s] -- Up-to-date: /home/natalia/Documents/STUDING/robotix/modul3/ex05/install/action_cleaning_robot/include/action_cleaning_robot/action_cleaning_robot/msg/rosidl_typesupport_introspection_c__visibility_control.h
[4.235s] -- Up-to-date: /home/natalia/Documents/STUDING/robotix/modul3/ex05/install/action_cleaning_robot/lib/libaction_cleaning_robot__rosidl_typesupport_introspection_c.so
[4.235s] -- Up-to-date: /home/natalia/Documents/STUDING/robotix/modul3/ex05/install/action_cleaning_robot/lib/libaction_cleaning_robot__rosidl_typesupport_c.so
[4.236s] -- Up-to-date: /home/natalia/Documents/STUDING/robotix/modul3/ex05/install/action_cleaning_robot/include/action_cleaning_robot/action_cleaning_robot
[4.236s] -- Up-to-date: /home/natalia/Documents/STUDING/robotix/modul3/ex05/install/action_cleaning_robot/include/action_cleaning_robot/action_cleaning_robot/action
[4.236s] -- Up-to-date: /home/natalia/Documents/STUDING/robotix/modul3/ex05/install/action_cleaning_robot/include/action_cleaning_robot/action_cleaning_robot/action/detail
[4.236s] -- Up-to-date: /home/natalia/Documents/STUDING/robotix/modul3/ex05/install/action_cleaning_robot/include/action_cleaning_robot/action_cleaning_robot/action/detail/cleaning_task__traits.hpp
[4.237s] -- Up-to-date: /home/natalia/Documents/STUDING/robotix/modul3/ex05/install/action_cleaning_robot/include/action_cleaning_robot/action_cleaning_robot/action/detail/cleaning_task__struct.hpp
[4.237s] -- Up-to-date: /home/natalia/Documents/STUDING/robotix/modul3/ex05/install/action_cleaning_robot/include/action_cleaning_robot/action_cleaning_robot/action/detail/cleaning_task__builder.hpp
[4.237s] -- Up-to-date: /home/natalia/Documents/STUDING/robotix/modul3/ex05/install/action_cleaning_robot/include/action_cleaning_robot/action_cleaning_robot/action/detail/cleaning_task__type_support.hpp
[4.238s] -- Up-to-date: /home/natalia/Documents/STUDING/robotix/modul3/ex05/install/action_cleaning_robot/include/action_cleaning_robot/action_cleaning_robot/action/cleaning_task.hpp
[4.238s] -- Up-to-date: /home/natalia/Documents/STUDING/robotix/modul3/ex05/install/action_cleaning_robot/include/action_cleaning_robot/action_cleaning_robot/msg
[4.238s] -- Up-to-date: /home/natalia/Documents/STUDING/robotix/modul3/ex05/install/action_cleaning_robot/include/action_cleaning_robot/action_cleaning_robot/msg/rosidl_generator_cpp__visibility_control.hpp
[4.239s] -- Up-to-date: /home/natalia/Documents/STUDING/robotix/modul3/ex05/install/action_cleaning_robot/include/action_cleaning_robot/action_cleaning_robot
[4.239s] -- Up-to-date: /home/natalia/Documents/STUDING/robotix/modul3/ex05/install/action_cleaning_robot/include/action_cleaning_robot/action_cleaning_robot/action
[4.239s] -- Up-to-date: /home/natalia/Documents/STUDING/robotix/modul3/ex05/install/action_cleaning_robot/include/action_cleaning_robot/action_cleaning_robot/action/detail
[4.240s] -- Up-to-date: /home/natalia/Documents/STUDING/robotix/modul3/ex05/install/action_cleaning_robot/include/action_cleaning_robot/action_cleaning_robot/action/detail/cleaning_task__rosidl_typesupport_fastrtps_cpp.hpp
[4.240s] -- Up-to-date: /home/natalia/Documents/STUDING/robotix/modul3/ex05/install/action_cleaning_robot/include/action_cleaning_robot/action_cleaning_robot/action/detail/dds_fastrtps
[4.240s] -- Up-to-date: /home/natalia/Documents/STUDING/robotix/modul3/ex05/install/action_cleaning_robot/include/action_cleaning_robot/action_cleaning_robot/msg
[4.240s] -- Up-to-date: /home/natalia/Documents/STUDING/robotix/modul3/ex05/install/action_cleaning_robot/include/action_cleaning_robot/action_cleaning_robot/msg/rosidl_typesupport_fastrtps_cpp__visibility_control.h
[4.241s] -- Up-to-date: /home/natalia/Documents/STUDING/robotix/modul3/ex05/install/action_cleaning_robot/lib/libaction_cleaning_robot__rosidl_typesupport_fastrtps_cpp.so
[4.241s] -- Up-to-date: /home/natalia/Documents/STUDING/robotix/modul3/ex05/install/action_cleaning_robot/include/action_cleaning_robot/action_cleaning_robot
[4.241s] -- Up-to-date: /home/natalia/Documents/STUDING/robotix/modul3/ex05/install/action_cleaning_robot/include/action_cleaning_robot/action_cleaning_robot/action
[4.241s] -- Up-to-date: /home/natalia/Documents/STUDING/robotix/modul3/ex05/install/action_cleaning_robot/include/action_cleaning_robot/action_cleaning_robot/action/detail
[4.242s] -- Up-to-date: /home/natalia/Documents/STUDING/robotix/modul3/ex05/install/action_cleaning_robot/include/action_cleaning_robot/action_cleaning_robot/action/detail/cleaning_task__rosidl_typesupport_introspection_cpp.hpp
[4.242s] -- Up-to-date: /home/natalia/Documents/STUDING/robotix/modul3/ex05/install/action_cleaning_robot/include/action_cleaning_robot/action_cleaning_robot/action/detail/cleaning_task__type_support.cpp
[4.242s] -- Up-to-date: /home/natalia/Documents/STUDING/robotix/modul3/ex05/install/action_cleaning_robot/lib/libaction_cleaning_robot__rosidl_typesupport_introspection_cpp.so
[4.242s] -- Up-to-date: /home/natalia/Documents/STUDING/robotix/modul3/ex05/install/action_cleaning_robot/lib/libaction_cleaning_robot__rosidl_typesupport_cpp.so
[4.243s] -- Up-to-date: /home/natalia/Documents/STUDING/robotix/modul3/ex05/install/action_cleaning_robot/share/action_cleaning_robot/environment/pythonpath.sh
[4.243s] -- Up-to-date: /home/natalia/Documents/STUDING/robotix/modul3/ex05/install/action_cleaning_robot/share/action_cleaning_robot/environment/pythonpath.dsv
[4.243s] -- Up-to-date: /home/natalia/Documents/STUDING/robotix/modul3/ex05/install/action_cleaning_robot/lib/python3.12/site-packages/action_cleaning_robot-0.0.0-py3.12.egg-info
[4.243s] -- Installing: /home/natalia/Documents/STUDING/robotix/modul3/ex05/install/action_cleaning_robot/lib/python3.12/site-packages/action_cleaning_robot-0.0.0-py3.12.egg-info/top_level.txt
[4.244s] -- Installing: /home/natalia/Documents/STUDING/robotix/modul3/ex05/install/action_cleaning_robot/lib/python3.12/site-packages/action_cleaning_robot-0.0.0-py3.12.egg-info/PKG-INFO
[4.244s] -- Installing: /home/natalia/Documents/STUDING/robotix/modul3/ex05/install/action_cleaning_robot/lib/python3.12/site-packages/action_cleaning_robot-0.0.0-py3.12.egg-info/SOURCES.txt
[4.244s] -- Installing: /home/natalia/Documents/STUDING/robotix/modul3/ex05/install/action_cleaning_robot/lib/python3.12/site-packages/action_cleaning_robot-0.0.0-py3.12.egg-info/dependency_links.txt
[4.244s] -- Up-to-date: /home/natalia/Documents/STUDING/robotix/modul3/ex05/install/action_cleaning_robot/lib/python3.12/site-packages/action_cleaning_robot
[4.245s] -- Up-to-date: /home/natalia/Documents/STUDING/robotix/modul3/ex05/install/action_cleaning_robot/lib/python3.12/site-packages/action_cleaning_robot/_action_cleaning_robot_s.ep.rosidl_typesupport_introspection_c.c
[4.245s] -- Up-to-date: /home/natalia/Documents/STUDING/robotix/modul3/ex05/install/action_cleaning_robot/lib/python3.12/site-packages/action_cleaning_robot/_action_cleaning_robot_s.ep.rosidl_typesupport_c.c
[4.245s] -- Up-to-date: /home/natalia/Documents/STUDING/robotix/modul3/ex05/install/action_cleaning_robot/lib/python3.12/site-packages/action_cleaning_robot/_action_cleaning_robot_s.ep.rosidl_typesupport_fastrtps_c.c
[4.245s] -- Up-to-date: /home/natalia/Documents/STUDING/robotix/modul3/ex05/install/action_cleaning_robot/lib/python3.12/site-packages/action_cleaning_robot/action
[4.246s] -- Up-to-date: /home/natalia/Documents/STUDING/robotix/modul3/ex05/install/action_cleaning_robot/lib/python3.12/site-packages/action_cleaning_robot/action/_cleaning_task.py
[4.246s] -- Up-to-date: /home/natalia/Documents/STUDING/robotix/modul3/ex05/install/action_cleaning_robot/lib/python3.12/site-packages/action_cleaning_robot/action/_cleaning_task_s.c
[4.246s] -- Up-to-date: /home/natalia/Documents/STUDING/robotix/modul3/ex05/install/action_cleaning_robot/lib/python3.12/site-packages/action_cleaning_robot/action/__init__.py
[4.246s] -- Up-to-date: /home/natalia/Documents/STUDING/robotix/modul3/ex05/install/action_cleaning_robot/lib/python3.12/site-packages/action_cleaning_robot/action_cleaning_robot_s__rosidl_typesupport_introspection_c.so
[4.247s] -- Installing: /home/natalia/Documents/STUDING/robotix/modul3/ex05/install/action_cleaning_robot/lib/python3.12/site-packages/action_cleaning_robot/__init__.py
[4.247s] -- Up-to-date: /home/natalia/Documents/STUDING/robotix/modul3/ex05/install/action_cleaning_robot/lib/python3.12/site-packages/action_cleaning_robot/action_cleaning_robot_s__rosidl_typesupport_c.so
[4.247s] -- Up-to-date: /home/natalia/Documents/STUDING/robotix/modul3/ex05/install/action_cleaning_robot/lib/python3.12/site-packages/action_cleaning_robot/action_cleaning_robot_s__rosidl_typesupport_fastrtps_c.so
[4.399s] Listing '/home/natalia/Documents/STUDING/robotix/modul3/ex05/install/action_cleaning_robot/lib/python3.12/site-packages/action_cleaning_robot'...
[4.399s] Compiling '/home/natalia/Documents/STUDING/robotix/modul3/ex05/install/action_cleaning_robot/lib/python3.12/site-packages/action_cleaning_robot/__init__.py'...
[4.400s] Listing '/home/natalia/Documents/STUDING/robotix/modul3/ex05/install/action_cleaning_robot/lib/python3.12/site-packages/action_cleaning_robot/action'...
[4.408s] -- Up-to-date: /home/natalia/Documents/STUDING/robotix/modul3/ex05/install/action_cleaning_robot/lib/python3.12/site-packages/action_cleaning_robot/action_cleaning_robot_s__rosidl_typesupport_fastrtps_c.so
[4.408s] -- Up-to-date: /home/natalia/Documents/STUDING/robotix/modul3/ex05/install/action_cleaning_robot/lib/python3.12/site-packages/action_cleaning_robot/action_cleaning_robot_s__rosidl_typesupport_introspection_c.so
[4.408s] -- Up-to-date: /home/natalia/Documents/STUDING/robotix/modul3/ex05/install/action_cleaning_robot/lib/python3.12/site-packages/action_cleaning_robot/action_cleaning_robot_s__rosidl_typesupport_c.so
[4.408s] -- Up-to-date: /home/natalia/Documents/STUDING/robotix/modul3/ex05/install/action_cleaning_robot/lib/libaction_cleaning_robot__rosidl_generator_py.so
[4.408s] -- Up-to-date: /home/natalia/Documents/STUDING/robotix/modul3/ex05/install/action_cleaning_robot/share/action_cleaning_robot/action/CleaningTask.idl
[4.408s] -- Up-to-date: /home/natalia/Documents/STUDING/robotix/modul3/ex05/install/action_cleaning_robot/share/action_cleaning_robot/action/CleaningTask.action
[4.409s] -- Up-to-date: /home/natalia/Documents/STUDING/robotix/modul3/ex05/install/action_cleaning_robot/share/ament_index/resource_index/package_run_dependencies/action_cleaning_robot
[4.409s] -- Installing: /home/natalia/Documents/STUDING/robotix/modul3/ex05/install/action_cleaning_robot/share/ament_index/resource_index/parent_prefix_path/action_cleaning_robot
[4.409s] -- Up-to-date: /home/natalia/Documents/STUDING/robotix/modul3/ex05/install/action_cleaning_robot/share/action_cleaning_robot/environment/ament_prefix_path.sh
[4.409s] -- Up-to-date: /home/natalia/Documents/STUDING/robotix/modul3/ex05/install/action_cleaning_robot/share/action_cleaning_robot/environment/ament_prefix_path.dsv
[4.409s] -- Up-to-date: /home/natalia/Documents/STUDING/robotix/modul3/ex05/install/action_cleaning_robot/share/action_cleaning_robot/environment/path.sh
[4.409s] -- Up-to-date: /home/natalia/Documents/STUDING/robotix/modul3/ex05/install/action_cleaning_robot/share/action_cleaning_robot/environment/path.dsv
[4.409s] -- Up-to-date: /home/natalia/Documents/STUDING/robotix/modul3/ex05/install/action_cleaning_robot/share/action_cleaning_robot/local_setup.bash
[4.409s] -- Up-to-date: /home/natalia/Documents/STUDING/robotix/modul3/ex05/install/action_cleaning_robot/share/action_cleaning_robot/local_setup.sh
[4.409s] -- Up-to-date: /home/natalia/Documents/STUDING/robotix/modul3/ex05/install/action_cleaning_robot/share/action_cleaning_robot/local_setup.zsh
[4.410s] -- Up-to-date: /home/natalia/Documents/STUDING/robotix/modul3/ex05/install/action_cleaning_robot/share/action_cleaning_robot/local_setup.dsv
[4.410s] -- Installing: /home/natalia/Documents/STUDING/robotix/modul3/ex05/install/action_cleaning_robot/share/action_cleaning_robot/package.dsv
[4.410s] -- Up-to-date: /home/natalia/Documents/STUDING/robotix/modul3/ex05/install/action_cleaning_robot/share/ament_index/resource_index/packages/action_cleaning_robot
[4.410s] -- Up-to-date: /home/natalia/Documents/STUDING/robotix/modul3/ex05/install/action_cleaning_robot/share/action_cleaning_robot/cmake/export_action_cleaning_robot__rosidl_generator_cExport.cmake
[4.410s] -- Up-to-date: /home/natalia/Documents/STUDING/robotix/modul3/ex05/install/action_cleaning_robot/share/action_cleaning_robot/cmake/export_action_cleaning_robot__rosidl_generator_cExport-noconfig.cmake
[4.410s] -- Up-to-date: /home/natalia/Documents/STUDING/robotix/modul3/ex05/install/action_cleaning_robot/share/action_cleaning_robot/cmake/export_action_cleaning_robot__rosidl_typesupport_fastrtps_cExport.cmake
[4.410s] -- Up-to-date: /home/natalia/Documents/STUDING/robotix/modul3/ex05/install/action_cleaning_robot/share/action_cleaning_robot/cmake/export_action_cleaning_robot__rosidl_typesupport_fastrtps_cExport-noconfig.cmake
[4.410s] -- Up-to-date: /home/natalia/Documents/STUDING/robotix/modul3/ex05/install/action_cleaning_robot/share/action_cleaning_robot/cmake/action_cleaning_robot__rosidl_typesupport_introspection_cExport.cmake
[4.410s] -- Up-to-date: /home/natalia/Documents/STUDING/robotix/modul3/ex05/install/action_cleaning_robot/share/action_cleaning_robot/cmake/action_cleaning_robot__rosidl_typesupport_introspection_cExport-noconfig.cmake
[4.411s] -- Up-to-date: /home/natalia/Documents/STUDING/robotix/modul3/ex05/install/action_cleaning_robot/share/action_cleaning_robot/cmake/action_cleaning_robot__rosidl_typesupport_cExport.cmake
[4.411s] -- Up-to-date: /home/natalia/Documents/STUDING/robotix/modul3/ex05/install/action_cleaning_robot/share/action_cleaning_robot/cmake/action_cleaning_robot__rosidl_typesupport_cExport-noconfig.cmake
[4.411s] -- Up-to-date: /home/natalia/Documents/STUDING/robotix/modul3/ex05/install/action_cleaning_robot/share/action_cleaning_robot/cmake/export_action_cleaning_robot__rosidl_generator_cppExport.cmake
[4.411s] -- Up-to-date: /home/natalia/Documents/STUDING/robotix/modul3/ex05/install/action_cleaning_robot/share/action_cleaning_robot/cmake/export_action_cleaning_robot__rosidl_typesupport_fastrtps_cppExport.cmake
[4.411s] -- Up-to-date: /home/natalia/Documents/STUDING/robotix/modul3/ex05/install/action_cleaning_robot/share/action_cleaning_robot/cmake/export_action_cleaning_robot__rosidl_typesupport_fastrtps_cppExport-noconfig.cmake
[4.411s] -- Up-to-date: /home/natalia/Documents/STUDING/robotix/modul3/ex05/install/action_cleaning_robot/share/action_cleaning_robot/cmake/action_cleaning_robot__rosidl_typesupport_introspection_cppExport.cmake
[4.411s] -- Up-to-date: /home/natalia/Documents/STUDING/robotix/modul3/ex05/install/action_cleaning_robot/share/action_cleaning_robot/cmake/action_cleaning_robot__rosidl_typesupport_introspection_cppExport-noconfig.cmake
[4.411s] -- Up-to-date: /home/natalia/Documents/STUDING/robotix/modul3/ex05/install/action_cleaning_robot/share/action_cleaning_robot/cmake/action_cleaning_robot__rosidl_typesupport_cppExport.cmake
[4.411s] -- Up-to-date: /home/natalia/Documents/STUDING/robotix/modul3/ex05/install/action_cleaning_robot/share/action_cleaning_robot/cmake/action_cleaning_robot__rosidl_typesupport_cppExport-noconfig.cmake
[4.411s] -- Up-to-date: /home/natalia/Documents/STUDING/robotix/modul3/ex05/install/action_cleaning_robot/share/action_cleaning_robot/cmake/export_action_cleaning_robot__rosidl_generator_pyExport.cmake
[4.412s] -- Up-to-date: /home/natalia/Documents/STUDING/robotix/modul3/ex05/install/action_cleaning_robot/share/action_cleaning_robot/cmake/export_action_cleaning_robot__rosidl_generator_pyExport-noconfig.cmake
[4.412s] -- Up-to-date: /home/natalia/Documents/STUDING/robotix/modul3/ex05/install/action_cleaning_robot/share/action_cleaning_robot/cmake/rosidl_cmake-extras.cmake
[4.412s] -- Up-to-date: /home/natalia/Documents/STUDING/robotix/modul3/ex05/install/action_cleaning_robot/share/action_cleaning_robot/cmake/ament_cmake_export_dependencies-extras.cmake
[4.412s] -- Up-to-date: /home/natalia/Documents/STUDING/robotix/modul3/ex05/install/action_cleaning_robot/share/action_cleaning_robot/cmake/ament_cmake_export_include_directories-extras.cmake
[4.412s] -- Up-to-date: /home/natalia/Documents/STUDING/robotix/modul3/ex05/install/action_cleaning_robot/share/action_cleaning_robot/cmake/ament_cmake_export_libraries-extras.cmake
[4.412s] -- Up-to-date: /home/natalia/Documents/STUDING/robotix/modul3/ex05/install/action_cleaning_robot/share/action_cleaning_robot/cmake/ament_cmake_export_targets-extras.cmake
[4.412s] -- Up-to-date: /home/natalia/Documents/STUDING/robotix/modul3/ex05/install/action_cleaning_robot/share/action_cleaning_robot/cmake/rosidl_cmake_export_typesupport_targets-extras.cmake
[4.412s] -- Up-to-date: /home/natalia/Documents/STUDING/robotix/modul3/ex05/install/action_cleaning_robot/share/action_cleaning_robot/cmake/rosidl_cmake_export_typesupport_libraries-extras.cmake
[4.412s] -- Up-to-date: /home/natalia/Documents/STUDING/robotix/modul3/ex05/install/action_cleaning_robot/share/action_cleaning_robot/cmake/action_cleaning_robotConfig.cmake
[4.412s] -- Up-to-date: /home/natalia/Documents/STUDING/robotix/modul3/ex05/install/action_cleaning_robot/share/action_cleaning_robot/cmake/action_cleaning_robotConfig-version.cmake
[4.412s] -- Up-to-date: /home/natalia/Documents/STUDING/robotix/modul3/ex05/install/action_cleaning_robot/share/action_cleaning_robot/package.xml
[4.414s] Invoked command in '/home/natalia/Documents/STUDING/robotix/modul3/ex05/build/action_cleaning_robot' returned '0': CMAKE_PREFIX_PATH=${CMAKE_PREFIX_PATH}:/opt/ros/jazzy DEBUGINFOD_URLS=https://debuginfod.ubuntu.com /usr/bin/cmake --install /home/natalia/Documents/STUDING/robotix/modul3/ex05/build/action_cleaning_robot
