[0.008s] Invoking command in '/home/natalia/Documents/STUDING/robotix/modul5/ex03/build/sam_bot_description': CMAKE_PREFIX_PATH=${CMAKE_PREFIX_PATH}:/opt/ros/jazzy DEBUGINFOD_URLS=https://debuginfod.ubuntu.com /usr/bin/cmake --build /home/natalia/Documents/STUDING/robotix/modul5/ex03/build/sam_bot_description -- -j20 -l20
[0.027s] -- Found ament_cmake: 2.5.4 (/opt/ros/jazzy/share/ament_cmake/cmake)
[0.166s] -- Found ament_lint_auto: 0.17.3 (/opt/ros/jazzy/share/ament_lint_auto/cmake)
[0.222s] -- Added test 'flake8' to check Python code syntax and style conventions
[0.222s] -- Configured 'flake8' exclude dirs and/or files: 
[0.222s] -- Added test 'lint_cmake' to check CMake code style
[0.222s] -- Added test 'pep257' to check Python code against some of the docstring style conventions in PEP 257
[0.223s] -- Added test 'xmllint' to check XML markup files
[0.223s] -- Configuring done (0.2s)
[0.225s] -- Generating done (0.0s)
[0.226s] -- Build files have been written to: /home/natalia/Documents/STUDING/robotix/modul5/ex03/build/sam_bot_description
[0.242s] Invoked command in '/home/natalia/Documents/STUDING/robotix/modul5/ex03/build/sam_bot_description' returned '0': CMAKE_PREFIX_PATH=${CMAKE_PREFIX_PATH}:/opt/ros/jazzy DEBUGINFOD_URLS=https://debuginfod.ubuntu.com /usr/bin/cmake --build /home/natalia/Documents/STUDING/robotix/modul5/ex03/build/sam_bot_description -- -j20 -l20
[0.251s] Invoking command in '/home/natalia/Documents/STUDING/robotix/modul5/ex03/build/sam_bot_description': CMAKE_PREFIX_PATH=${CMAKE_PREFIX_PATH}:/opt/ros/jazzy DEBUGINFOD_URLS=https://debuginfod.ubuntu.com /usr/bin/cmake --install /home/natalia/Documents/STUDING/robotix/modul5/ex03/build/sam_bot_description
[0.258s] -- Install configuration: ""
[0.258s] -- Up-to-date: /home/natalia/Documents/STUDING/robotix/modul5/ex03/install/sam_bot_description/share/sam_bot_description/src
[0.258s] -- Up-to-date: /home/natalia/Documents/STUDING/robotix/modul5/ex03/install/sam_bot_description/share/sam_bot_description/src/description
[0.259s] -- Up-to-date: /home/natalia/Documents/STUDING/robotix/modul5/ex03/install/sam_bot_description/share/sam_bot_description/src/description/sam_bot_description.urdf
[0.259s] -- Up-to-date: /home/natalia/Documents/STUDING/robotix/modul5/ex03/install/sam_bot_description/share/sam_bot_description/src/description/sam_bot_description.xacro
[0.259s] -- Up-to-date: /home/natalia/Documents/STUDING/robotix/modul5/ex03/install/sam_bot_description/share/sam_bot_description/src/sam_bot_description
[0.259s] -- Up-to-date: /home/natalia/Documents/STUDING/robotix/modul5/ex03/install/sam_bot_description/share/sam_bot_description/launch
[0.259s] -- Installing: /home/natalia/Documents/STUDING/robotix/modul5/ex03/install/sam_bot_description/share/sam_bot_description/launch/display.launch.py
[0.259s] -- Up-to-date: /home/natalia/Documents/STUDING/robotix/modul5/ex03/install/sam_bot_description/share/sam_bot_description/rviz
[0.259s] -- Up-to-date: /home/natalia/Documents/STUDING/robotix/modul5/ex03/install/sam_bot_description/share/sam_bot_description/rviz/config.rviz
[0.259s] -- Installing: /home/natalia/Documents/STUDING/robotix/modul5/ex03/install/sam_bot_description/share/sam_bot_description/config
[0.259s] -- Installing: /home/natalia/Documents/STUDING/robotix/modul5/ex03/install/sam_bot_description/share/sam_bot_description/config/ros_gz_bridge.yaml
[0.259s] -- Installing: /home/natalia/Documents/STUDING/robotix/modul5/ex03/install/sam_bot_description/share/sam_bot_description/config/diff_drive_controller.yaml
[0.259s] -- Up-to-date: /home/natalia/Documents/STUDING/robotix/modul5/ex03/install/sam_bot_description/share/ament_index/resource_index/package_run_dependencies/sam_bot_description
[0.259s] -- Installing: /home/natalia/Documents/STUDING/robotix/modul5/ex03/install/sam_bot_description/share/ament_index/resource_index/parent_prefix_path/sam_bot_description
[0.259s] -- Up-to-date: /home/natalia/Documents/STUDING/robotix/modul5/ex03/install/sam_bot_description/share/sam_bot_description/environment/ament_prefix_path.sh
[0.259s] -- Up-to-date: /home/natalia/Documents/STUDING/robotix/modul5/ex03/install/sam_bot_description/share/sam_bot_description/environment/ament_prefix_path.dsv
[0.259s] -- Up-to-date: /home/natalia/Documents/STUDING/robotix/modul5/ex03/install/sam_bot_description/share/sam_bot_description/environment/path.sh
[0.259s] -- Up-to-date: /home/natalia/Documents/STUDING/robotix/modul5/ex03/install/sam_bot_description/share/sam_bot_description/environment/path.dsv
[0.259s] -- Up-to-date: /home/natalia/Documents/STUDING/robotix/modul5/ex03/install/sam_bot_description/share/sam_bot_description/local_setup.bash
[0.259s] -- Up-to-date: /home/natalia/Documents/STUDING/robotix/modul5/ex03/install/sam_bot_description/share/sam_bot_description/local_setup.sh
[0.260s] -- Up-to-date: /home/natalia/Documents/STUDING/robotix/modul5/ex03/install/sam_bot_description/share/sam_bot_description/local_setup.zsh
[0.260s] -- Up-to-date: /home/natalia/Documents/STUDING/robotix/modul5/ex03/install/sam_bot_description/share/sam_bot_description/local_setup.dsv
[0.260s] -- Installing: /home/natalia/Documents/STUDING/robotix/modul5/ex03/install/sam_bot_description/share/sam_bot_description/package.dsv
[0.260s] -- Up-to-date: /home/natalia/Documents/STUDING/robotix/modul5/ex03/install/sam_bot_description/share/ament_index/resource_index/packages/sam_bot_description
[0.260s] -- Up-to-date: /home/natalia/Documents/STUDING/robotix/modul5/ex03/install/sam_bot_description/share/sam_bot_description/cmake/sam_bot_descriptionConfig.cmake
[0.260s] -- Up-to-date: /home/natalia/Documents/STUDING/robotix/modul5/ex03/install/sam_bot_description/share/sam_bot_description/cmake/sam_bot_descriptionConfig-version.cmake
[0.260s] -- Up-to-date: /home/natalia/Documents/STUDING/robotix/modul5/ex03/install/sam_bot_description/share/sam_bot_description/package.xml
[0.260s] Invoked command in '/home/natalia/Documents/STUDING/robotix/modul5/ex03/build/sam_bot_description' returned '0': CMAKE_PREFIX_PATH=${CMAKE_PREFIX_PATH}:/opt/ros/jazzy DEBUGINFOD_URLS=https://debuginfod.ubuntu.com /usr/bin/cmake --install /home/natalia/Documents/STUDING/robotix/modul5/ex03/build/sam_bot_description
