[0.009s] Invoking command in '/home/natalia/Documents/STUDING/robotix/modul6/ex01/build/ros_gz_example_gazebo': CMAKE_PREFIX_PATH=/home/natalia/Documents/STUDING/robotix/modul6/ex01/install/ros_gz_example_description:/home/natalia/Documents/STUDING/robotix/modul6/ex01/install/sam_bot_description:/home/natalia/Documents/STUDING/robotix/modul6/ex01/install/ros_gz_example_bringup:/home/natalia/Documents/STUDING/robotix/modul6/ex01/install/ros_gz_example_gazebo:/home/natalia/Documents/STUDING/robotix/modul6/ex01/install/ros_gz_example_application:/opt/ros/jazzy/opt/gz_sim_vendor:/opt/ros/jazzy/opt/gz_sensors_vendor:/opt/ros/jazzy/opt/gz_physics_vendor:/opt/ros/jazzy/opt/sdformat_vendor:/opt/ros/jazzy/opt/gz_gui_vendor:/opt/ros/jazzy/opt/gz_transport_vendor:/opt/ros/jazzy/opt/gz_rendering_vendor:/opt/ros/jazzy/opt/gz_plugin_vendor:/opt/ros/jazzy/opt/gz_fuel_tools_vendor:/opt/ros/jazzy/opt/gz_msgs_vendor:/opt/ros/jazzy/opt/gz_common_vendor:/opt/ros/jazzy/opt/gz_math_vendor:/opt/ros/jazzy/opt/gz_utils_vendor:/opt/ros/jazzy/opt/gz_tools_vendor:/opt/ros/jazzy/opt/gz_ogre_next_vendor:/opt/ros/jazzy/opt/gz_dartsim_vendor:/opt/ros/jazzy/opt/gz_cmake_vendor:/opt/ros/jazzy DEBUGINFOD_URLS=https://debuginfod.ubuntu.com GZ_SIM_RESOURCE_PATH=/home/natalia/Documents/STUDING/robotix/modul6/ex01/install/ros_gz_example_description/share/ros_gz_example_description/models:${GZ_SIM_RESOURCE_PATH} /usr/bin/cmake /home/natalia/Documents/STUDING/robotix/modul6/ex01/ros_gz_project_template/ros_gz_example_gazebo -DCMAKE_INSTALL_PREFIX=/home/natalia/Documents/STUDING/robotix/modul6/ex01/install/ros_gz_example_gazebo
[0.052s] -- The C compiler identification is GNU 13.3.0
[0.088s] -- The CXX compiler identification is GNU 13.3.0
[0.103s] -- Detecting C compiler ABI info
[0.198s] -- Detecting C compiler ABI info - done
[0.203s] -- Check for working C compiler: /usr/bin/cc - skipped
[0.203s] -- Detecting C compile features
[0.203s] -- Detecting C compile features - done
[0.211s] -- Detecting CXX compiler ABI info
[0.316s] -- Detecting CXX compiler ABI info - done
[0.322s] -- Check for working CXX compiler: /usr/bin/c++ - skipped
[0.322s] -- Detecting CXX compile features
[0.322s] -- Detecting CXX compile features - done
[0.325s] -- Found ament_cmake: 2.5.4 (/opt/ros/jazzy/share/ament_cmake/cmake)
[0.434s] -- Found Python3: /usr/bin/python3 (found version "3.12.3") found components: Interpreter 
[0.503s] -- Found ros_gz_example_description: 0.0.0 (/home/natalia/Documents/STUDING/robotix/modul6/ex01/install/ros_gz_example_description/share/ros_gz_example_description/cmake)
[0.525s] -- Looking for gz-plugin2 -- found version 2.0.4
[0.525s] -- Searching for dependencies of gz-plugin2
[0.526s] -- Looking for gz-utils2 -- found version 2.2.1
[0.527s] -- Searching for dependencies of gz-utils2
[0.527s] -- Searching for <gz-utils2> component [cli]
[0.529s] -- Looking for gz-utils2-cli -- found version 2.2.1
[0.529s] -- Searching for dependencies of gz-utils2-cli
[0.530s] -- Searching for <gz-plugin2> component [register]
[0.531s] -- Looking for gz-plugin2-register -- found version 2.0.4
[0.531s] -- Searching for dependencies of gz-plugin2-register
[0.532s] -- Looking for gz-common5 -- found version 5.7.1
[0.533s] -- Searching for dependencies of gz-common5
[0.533s] -- Looking for gz-utils2 -- found version 2.2.1
[0.533s] -- Looking for dlfcn.h - found
[0.538s] -- Looking for libdl - found
[0.539s] -- Found DL: TRUE  
[0.544s] -- Checking for module 'uuid'
[0.555s] --   Found uuid, version 2.39.3
[0.579s] -- Found UUID: TRUE  
[0.581s] -- Searching for <gz-common5> component [profiler]
[0.583s] -- Looking for gz-common5-profiler -- found version 5.7.1
[0.583s] -- Searching for dependencies of gz-common5-profiler
[0.585s] -- Looking for gz-sim8 -- found version 8.10.0
[0.585s] -- Searching for dependencies of gz-sim8
[0.586s] -- Looking for sdformat14 -- found version 14.8.0
[0.586s] -- Searching for dependencies of sdformat14
[0.589s] -- Checking for module 'tinyxml2'
[0.600s] --   Found tinyxml2, version 10.0.0
[0.642s] -- Looking for gz-math7 -- found version 7.5.2
[0.642s] -- Searching for dependencies of gz-math7
[0.642s] -- Looking for gz-utils2 -- found version 2.2.1
[0.643s] -- Looking for gz-utils2 -- found version 2.2.1
[0.645s] -- Looking for gz-plugin2 -- found version 2.0.4
[0.645s] -- Searching for dependencies of gz-plugin2
[0.645s] -- Looking for gz-utils2 -- found version 2.2.1
[0.645s] -- Searching for <gz-plugin2> component [loader]
[0.647s] -- Looking for gz-plugin2-loader -- found version 2.0.4
[0.647s] -- Searching for dependencies of gz-plugin2-loader
[0.647s] -- Searching for <gz-plugin2> component [register]
[0.648s] -- Looking for gz-transport13 -- found version 13.5.0
[0.648s] -- Searching for dependencies of gz-transport13
[0.747s] -- Found Protobuf: /usr/lib/x86_64-linux-gnu/libprotobuf.so (found version "3.21.12") 
[0.758s] -- Config-file not installed for ZeroMQ -- checking for pkg-config
[0.762s] -- Checking for module 'libzmq >= 4'
[0.776s] --   Found libzmq, version 4.3.5
[0.866s] -- Found ZeroMQ: TRUE (Required is at least version "4") 
[0.892s] -- Looking for gz-utils2 -- found version 2.2.1
[0.894s] -- Looking for gz-msgs10 -- found version 10.3.2
[0.894s] -- Searching for dependencies of gz-msgs10
[0.907s] -- Looking for gz-utils2 -- found version 2.2.1
[0.907s] -- Looking for gz-math7 -- found version 7.5.2
[0.915s] -- Searching for <gz-transport13> component [log]
[0.917s] -- Looking for gz-transport13-log -- found version 13.5.0
[0.917s] -- Searching for dependencies of gz-transport13-log
[0.918s] -- Searching for <gz-transport13> component [parameters]
[0.919s] -- Looking for gz-transport13-parameters -- found version 13.5.0
[0.920s] -- Searching for dependencies of gz-transport13-parameters
[0.921s] -- Looking for gz-msgs10 -- found version 10.3.2
[0.921s] -- Looking for gz-common5 -- found version 5.7.1
[0.921s] -- Searching for dependencies of gz-common5
[0.922s] -- Looking for gz-utils2 -- found version 2.2.1
[0.922s] -- Looking for dlfcn.h - found
[0.922s] -- Looking for libdl - found
[0.927s] -- Searching for <gz-common5> component [av]
[0.930s] -- Looking for gz-common5-av -- found version 5.7.1
[0.930s] -- Searching for dependencies of gz-common5-av
[0.935s] -- Checking for module 'libswscale'
[0.957s] --   Found libswscale, version 7.5.100
[1.043s] -- Found SWSCALE: TRUE  
[1.054s] -- Checking for module 'libavdevice >= 56.4.100'
[1.091s] --   Found libavdevice, version 60.3.100
[1.156s] -- Found AVDEVICE: TRUE (Required is at least version "56.4.100") 
[1.164s] -- Checking for module 'libavformat'
[1.195s] --   Found libavformat, version 60.16.100
[1.303s] -- Found AVFORMAT: TRUE  
[1.327s] -- Checking for module 'libavcodec'
[1.367s] --   Found libavcodec, version 60.31.102
[1.495s] -- Found AVCODEC: TRUE  
[1.516s] -- Checking for module 'libavutil'
[1.551s] --   Found libavutil, version 58.29.100
[1.683s] -- Found AVUTIL: TRUE  
[1.694s] -- Searching for <gz-common5> component [events]
[1.698s] -- Looking for gz-common5-events -- found version 5.7.1
[1.699s] -- Searching for dependencies of gz-common5-events
[1.699s] -- Looking for gz-math7 -- found version 7.5.2
[1.701s] -- Searching for <gz-common5> component [graphics]
[1.703s] -- Looking for gz-common5-graphics -- found version 5.7.1
[1.703s] -- Searching for dependencies of gz-common5-graphics
[1.703s] -- Looking for gz-math7 -- found version 7.5.2
[1.710s] -- Found GzAssimp: TRUE (found version "5.3.0") 
[1.712s] -- Searching for <gz-common5> component [io]
[1.714s] -- Looking for gz-common5-io -- found version 5.7.1
[1.714s] -- Searching for dependencies of gz-common5-io
[1.715s] -- Searching for <gz-common5> component [profiler]
[1.717s] -- Looking for gz-fuel_tools9 -- found version 9.1.1
[1.717s] -- Searching for dependencies of gz-fuel_tools9
[1.871s] -- Found CURL: /usr/lib/x86_64-linux-gnu/libcurl.so (found version "8.5.0")  
[1.882s] -- Checking for module 'jsoncpp'
[1.905s] --   Found jsoncpp, version 1.9.5
[2.003s] -- Found JSONCPP: TRUE  
[2.031s] -- Checking for module 'yaml-0.1'
[2.048s] --   Found yaml-0.1, version 0.2.5
[2.152s] -- Found YAML: TRUE  
[2.171s] -- Checking for module 'libzip'
[2.203s] --   Found libzip, version 1.7.3
[2.294s] -- Found ZIP: TRUE  
[2.295s] -- Looking for gz-utils2 -- found version 2.2.1
[2.295s] -- Looking for gz-common5 -- found version 5.7.1
[2.296s] -- Searching for dependencies of gz-common5
[2.296s] -- Looking for gz-utils2 -- found version 2.2.1
[2.296s] -- Looking for dlfcn.h - found
[2.296s] -- Looking for libdl - found
[2.306s] -- Searching for <gz-common5> component [testing]
[2.318s] -- Looking for gz-common5-testing -- found version 5.7.1
[2.318s] -- Searching for dependencies of gz-common5-testing
[2.323s] -- Looking for gz-math7 -- found version 7.5.2
[2.324s] -- Looking for gz-msgs10 -- found version 10.3.2
[2.328s] -- Looking for gz-gui8 -- found version 8.4.0
[2.328s] -- Searching for dependencies of gz-gui8
[2.346s] -- Looking for gz-utils2 -- found version 2.2.1
[2.346s] -- Looking for gz-math7 -- found version 7.5.2
[2.346s] -- Looking for gz-common5 -- found version 5.7.1
[2.346s] -- Looking for gz-plugin2 -- found version 2.0.4
[2.346s] -- Looking for gz-transport13 -- found version 13.5.0
[2.347s] -- Looking for gz-rendering8 -- found version 8.2.2
[2.347s] -- Searching for dependencies of gz-rendering8
[2.348s] -- Looking for gz-math7 -- found version 7.5.2
[2.348s] -- Searching for dependencies of gz-math7
[2.348s] -- Looking for gz-utils2 -- found version 2.2.1
[2.348s] -- Searching for <gz-math7> component [eigen3]
[2.349s] -- Looking for gz-math7-eigen3 -- found version 7.5.2
[2.349s] -- Searching for dependencies of gz-math7-eigen3
[2.356s] -- Looking for gz-common5 -- found version 5.7.1
[2.356s] -- Searching for dependencies of gz-common5
[2.356s] -- Looking for gz-utils2 -- found version 2.2.1
[2.357s] -- Looking for dlfcn.h - found
[2.357s] -- Looking for libdl - found
[2.362s] -- Searching for <gz-common5> component [graphics]
[2.362s] -- Searching for <gz-common5> component [events]
[2.362s] -- Searching for <gz-common5> component [geospatial]
[2.363s] -- Looking for gz-common5-geospatial -- found version 5.7.1
[2.363s] -- Searching for dependencies of gz-common5-geospatial
[2.363s] -- Looking for gz-math7 -- found version 7.5.2
[2.364s] -- Looking for gz-common5 -- found version 5.7.1
[2.365s] -- Looking for gz-plugin2 -- found version 2.0.4
[2.365s] -- Searching for dependencies of gz-plugin2
[2.365s] -- Looking for gz-utils2 -- found version 2.2.1
[2.365s] -- Searching for <gz-plugin2> component [all]
[2.366s] -- Looking for all libraries of gz-plugin2 -- found version 2.0.4
[2.366s] -- Looking for gz-plugin2 -- found version 2.0.4
[2.367s] -- Looking for gz-utils2 -- found version 2.2.1
[2.374s] -- Found OpenGL: /usr/lib/x86_64-linux-gnu/libOpenGL.so  found components: OpenGL 
[2.376s] -- Looking for gz-msgs10 -- found version 10.3.2
[2.411s] -- Looking for gz-physics7 -- found version 7.6.0
[2.411s] -- Searching for dependencies of gz-physics7
[2.411s] -- Looking for gz-common5 -- found version 5.7.1
[2.412s] -- Looking for gz-math7 -- found version 7.5.2
[2.412s] -- Looking for gz-plugin2 -- found version 2.0.4
[2.412s] -- Looking for gz-utils2 -- found version 2.2.1
[2.414s] -- Searching for <gz-physics7> component [heightmap]
[2.415s] -- Looking for gz-physics7-heightmap -- found version 7.6.0
[2.415s] -- Searching for dependencies of gz-physics7-heightmap
[2.415s] -- Looking for gz-common5 -- found version 5.7.1
[2.415s] -- Searching for <gz-physics7> component [mesh]
[2.416s] -- Looking for gz-physics7-mesh -- found version 7.6.0
[2.416s] -- Searching for dependencies of gz-physics7-mesh
[2.417s] -- Looking for gz-common5 -- found version 5.7.1
[2.417s] -- Searching for <gz-physics7> component [sdf]
[2.418s] -- Looking for gz-physics7-sdf -- found version 7.6.0
[2.418s] -- Searching for dependencies of gz-physics7-sdf
[2.418s] -- Looking for sdformat14 -- found version 14.8.0
[2.419s] -- Looking for gz-sensors8 -- found version 8.2.2
[2.419s] -- Searching for dependencies of gz-sensors8
[2.433s] -- Looking for gz-math7 -- found version 7.5.2
[2.433s] -- Looking for gz-common5 -- found version 5.7.1
[2.434s] -- Looking for gz-transport13 -- found version 13.5.0
[2.434s] -- Looking for gz-rendering8 -- found version 8.2.2
[2.434s] -- Looking for gz-msgs10 -- found version 10.3.2
[2.435s] -- Looking for sdformat14 -- found version 14.8.0
[2.436s] -- Searching for <gz-sensors8> component [air_pressure]
[2.438s] -- Looking for gz-sensors8-air_pressure -- found version 8.2.2
[2.438s] -- Searching for dependencies of gz-sensors8-air_pressure
[2.440s] -- Searching for <gz-sensors8> component [air_speed]
[2.441s] -- Looking for gz-sensors8-air_speed -- found version 8.2.2
[2.441s] -- Searching for dependencies of gz-sensors8-air_speed
[2.443s] -- Searching for <gz-sensors8> component [altimeter]
[2.445s] -- Looking for gz-sensors8-altimeter -- found version 8.2.2
[2.445s] -- Searching for dependencies of gz-sensors8-altimeter
[2.446s] -- Searching for <gz-sensors8> component [imu]
[2.448s] -- Looking for gz-sensors8-imu -- found version 8.2.2
[2.448s] -- Searching for dependencies of gz-sensors8-imu
[2.448s] -- Searching for <gz-sensors8> component [force_torque]
[2.450s] -- Looking for gz-sensors8-force_torque -- found version 8.2.2
[2.450s] -- Searching for dependencies of gz-sensors8-force_torque
[2.452s] -- Searching for <gz-sensors8> component [logical_camera]
[2.453s] -- Looking for gz-sensors8-logical_camera -- found version 8.2.2
[2.453s] -- Searching for dependencies of gz-sensors8-logical_camera
[2.455s] -- Searching for <gz-sensors8> component [magnetometer]
[2.456s] -- Looking for gz-sensors8-magnetometer -- found version 8.2.2
[2.456s] -- Searching for dependencies of gz-sensors8-magnetometer
[2.457s] -- Searching for <gz-sensors8> component [navsat]
[2.459s] -- Looking for gz-sensors8-navsat -- found version 8.2.2
[2.459s] -- Searching for dependencies of gz-sensors8-navsat
[2.460s] -- Searching for <gz-sensors8> component [dvl]
[2.462s] -- Looking for gz-sensors8-dvl -- found version 8.2.2
[2.462s] -- Searching for dependencies of gz-sensors8-dvl
[2.462s] -- Looking for gz-sensors8 -- found version 8.2.2
[2.462s] -- Searching for dependencies of gz-sensors8
[2.475s] -- Looking for gz-math7 -- found version 7.5.2
[2.475s] -- Looking for gz-common5 -- found version 5.7.1
[2.476s] -- Looking for gz-transport13 -- found version 13.5.0
[2.476s] -- Looking for gz-rendering8 -- found version 8.2.2
[2.476s] -- Looking for gz-msgs10 -- found version 10.3.2
[2.476s] -- Looking for sdformat14 -- found version 14.8.0
[2.476s] -- Searching for <gz-sensors8> component [rendering]
[2.477s] -- Looking for gz-sensors8-rendering -- found version 8.2.2
[2.477s] -- Searching for dependencies of gz-sensors8-rendering
[2.479s] -- Searching for <gz-sensors8> component [rendering]
[2.479s] -- Searching for <gz-sensors8> component [lidar]
[2.481s] -- Looking for gz-sensors8-lidar -- found version 8.2.2
[2.481s] -- Searching for dependencies of gz-sensors8-lidar
[2.481s] -- Looking for gz-sensors8 -- found version 8.2.2
[2.482s] -- Searching for <gz-sensors8> component [gpu_lidar]
[2.483s] -- Looking for gz-sensors8-gpu_lidar -- found version 8.2.2
[2.483s] -- Searching for dependencies of gz-sensors8-gpu_lidar
[2.484s] -- Looking for gz-sensors8 -- found version 8.2.2
[2.484s] -- Searching for <gz-sensors8> component [camera]
[2.486s] -- Looking for gz-sensors8-camera -- found version 8.2.2
[2.486s] -- Searching for dependencies of gz-sensors8-camera
[2.486s] -- Looking for gz-sensors8 -- found version 8.2.2
[2.487s] -- Searching for <gz-sensors8> component [boundingbox_camera]
[2.488s] -- Looking for gz-sensors8-boundingbox_camera -- found version 8.2.2
[2.488s] -- Searching for dependencies of gz-sensors8-boundingbox_camera
[2.488s] -- Searching for <gz-sensors8> component [segmentation_camera]
[2.489s] -- Looking for gz-sensors8-segmentation_camera -- found version 8.2.2
[2.489s] -- Searching for dependencies of gz-sensors8-segmentation_camera
[2.490s] -- Searching for <gz-sensors8> component [depth_camera]
[2.491s] -- Looking for gz-sensors8-depth_camera -- found version 8.2.2
[2.491s] -- Searching for dependencies of gz-sensors8-depth_camera
[2.491s] -- Looking for gz-sensors8 -- found version 8.2.2
[2.492s] -- Searching for <gz-sensors8> component [rgbd_camera]
[2.493s] -- Looking for gz-sensors8-rgbd_camera -- found version 8.2.2
[2.493s] -- Searching for dependencies of gz-sensors8-rgbd_camera
[2.493s] -- Looking for gz-sensors8 -- found version 8.2.2
[2.494s] -- Searching for <gz-sensors8> component [thermal_camera]
[2.495s] -- Looking for gz-sensors8-thermal_camera -- found version 8.2.2
[2.495s] -- Searching for dependencies of gz-sensors8-thermal_camera
[2.495s] -- Looking for gz-sensors8 -- found version 8.2.2
[2.496s] -- Searching for <gz-sensors8> component [wide_angle_camera]
[2.497s] -- Looking for gz-sensors8-wide_angle_camera -- found version 8.2.2
[2.497s] -- Searching for dependencies of gz-sensors8-wide_angle_camera
[2.498s] -- Looking for gz-rendering8 -- found version 8.2.2
[2.498s] -- Looking for gz-math7 -- found version 7.5.2
[2.498s] -- Looking for gz-utils2 -- found version 2.2.1
[2.513s] -- Compiling against Gazebo Garden
[2.515s] -- Found ament_lint_auto: 0.17.3 (/opt/ros/jazzy/share/ament_lint_auto/cmake)
[2.574s] -- Configuring done (2.6s)
[2.584s] -- Generating done (0.0s)
[2.587s] -- Build files have been written to: /home/natalia/Documents/STUDING/robotix/modul6/ex01/build/ros_gz_example_gazebo
[2.595s] Invoked command in '/home/natalia/Documents/STUDING/robotix/modul6/ex01/build/ros_gz_example_gazebo' returned '0': CMAKE_PREFIX_PATH=/home/natalia/Documents/STUDING/robotix/modul6/ex01/install/ros_gz_example_description:/home/natalia/Documents/STUDING/robotix/modul6/ex01/install/sam_bot_description:/home/natalia/Documents/STUDING/robotix/modul6/ex01/install/ros_gz_example_bringup:/home/natalia/Documents/STUDING/robotix/modul6/ex01/install/ros_gz_example_gazebo:/home/natalia/Documents/STUDING/robotix/modul6/ex01/install/ros_gz_example_application:/opt/ros/jazzy/opt/gz_sim_vendor:/opt/ros/jazzy/opt/gz_sensors_vendor:/opt/ros/jazzy/opt/gz_physics_vendor:/opt/ros/jazzy/opt/sdformat_vendor:/opt/ros/jazzy/opt/gz_gui_vendor:/opt/ros/jazzy/opt/gz_transport_vendor:/opt/ros/jazzy/opt/gz_rendering_vendor:/opt/ros/jazzy/opt/gz_plugin_vendor:/opt/ros/jazzy/opt/gz_fuel_tools_vendor:/opt/ros/jazzy/opt/gz_msgs_vendor:/opt/ros/jazzy/opt/gz_common_vendor:/opt/ros/jazzy/opt/gz_math_vendor:/opt/ros/jazzy/opt/gz_utils_vendor:/opt/ros/jazzy/opt/gz_tools_vendor:/opt/ros/jazzy/opt/gz_ogre_next_vendor:/opt/ros/jazzy/opt/gz_dartsim_vendor:/opt/ros/jazzy/opt/gz_cmake_vendor:/opt/ros/jazzy DEBUGINFOD_URLS=https://debuginfod.ubuntu.com GZ_SIM_RESOURCE_PATH=/home/natalia/Documents/STUDING/robotix/modul6/ex01/install/ros_gz_example_description/share/ros_gz_example_description/models:${GZ_SIM_RESOURCE_PATH} /usr/bin/cmake /home/natalia/Documents/STUDING/robotix/modul6/ex01/ros_gz_project_template/ros_gz_example_gazebo -DCMAKE_INSTALL_PREFIX=/home/natalia/Documents/STUDING/robotix/modul6/ex01/install/ros_gz_example_gazebo
[2.596s] Invoking command in '/home/natalia/Documents/STUDING/robotix/modul6/ex01/build/ros_gz_example_gazebo': CMAKE_PREFIX_PATH=/home/natalia/Documents/STUDING/robotix/modul6/ex01/install/ros_gz_example_description:/home/natalia/Documents/STUDING/robotix/modul6/ex01/install/sam_bot_description:/home/natalia/Documents/STUDING/robotix/modul6/ex01/install/ros_gz_example_bringup:/home/natalia/Documents/STUDING/robotix/modul6/ex01/install/ros_gz_example_gazebo:/home/natalia/Documents/STUDING/robotix/modul6/ex01/install/ros_gz_example_application:/opt/ros/jazzy/opt/gz_sim_vendor:/opt/ros/jazzy/opt/gz_sensors_vendor:/opt/ros/jazzy/opt/gz_physics_vendor:/opt/ros/jazzy/opt/sdformat_vendor:/opt/ros/jazzy/opt/gz_gui_vendor:/opt/ros/jazzy/opt/gz_transport_vendor:/opt/ros/jazzy/opt/gz_rendering_vendor:/opt/ros/jazzy/opt/gz_plugin_vendor:/opt/ros/jazzy/opt/gz_fuel_tools_vendor:/opt/ros/jazzy/opt/gz_msgs_vendor:/opt/ros/jazzy/opt/gz_common_vendor:/opt/ros/jazzy/opt/gz_math_vendor:/opt/ros/jazzy/opt/gz_utils_vendor:/opt/ros/jazzy/opt/gz_tools_vendor:/opt/ros/jazzy/opt/gz_ogre_next_vendor:/opt/ros/jazzy/opt/gz_dartsim_vendor:/opt/ros/jazzy/opt/gz_cmake_vendor:/opt/ros/jazzy DEBUGINFOD_URLS=https://debuginfod.ubuntu.com GZ_SIM_RESOURCE_PATH=/home/natalia/Documents/STUDING/robotix/modul6/ex01/install/ros_gz_example_description/share/ros_gz_example_description/models:${GZ_SIM_RESOURCE_PATH} /usr/bin/cmake --build /home/natalia/Documents/STUDING/robotix/modul6/ex01/build/ros_gz_example_gazebo -- -j20 -l20
[2.638s] [ 25%] [32mBuilding CXX object CMakeFiles/BasicSystem.dir/src/BasicSystem.cc.o[0m
[2.639s] [ 50%] [32mBuilding CXX object CMakeFiles/FullSystem.dir/src/FullSystem.cc.o[0m
[3.838s] [ 75%] [32m[1mLinking CXX shared library libBasicSystem.so[0m
[3.923s] [100%] [32m[1mLinking CXX shared library libFullSystem.so[0m
[3.940s] [100%] Built target BasicSystem
[4.024s] [100%] Built target FullSystem
[4.032s] Invoked command in '/home/natalia/Documents/STUDING/robotix/modul6/ex01/build/ros_gz_example_gazebo' returned '0': CMAKE_PREFIX_PATH=/home/natalia/Documents/STUDING/robotix/modul6/ex01/install/ros_gz_example_description:/home/natalia/Documents/STUDING/robotix/modul6/ex01/install/sam_bot_description:/home/natalia/Documents/STUDING/robotix/modul6/ex01/install/ros_gz_example_bringup:/home/natalia/Documents/STUDING/robotix/modul6/ex01/install/ros_gz_example_gazebo:/home/natalia/Documents/STUDING/robotix/modul6/ex01/install/ros_gz_example_application:/opt/ros/jazzy/opt/gz_sim_vendor:/opt/ros/jazzy/opt/gz_sensors_vendor:/opt/ros/jazzy/opt/gz_physics_vendor:/opt/ros/jazzy/opt/sdformat_vendor:/opt/ros/jazzy/opt/gz_gui_vendor:/opt/ros/jazzy/opt/gz_transport_vendor:/opt/ros/jazzy/opt/gz_rendering_vendor:/opt/ros/jazzy/opt/gz_plugin_vendor:/opt/ros/jazzy/opt/gz_fuel_tools_vendor:/opt/ros/jazzy/opt/gz_msgs_vendor:/opt/ros/jazzy/opt/gz_common_vendor:/opt/ros/jazzy/opt/gz_math_vendor:/opt/ros/jazzy/opt/gz_utils_vendor:/opt/ros/jazzy/opt/gz_tools_vendor:/opt/ros/jazzy/opt/gz_ogre_next_vendor:/opt/ros/jazzy/opt/gz_dartsim_vendor:/opt/ros/jazzy/opt/gz_cmake_vendor:/opt/ros/jazzy DEBUGINFOD_URLS=https://debuginfod.ubuntu.com GZ_SIM_RESOURCE_PATH=/home/natalia/Documents/STUDING/robotix/modul6/ex01/install/ros_gz_example_description/share/ros_gz_example_description/models:${GZ_SIM_RESOURCE_PATH} /usr/bin/cmake --build /home/natalia/Documents/STUDING/robotix/modul6/ex01/build/ros_gz_example_gazebo -- -j20 -l20
[4.032s] Invoking command in '/home/natalia/Documents/STUDING/robotix/modul6/ex01/build/ros_gz_example_gazebo': CMAKE_PREFIX_PATH=/home/natalia/Documents/STUDING/robotix/modul6/ex01/install/ros_gz_example_description:/home/natalia/Documents/STUDING/robotix/modul6/ex01/install/sam_bot_description:/home/natalia/Documents/STUDING/robotix/modul6/ex01/install/ros_gz_example_bringup:/home/natalia/Documents/STUDING/robotix/modul6/ex01/install/ros_gz_example_gazebo:/home/natalia/Documents/STUDING/robotix/modul6/ex01/install/ros_gz_example_application:/opt/ros/jazzy/opt/gz_sim_vendor:/opt/ros/jazzy/opt/gz_sensors_vendor:/opt/ros/jazzy/opt/gz_physics_vendor:/opt/ros/jazzy/opt/sdformat_vendor:/opt/ros/jazzy/opt/gz_gui_vendor:/opt/ros/jazzy/opt/gz_transport_vendor:/opt/ros/jazzy/opt/gz_rendering_vendor:/opt/ros/jazzy/opt/gz_plugin_vendor:/opt/ros/jazzy/opt/gz_fuel_tools_vendor:/opt/ros/jazzy/opt/gz_msgs_vendor:/opt/ros/jazzy/opt/gz_common_vendor:/opt/ros/jazzy/opt/gz_math_vendor:/opt/ros/jazzy/opt/gz_utils_vendor:/opt/ros/jazzy/opt/gz_tools_vendor:/opt/ros/jazzy/opt/gz_ogre_next_vendor:/opt/ros/jazzy/opt/gz_dartsim_vendor:/opt/ros/jazzy/opt/gz_cmake_vendor:/opt/ros/jazzy DEBUGINFOD_URLS=https://debuginfod.ubuntu.com GZ_SIM_RESOURCE_PATH=/home/natalia/Documents/STUDING/robotix/modul6/ex01/install/ros_gz_example_description/share/ros_gz_example_description/models:${GZ_SIM_RESOURCE_PATH} /usr/bin/cmake --install /home/natalia/Documents/STUDING/robotix/modul6/ex01/build/ros_gz_example_gazebo
[4.039s] -- Install configuration: ""
[4.039s] -- Installing: /home/natalia/Documents/STUDING/robotix/modul6/ex01/install/ros_gz_example_gazebo/lib/ros_gz_example_gazebo/libBasicSystem.so
[4.040s] -- Set non-toolchain portion of runtime path of "/home/natalia/Documents/STUDING/robotix/modul6/ex01/install/ros_gz_example_gazebo/lib/ros_gz_example_gazebo/libBasicSystem.so" to ""
[4.040s] -- Installing: /home/natalia/Documents/STUDING/robotix/modul6/ex01/install/ros_gz_example_gazebo/lib/ros_gz_example_gazebo/libFullSystem.so
[4.040s] -- Set non-toolchain portion of runtime path of "/home/natalia/Documents/STUDING/robotix/modul6/ex01/install/ros_gz_example_gazebo/lib/ros_gz_example_gazebo/libFullSystem.so" to ""
[4.040s] -- Installing: /home/natalia/Documents/STUDING/robotix/modul6/ex01/install/ros_gz_example_gazebo/share/ros_gz_example_gazebo/worlds
[4.040s] -- Installing: /home/natalia/Documents/STUDING/robotix/modul6/ex01/install/ros_gz_example_gazebo/share/ros_gz_example_gazebo/worlds/diff_drive.sdf
[4.040s] -- Installing: /home/natalia/Documents/STUDING/robotix/modul6/ex01/install/ros_gz_example_gazebo/share/ros_gz_example_gazebo/environment/ros_gz_example_gazebo.dsv
[4.040s] -- Installing: /home/natalia/Documents/STUDING/robotix/modul6/ex01/install/ros_gz_example_gazebo/share/ros_gz_example_gazebo/environment/ros_gz_example_gazebo.sh
[4.040s] -- Installing: /home/natalia/Documents/STUDING/robotix/modul6/ex01/install/ros_gz_example_gazebo/share/ament_index/resource_index/package_run_dependencies/ros_gz_example_gazebo
[4.040s] -- Installing: /home/natalia/Documents/STUDING/robotix/modul6/ex01/install/ros_gz_example_gazebo/share/ament_index/resource_index/parent_prefix_path/ros_gz_example_gazebo
[4.040s] -- Installing: /home/natalia/Documents/STUDING/robotix/modul6/ex01/install/ros_gz_example_gazebo/share/ros_gz_example_gazebo/environment/ament_prefix_path.sh
[4.041s] -- Installing: /home/natalia/Documents/STUDING/robotix/modul6/ex01/install/ros_gz_example_gazebo/share/ros_gz_example_gazebo/environment/ament_prefix_path.dsv
[4.041s] -- Installing: /home/natalia/Documents/STUDING/robotix/modul6/ex01/install/ros_gz_example_gazebo/share/ros_gz_example_gazebo/environment/path.sh
[4.041s] -- Installing: /home/natalia/Documents/STUDING/robotix/modul6/ex01/install/ros_gz_example_gazebo/share/ros_gz_example_gazebo/environment/path.dsv
[4.041s] -- Installing: /home/natalia/Documents/STUDING/robotix/modul6/ex01/install/ros_gz_example_gazebo/share/ros_gz_example_gazebo/local_setup.bash
[4.041s] -- Installing: /home/natalia/Documents/STUDING/robotix/modul6/ex01/install/ros_gz_example_gazebo/share/ros_gz_example_gazebo/local_setup.sh
[4.041s] -- Installing: /home/natalia/Documents/STUDING/robotix/modul6/ex01/install/ros_gz_example_gazebo/share/ros_gz_example_gazebo/local_setup.zsh
[4.041s] -- Installing: /home/natalia/Documents/STUDING/robotix/modul6/ex01/install/ros_gz_example_gazebo/share/ros_gz_example_gazebo/local_setup.dsv
[4.041s] -- Installing: /home/natalia/Documents/STUDING/robotix/modul6/ex01/install/ros_gz_example_gazebo/share/ros_gz_example_gazebo/package.dsv
[4.041s] -- Installing: /home/natalia/Documents/STUDING/robotix/modul6/ex01/install/ros_gz_example_gazebo/share/ament_index/resource_index/packages/ros_gz_example_gazebo
[4.041s] -- Installing: /home/natalia/Documents/STUDING/robotix/modul6/ex01/install/ros_gz_example_gazebo/share/ros_gz_example_gazebo/cmake/ros_gz_example_gazeboConfig.cmake
[4.041s] -- Installing: /home/natalia/Documents/STUDING/robotix/modul6/ex01/install/ros_gz_example_gazebo/share/ros_gz_example_gazebo/cmake/ros_gz_example_gazeboConfig-version.cmake
[4.041s] -- Installing: /home/natalia/Documents/STUDING/robotix/modul6/ex01/install/ros_gz_example_gazebo/share/ros_gz_example_gazebo/package.xml
[4.042s] Invoked command in '/home/natalia/Documents/STUDING/robotix/modul6/ex01/build/ros_gz_example_gazebo' returned '0': CMAKE_PREFIX_PATH=/home/natalia/Documents/STUDING/robotix/modul6/ex01/install/ros_gz_example_description:/home/natalia/Documents/STUDING/robotix/modul6/ex01/install/sam_bot_description:/home/natalia/Documents/STUDING/robotix/modul6/ex01/install/ros_gz_example_bringup:/home/natalia/Documents/STUDING/robotix/modul6/ex01/install/ros_gz_example_gazebo:/home/natalia/Documents/STUDING/robotix/modul6/ex01/install/ros_gz_example_application:/opt/ros/jazzy/opt/gz_sim_vendor:/opt/ros/jazzy/opt/gz_sensors_vendor:/opt/ros/jazzy/opt/gz_physics_vendor:/opt/ros/jazzy/opt/sdformat_vendor:/opt/ros/jazzy/opt/gz_gui_vendor:/opt/ros/jazzy/opt/gz_transport_vendor:/opt/ros/jazzy/opt/gz_rendering_vendor:/opt/ros/jazzy/opt/gz_plugin_vendor:/opt/ros/jazzy/opt/gz_fuel_tools_vendor:/opt/ros/jazzy/opt/gz_msgs_vendor:/opt/ros/jazzy/opt/gz_common_vendor:/opt/ros/jazzy/opt/gz_math_vendor:/opt/ros/jazzy/opt/gz_utils_vendor:/opt/ros/jazzy/opt/gz_tools_vendor:/opt/ros/jazzy/opt/gz_ogre_next_vendor:/opt/ros/jazzy/opt/gz_dartsim_vendor:/opt/ros/jazzy/opt/gz_cmake_vendor:/opt/ros/jazzy DEBUGINFOD_URLS=https://debuginfod.ubuntu.com GZ_SIM_RESOURCE_PATH=/home/natalia/Documents/STUDING/robotix/modul6/ex01/install/ros_gz_example_description/share/ros_gz_example_description/models:${GZ_SIM_RESOURCE_PATH} /usr/bin/cmake --install /home/natalia/Documents/STUDING/robotix/modul6/ex01/build/ros_gz_example_gazebo
