/home/natalia/Documents/STUDING/robotix/modul4/ex02/install/learning_tf2_py/lib/python3.12/site-packages/learning_tf2_py/static_turtle_tf2_broadcaster.py
/home/natalia/Documents/STUDING/robotix/modul4/ex02/install/learning_tf2_py/lib/python3.12/site-packages/learning_tf2_py/turtle_tf2_listener.py
/home/natalia/Documents/STUDING/robotix/modul4/ex02/install/learning_tf2_py/lib/python3.12/site-packages/learning_tf2_py/fixed_frame_tf2_broadcaster.py.py
/home/natalia/Documents/STUDING/robotix/modul4/ex02/install/learning_tf2_py/lib/python3.12/site-packages/learning_tf2_py/dynamic_frame_tf2_broadcaster.py
/home/natalia/Documents/STUDING/robotix/modul4/ex02/install/learning_tf2_py/lib/python3.12/site-packages/learning_tf2_py/__init__.py
/home/natalia/Documents/STUDING/robotix/modul4/ex02/install/learning_tf2_py/lib/python3.12/site-packages/learning_tf2_py/turtle_tf2_broadcaster.py
/home/natalia/Documents/STUDING/robotix/modul4/ex02/install/learning_tf2_py/lib/python3.12/site-packages/learning_tf2_py/__pycache__/static_turtle_tf2_broadcaster.cpython-312.pyc
/home/natalia/Documents/STUDING/robotix/modul4/ex02/install/learning_tf2_py/lib/python3.12/site-packages/learning_tf2_py/__pycache__/turtle_tf2_listener.cpython-312.pyc
/home/natalia/Documents/STUDING/robotix/modul4/ex02/install/learning_tf2_py/lib/python3.12/site-packages/learning_tf2_py/__pycache__/fixed_frame_tf2_broadcaster.py.cpython-312.pyc
/home/natalia/Documents/STUDING/robotix/modul4/ex02/install/learning_tf2_py/lib/python3.12/site-packages/learning_tf2_py/__pycache__/dynamic_frame_tf2_broadcaster.cpython-312.pyc
/home/natalia/Documents/STUDING/robotix/modul4/ex02/install/learning_tf2_py/lib/python3.12/site-packages/learning_tf2_py/__pycache__/__init__.cpython-312.pyc
/home/natalia/Documents/STUDING/robotix/modul4/ex02/install/learning_tf2_py/lib/python3.12/site-packages/learning_tf2_py/__pycache__/turtle_tf2_broadcaster.cpython-312.pyc
/home/natalia/Documents/STUDING/robotix/modul4/ex02/install/learning_tf2_py/share/ament_index/resource_index/packages/learning_tf2_py
/home/natalia/Documents/STUDING/robotix/modul4/ex02/install/learning_tf2_py/share/learning_tf2_py/package.xml
/home/natalia/Documents/STUDING/robotix/modul4/ex02/install/learning_tf2_py/share/learning_tf2_py/launch/turtle_tf2_dynamic_frame_demo_launch.py
/home/natalia/Documents/STUDING/robotix/modul4/ex02/install/learning_tf2_py/share/learning_tf2_py/launch/turtle_tf2_demo_launch.py
/home/natalia/Documents/STUDING/robotix/modul4/ex02/install/learning_tf2_py/share/learning_tf2_py/launch/turtle_tf2_fixed_frame_demo_launch.py
/home/natalia/Documents/STUDING/robotix/modul4/ex02/install/learning_tf2_py/lib/python3.12/site-packages/learning_tf2_py-0.0.0-py3.12.egg-info/requires.txt
/home/natalia/Documents/STUDING/robotix/modul4/ex02/install/learning_tf2_py/lib/python3.12/site-packages/learning_tf2_py-0.0.0-py3.12.egg-info/top_level.txt
/home/natalia/Documents/STUDING/robotix/modul4/ex02/install/learning_tf2_py/lib/python3.12/site-packages/learning_tf2_py-0.0.0-py3.12.egg-info/PKG-INFO
/home/natalia/Documents/STUDING/robotix/modul4/ex02/install/learning_tf2_py/lib/python3.12/site-packages/learning_tf2_py-0.0.0-py3.12.egg-info/SOURCES.txt
/home/natalia/Documents/STUDING/robotix/modul4/ex02/install/learning_tf2_py/lib/python3.12/site-packages/learning_tf2_py-0.0.0-py3.12.egg-info/zip-safe
/home/natalia/Documents/STUDING/robotix/modul4/ex02/install/learning_tf2_py/lib/python3.12/site-packages/learning_tf2_py-0.0.0-py3.12.egg-info/entry_points.txt
/home/natalia/Documents/STUDING/robotix/modul4/ex02/install/learning_tf2_py/lib/python3.12/site-packages/learning_tf2_py-0.0.0-py3.12.egg-info/dependency_links.txt
/home/natalia/Documents/STUDING/robotix/modul4/ex02/install/learning_tf2_py/lib/learning_tf2_py/dynamic_frame_tf2_broadcaster
/home/natalia/Documents/STUDING/robotix/modul4/ex02/install/learning_tf2_py/lib/learning_tf2_py/fixed_frame_tf2_broadcaster
/home/natalia/Documents/STUDING/robotix/modul4/ex02/install/learning_tf2_py/lib/learning_tf2_py/static_turtle_tf2_broadcaster
/home/natalia/Documents/STUDING/robotix/modul4/ex02/install/learning_tf2_py/lib/learning_tf2_py/turtle_tf2_broadcaster
/home/natalia/Documents/STUDING/robotix/modul4/ex02/install/learning_tf2_py/lib/learning_tf2_py/turtle_tf2_listener
