[0.007s] Invoking command in '/home/natalia/Documents/STUDING/robotix/modul5/ex02/build/sam_bot_description': CMAKE_PREFIX_PATH=${CMAKE_PREFIX_PATH}:/opt/ros/jazzy DEBUGINFOD_URLS=https://debuginfod.ubuntu.com /usr/bin/cmake --build /home/natalia/Documents/STUDING/robotix/modul5/ex02/build/sam_bot_description -- -j20 -l20
[0.086s] Invoked command in '/home/natalia/Documents/STUDING/robotix/modul5/ex02/build/sam_bot_description' returned '0': CMAKE_PREFIX_PATH=${CMAKE_PREFIX_PATH}:/opt/ros/jazzy DEBUGINFOD_URLS=https://debuginfod.ubuntu.com /usr/bin/cmake --build /home/natalia/Documents/STUDING/robotix/modul5/ex02/build/sam_bot_description -- -j20 -l20
[0.134s] Invoking command in '/home/natalia/Documents/STUDING/robotix/modul5/ex02/build/sam_bot_description': CMAKE_PREFIX_PATH=${CMAKE_PREFIX_PATH}:/opt/ros/jazzy DEBUGINFOD_URLS=https://debuginfod.ubuntu.com /usr/bin/cmake --install /home/natalia/Documents/STUDING/robotix/modul5/ex02/build/sam_bot_description
[0.169s] -- Install configuration: ""
[0.170s] -- Up-to-date: /home/natalia/Documents/STUDING/robotix/modul5/ex02/install/sam_bot_description/share/sam_bot_description/src
[0.170s] -- Up-to-date: /home/natalia/Documents/STUDING/robotix/modul5/ex02/install/sam_bot_description/share/sam_bot_description/src/description
[0.171s] -- Installing: /home/natalia/Documents/STUDING/robotix/modul5/ex02/install/sam_bot_description/share/sam_bot_description/src/description/sam_bot_description.urdf
[0.172s] -- Installing: /home/natalia/Documents/STUDING/robotix/modul5/ex02/install/sam_bot_description/share/sam_bot_description/src/description/sam_bot_description.xacro
[0.173s] -- Up-to-date: /home/natalia/Documents/STUDING/robotix/modul5/ex02/install/sam_bot_description/share/sam_bot_description/src/sam_bot_description
[0.173s] -- Up-to-date: /home/natalia/Documents/STUDING/robotix/modul5/ex02/install/sam_bot_description/share/sam_bot_description/launch
[0.173s] -- Installing: /home/natalia/Documents/STUDING/robotix/modul5/ex02/install/sam_bot_description/share/sam_bot_description/launch/display.launch.py
[0.174s] -- Up-to-date: /home/natalia/Documents/STUDING/robotix/modul5/ex02/install/sam_bot_description/share/sam_bot_description/rviz
[0.174s] -- Up-to-date: /home/natalia/Documents/STUDING/robotix/modul5/ex02/install/sam_bot_description/share/sam_bot_description/rviz/config.rviz
[0.174s] -- Up-to-date: /home/natalia/Documents/STUDING/robotix/modul5/ex02/install/sam_bot_description/share/ament_index/resource_index/package_run_dependencies/sam_bot_description
[0.175s] -- Up-to-date: /home/natalia/Documents/STUDING/robotix/modul5/ex02/install/sam_bot_description/share/ament_index/resource_index/parent_prefix_path/sam_bot_description
[0.175s] -- Up-to-date: /home/natalia/Documents/STUDING/robotix/modul5/ex02/install/sam_bot_description/share/sam_bot_description/environment/ament_prefix_path.sh
[0.175s] -- Up-to-date: /home/natalia/Documents/STUDING/robotix/modul5/ex02/install/sam_bot_description/share/sam_bot_description/environment/ament_prefix_path.dsv
[0.175s] -- Up-to-date: /home/natalia/Documents/STUDING/robotix/modul5/ex02/install/sam_bot_description/share/sam_bot_description/environment/path.sh
[0.175s] -- Up-to-date: /home/natalia/Documents/STUDING/robotix/modul5/ex02/install/sam_bot_description/share/sam_bot_description/environment/path.dsv
[0.176s] -- Up-to-date: /home/natalia/Documents/STUDING/robotix/modul5/ex02/install/sam_bot_description/share/sam_bot_description/local_setup.bash
[0.177s] -- Up-to-date: /home/natalia/Documents/STUDING/robotix/modul5/ex02/install/sam_bot_description/share/sam_bot_description/local_setup.sh
[0.178s] -- Up-to-date: /home/natalia/Documents/STUDING/robotix/modul5/ex02/install/sam_bot_description/share/sam_bot_description/local_setup.zsh
[0.179s] -- Up-to-date: /home/natalia/Documents/STUDING/robotix/modul5/ex02/install/sam_bot_description/share/sam_bot_description/local_setup.dsv
[0.180s] -- Up-to-date: /home/natalia/Documents/STUDING/robotix/modul5/ex02/install/sam_bot_description/share/sam_bot_description/package.dsv
[0.180s] -- Up-to-date: /home/natalia/Documents/STUDING/robotix/modul5/ex02/install/sam_bot_description/share/ament_index/resource_index/packages/sam_bot_description
[0.181s] -- Up-to-date: /home/natalia/Documents/STUDING/robotix/modul5/ex02/install/sam_bot_description/share/sam_bot_description/cmake/sam_bot_descriptionConfig.cmake
[0.181s] -- Up-to-date: /home/natalia/Documents/STUDING/robotix/modul5/ex02/install/sam_bot_description/share/sam_bot_description/cmake/sam_bot_descriptionConfig-version.cmake
[0.182s] -- Up-to-date: /home/natalia/Documents/STUDING/robotix/modul5/ex02/install/sam_bot_description/share/sam_bot_description/package.xml
[0.183s] Invoked command in '/home/natalia/Documents/STUDING/robotix/modul5/ex02/build/sam_bot_description' returned '0': CMAKE_PREFIX_PATH=${CMAKE_PREFIX_PATH}:/opt/ros/jazzy DEBUGINFOD_URLS=https://debuginfod.ubuntu.com /usr/bin/cmake --install /home/natalia/Documents/STUDING/robotix/modul5/ex02/build/sam_bot_description
